<?xml version="1.0" encoding="UTF-8"?>
<testsuites>
	<testsuite tests="5" errors="0" failures="5" time="0.004" timestamp="2016-05-04T17:51:04">
		<testcase classname="Ship with a crew" name="`docked` should return false for ships with a crew" time="0">
			<failure type="" message="ReferenceError: Can&amp;apos;t find variable: CrewMember in file:///Users/rachelk/Dropbox/Development/Javascript/space-invaders-v-000/spec/space-invaders-spec.js (line 66)">
	at file:///Users/rachelk/Dropbox/Development/Javascript/space-invaders-v-000/spec/space-invaders-spec.js:66:29
	at attemptSync (file:///Users/rachelk/.rvm/gems/ruby-2.2.1/gems/learn-test-1.2.25/lib/learn_test/jasmine/jasmine.js:1510:16)
	at run (file:///Users/rachelk/.rvm/gems/ruby-2.2.1/gems/learn-test-1.2.25/lib/learn_test/jasmine/jasmine.js:1498:20)
	at execute (file:///Users/rachelk/.rvm/gems/ruby-2.2.1/gems/learn-test-1.2.25/lib/learn_test/jasmine/jasmine.js:1485:13)
	at queueRunnerFactory (file:///Users/rachelk/.rvm/gems/ruby-2.2.1/gems/learn-test-1.2.25/lib/learn_test/jasmine/jasmine.js:518:42)
	at execute (file:///Users/rachelk/.rvm/gems/ruby-2.2.1/gems/learn-test-1.2.25/lib/learn_test/jasmine/jasmine.js:306:28)
	at file:///Users/rachelk/.rvm/gems/ruby-2.2.1/gems/learn-test-1.2.25/lib/learn_test/jasmine/jasmine.js:1708:44
	at attemptAsync (file:///Users/rachelk/.rvm/gems/ruby-2.2.1/gems/learn-test-1.2.25/lib/learn_test/jasmine/jasmine.js:1520:16)
	at run (file:///Users/rachelk/.rvm/gems/ruby-2.2.1/gems/learn-test-1.2.25/lib/learn_test/jasmine/jasmine.js:1496:28)
	at execute (file:///Users/rachelk/.rvm/gems/ruby-2.2.1/gems/learn-test-1.2.25/lib/learn_test/jasmine/jasmine.js:1485:13)
	at queueRunnerFactory (file:///Users/rachelk/.rvm/gems/ruby-2.2.1/gems/learn-test-1.2.25/lib/learn_test/jasmine/jasmine.js:518:42)
	at execute (file:///Users/rachelk/.rvm/gems/ruby-2.2.1/gems/learn-test-1.2.25/lib/learn_test/jasmine/jasmine.js:1694:21)
	at file:///Users/rachelk/.rvm/gems/ruby-2.2.1/gems/learn-test-1.2.25/lib/learn_test/jasmine/jasmine.js:1708:44
	at attemptAsync (file:///Users/rachelk/.rvm/gems/ruby-2.2.1/gems/learn-test-1.2.25/lib/learn_test/jasmine/jasmine.js:1520:16)
	at run (file:///Users/rachelk/.rvm/gems/ruby-2.2.1/gems/learn-test-1.2.25/lib/learn_test/jasmine/jasmine.js:1496:28)
	at next (file:///Users/rachelk/.rvm/gems/ruby-2.2.1/gems/learn-test-1.2.25/lib/learn_test/jasmine/jasmine.js:1517:40)
	at complete (file:///Users/rachelk/.rvm/gems/ruby-2.2.1/gems/learn-test-1.2.25/lib/learn_test/jasmine/jasmine.js:1703:19)
	at clearStack (file:///Users/rachelk/.rvm/gems/ruby-2.2.1/gems/learn-test-1.2.25/lib/learn_test/jasmine/jasmine.js:506:11)
	at run (file:///Users/rachelk/.rvm/gems/ruby-2.2.1/gems/learn-test-1.2.25/lib/learn_test/jasmine/jasmine.js:1505:22)
	at next (file:///Users/rachelk/.rvm/gems/ruby-2.2.1/gems/learn-test-1.2.25/lib/learn_test/jasmine/jasmine.js:1517:40)
	at complete (file:///Users/rachelk/.rvm/gems/ruby-2.2.1/gems/learn-test-1.2.25/lib/learn_test/jasmine/jasmine.js:333:19)
	at clearStack (file:///Users/rachelk/.rvm/gems/ruby-2.2.1/gems/learn-test-1.2.25/lib/learn_test/jasmine/jasmine.js:506:11)
	at run (file:///Users/rachelk/.rvm/gems/ruby-2.2.1/gems/learn-test-1.2.25/lib/learn_test/jasmine/jasmine.js:1505:22)
	at execute (file:///Users/rachelk/.rvm/gems/ruby-2.2.1/gems/learn-test-1.2.25/lib/learn_test/jasmine/jasmine.js:1485:13)
	at queueRunnerFactory (file:///Users/rachelk/.rvm/gems/ruby-2.2.1/gems/learn-test-1.2.25/lib/learn_test/jasmine/jasmine.js:518:42)
	at execute (file:///Users/rachelk/.rvm/gems/ruby-2.2.1/gems/learn-test-1.2.25/lib/learn_test/jasmine/jasmine.js:306:28)
	at file:///Users/rachelk/.rvm/gems/ruby-2.2.1/gems/learn-test-1.2.25/lib/learn_test/jasmine/jasmine.js:1708:44
	at attemptAsync (file:///Users/rachelk/.rvm/gems/ruby-2.2.1/gems/learn-test-1.2.25/lib/learn_test/jasmine/jasmine.js:1520:16)
	at run (file:///Users/rachelk/.rvm/gems/ruby-2.2.1/gems/learn-test-1.2.25/lib/learn_test/jasmine/jasmine.js:1496:28)
	at next (file:///Users/rachelk/.rvm/gems/ruby-2.2.1/gems/learn-test-1.2.25/lib/learn_test/jasmine/jasmine.js:1517:40)
	at complete (file:///Users/rachelk/.rvm/gems/ruby-2.2.1/gems/learn-test-1.2.25/lib/learn_test/jasmine/jasmine.js:333:19)
	at clearStack (file:///Users/rachelk/.rvm/gems/ruby-2.2.1/gems/learn-test-1.2.25/lib/learn_test/jasmine/jasmine.js:506:11)
	at run (file:///Users/rachelk/.rvm/gems/ruby-2.2.1/gems/learn-test-1.2.25/lib/learn_test/jasmine/jasmine.js:1505:22)
	at execute (file:///Users/rachelk/.rvm/gems/ruby-2.2.1/gems/learn-test-1.2.25/lib/learn_test/jasmine/jasmine.js:1485:13)
	at queueRunnerFactory (file:///Users/rachelk/.rvm/gems/ruby-2.2.1/gems/learn-test-1.2.25/lib/learn_test/jasmine/jasmine.js:518:42)
	at execute (file:///Users/rachelk/.rvm/gems/ruby-2.2.1/gems/learn-test-1.2.25/lib/learn_test/jasmine/jasmine.js:306:28)
	at file:///Users/rachelk/.rvm/gems/ruby-2.2.1/gems/learn-test-1.2.25/lib/learn_test/jasmine/jasmine.js:1708:44
	at attemptAsync (file:///Users/rachelk/.rvm/gems/ruby-2.2.1/gems/learn-test-1.2.25/lib/learn_test/jasmine/jasmine.js:1520:16)
	at run (file:///Users/rachelk/.rvm/gems/ruby-2.2.1/gems/learn-test-1.2.25/lib/learn_test/jasmine/jasmine.js:1496:28)
	at next (file:///Users/rachelk/.rvm/gems/ruby-2.2.1/gems/learn-test-1.2.25/lib/learn_test/jasmine/jasmine.js:1517:40)
	at complete (file:///Users/rachelk/.rvm/gems/ruby-2.2.1/gems/learn-test-1.2.25/lib/learn_test/jasmine/jasmine.js:333:19)
	at clearStack (file:///Users/rachelk/.rvm/gems/ruby-2.2.1/gems/learn-test-1.2.25/lib/learn_test/jasmine/jasmine.js:506:11)
	at run (file:///Users/rachelk/.rvm/gems/ruby-2.2.1/gems/learn-test-1.2.25/lib/learn_test/jasmine/jasmine.js:1505:22)
	at execute (file:///Users/rachelk/.rvm/gems/ruby-2.2.1/gems/learn-test-1.2.25/lib/learn_test/jasmine/jasmine.js:1485:13)
	at queueRunnerFactory (file:///Users/rachelk/.rvm/gems/ruby-2.2.1/gems/learn-test-1.2.25/lib/learn_test/jasmine/jasmine.js:518:42)
	at execute (file:///Users/rachelk/.rvm/gems/ruby-2.2.1/gems/learn-test-1.2.25/lib/learn_test/jasmine/jasmine.js:306:28)
	at file:///Users/rachelk/.rvm/gems/ruby-2.2.1/gems/learn-test-1.2.25/lib/learn_test/jasmine/jasmine.js:1708:44
	at attemptAsync (file:///Users/rachelk/.rvm/gems/ruby-2.2.1/gems/learn-test-1.2.25/lib/learn_test/jasmine/jasmine.js:1520:16)
	at run (file:///Users/rachelk/.rvm/gems/ruby-2.2.1/gems/learn-test-1.2.25/lib/learn_test/jasmine/jasmine.js:1496:28)
	at next (file:///Users/rachelk/.rvm/gems/ruby-2.2.1/gems/learn-test-1.2.25/lib/learn_test/jasmine/jasmine.js:1517:40)
	at complete (file:///Users/rachelk/.rvm/gems/ruby-2.2.1/gems/learn-test-1.2.25/lib/learn_test/jasmine/jasmine.js:333:19)
	at clearStack (file:///Users/rachelk/.rvm/gems/ruby-2.2.1/gems/learn-test-1.2.25/lib/learn_test/jasmine/jasmine.js:506:11)
	at run (file:///Users/rachelk/.rvm/gems/ruby-2.2.1/gems/learn-test-1.2.25/lib/learn_test/jasmine/jasmine.js:1505:22)
	at execute (file:///Users/rachelk/.rvm/gems/ruby-2.2.1/gems/learn-test-1.2.25/lib/learn_test/jasmine/jasmine.js:1485:13)
	at queueRunnerFactory (file:///Users/rachelk/.rvm/gems/ruby-2.2.1/gems/learn-test-1.2.25/lib/learn_test/jasmine/jasmine.js:518:42)
	at execute (file:///Users/rachelk/.rvm/gems/ruby-2.2.1/gems/learn-test-1.2.25/lib/learn_test/jasmine/jasmine.js:306:28)
	at file:///Users/rachelk/.rvm/gems/ruby-2.2.1/gems/learn-test-1.2.25/lib/learn_test/jasmine/jasmine.js:1708:44
	at attemptAsync (file:///Users/rachelk/.rvm/gems/ruby-2.2.1/gems/learn-test-1.2.25/lib/learn_test/jasmine/jasmine.js:1520:16)
	at run (file:///Users/rachelk/.rvm/gems/ruby-2.2.1/gems/learn-test-1.2.25/lib/learn_test/jasmine/jasmine.js:1496:28)
	at next (file:///Users/rachelk/.rvm/gems/ruby-2.2.1/gems/learn-test-1.2.25/lib/learn_test/jasmine/jasmine.js:1517:40)
	at complete (file:///Users/rachelk/.rvm/gems/ruby-2.2.1/gems/learn-test-1.2.25/lib/learn_test/jasmine/jasmine.js:333:19)
	at clearStack (file:///Users/rachelk/.rvm/gems/ruby-2.2.1/gems/learn-test-1.2.25/lib/learn_test/jasmine/jasmine.js:506:11)
	at run (file:///Users/rachelk/.rvm/gems/ruby-2.2.1/gems/learn-test-1.2.25/lib/learn_test/jasmine/jasmine.js:1505:22)
	at execute (file:///Users/rachelk/.rvm/gems/ruby-2.2.1/gems/learn-test-1.2.25/lib/learn_test/jasmine/jasmine.js:1485:13)
	at queueRunnerFactory (file:///Users/rachelk/.rvm/gems/ruby-2.2.1/gems/learn-test-1.2.25/lib/learn_test/jasmine/jasmine.js:518:42)
	at execute (file:///Users/rachelk/.rvm/gems/ruby-2.2.1/gems/learn-test-1.2.25/lib/learn_test/jasmine/jasmine.js:306:28)
	at file:///Users/rachelk/.rvm/gems/ruby-2.2.1/gems/learn-test-1.2.25/lib/learn_test/jasmine/jasmine.js:1708:44
	at attemptAsync (file:///Users/rachelk/.rvm/gems/ruby-2.2.1/gems/learn-test-1.2.25/lib/learn_test/jasmine/jasmine.js:1520:16)
	at run (file:///Users/rachelk/.rvm/gems/ruby-2.2.1/gems/learn-test-1.2.25/lib/learn_test/jasmine/jasmine.js:1496:28)
	at next (file:///Users/rachelk/.rvm/gems/ruby-2.2.1/gems/learn-test-1.2.25/lib/learn_test/jasmine/jasmine.js:1517:40)
	at complete (file:///Users/rachelk/.rvm/gems/ruby-2.2.1/gems/learn-test-1.2.25/lib/learn_test/jasmine/jasmine.js:333:19)
	at clearStack (file:///Users/rachelk/.rvm/gems/ruby-2.2.1/gems/learn-test-1.2.25/lib/learn_test/jasmine/jasmine.js:506:11)
	at run (file:///Users/rachelk/.rvm/gems/ruby-2.2.1/gems/learn-test-1.2.25/lib/learn_test/jasmine/jasmine.js:1505:22)
	at execute (file:///Users/rachelk/.rvm/gems/ruby-2.2.1/gems/learn-test-1.2.25/lib/learn_test/jasmine/jasmine.js:1485:13)
	at queueRunnerFactory (file:///Users/rachelk/.rvm/gems/ruby-2.2.1/gems/learn-test-1.2.25/lib/learn_test/jasmine/jasmine.js:518:42)
	at execute (file:///Users/rachelk/.rvm/gems/ruby-2.2.1/gems/learn-test-1.2.25/lib/learn_test/jasmine/jasmine.js:306:28)
	at file:///Users/rachelk/.rvm/gems/ruby-2.2.1/gems/learn-test-1.2.25/lib/learn_test/jasmine/jasmine.js:1708:44
	at attemptAsync (file:///Users/rachelk/.rvm/gems/ruby-2.2.1/gems/learn-test-1.2.25/lib/learn_test/jasmine/jasmine.js:1520:16)
	at run (file:///Users/rachelk/.rvm/gems/ruby-2.2.1/gems/learn-test-1.2.25/lib/learn_test/jasmine/jasmine.js:1496:28)
	at next (file:///Users/rachelk/.rvm/gems/ruby-2.2.1/gems/learn-test-1.2.25/lib/learn_test/jasmine/jasmine.js:1517:40)
	at complete (file:///Users/rachelk/.rvm/gems/ruby-2.2.1/gems/learn-test-1.2.25/lib/learn_test/jasmine/jasmine.js:333:19)
	at clearStack (file:///Users/rachelk/.rvm/gems/ruby-2.2.1/gems/learn-test-1.2.25/lib/learn_test/jasmine/jasmine.js:506:11)
	at run (file:///Users/rachelk/.rvm/gems/ruby-2.2.1/gems/learn-test-1.2.25/lib/learn_test/jasmine/jasmine.js:1505:22)
	at execute (file:///Users/rachelk/.rvm/gems/ruby-2.2.1/gems/learn-test-1.2.25/lib/learn_test/jasmine/jasmine.js:1485:13)
	at queueRunnerFactory (file:///Users/rachelk/.rvm/gems/ruby-2.2.1/gems/learn-test-1.2.25/lib/learn_test/jasmine/jasmine.js:518:42)
	at execute (file:///Users/rachelk/.rvm/gems/ruby-2.2.1/gems/learn-test-1.2.25/lib/learn_test/jasmine/jasmine.js:306:28)
	at file:///Users/rachelk/.rvm/gems/ruby-2.2.1/gems/learn-test-1.2.25/lib/learn_test/jasmine/jasmine.js:1708:44
	at attemptAsync (file:///Users/rachelk/.rvm/gems/ruby-2.2.1/gems/learn-test-1.2.25/lib/learn_test/jasmine/jasmine.js:1520:16)
	at run (file:///Users/rachelk/.rvm/gems/ruby-2.2.1/gems/learn-test-1.2.25/lib/learn_test/jasmine/jasmine.js:1496:28)
	at execute (file:///Users/rachelk/.rvm/gems/ruby-2.2.1/gems/learn-test-1.2.25/lib/learn_test/jasmine/jasmine.js:1485:13)
	at queueRunnerFactory (file:///Users/rachelk/.rvm/gems/ruby-2.2.1/gems/learn-test-1.2.25/lib/learn_test/jasmine/jasmine.js:518:42)
	at execute (file:///Users/rachelk/.rvm/gems/ruby-2.2.1/gems/learn-test-1.2.25/lib/learn_test/jasmine/jasmine.js:1694:21)
	at file:///Users/rachelk/.rvm/gems/ruby-2.2.1/gems/learn-test-1.2.25/lib/learn_test/jasmine/jasmine.js:1708:44
	at attemptAsync (file:///Users/rachelk/.rvm/gems/ruby-2.2.1/gems/learn-test-1.2.25/lib/learn_test/jasmine/jasmine.js:1520:16)
	at run (file:///Users/rachelk/.rvm/gems/ruby-2.2.1/gems/learn-test-1.2.25/lib/learn_test/jasmine/jasmine.js:1496:28)
	at next (file:///Users/rachelk/.rvm/gems/ruby-2.2.1/gems/learn-test-1.2.25/lib/learn_test/jasmine/jasmine.js:1517:40)
	at complete (file:///Users/rachelk/.rvm/gems/ruby-2.2.1/gems/learn-test-1.2.25/lib/learn_test/jasmine/jasmine.js:1703:19)
	at clearStack (file:///Users/rachelk/.rvm/gems/ruby-2.2.1/gems/learn-test-1.2.25/lib/learn_test/jasmine/jasmine.js:506:11)
	at run (file:///Users/rachelk/.rvm/gems/ruby-2.2.1/gems/learn-test-1.2.25/lib/learn_test/jasmine/jasmine.js:1505:22)
	at next (file:///Users/rachelk/.rvm/gems/ruby-2.2.1/gems/learn-test-1.2.25/lib/learn_test/jasmine/jasmine.js:1517:40)
	at complete (file:///Users/rachelk/.rvm/gems/ruby-2.2.1/gems/learn-test-1.2.25/lib/learn_test/jasmine/jasmine.js:333:19)
	at clearStack (file:///Users/rachelk/.rvm/gems/ruby-2.2.1/gems/learn-test-1.2.25/lib/learn_test/jasmine/jasmine.js:506:11)
	at run (file:///Users/rachelk/.rvm/gems/ruby-2.2.1/gems/learn-test-1.2.25/lib/learn_test/jasmine/jasmine.js:1505:22)
	at execute (file:///Users/rachelk/.rvm/gems/ruby-2.2.1/gems/learn-test-1.2.25/lib/learn_test/jasmine/jasmine.js:1485:13)
	at queueRunnerFactory (file:///Users/rachelk/.rvm/gems/ruby-2.2.1/gems/learn-test-1.2.25/lib/learn_test/jasmine/jasmine.js:518:42)
	at execute (file:///Users/rachelk/.rvm/gems/ruby-2.2.1/gems/learn-test-1.2.25/lib/learn_test/jasmine/jasmine.js:306:28)
	at file:///Users/rachelk/.rvm/gems/ruby-2.2.1/gems/learn-test-1.2.25/lib/learn_test/jasmine/jasmine.js:1708:44
	at attemptAsync (file:///Users/rachelk/.rvm/gems/ruby-2.2.1/gems/learn-test-1.2.25/lib/learn_test/jasmine/jasmine.js:1520:16)
	at run (file:///Users/rachelk/.rvm/gems/ruby-2.2.1/gems/learn-test-1.2.25/lib/learn_test/jasmine/jasmine.js:1496:28)
	at next (file:///Users/rachelk/.rvm/gems/ruby-2.2.1/gems/learn-test-1.2.25/lib/learn_test/jasmine/jasmine.js:1517:40)
	at complete (file:///Users/rachelk/.rvm/gems/ruby-2.2.1/gems/learn-test-1.2.25/lib/learn_test/jasmine/jasmine.js:333:19)
	at clearStack (file:///Users/rachelk/.rvm/gems/ruby-2.2.1/gems/learn-test-1.2.25/lib/learn_test/jasmine/jasmine.js:506:11)
	at run (file:///Users/rachelk/.rvm/gems/ruby-2.2.1/gems/learn-test-1.2.25/lib/learn_test/jasmine/jasmine.js:1505:22)
	at execute (file:///Users/rachelk/.rvm/gems/ruby-2.2.1/gems/learn-test-1.2.25/lib/learn_test/jasmine/jasmine.js:1485:13)
	at queueRunnerFactory (file:///Users/rachelk/.rvm/gems/ruby-2.2.1/gems/learn-test-1.2.25/lib/learn_test/jasmine/jasmine.js:518:42)
	at execute (file:///Users/rachelk/.rvm/gems/ruby-2.2.1/gems/learn-test-1.2.25/lib/learn_test/jasmine/jasmine.js:306:28)
	at file:///Users/rachelk/.rvm/gems/ruby-2.2.1/gems/learn-test-1.2.25/lib/learn_test/jasmine/jasmine.js:1708:44
	at attemptAsync (file:///Users/rachelk/.rvm/gems/ruby-2.2.1/gems/learn-test-1.2.25/lib/learn_test/jasmine/jasmine.js:1520:16)
	at run (file:///Users/rachelk/.rvm/gems/ruby-2.2.1/gems/learn-test-1.2.25/lib/learn_test/jasmine/jasmine.js:1496:28)
	at next (file:///Users/rachelk/.rvm/gems/ruby-2.2.1/gems/learn-test-1.2.25/lib/learn_test/jasmine/jasmine.js:1517:40)
	at complete (file:///Users/rachelk/.rvm/gems/ruby-2.2.1/gems/learn-test-1.2.25/lib/learn_test/jasmine/jasmine.js:333:19)
	at clearStack (file:///Users/rachelk/.rvm/gems/ruby-2.2.1/gems/learn-test-1.2.25/lib/learn_test/jasmine/jasmine.js:506:11)
	at run (file:///Users/rachelk/.rvm/gems/ruby-2.2.1/gems/learn-test-1.2.25/lib/learn_test/jasmine/jasmine.js:1505:22)
	at execute (file:///Users/rachelk/.rvm/gems/ruby-2.2.1/gems/learn-test-1.2.25/lib/learn_test/jasmine/jasmine.js:1485:13)
	at queueRunnerFactory (file:///Users/rachelk/.rvm/gems/ruby-2.2.1/gems/learn-test-1.2.25/lib/learn_test/jasmine/jasmine.js:518:42)
	at execute (file:///Users/rachelk/.rvm/gems/ruby-2.2.1/gems/learn-test-1.2.25/lib/learn_test/jasmine/jasmine.js:306:28)
	at file:///Users/rachelk/.rvm/gems/ruby-2.2.1/gems/learn-test-1.2.25/lib/learn_test/jasmine/jasmine.js:1708:44
	at attemptAsync (file:///Users/rachelk/.rvm/gems/ruby-2.2.1/gems/learn-test-1.2.25/lib/learn_test/jasmine/jasmine.js:1520:16)
	at run (file:///Users/rachelk/.rvm/gems/ruby-2.2.1/gems/learn-test-1.2.25/lib/learn_test/jasmine/jasmine.js:1496:28)
	at execute (file:///Users/rachelk/.rvm/gems/ruby-2.2.1/gems/learn-test-1.2.25/lib/learn_test/jasmine/jasmine.js:1485:13)
	at queueRunnerFactory (file:///Users/rachelk/.rvm/gems/ruby-2.2.1/gems/learn-test-1.2.25/lib/learn_test/jasmine/jasmine.js:518:42)
	at execute (file:///Users/rachelk/.rvm/gems/ruby-2.2.1/gems/learn-test-1.2.25/lib/learn_test/jasmine/jasmine.js:1694:21)
	at file:///Users/rachelk/.rvm/gems/ruby-2.2.1/gems/learn-test-1.2.25/lib/learn_test/jasmine/jasmine.js:1708:44
	at attemptAsync (file:///Users/rachelk/.rvm/gems/ruby-2.2.1/gems/learn-test-1.2.25/lib/learn_test/jasmine/jasmine.js:1520:16)
	at run (file:///Users/rachelk/.rvm/gems/ruby-2.2.1/gems/learn-test-1.2.25/lib/learn_test/jasmine/jasmine.js:1496:28)
	at execute (file:///Users/rachelk/.rvm/gems/ruby-2.2.1/gems/learn-test-1.2.25/lib/learn_test/jasmine/jasmine.js:1485:13)
	at queueRunnerFactory (file:///Users/rachelk/.rvm/gems/ruby-2.2.1/gems/learn-test-1.2.25/lib/learn_test/jasmine/jasmine.js:518:42)
	at execute (file:///Users/rachelk/.rvm/gems/ruby-2.2.1/gems/learn-test-1.2.25/lib/learn_test/jasmine/jasmine.js:1694:21)
	at file:///Users/rachelk/.rvm/gems/ruby-2.2.1/gems/learn-test-1.2.25/lib/learn_test/jasmine/jasmine.js:541:83
	at attemptAsync (file:///Users/rachelk/.rvm/gems/ruby-2.2.1/gems/learn-test-1.2.25/lib/learn_test/jasmine/jasmine.js:1520:16)
	at run (file:///Users/rachelk/.rvm/gems/ruby-2.2.1/gems/learn-test-1.2.25/lib/learn_test/jasmine/jasmine.js:1496:28)
	at execute (file:///Users/rachelk/.rvm/gems/ruby-2.2.1/gems/learn-test-1.2.25/lib/learn_test/jasmine/jasmine.js:1485:13)
	at queueRunnerFactory (file:///Users/rachelk/.rvm/gems/ruby-2.2.1/gems/learn-test-1.2.25/lib/learn_test/jasmine/jasmine.js:518:42)
	at execute (file:///Users/rachelk/.rvm/gems/ruby-2.2.1/gems/learn-test-1.2.25/lib/learn_test/jasmine/jasmine.js:548:25)
	at onload (file:///Users/rachelk/.rvm/gems/ruby-2.2.1/gems/learn-test-1.2.25/lib/learn_test/jasmine/boot.js:172:16)			</failure>
			<failure type="" message="TypeError: undefined is not an object (evaluating &amp;apos;spaceship.docked&amp;apos;) in file:///Users/rachelk/Dropbox/Development/Javascript/space-invaders-v-000/spec/space-invaders-spec.js (line 73)">
	at file:///Users/rachelk/Dropbox/Development/Javascript/space-invaders-v-000/spec/space-invaders-spec.js:73:21
	at attemptSync (file:///Users/rachelk/.rvm/gems/ruby-2.2.1/gems/learn-test-1.2.25/lib/learn_test/jasmine/jasmine.js:1510:16)
	at run (file:///Users/rachelk/.rvm/gems/ruby-2.2.1/gems/learn-test-1.2.25/lib/learn_test/jasmine/jasmine.js:1498:20)
	at execute (file:///Users/rachelk/.rvm/gems/ruby-2.2.1/gems/learn-test-1.2.25/lib/learn_test/jasmine/jasmine.js:1485:13)
	at queueRunnerFactory (file:///Users/rachelk/.rvm/gems/ruby-2.2.1/gems/learn-test-1.2.25/lib/learn_test/jasmine/jasmine.js:518:42)
	at execute (file:///Users/rachelk/.rvm/gems/ruby-2.2.1/gems/learn-test-1.2.25/lib/learn_test/jasmine/jasmine.js:306:28)
	at file:///Users/rachelk/.rvm/gems/ruby-2.2.1/gems/learn-test-1.2.25/lib/learn_test/jasmine/jasmine.js:1708:44
	at attemptAsync (file:///Users/rachelk/.rvm/gems/ruby-2.2.1/gems/learn-test-1.2.25/lib/learn_test/jasmine/jasmine.js:1520:16)
	at run (file:///Users/rachelk/.rvm/gems/ruby-2.2.1/gems/learn-test-1.2.25/lib/learn_test/jasmine/jasmine.js:1496:28)
	at execute (file:///Users/rachelk/.rvm/gems/ruby-2.2.1/gems/learn-test-1.2.25/lib/learn_test/jasmine/jasmine.js:1485:13)
	at queueRunnerFactory (file:///Users/rachelk/.rvm/gems/ruby-2.2.1/gems/learn-test-1.2.25/lib/learn_test/jasmine/jasmine.js:518:42)
	at execute (file:///Users/rachelk/.rvm/gems/ruby-2.2.1/gems/learn-test-1.2.25/lib/learn_test/jasmine/jasmine.js:1694:21)
	at file:///Users/rachelk/.rvm/gems/ruby-2.2.1/gems/learn-test-1.2.25/lib/learn_test/jasmine/jasmine.js:1708:44
	at attemptAsync (file:///Users/rachelk/.rvm/gems/ruby-2.2.1/gems/learn-test-1.2.25/lib/learn_test/jasmine/jasmine.js:1520:16)
	at run (file:///Users/rachelk/.rvm/gems/ruby-2.2.1/gems/learn-test-1.2.25/lib/learn_test/jasmine/jasmine.js:1496:28)
	at next (file:///Users/rachelk/.rvm/gems/ruby-2.2.1/gems/learn-test-1.2.25/lib/learn_test/jasmine/jasmine.js:1517:40)
	at complete (file:///Users/rachelk/.rvm/gems/ruby-2.2.1/gems/learn-test-1.2.25/lib/learn_test/jasmine/jasmine.js:1703:19)
	at clearStack (file:///Users/rachelk/.rvm/gems/ruby-2.2.1/gems/learn-test-1.2.25/lib/learn_test/jasmine/jasmine.js:506:11)
	at run (file:///Users/rachelk/.rvm/gems/ruby-2.2.1/gems/learn-test-1.2.25/lib/learn_test/jasmine/jasmine.js:1505:22)
	at next (file:///Users/rachelk/.rvm/gems/ruby-2.2.1/gems/learn-test-1.2.25/lib/learn_test/jasmine/jasmine.js:1517:40)
	at complete (file:///Users/rachelk/.rvm/gems/ruby-2.2.1/gems/learn-test-1.2.25/lib/learn_test/jasmine/jasmine.js:333:19)
	at clearStack (file:///Users/rachelk/.rvm/gems/ruby-2.2.1/gems/learn-test-1.2.25/lib/learn_test/jasmine/jasmine.js:506:11)
	at run (file:///Users/rachelk/.rvm/gems/ruby-2.2.1/gems/learn-test-1.2.25/lib/learn_test/jasmine/jasmine.js:1505:22)
	at execute (file:///Users/rachelk/.rvm/gems/ruby-2.2.1/gems/learn-test-1.2.25/lib/learn_test/jasmine/jasmine.js:1485:13)
	at queueRunnerFactory (file:///Users/rachelk/.rvm/gems/ruby-2.2.1/gems/learn-test-1.2.25/lib/learn_test/jasmine/jasmine.js:518:42)
	at execute (file:///Users/rachelk/.rvm/gems/ruby-2.2.1/gems/learn-test-1.2.25/lib/learn_test/jasmine/jasmine.js:306:28)
	at file:///Users/rachelk/.rvm/gems/ruby-2.2.1/gems/learn-test-1.2.25/lib/learn_test/jasmine/jasmine.js:1708:44
	at attemptAsync (file:///Users/rachelk/.rvm/gems/ruby-2.2.1/gems/learn-test-1.2.25/lib/learn_test/jasmine/jasmine.js:1520:16)
	at run (file:///Users/rachelk/.rvm/gems/ruby-2.2.1/gems/learn-test-1.2.25/lib/learn_test/jasmine/jasmine.js:1496:28)
	at next (file:///Users/rachelk/.rvm/gems/ruby-2.2.1/gems/learn-test-1.2.25/lib/learn_test/jasmine/jasmine.js:1517:40)
	at complete (file:///Users/rachelk/.rvm/gems/ruby-2.2.1/gems/learn-test-1.2.25/lib/learn_test/jasmine/jasmine.js:333:19)
	at clearStack (file:///Users/rachelk/.rvm/gems/ruby-2.2.1/gems/learn-test-1.2.25/lib/learn_test/jasmine/jasmine.js:506:11)
	at run (file:///Users/rachelk/.rvm/gems/ruby-2.2.1/gems/learn-test-1.2.25/lib/learn_test/jasmine/jasmine.js:1505:22)
	at execute (file:///Users/rachelk/.rvm/gems/ruby-2.2.1/gems/learn-test-1.2.25/lib/learn_test/jasmine/jasmine.js:1485:13)
	at queueRunnerFactory (file:///Users/rachelk/.rvm/gems/ruby-2.2.1/gems/learn-test-1.2.25/lib/learn_test/jasmine/jasmine.js:518:42)
	at execute (file:///Users/rachelk/.rvm/gems/ruby-2.2.1/gems/learn-test-1.2.25/lib/learn_test/jasmine/jasmine.js:306:28)
	at file:///Users/rachelk/.rvm/gems/ruby-2.2.1/gems/learn-test-1.2.25/lib/learn_test/jasmine/jasmine.js:1708:44
	at attemptAsync (file:///Users/rachelk/.rvm/gems/ruby-2.2.1/gems/learn-test-1.2.25/lib/learn_test/jasmine/jasmine.js:1520:16)
	at run (file:///Users/rachelk/.rvm/gems/ruby-2.2.1/gems/learn-test-1.2.25/lib/learn_test/jasmine/jasmine.js:1496:28)
	at next (file:///Users/rachelk/.rvm/gems/ruby-2.2.1/gems/learn-test-1.2.25/lib/learn_test/jasmine/jasmine.js:1517:40)
	at complete (file:///Users/rachelk/.rvm/gems/ruby-2.2.1/gems/learn-test-1.2.25/lib/learn_test/jasmine/jasmine.js:333:19)
	at clearStack (file:///Users/rachelk/.rvm/gems/ruby-2.2.1/gems/learn-test-1.2.25/lib/learn_test/jasmine/jasmine.js:506:11)
	at run (file:///Users/rachelk/.rvm/gems/ruby-2.2.1/gems/learn-test-1.2.25/lib/learn_test/jasmine/jasmine.js:1505:22)
	at execute (file:///Users/rachelk/.rvm/gems/ruby-2.2.1/gems/learn-test-1.2.25/lib/learn_test/jasmine/jasmine.js:1485:13)
	at queueRunnerFactory (file:///Users/rachelk/.rvm/gems/ruby-2.2.1/gems/learn-test-1.2.25/lib/learn_test/jasmine/jasmine.js:518:42)
	at execute (file:///Users/rachelk/.rvm/gems/ruby-2.2.1/gems/learn-test-1.2.25/lib/learn_test/jasmine/jasmine.js:306:28)
	at file:///Users/rachelk/.rvm/gems/ruby-2.2.1/gems/learn-test-1.2.25/lib/learn_test/jasmine/jasmine.js:1708:44
	at attemptAsync (file:///Users/rachelk/.rvm/gems/ruby-2.2.1/gems/learn-test-1.2.25/lib/learn_test/jasmine/jasmine.js:1520:16)
	at run (file:///Users/rachelk/.rvm/gems/ruby-2.2.1/gems/learn-test-1.2.25/lib/learn_test/jasmine/jasmine.js:1496:28)
	at next (file:///Users/rachelk/.rvm/gems/ruby-2.2.1/gems/learn-test-1.2.25/lib/learn_test/jasmine/jasmine.js:1517:40)
	at complete (file:///Users/rachelk/.rvm/gems/ruby-2.2.1/gems/learn-test-1.2.25/lib/learn_test/jasmine/jasmine.js:333:19)
	at clearStack (file:///Users/rachelk/.rvm/gems/ruby-2.2.1/gems/learn-test-1.2.25/lib/learn_test/jasmine/jasmine.js:506:11)
	at run (file:///Users/rachelk/.rvm/gems/ruby-2.2.1/gems/learn-test-1.2.25/lib/learn_test/jasmine/jasmine.js:1505:22)
	at execute (file:///Users/rachelk/.rvm/gems/ruby-2.2.1/gems/learn-test-1.2.25/lib/learn_test/jasmine/jasmine.js:1485:13)
	at queueRunnerFactory (file:///Users/rachelk/.rvm/gems/ruby-2.2.1/gems/learn-test-1.2.25/lib/learn_test/jasmine/jasmine.js:518:42)
	at execute (file:///Users/rachelk/.rvm/gems/ruby-2.2.1/gems/learn-test-1.2.25/lib/learn_test/jasmine/jasmine.js:306:28)
	at file:///Users/rachelk/.rvm/gems/ruby-2.2.1/gems/learn-test-1.2.25/lib/learn_test/jasmine/jasmine.js:1708:44
	at attemptAsync (file:///Users/rachelk/.rvm/gems/ruby-2.2.1/gems/learn-test-1.2.25/lib/learn_test/jasmine/jasmine.js:1520:16)
	at run (file:///Users/rachelk/.rvm/gems/ruby-2.2.1/gems/learn-test-1.2.25/lib/learn_test/jasmine/jasmine.js:1496:28)
	at next (file:///Users/rachelk/.rvm/gems/ruby-2.2.1/gems/learn-test-1.2.25/lib/learn_test/jasmine/jasmine.js:1517:40)
	at complete (file:///Users/rachelk/.rvm/gems/ruby-2.2.1/gems/learn-test-1.2.25/lib/learn_test/jasmine/jasmine.js:333:19)
	at clearStack (file:///Users/rachelk/.rvm/gems/ruby-2.2.1/gems/learn-test-1.2.25/lib/learn_test/jasmine/jasmine.js:506:11)
	at run (file:///Users/rachelk/.rvm/gems/ruby-2.2.1/gems/learn-test-1.2.25/lib/learn_test/jasmine/jasmine.js:1505:22)
	at execute (file:///Users/rachelk/.rvm/gems/ruby-2.2.1/gems/learn-test-1.2.25/lib/learn_test/jasmine/jasmine.js:1485:13)
	at queueRunnerFactory (file:///Users/rachelk/.rvm/gems/ruby-2.2.1/gems/learn-test-1.2.25/lib/learn_test/jasmine/jasmine.js:518:42)
	at execute (file:///Users/rachelk/.rvm/gems/ruby-2.2.1/gems/learn-test-1.2.25/lib/learn_test/jasmine/jasmine.js:306:28)
	at file:///Users/rachelk/.rvm/gems/ruby-2.2.1/gems/learn-test-1.2.25/lib/learn_test/jasmine/jasmine.js:1708:44
	at attemptAsync (file:///Users/rachelk/.rvm/gems/ruby-2.2.1/gems/learn-test-1.2.25/lib/learn_test/jasmine/jasmine.js:1520:16)
	at run (file:///Users/rachelk/.rvm/gems/ruby-2.2.1/gems/learn-test-1.2.25/lib/learn_test/jasmine/jasmine.js:1496:28)
	at next (file:///Users/rachelk/.rvm/gems/ruby-2.2.1/gems/learn-test-1.2.25/lib/learn_test/jasmine/jasmine.js:1517:40)
	at complete (file:///Users/rachelk/.rvm/gems/ruby-2.2.1/gems/learn-test-1.2.25/lib/learn_test/jasmine/jasmine.js:333:19)
	at clearStack (file:///Users/rachelk/.rvm/gems/ruby-2.2.1/gems/learn-test-1.2.25/lib/learn_test/jasmine/jasmine.js:506:11)
	at run (file:///Users/rachelk/.rvm/gems/ruby-2.2.1/gems/learn-test-1.2.25/lib/learn_test/jasmine/jasmine.js:1505:22)
	at execute (file:///Users/rachelk/.rvm/gems/ruby-2.2.1/gems/learn-test-1.2.25/lib/learn_test/jasmine/jasmine.js:1485:13)
	at queueRunnerFactory (file:///Users/rachelk/.rvm/gems/ruby-2.2.1/gems/learn-test-1.2.25/lib/learn_test/jasmine/jasmine.js:518:42)
	at execute (file:///Users/rachelk/.rvm/gems/ruby-2.2.1/gems/learn-test-1.2.25/lib/learn_test/jasmine/jasmine.js:306:28)
	at file:///Users/rachelk/.rvm/gems/ruby-2.2.1/gems/learn-test-1.2.25/lib/learn_test/jasmine/jasmine.js:1708:44
	at attemptAsync (file:///Users/rachelk/.rvm/gems/ruby-2.2.1/gems/learn-test-1.2.25/lib/learn_test/jasmine/jasmine.js:1520:16)
	at run (file:///Users/rachelk/.rvm/gems/ruby-2.2.1/gems/learn-test-1.2.25/lib/learn_test/jasmine/jasmine.js:1496:28)
	at next (file:///Users/rachelk/.rvm/gems/ruby-2.2.1/gems/learn-test-1.2.25/lib/learn_test/jasmine/jasmine.js:1517:40)
	at complete (file:///Users/rachelk/.rvm/gems/ruby-2.2.1/gems/learn-test-1.2.25/lib/learn_test/jasmine/jasmine.js:333:19)
	at clearStack (file:///Users/rachelk/.rvm/gems/ruby-2.2.1/gems/learn-test-1.2.25/lib/learn_test/jasmine/jasmine.js:506:11)
	at run (file:///Users/rachelk/.rvm/gems/ruby-2.2.1/gems/learn-test-1.2.25/lib/learn_test/jasmine/jasmine.js:1505:22)
	at execute (file:///Users/rachelk/.rvm/gems/ruby-2.2.1/gems/learn-test-1.2.25/lib/learn_test/jasmine/jasmine.js:1485:13)
	at queueRunnerFactory (file:///Users/rachelk/.rvm/gems/ruby-2.2.1/gems/learn-test-1.2.25/lib/learn_test/jasmine/jasmine.js:518:42)
	at execute (file:///Users/rachelk/.rvm/gems/ruby-2.2.1/gems/learn-test-1.2.25/lib/learn_test/jasmine/jasmine.js:306:28)
	at file:///Users/rachelk/.rvm/gems/ruby-2.2.1/gems/learn-test-1.2.25/lib/learn_test/jasmine/jasmine.js:1708:44
	at attemptAsync (file:///Users/rachelk/.rvm/gems/ruby-2.2.1/gems/learn-test-1.2.25/lib/learn_test/jasmine/jasmine.js:1520:16)
	at run (file:///Users/rachelk/.rvm/gems/ruby-2.2.1/gems/learn-test-1.2.25/lib/learn_test/jasmine/jasmine.js:1496:28)
	at execute (file:///Users/rachelk/.rvm/gems/ruby-2.2.1/gems/learn-test-1.2.25/lib/learn_test/jasmine/jasmine.js:1485:13)
	at queueRunnerFactory (file:///Users/rachelk/.rvm/gems/ruby-2.2.1/gems/learn-test-1.2.25/lib/learn_test/jasmine/jasmine.js:518:42)
	at execute (file:///Users/rachelk/.rvm/gems/ruby-2.2.1/gems/learn-test-1.2.25/lib/learn_test/jasmine/jasmine.js:1694:21)
	at file:///Users/rachelk/.rvm/gems/ruby-2.2.1/gems/learn-test-1.2.25/lib/learn_test/jasmine/jasmine.js:1708:44
	at attemptAsync (file:///Users/rachelk/.rvm/gems/ruby-2.2.1/gems/learn-test-1.2.25/lib/learn_test/jasmine/jasmine.js:1520:16)
	at run (file:///Users/rachelk/.rvm/gems/ruby-2.2.1/gems/learn-test-1.2.25/lib/learn_test/jasmine/jasmine.js:1496:28)
	at next (file:///Users/rachelk/.rvm/gems/ruby-2.2.1/gems/learn-test-1.2.25/lib/learn_test/jasmine/jasmine.js:1517:40)
	at complete (file:///Users/rachelk/.rvm/gems/ruby-2.2.1/gems/learn-test-1.2.25/lib/learn_test/jasmine/jasmine.js:1703:19)
	at clearStack (file:///Users/rachelk/.rvm/gems/ruby-2.2.1/gems/learn-test-1.2.25/lib/learn_test/jasmine/jasmine.js:506:11)
	at run (file:///Users/rachelk/.rvm/gems/ruby-2.2.1/gems/learn-test-1.2.25/lib/learn_test/jasmine/jasmine.js:1505:22)
	at next (file:///Users/rachelk/.rvm/gems/ruby-2.2.1/gems/learn-test-1.2.25/lib/learn_test/jasmine/jasmine.js:1517:40)
	at complete (file:///Users/rachelk/.rvm/gems/ruby-2.2.1/gems/learn-test-1.2.25/lib/learn_test/jasmine/jasmine.js:333:19)
	at clearStack (file:///Users/rachelk/.rvm/gems/ruby-2.2.1/gems/learn-test-1.2.25/lib/learn_test/jasmine/jasmine.js:506:11)
	at run (file:///Users/rachelk/.rvm/gems/ruby-2.2.1/gems/learn-test-1.2.25/lib/learn_test/jasmine/jasmine.js:1505:22)
	at execute (file:///Users/rachelk/.rvm/gems/ruby-2.2.1/gems/learn-test-1.2.25/lib/learn_test/jasmine/jasmine.js:1485:13)
	at queueRunnerFactory (file:///Users/rachelk/.rvm/gems/ruby-2.2.1/gems/learn-test-1.2.25/lib/learn_test/jasmine/jasmine.js:518:42)
	at execute (file:///Users/rachelk/.rvm/gems/ruby-2.2.1/gems/learn-test-1.2.25/lib/learn_test/jasmine/jasmine.js:306:28)
	at file:///Users/rachelk/.rvm/gems/ruby-2.2.1/gems/learn-test-1.2.25/lib/learn_test/jasmine/jasmine.js:1708:44
	at attemptAsync (file:///Users/rachelk/.rvm/gems/ruby-2.2.1/gems/learn-test-1.2.25/lib/learn_test/jasmine/jasmine.js:1520:16)
	at run (file:///Users/rachelk/.rvm/gems/ruby-2.2.1/gems/learn-test-1.2.25/lib/learn_test/jasmine/jasmine.js:1496:28)
	at next (file:///Users/rachelk/.rvm/gems/ruby-2.2.1/gems/learn-test-1.2.25/lib/learn_test/jasmine/jasmine.js:1517:40)
	at complete (file:///Users/rachelk/.rvm/gems/ruby-2.2.1/gems/learn-test-1.2.25/lib/learn_test/jasmine/jasmine.js:333:19)
	at clearStack (file:///Users/rachelk/.rvm/gems/ruby-2.2.1/gems/learn-test-1.2.25/lib/learn_test/jasmine/jasmine.js:506:11)
	at run (file:///Users/rachelk/.rvm/gems/ruby-2.2.1/gems/learn-test-1.2.25/lib/learn_test/jasmine/jasmine.js:1505:22)
	at execute (file:///Users/rachelk/.rvm/gems/ruby-2.2.1/gems/learn-test-1.2.25/lib/learn_test/jasmine/jasmine.js:1485:13)
	at queueRunnerFactory (file:///Users/rachelk/.rvm/gems/ruby-2.2.1/gems/learn-test-1.2.25/lib/learn_test/jasmine/jasmine.js:518:42)
	at execute (file:///Users/rachelk/.rvm/gems/ruby-2.2.1/gems/learn-test-1.2.25/lib/learn_test/jasmine/jasmine.js:306:28)
	at file:///Users/rachelk/.rvm/gems/ruby-2.2.1/gems/learn-test-1.2.25/lib/learn_test/jasmine/jasmine.js:1708:44
	at attemptAsync (file:///Users/rachelk/.rvm/gems/ruby-2.2.1/gems/learn-test-1.2.25/lib/learn_test/jasmine/jasmine.js:1520:16)
	at run (file:///Users/rachelk/.rvm/gems/ruby-2.2.1/gems/learn-test-1.2.25/lib/learn_test/jasmine/jasmine.js:1496:28)
	at next (file:///Users/rachelk/.rvm/gems/ruby-2.2.1/gems/learn-test-1.2.25/lib/learn_test/jasmine/jasmine.js:1517:40)
	at complete (file:///Users/rachelk/.rvm/gems/ruby-2.2.1/gems/learn-test-1.2.25/lib/learn_test/jasmine/jasmine.js:333:19)
	at clearStack (file:///Users/rachelk/.rvm/gems/ruby-2.2.1/gems/learn-test-1.2.25/lib/learn_test/jasmine/jasmine.js:506:11)
	at run (file:///Users/rachelk/.rvm/gems/ruby-2.2.1/gems/learn-test-1.2.25/lib/learn_test/jasmine/jasmine.js:1505:22)
	at execute (file:///Users/rachelk/.rvm/gems/ruby-2.2.1/gems/learn-test-1.2.25/lib/learn_test/jasmine/jasmine.js:1485:13)
	at queueRunnerFactory (file:///Users/rachelk/.rvm/gems/ruby-2.2.1/gems/learn-test-1.2.25/lib/learn_test/jasmine/jasmine.js:518:42)
	at execute (file:///Users/rachelk/.rvm/gems/ruby-2.2.1/gems/learn-test-1.2.25/lib/learn_test/jasmine/jasmine.js:306:28)
	at file:///Users/rachelk/.rvm/gems/ruby-2.2.1/gems/learn-test-1.2.25/lib/learn_test/jasmine/jasmine.js:1708:44
	at attemptAsync (file:///Users/rachelk/.rvm/gems/ruby-2.2.1/gems/learn-test-1.2.25/lib/learn_test/jasmine/jasmine.js:1520:16)
	at run (file:///Users/rachelk/.rvm/gems/ruby-2.2.1/gems/learn-test-1.2.25/lib/learn_test/jasmine/jasmine.js:1496:28)
	at execute (file:///Users/rachelk/.rvm/gems/ruby-2.2.1/gems/learn-test-1.2.25/lib/learn_test/jasmine/jasmine.js:1485:13)
	at queueRunnerFactory (file:///Users/rachelk/.rvm/gems/ruby-2.2.1/gems/learn-test-1.2.25/lib/learn_test/jasmine/jasmine.js:518:42)
	at execute (file:///Users/rachelk/.rvm/gems/ruby-2.2.1/gems/learn-test-1.2.25/lib/learn_test/jasmine/jasmine.js:1694:21)
	at file:///Users/rachelk/.rvm/gems/ruby-2.2.1/gems/learn-test-1.2.25/lib/learn_test/jasmine/jasmine.js:1708:44
	at attemptAsync (file:///Users/rachelk/.rvm/gems/ruby-2.2.1/gems/learn-test-1.2.25/lib/learn_test/jasmine/jasmine.js:1520:16)
	at run (file:///Users/rachelk/.rvm/gems/ruby-2.2.1/gems/learn-test-1.2.25/lib/learn_test/jasmine/jasmine.js:1496:28)
	at execute (file:///Users/rachelk/.rvm/gems/ruby-2.2.1/gems/learn-test-1.2.25/lib/learn_test/jasmine/jasmine.js:1485:13)
	at queueRunnerFactory (file:///Users/rachelk/.rvm/gems/ruby-2.2.1/gems/learn-test-1.2.25/lib/learn_test/jasmine/jasmine.js:518:42)
	at execute (file:///Users/rachelk/.rvm/gems/ruby-2.2.1/gems/learn-test-1.2.25/lib/learn_test/jasmine/jasmine.js:1694:21)
	at file:///Users/rachelk/.rvm/gems/ruby-2.2.1/gems/learn-test-1.2.25/lib/learn_test/jasmine/jasmine.js:541:83
	at attemptAsync (file:///Users/rachelk/.rvm/gems/ruby-2.2.1/gems/learn-test-1.2.25/lib/learn_test/jasmine/jasmine.js:1520:16)
	at run (file:///Users/rachelk/.rvm/gems/ruby-2.2.1/gems/learn-test-1.2.25/lib/learn_test/jasmine/jasmine.js:1496:28)
	at execute (file:///Users/rachelk/.rvm/gems/ruby-2.2.1/gems/learn-test-1.2.25/lib/learn_test/jasmine/jasmine.js:1485:13)
	at queueRunnerFactory (file:///Users/rachelk/.rvm/gems/ruby-2.2.1/gems/learn-test-1.2.25/lib/learn_test/jasmine/jasmine.js:518:42)
	at execute (file:///Users/rachelk/.rvm/gems/ruby-2.2.1/gems/learn-test-1.2.25/lib/learn_test/jasmine/jasmine.js:548:25)
	at onload (file:///Users/rachelk/.rvm/gems/ruby-2.2.1/gems/learn-test-1.2.25/lib/learn_test/jasmine/boot.js:172:16)			</failure>
		</testcase>
		<testcase classname="Ship with a crew" name="a crew member should return their ship when `currentShip` is called on them" time="0">
			<failure type="" message="ReferenceError: Can&amp;apos;t find variable: CrewMember in file:///Users/rachelk/Dropbox/Development/Javascript/space-invaders-v-000/spec/space-invaders-spec.js (line 66)">
	at file:///Users/rachelk/Dropbox/Development/Javascript/space-invaders-v-000/spec/space-invaders-spec.js:66:29
	at attemptSync (file:///Users/rachelk/.rvm/gems/ruby-2.2.1/gems/learn-test-1.2.25/lib/learn_test/jasmine/jasmine.js:1510:16)
	at run (file:///Users/rachelk/.rvm/gems/ruby-2.2.1/gems/learn-test-1.2.25/lib/learn_test/jasmine/jasmine.js:1498:20)
	at execute (file:///Users/rachelk/.rvm/gems/ruby-2.2.1/gems/learn-test-1.2.25/lib/learn_test/jasmine/jasmine.js:1485:13)
	at queueRunnerFactory (file:///Users/rachelk/.rvm/gems/ruby-2.2.1/gems/learn-test-1.2.25/lib/learn_test/jasmine/jasmine.js:518:42)
	at execute (file:///Users/rachelk/.rvm/gems/ruby-2.2.1/gems/learn-test-1.2.25/lib/learn_test/jasmine/jasmine.js:306:28)
	at file:///Users/rachelk/.rvm/gems/ruby-2.2.1/gems/learn-test-1.2.25/lib/learn_test/jasmine/jasmine.js:1708:44
	at attemptAsync (file:///Users/rachelk/.rvm/gems/ruby-2.2.1/gems/learn-test-1.2.25/lib/learn_test/jasmine/jasmine.js:1520:16)
	at run (file:///Users/rachelk/.rvm/gems/ruby-2.2.1/gems/learn-test-1.2.25/lib/learn_test/jasmine/jasmine.js:1496:28)
	at next (file:///Users/rachelk/.rvm/gems/ruby-2.2.1/gems/learn-test-1.2.25/lib/learn_test/jasmine/jasmine.js:1517:40)
	at complete (file:///Users/rachelk/.rvm/gems/ruby-2.2.1/gems/learn-test-1.2.25/lib/learn_test/jasmine/jasmine.js:333:19)
	at clearStack (file:///Users/rachelk/.rvm/gems/ruby-2.2.1/gems/learn-test-1.2.25/lib/learn_test/jasmine/jasmine.js:506:11)
	at run (file:///Users/rachelk/.rvm/gems/ruby-2.2.1/gems/learn-test-1.2.25/lib/learn_test/jasmine/jasmine.js:1505:22)
	at execute (file:///Users/rachelk/.rvm/gems/ruby-2.2.1/gems/learn-test-1.2.25/lib/learn_test/jasmine/jasmine.js:1485:13)
	at queueRunnerFactory (file:///Users/rachelk/.rvm/gems/ruby-2.2.1/gems/learn-test-1.2.25/lib/learn_test/jasmine/jasmine.js:518:42)
	at execute (file:///Users/rachelk/.rvm/gems/ruby-2.2.1/gems/learn-test-1.2.25/lib/learn_test/jasmine/jasmine.js:306:28)
	at file:///Users/rachelk/.rvm/gems/ruby-2.2.1/gems/learn-test-1.2.25/lib/learn_test/jasmine/jasmine.js:1708:44
	at attemptAsync (file:///Users/rachelk/.rvm/gems/ruby-2.2.1/gems/learn-test-1.2.25/lib/learn_test/jasmine/jasmine.js:1520:16)
	at run (file:///Users/rachelk/.rvm/gems/ruby-2.2.1/gems/learn-test-1.2.25/lib/learn_test/jasmine/jasmine.js:1496:28)
	at execute (file:///Users/rachelk/.rvm/gems/ruby-2.2.1/gems/learn-test-1.2.25/lib/learn_test/jasmine/jasmine.js:1485:13)
	at queueRunnerFactory (file:///Users/rachelk/.rvm/gems/ruby-2.2.1/gems/learn-test-1.2.25/lib/learn_test/jasmine/jasmine.js:518:42)
	at execute (file:///Users/rachelk/.rvm/gems/ruby-2.2.1/gems/learn-test-1.2.25/lib/learn_test/jasmine/jasmine.js:1694:21)
	at file:///Users/rachelk/.rvm/gems/ruby-2.2.1/gems/learn-test-1.2.25/lib/learn_test/jasmine/jasmine.js:1708:44
	at attemptAsync (file:///Users/rachelk/.rvm/gems/ruby-2.2.1/gems/learn-test-1.2.25/lib/learn_test/jasmine/jasmine.js:1520:16)
	at run (file:///Users/rachelk/.rvm/gems/ruby-2.2.1/gems/learn-test-1.2.25/lib/learn_test/jasmine/jasmine.js:1496:28)
	at next (file:///Users/rachelk/.rvm/gems/ruby-2.2.1/gems/learn-test-1.2.25/lib/learn_test/jasmine/jasmine.js:1517:40)
	at complete (file:///Users/rachelk/.rvm/gems/ruby-2.2.1/gems/learn-test-1.2.25/lib/learn_test/jasmine/jasmine.js:1703:19)
	at clearStack (file:///Users/rachelk/.rvm/gems/ruby-2.2.1/gems/learn-test-1.2.25/lib/learn_test/jasmine/jasmine.js:506:11)
	at run (file:///Users/rachelk/.rvm/gems/ruby-2.2.1/gems/learn-test-1.2.25/lib/learn_test/jasmine/jasmine.js:1505:22)
	at next (file:///Users/rachelk/.rvm/gems/ruby-2.2.1/gems/learn-test-1.2.25/lib/learn_test/jasmine/jasmine.js:1517:40)
	at complete (file:///Users/rachelk/.rvm/gems/ruby-2.2.1/gems/learn-test-1.2.25/lib/learn_test/jasmine/jasmine.js:333:19)
	at clearStack (file:///Users/rachelk/.rvm/gems/ruby-2.2.1/gems/learn-test-1.2.25/lib/learn_test/jasmine/jasmine.js:506:11)
	at run (file:///Users/rachelk/.rvm/gems/ruby-2.2.1/gems/learn-test-1.2.25/lib/learn_test/jasmine/jasmine.js:1505:22)
	at execute (file:///Users/rachelk/.rvm/gems/ruby-2.2.1/gems/learn-test-1.2.25/lib/learn_test/jasmine/jasmine.js:1485:13)
	at queueRunnerFactory (file:///Users/rachelk/.rvm/gems/ruby-2.2.1/gems/learn-test-1.2.25/lib/learn_test/jasmine/jasmine.js:518:42)
	at execute (file:///Users/rachelk/.rvm/gems/ruby-2.2.1/gems/learn-test-1.2.25/lib/learn_test/jasmine/jasmine.js:306:28)
	at file:///Users/rachelk/.rvm/gems/ruby-2.2.1/gems/learn-test-1.2.25/lib/learn_test/jasmine/jasmine.js:1708:44
	at attemptAsync (file:///Users/rachelk/.rvm/gems/ruby-2.2.1/gems/learn-test-1.2.25/lib/learn_test/jasmine/jasmine.js:1520:16)
	at run (file:///Users/rachelk/.rvm/gems/ruby-2.2.1/gems/learn-test-1.2.25/lib/learn_test/jasmine/jasmine.js:1496:28)
	at next (file:///Users/rachelk/.rvm/gems/ruby-2.2.1/gems/learn-test-1.2.25/lib/learn_test/jasmine/jasmine.js:1517:40)
	at complete (file:///Users/rachelk/.rvm/gems/ruby-2.2.1/gems/learn-test-1.2.25/lib/learn_test/jasmine/jasmine.js:333:19)
	at clearStack (file:///Users/rachelk/.rvm/gems/ruby-2.2.1/gems/learn-test-1.2.25/lib/learn_test/jasmine/jasmine.js:506:11)
	at run (file:///Users/rachelk/.rvm/gems/ruby-2.2.1/gems/learn-test-1.2.25/lib/learn_test/jasmine/jasmine.js:1505:22)
	at execute (file:///Users/rachelk/.rvm/gems/ruby-2.2.1/gems/learn-test-1.2.25/lib/learn_test/jasmine/jasmine.js:1485:13)
	at queueRunnerFactory (file:///Users/rachelk/.rvm/gems/ruby-2.2.1/gems/learn-test-1.2.25/lib/learn_test/jasmine/jasmine.js:518:42)
	at execute (file:///Users/rachelk/.rvm/gems/ruby-2.2.1/gems/learn-test-1.2.25/lib/learn_test/jasmine/jasmine.js:306:28)
	at file:///Users/rachelk/.rvm/gems/ruby-2.2.1/gems/learn-test-1.2.25/lib/learn_test/jasmine/jasmine.js:1708:44
	at attemptAsync (file:///Users/rachelk/.rvm/gems/ruby-2.2.1/gems/learn-test-1.2.25/lib/learn_test/jasmine/jasmine.js:1520:16)
	at run (file:///Users/rachelk/.rvm/gems/ruby-2.2.1/gems/learn-test-1.2.25/lib/learn_test/jasmine/jasmine.js:1496:28)
	at next (file:///Users/rachelk/.rvm/gems/ruby-2.2.1/gems/learn-test-1.2.25/lib/learn_test/jasmine/jasmine.js:1517:40)
	at complete (file:///Users/rachelk/.rvm/gems/ruby-2.2.1/gems/learn-test-1.2.25/lib/learn_test/jasmine/jasmine.js:333:19)
	at clearStack (file:///Users/rachelk/.rvm/gems/ruby-2.2.1/gems/learn-test-1.2.25/lib/learn_test/jasmine/jasmine.js:506:11)
	at run (file:///Users/rachelk/.rvm/gems/ruby-2.2.1/gems/learn-test-1.2.25/lib/learn_test/jasmine/jasmine.js:1505:22)
	at execute (file:///Users/rachelk/.rvm/gems/ruby-2.2.1/gems/learn-test-1.2.25/lib/learn_test/jasmine/jasmine.js:1485:13)
	at queueRunnerFactory (file:///Users/rachelk/.rvm/gems/ruby-2.2.1/gems/learn-test-1.2.25/lib/learn_test/jasmine/jasmine.js:518:42)
	at execute (file:///Users/rachelk/.rvm/gems/ruby-2.2.1/gems/learn-test-1.2.25/lib/learn_test/jasmine/jasmine.js:306:28)
	at file:///Users/rachelk/.rvm/gems/ruby-2.2.1/gems/learn-test-1.2.25/lib/learn_test/jasmine/jasmine.js:1708:44
	at attemptAsync (file:///Users/rachelk/.rvm/gems/ruby-2.2.1/gems/learn-test-1.2.25/lib/learn_test/jasmine/jasmine.js:1520:16)
	at run (file:///Users/rachelk/.rvm/gems/ruby-2.2.1/gems/learn-test-1.2.25/lib/learn_test/jasmine/jasmine.js:1496:28)
	at next (file:///Users/rachelk/.rvm/gems/ruby-2.2.1/gems/learn-test-1.2.25/lib/learn_test/jasmine/jasmine.js:1517:40)
	at complete (file:///Users/rachelk/.rvm/gems/ruby-2.2.1/gems/learn-test-1.2.25/lib/learn_test/jasmine/jasmine.js:333:19)
	at clearStack (file:///Users/rachelk/.rvm/gems/ruby-2.2.1/gems/learn-test-1.2.25/lib/learn_test/jasmine/jasmine.js:506:11)
	at run (file:///Users/rachelk/.rvm/gems/ruby-2.2.1/gems/learn-test-1.2.25/lib/learn_test/jasmine/jasmine.js:1505:22)
	at execute (file:///Users/rachelk/.rvm/gems/ruby-2.2.1/gems/learn-test-1.2.25/lib/learn_test/jasmine/jasmine.js:1485:13)
	at queueRunnerFactory (file:///Users/rachelk/.rvm/gems/ruby-2.2.1/gems/learn-test-1.2.25/lib/learn_test/jasmine/jasmine.js:518:42)
	at execute (file:///Users/rachelk/.rvm/gems/ruby-2.2.1/gems/learn-test-1.2.25/lib/learn_test/jasmine/jasmine.js:306:28)
	at file:///Users/rachelk/.rvm/gems/ruby-2.2.1/gems/learn-test-1.2.25/lib/learn_test/jasmine/jasmine.js:1708:44
	at attemptAsync (file:///Users/rachelk/.rvm/gems/ruby-2.2.1/gems/learn-test-1.2.25/lib/learn_test/jasmine/jasmine.js:1520:16)
	at run (file:///Users/rachelk/.rvm/gems/ruby-2.2.1/gems/learn-test-1.2.25/lib/learn_test/jasmine/jasmine.js:1496:28)
	at next (file:///Users/rachelk/.rvm/gems/ruby-2.2.1/gems/learn-test-1.2.25/lib/learn_test/jasmine/jasmine.js:1517:40)
	at complete (file:///Users/rachelk/.rvm/gems/ruby-2.2.1/gems/learn-test-1.2.25/lib/learn_test/jasmine/jasmine.js:333:19)
	at clearStack (file:///Users/rachelk/.rvm/gems/ruby-2.2.1/gems/learn-test-1.2.25/lib/learn_test/jasmine/jasmine.js:506:11)
	at run (file:///Users/rachelk/.rvm/gems/ruby-2.2.1/gems/learn-test-1.2.25/lib/learn_test/jasmine/jasmine.js:1505:22)
	at execute (file:///Users/rachelk/.rvm/gems/ruby-2.2.1/gems/learn-test-1.2.25/lib/learn_test/jasmine/jasmine.js:1485:13)
	at queueRunnerFactory (file:///Users/rachelk/.rvm/gems/ruby-2.2.1/gems/learn-test-1.2.25/lib/learn_test/jasmine/jasmine.js:518:42)
	at execute (file:///Users/rachelk/.rvm/gems/ruby-2.2.1/gems/learn-test-1.2.25/lib/learn_test/jasmine/jasmine.js:306:28)
	at file:///Users/rachelk/.rvm/gems/ruby-2.2.1/gems/learn-test-1.2.25/lib/learn_test/jasmine/jasmine.js:1708:44
	at attemptAsync (file:///Users/rachelk/.rvm/gems/ruby-2.2.1/gems/learn-test-1.2.25/lib/learn_test/jasmine/jasmine.js:1520:16)
	at run (file:///Users/rachelk/.rvm/gems/ruby-2.2.1/gems/learn-test-1.2.25/lib/learn_test/jasmine/jasmine.js:1496:28)
	at next (file:///Users/rachelk/.rvm/gems/ruby-2.2.1/gems/learn-test-1.2.25/lib/learn_test/jasmine/jasmine.js:1517:40)
	at complete (file:///Users/rachelk/.rvm/gems/ruby-2.2.1/gems/learn-test-1.2.25/lib/learn_test/jasmine/jasmine.js:333:19)
	at clearStack (file:///Users/rachelk/.rvm/gems/ruby-2.2.1/gems/learn-test-1.2.25/lib/learn_test/jasmine/jasmine.js:506:11)
	at run (file:///Users/rachelk/.rvm/gems/ruby-2.2.1/gems/learn-test-1.2.25/lib/learn_test/jasmine/jasmine.js:1505:22)
	at execute (file:///Users/rachelk/.rvm/gems/ruby-2.2.1/gems/learn-test-1.2.25/lib/learn_test/jasmine/jasmine.js:1485:13)
	at queueRunnerFactory (file:///Users/rachelk/.rvm/gems/ruby-2.2.1/gems/learn-test-1.2.25/lib/learn_test/jasmine/jasmine.js:518:42)
	at execute (file:///Users/rachelk/.rvm/gems/ruby-2.2.1/gems/learn-test-1.2.25/lib/learn_test/jasmine/jasmine.js:306:28)
	at file:///Users/rachelk/.rvm/gems/ruby-2.2.1/gems/learn-test-1.2.25/lib/learn_test/jasmine/jasmine.js:1708:44
	at attemptAsync (file:///Users/rachelk/.rvm/gems/ruby-2.2.1/gems/learn-test-1.2.25/lib/learn_test/jasmine/jasmine.js:1520:16)
	at run (file:///Users/rachelk/.rvm/gems/ruby-2.2.1/gems/learn-test-1.2.25/lib/learn_test/jasmine/jasmine.js:1496:28)
	at next (file:///Users/rachelk/.rvm/gems/ruby-2.2.1/gems/learn-test-1.2.25/lib/learn_test/jasmine/jasmine.js:1517:40)
	at complete (file:///Users/rachelk/.rvm/gems/ruby-2.2.1/gems/learn-test-1.2.25/lib/learn_test/jasmine/jasmine.js:333:19)
	at clearStack (file:///Users/rachelk/.rvm/gems/ruby-2.2.1/gems/learn-test-1.2.25/lib/learn_test/jasmine/jasmine.js:506:11)
	at run (file:///Users/rachelk/.rvm/gems/ruby-2.2.1/gems/learn-test-1.2.25/lib/learn_test/jasmine/jasmine.js:1505:22)
	at execute (file:///Users/rachelk/.rvm/gems/ruby-2.2.1/gems/learn-test-1.2.25/lib/learn_test/jasmine/jasmine.js:1485:13)
	at queueRunnerFactory (file:///Users/rachelk/.rvm/gems/ruby-2.2.1/gems/learn-test-1.2.25/lib/learn_test/jasmine/jasmine.js:518:42)
	at execute (file:///Users/rachelk/.rvm/gems/ruby-2.2.1/gems/learn-test-1.2.25/lib/learn_test/jasmine/jasmine.js:306:28)
	at file:///Users/rachelk/.rvm/gems/ruby-2.2.1/gems/learn-test-1.2.25/lib/learn_test/jasmine/jasmine.js:1708:44
	at attemptAsync (file:///Users/rachelk/.rvm/gems/ruby-2.2.1/gems/learn-test-1.2.25/lib/learn_test/jasmine/jasmine.js:1520:16)
	at run (file:///Users/rachelk/.rvm/gems/ruby-2.2.1/gems/learn-test-1.2.25/lib/learn_test/jasmine/jasmine.js:1496:28)
	at execute (file:///Users/rachelk/.rvm/gems/ruby-2.2.1/gems/learn-test-1.2.25/lib/learn_test/jasmine/jasmine.js:1485:13)
	at queueRunnerFactory (file:///Users/rachelk/.rvm/gems/ruby-2.2.1/gems/learn-test-1.2.25/lib/learn_test/jasmine/jasmine.js:518:42)
	at execute (file:///Users/rachelk/.rvm/gems/ruby-2.2.1/gems/learn-test-1.2.25/lib/learn_test/jasmine/jasmine.js:1694:21)
	at file:///Users/rachelk/.rvm/gems/ruby-2.2.1/gems/learn-test-1.2.25/lib/learn_test/jasmine/jasmine.js:1708:44
	at attemptAsync (file:///Users/rachelk/.rvm/gems/ruby-2.2.1/gems/learn-test-1.2.25/lib/learn_test/jasmine/jasmine.js:1520:16)
	at run (file:///Users/rachelk/.rvm/gems/ruby-2.2.1/gems/learn-test-1.2.25/lib/learn_test/jasmine/jasmine.js:1496:28)
	at next (file:///Users/rachelk/.rvm/gems/ruby-2.2.1/gems/learn-test-1.2.25/lib/learn_test/jasmine/jasmine.js:1517:40)
	at complete (file:///Users/rachelk/.rvm/gems/ruby-2.2.1/gems/learn-test-1.2.25/lib/learn_test/jasmine/jasmine.js:1703:19)
	at clearStack (file:///Users/rachelk/.rvm/gems/ruby-2.2.1/gems/learn-test-1.2.25/lib/learn_test/jasmine/jasmine.js:506:11)
	at run (file:///Users/rachelk/.rvm/gems/ruby-2.2.1/gems/learn-test-1.2.25/lib/learn_test/jasmine/jasmine.js:1505:22)
	at next (file:///Users/rachelk/.rvm/gems/ruby-2.2.1/gems/learn-test-1.2.25/lib/learn_test/jasmine/jasmine.js:1517:40)
	at complete (file:///Users/rachelk/.rvm/gems/ruby-2.2.1/gems/learn-test-1.2.25/lib/learn_test/jasmine/jasmine.js:333:19)
	at clearStack (file:///Users/rachelk/.rvm/gems/ruby-2.2.1/gems/learn-test-1.2.25/lib/learn_test/jasmine/jasmine.js:506:11)
	at run (file:///Users/rachelk/.rvm/gems/ruby-2.2.1/gems/learn-test-1.2.25/lib/learn_test/jasmine/jasmine.js:1505:22)
	at execute (file:///Users/rachelk/.rvm/gems/ruby-2.2.1/gems/learn-test-1.2.25/lib/learn_test/jasmine/jasmine.js:1485:13)
	at queueRunnerFactory (file:///Users/rachelk/.rvm/gems/ruby-2.2.1/gems/learn-test-1.2.25/lib/learn_test/jasmine/jasmine.js:518:42)
	at execute (file:///Users/rachelk/.rvm/gems/ruby-2.2.1/gems/learn-test-1.2.25/lib/learn_test/jasmine/jasmine.js:306:28)
	at file:///Users/rachelk/.rvm/gems/ruby-2.2.1/gems/learn-test-1.2.25/lib/learn_test/jasmine/jasmine.js:1708:44
	at attemptAsync (file:///Users/rachelk/.rvm/gems/ruby-2.2.1/gems/learn-test-1.2.25/lib/learn_test/jasmine/jasmine.js:1520:16)
	at run (file:///Users/rachelk/.rvm/gems/ruby-2.2.1/gems/learn-test-1.2.25/lib/learn_test/jasmine/jasmine.js:1496:28)
	at next (file:///Users/rachelk/.rvm/gems/ruby-2.2.1/gems/learn-test-1.2.25/lib/learn_test/jasmine/jasmine.js:1517:40)
	at complete (file:///Users/rachelk/.rvm/gems/ruby-2.2.1/gems/learn-test-1.2.25/lib/learn_test/jasmine/jasmine.js:333:19)
	at clearStack (file:///Users/rachelk/.rvm/gems/ruby-2.2.1/gems/learn-test-1.2.25/lib/learn_test/jasmine/jasmine.js:506:11)
	at run (file:///Users/rachelk/.rvm/gems/ruby-2.2.1/gems/learn-test-1.2.25/lib/learn_test/jasmine/jasmine.js:1505:22)
	at execute (file:///Users/rachelk/.rvm/gems/ruby-2.2.1/gems/learn-test-1.2.25/lib/learn_test/jasmine/jasmine.js:1485:13)
	at queueRunnerFactory (file:///Users/rachelk/.rvm/gems/ruby-2.2.1/gems/learn-test-1.2.25/lib/learn_test/jasmine/jasmine.js:518:42)
	at execute (file:///Users/rachelk/.rvm/gems/ruby-2.2.1/gems/learn-test-1.2.25/lib/learn_test/jasmine/jasmine.js:306:28)
	at file:///Users/rachelk/.rvm/gems/ruby-2.2.1/gems/learn-test-1.2.25/lib/learn_test/jasmine/jasmine.js:1708:44
	at attemptAsync (file:///Users/rachelk/.rvm/gems/ruby-2.2.1/gems/learn-test-1.2.25/lib/learn_test/jasmine/jasmine.js:1520:16)
	at run (file:///Users/rachelk/.rvm/gems/ruby-2.2.1/gems/learn-test-1.2.25/lib/learn_test/jasmine/jasmine.js:1496:28)
	at next (file:///Users/rachelk/.rvm/gems/ruby-2.2.1/gems/learn-test-1.2.25/lib/learn_test/jasmine/jasmine.js:1517:40)
	at complete (file:///Users/rachelk/.rvm/gems/ruby-2.2.1/gems/learn-test-1.2.25/lib/learn_test/jasmine/jasmine.js:333:19)
	at clearStack (file:///Users/rachelk/.rvm/gems/ruby-2.2.1/gems/learn-test-1.2.25/lib/learn_test/jasmine/jasmine.js:506:11)
	at run (file:///Users/rachelk/.rvm/gems/ruby-2.2.1/gems/learn-test-1.2.25/lib/learn_test/jasmine/jasmine.js:1505:22)
	at execute (file:///Users/rachelk/.rvm/gems/ruby-2.2.1/gems/learn-test-1.2.25/lib/learn_test/jasmine/jasmine.js:1485:13)
	at queueRunnerFactory (file:///Users/rachelk/.rvm/gems/ruby-2.2.1/gems/learn-test-1.2.25/lib/learn_test/jasmine/jasmine.js:518:42)
	at execute (file:///Users/rachelk/.rvm/gems/ruby-2.2.1/gems/learn-test-1.2.25/lib/learn_test/jasmine/jasmine.js:306:28)
	at file:///Users/rachelk/.rvm/gems/ruby-2.2.1/gems/learn-test-1.2.25/lib/learn_test/jasmine/jasmine.js:1708:44
	at attemptAsync (file:///Users/rachelk/.rvm/gems/ruby-2.2.1/gems/learn-test-1.2.25/lib/learn_test/jasmine/jasmine.js:1520:16)
	at run (file:///Users/rachelk/.rvm/gems/ruby-2.2.1/gems/learn-test-1.2.25/lib/learn_test/jasmine/jasmine.js:1496:28)
	at execute (file:///Users/rachelk/.rvm/gems/ruby-2.2.1/gems/learn-test-1.2.25/lib/learn_test/jasmine/jasmine.js:1485:13)
	at queueRunnerFactory (file:///Users/rachelk/.rvm/gems/ruby-2.2.1/gems/learn-test-1.2.25/lib/learn_test/jasmine/jasmine.js:518:42)
	at execute (file:///Users/rachelk/.rvm/gems/ruby-2.2.1/gems/learn-test-1.2.25/lib/learn_test/jasmine/jasmine.js:1694:21)
	at file:///Users/rachelk/.rvm/gems/ruby-2.2.1/gems/learn-test-1.2.25/lib/learn_test/jasmine/jasmine.js:1708:44
	at attemptAsync (file:///Users/rachelk/.rvm/gems/ruby-2.2.1/gems/learn-test-1.2.25/lib/learn_test/jasmine/jasmine.js:1520:16)
	at run (file:///Users/rachelk/.rvm/gems/ruby-2.2.1/gems/learn-test-1.2.25/lib/learn_test/jasmine/jasmine.js:1496:28)
	at execute (file:///Users/rachelk/.rvm/gems/ruby-2.2.1/gems/learn-test-1.2.25/lib/learn_test/jasmine/jasmine.js:1485:13)
	at queueRunnerFactory (file:///Users/rachelk/.rvm/gems/ruby-2.2.1/gems/learn-test-1.2.25/lib/learn_test/jasmine/jasmine.js:518:42)
	at execute (file:///Users/rachelk/.rvm/gems/ruby-2.2.1/gems/learn-test-1.2.25/lib/learn_test/jasmine/jasmine.js:1694:21)
	at file:///Users/rachelk/.rvm/gems/ruby-2.2.1/gems/learn-test-1.2.25/lib/learn_test/jasmine/jasmine.js:541:83
	at attemptAsync (file:///Users/rachelk/.rvm/gems/ruby-2.2.1/gems/learn-test-1.2.25/lib/learn_test/jasmine/jasmine.js:1520:16)
	at run (file:///Users/rachelk/.rvm/gems/ruby-2.2.1/gems/learn-test-1.2.25/lib/learn_test/jasmine/jasmine.js:1496:28)
	at execute (file:///Users/rachelk/.rvm/gems/ruby-2.2.1/gems/learn-test-1.2.25/lib/learn_test/jasmine/jasmine.js:1485:13)
	at queueRunnerFactory (file:///Users/rachelk/.rvm/gems/ruby-2.2.1/gems/learn-test-1.2.25/lib/learn_test/jasmine/jasmine.js:518:42)
	at execute (file:///Users/rachelk/.rvm/gems/ruby-2.2.1/gems/learn-test-1.2.25/lib/learn_test/jasmine/jasmine.js:548:25)
	at onload (file:///Users/rachelk/.rvm/gems/ruby-2.2.1/gems/learn-test-1.2.25/lib/learn_test/jasmine/boot.js:172:16)			</failure>
			<failure type="" message="TypeError: undefined is not an object (evaluating &amp;apos;tristan.currentShip&amp;apos;) in file:///Users/rachelk/Dropbox/Development/Javascript/space-invaders-v-000/spec/space-invaders-spec.js (line 77)">
	at file:///Users/rachelk/Dropbox/Development/Javascript/space-invaders-v-000/spec/space-invaders-spec.js:77:19
	at attemptSync (file:///Users/rachelk/.rvm/gems/ruby-2.2.1/gems/learn-test-1.2.25/lib/learn_test/jasmine/jasmine.js:1510:16)
	at run (file:///Users/rachelk/.rvm/gems/ruby-2.2.1/gems/learn-test-1.2.25/lib/learn_test/jasmine/jasmine.js:1498:20)
	at execute (file:///Users/rachelk/.rvm/gems/ruby-2.2.1/gems/learn-test-1.2.25/lib/learn_test/jasmine/jasmine.js:1485:13)
	at queueRunnerFactory (file:///Users/rachelk/.rvm/gems/ruby-2.2.1/gems/learn-test-1.2.25/lib/learn_test/jasmine/jasmine.js:518:42)
	at execute (file:///Users/rachelk/.rvm/gems/ruby-2.2.1/gems/learn-test-1.2.25/lib/learn_test/jasmine/jasmine.js:306:28)
	at file:///Users/rachelk/.rvm/gems/ruby-2.2.1/gems/learn-test-1.2.25/lib/learn_test/jasmine/jasmine.js:1708:44
	at attemptAsync (file:///Users/rachelk/.rvm/gems/ruby-2.2.1/gems/learn-test-1.2.25/lib/learn_test/jasmine/jasmine.js:1520:16)
	at run (file:///Users/rachelk/.rvm/gems/ruby-2.2.1/gems/learn-test-1.2.25/lib/learn_test/jasmine/jasmine.js:1496:28)
	at next (file:///Users/rachelk/.rvm/gems/ruby-2.2.1/gems/learn-test-1.2.25/lib/learn_test/jasmine/jasmine.js:1517:40)
	at complete (file:///Users/rachelk/.rvm/gems/ruby-2.2.1/gems/learn-test-1.2.25/lib/learn_test/jasmine/jasmine.js:333:19)
	at clearStack (file:///Users/rachelk/.rvm/gems/ruby-2.2.1/gems/learn-test-1.2.25/lib/learn_test/jasmine/jasmine.js:506:11)
	at run (file:///Users/rachelk/.rvm/gems/ruby-2.2.1/gems/learn-test-1.2.25/lib/learn_test/jasmine/jasmine.js:1505:22)
	at execute (file:///Users/rachelk/.rvm/gems/ruby-2.2.1/gems/learn-test-1.2.25/lib/learn_test/jasmine/jasmine.js:1485:13)
	at queueRunnerFactory (file:///Users/rachelk/.rvm/gems/ruby-2.2.1/gems/learn-test-1.2.25/lib/learn_test/jasmine/jasmine.js:518:42)
	at execute (file:///Users/rachelk/.rvm/gems/ruby-2.2.1/gems/learn-test-1.2.25/lib/learn_test/jasmine/jasmine.js:306:28)
	at file:///Users/rachelk/.rvm/gems/ruby-2.2.1/gems/learn-test-1.2.25/lib/learn_test/jasmine/jasmine.js:1708:44
	at attemptAsync (file:///Users/rachelk/.rvm/gems/ruby-2.2.1/gems/learn-test-1.2.25/lib/learn_test/jasmine/jasmine.js:1520:16)
	at run (file:///Users/rachelk/.rvm/gems/ruby-2.2.1/gems/learn-test-1.2.25/lib/learn_test/jasmine/jasmine.js:1496:28)
	at execute (file:///Users/rachelk/.rvm/gems/ruby-2.2.1/gems/learn-test-1.2.25/lib/learn_test/jasmine/jasmine.js:1485:13)
	at queueRunnerFactory (file:///Users/rachelk/.rvm/gems/ruby-2.2.1/gems/learn-test-1.2.25/lib/learn_test/jasmine/jasmine.js:518:42)
	at execute (file:///Users/rachelk/.rvm/gems/ruby-2.2.1/gems/learn-test-1.2.25/lib/learn_test/jasmine/jasmine.js:1694:21)
	at file:///Users/rachelk/.rvm/gems/ruby-2.2.1/gems/learn-test-1.2.25/lib/learn_test/jasmine/jasmine.js:1708:44
	at attemptAsync (file:///Users/rachelk/.rvm/gems/ruby-2.2.1/gems/learn-test-1.2.25/lib/learn_test/jasmine/jasmine.js:1520:16)
	at run (file:///Users/rachelk/.rvm/gems/ruby-2.2.1/gems/learn-test-1.2.25/lib/learn_test/jasmine/jasmine.js:1496:28)
	at next (file:///Users/rachelk/.rvm/gems/ruby-2.2.1/gems/learn-test-1.2.25/lib/learn_test/jasmine/jasmine.js:1517:40)
	at complete (file:///Users/rachelk/.rvm/gems/ruby-2.2.1/gems/learn-test-1.2.25/lib/learn_test/jasmine/jasmine.js:1703:19)
	at clearStack (file:///Users/rachelk/.rvm/gems/ruby-2.2.1/gems/learn-test-1.2.25/lib/learn_test/jasmine/jasmine.js:506:11)
	at run (file:///Users/rachelk/.rvm/gems/ruby-2.2.1/gems/learn-test-1.2.25/lib/learn_test/jasmine/jasmine.js:1505:22)
	at next (file:///Users/rachelk/.rvm/gems/ruby-2.2.1/gems/learn-test-1.2.25/lib/learn_test/jasmine/jasmine.js:1517:40)
	at complete (file:///Users/rachelk/.rvm/gems/ruby-2.2.1/gems/learn-test-1.2.25/lib/learn_test/jasmine/jasmine.js:333:19)
	at clearStack (file:///Users/rachelk/.rvm/gems/ruby-2.2.1/gems/learn-test-1.2.25/lib/learn_test/jasmine/jasmine.js:506:11)
	at run (file:///Users/rachelk/.rvm/gems/ruby-2.2.1/gems/learn-test-1.2.25/lib/learn_test/jasmine/jasmine.js:1505:22)
	at execute (file:///Users/rachelk/.rvm/gems/ruby-2.2.1/gems/learn-test-1.2.25/lib/learn_test/jasmine/jasmine.js:1485:13)
	at queueRunnerFactory (file:///Users/rachelk/.rvm/gems/ruby-2.2.1/gems/learn-test-1.2.25/lib/learn_test/jasmine/jasmine.js:518:42)
	at execute (file:///Users/rachelk/.rvm/gems/ruby-2.2.1/gems/learn-test-1.2.25/lib/learn_test/jasmine/jasmine.js:306:28)
	at file:///Users/rachelk/.rvm/gems/ruby-2.2.1/gems/learn-test-1.2.25/lib/learn_test/jasmine/jasmine.js:1708:44
	at attemptAsync (file:///Users/rachelk/.rvm/gems/ruby-2.2.1/gems/learn-test-1.2.25/lib/learn_test/jasmine/jasmine.js:1520:16)
	at run (file:///Users/rachelk/.rvm/gems/ruby-2.2.1/gems/learn-test-1.2.25/lib/learn_test/jasmine/jasmine.js:1496:28)
	at next (file:///Users/rachelk/.rvm/gems/ruby-2.2.1/gems/learn-test-1.2.25/lib/learn_test/jasmine/jasmine.js:1517:40)
	at complete (file:///Users/rachelk/.rvm/gems/ruby-2.2.1/gems/learn-test-1.2.25/lib/learn_test/jasmine/jasmine.js:333:19)
	at clearStack (file:///Users/rachelk/.rvm/gems/ruby-2.2.1/gems/learn-test-1.2.25/lib/learn_test/jasmine/jasmine.js:506:11)
	at run (file:///Users/rachelk/.rvm/gems/ruby-2.2.1/gems/learn-test-1.2.25/lib/learn_test/jasmine/jasmine.js:1505:22)
	at execute (file:///Users/rachelk/.rvm/gems/ruby-2.2.1/gems/learn-test-1.2.25/lib/learn_test/jasmine/jasmine.js:1485:13)
	at queueRunnerFactory (file:///Users/rachelk/.rvm/gems/ruby-2.2.1/gems/learn-test-1.2.25/lib/learn_test/jasmine/jasmine.js:518:42)
	at execute (file:///Users/rachelk/.rvm/gems/ruby-2.2.1/gems/learn-test-1.2.25/lib/learn_test/jasmine/jasmine.js:306:28)
	at file:///Users/rachelk/.rvm/gems/ruby-2.2.1/gems/learn-test-1.2.25/lib/learn_test/jasmine/jasmine.js:1708:44
	at attemptAsync (file:///Users/rachelk/.rvm/gems/ruby-2.2.1/gems/learn-test-1.2.25/lib/learn_test/jasmine/jasmine.js:1520:16)
	at run (file:///Users/rachelk/.rvm/gems/ruby-2.2.1/gems/learn-test-1.2.25/lib/learn_test/jasmine/jasmine.js:1496:28)
	at next (file:///Users/rachelk/.rvm/gems/ruby-2.2.1/gems/learn-test-1.2.25/lib/learn_test/jasmine/jasmine.js:1517:40)
	at complete (file:///Users/rachelk/.rvm/gems/ruby-2.2.1/gems/learn-test-1.2.25/lib/learn_test/jasmine/jasmine.js:333:19)
	at clearStack (file:///Users/rachelk/.rvm/gems/ruby-2.2.1/gems/learn-test-1.2.25/lib/learn_test/jasmine/jasmine.js:506:11)
	at run (file:///Users/rachelk/.rvm/gems/ruby-2.2.1/gems/learn-test-1.2.25/lib/learn_test/jasmine/jasmine.js:1505:22)
	at execute (file:///Users/rachelk/.rvm/gems/ruby-2.2.1/gems/learn-test-1.2.25/lib/learn_test/jasmine/jasmine.js:1485:13)
	at queueRunnerFactory (file:///Users/rachelk/.rvm/gems/ruby-2.2.1/gems/learn-test-1.2.25/lib/learn_test/jasmine/jasmine.js:518:42)
	at execute (file:///Users/rachelk/.rvm/gems/ruby-2.2.1/gems/learn-test-1.2.25/lib/learn_test/jasmine/jasmine.js:306:28)
	at file:///Users/rachelk/.rvm/gems/ruby-2.2.1/gems/learn-test-1.2.25/lib/learn_test/jasmine/jasmine.js:1708:44
	at attemptAsync (file:///Users/rachelk/.rvm/gems/ruby-2.2.1/gems/learn-test-1.2.25/lib/learn_test/jasmine/jasmine.js:1520:16)
	at run (file:///Users/rachelk/.rvm/gems/ruby-2.2.1/gems/learn-test-1.2.25/lib/learn_test/jasmine/jasmine.js:1496:28)
	at next (file:///Users/rachelk/.rvm/gems/ruby-2.2.1/gems/learn-test-1.2.25/lib/learn_test/jasmine/jasmine.js:1517:40)
	at complete (file:///Users/rachelk/.rvm/gems/ruby-2.2.1/gems/learn-test-1.2.25/lib/learn_test/jasmine/jasmine.js:333:19)
	at clearStack (file:///Users/rachelk/.rvm/gems/ruby-2.2.1/gems/learn-test-1.2.25/lib/learn_test/jasmine/jasmine.js:506:11)
	at run (file:///Users/rachelk/.rvm/gems/ruby-2.2.1/gems/learn-test-1.2.25/lib/learn_test/jasmine/jasmine.js:1505:22)
	at execute (file:///Users/rachelk/.rvm/gems/ruby-2.2.1/gems/learn-test-1.2.25/lib/learn_test/jasmine/jasmine.js:1485:13)
	at queueRunnerFactory (file:///Users/rachelk/.rvm/gems/ruby-2.2.1/gems/learn-test-1.2.25/lib/learn_test/jasmine/jasmine.js:518:42)
	at execute (file:///Users/rachelk/.rvm/gems/ruby-2.2.1/gems/learn-test-1.2.25/lib/learn_test/jasmine/jasmine.js:306:28)
	at file:///Users/rachelk/.rvm/gems/ruby-2.2.1/gems/learn-test-1.2.25/lib/learn_test/jasmine/jasmine.js:1708:44
	at attemptAsync (file:///Users/rachelk/.rvm/gems/ruby-2.2.1/gems/learn-test-1.2.25/lib/learn_test/jasmine/jasmine.js:1520:16)
	at run (file:///Users/rachelk/.rvm/gems/ruby-2.2.1/gems/learn-test-1.2.25/lib/learn_test/jasmine/jasmine.js:1496:28)
	at next (file:///Users/rachelk/.rvm/gems/ruby-2.2.1/gems/learn-test-1.2.25/lib/learn_test/jasmine/jasmine.js:1517:40)
	at complete (file:///Users/rachelk/.rvm/gems/ruby-2.2.1/gems/learn-test-1.2.25/lib/learn_test/jasmine/jasmine.js:333:19)
	at clearStack (file:///Users/rachelk/.rvm/gems/ruby-2.2.1/gems/learn-test-1.2.25/lib/learn_test/jasmine/jasmine.js:506:11)
	at run (file:///Users/rachelk/.rvm/gems/ruby-2.2.1/gems/learn-test-1.2.25/lib/learn_test/jasmine/jasmine.js:1505:22)
	at execute (file:///Users/rachelk/.rvm/gems/ruby-2.2.1/gems/learn-test-1.2.25/lib/learn_test/jasmine/jasmine.js:1485:13)
	at queueRunnerFactory (file:///Users/rachelk/.rvm/gems/ruby-2.2.1/gems/learn-test-1.2.25/lib/learn_test/jasmine/jasmine.js:518:42)
	at execute (file:///Users/rachelk/.rvm/gems/ruby-2.2.1/gems/learn-test-1.2.25/lib/learn_test/jasmine/jasmine.js:306:28)
	at file:///Users/rachelk/.rvm/gems/ruby-2.2.1/gems/learn-test-1.2.25/lib/learn_test/jasmine/jasmine.js:1708:44
	at attemptAsync (file:///Users/rachelk/.rvm/gems/ruby-2.2.1/gems/learn-test-1.2.25/lib/learn_test/jasmine/jasmine.js:1520:16)
	at run (file:///Users/rachelk/.rvm/gems/ruby-2.2.1/gems/learn-test-1.2.25/lib/learn_test/jasmine/jasmine.js:1496:28)
	at next (file:///Users/rachelk/.rvm/gems/ruby-2.2.1/gems/learn-test-1.2.25/lib/learn_test/jasmine/jasmine.js:1517:40)
	at complete (file:///Users/rachelk/.rvm/gems/ruby-2.2.1/gems/learn-test-1.2.25/lib/learn_test/jasmine/jasmine.js:333:19)
	at clearStack (file:///Users/rachelk/.rvm/gems/ruby-2.2.1/gems/learn-test-1.2.25/lib/learn_test/jasmine/jasmine.js:506:11)
	at run (file:///Users/rachelk/.rvm/gems/ruby-2.2.1/gems/learn-test-1.2.25/lib/learn_test/jasmine/jasmine.js:1505:22)
	at execute (file:///Users/rachelk/.rvm/gems/ruby-2.2.1/gems/learn-test-1.2.25/lib/learn_test/jasmine/jasmine.js:1485:13)
	at queueRunnerFactory (file:///Users/rachelk/.rvm/gems/ruby-2.2.1/gems/learn-test-1.2.25/lib/learn_test/jasmine/jasmine.js:518:42)
	at execute (file:///Users/rachelk/.rvm/gems/ruby-2.2.1/gems/learn-test-1.2.25/lib/learn_test/jasmine/jasmine.js:306:28)
	at file:///Users/rachelk/.rvm/gems/ruby-2.2.1/gems/learn-test-1.2.25/lib/learn_test/jasmine/jasmine.js:1708:44
	at attemptAsync (file:///Users/rachelk/.rvm/gems/ruby-2.2.1/gems/learn-test-1.2.25/lib/learn_test/jasmine/jasmine.js:1520:16)
	at run (file:///Users/rachelk/.rvm/gems/ruby-2.2.1/gems/learn-test-1.2.25/lib/learn_test/jasmine/jasmine.js:1496:28)
	at next (file:///Users/rachelk/.rvm/gems/ruby-2.2.1/gems/learn-test-1.2.25/lib/learn_test/jasmine/jasmine.js:1517:40)
	at complete (file:///Users/rachelk/.rvm/gems/ruby-2.2.1/gems/learn-test-1.2.25/lib/learn_test/jasmine/jasmine.js:333:19)
	at clearStack (file:///Users/rachelk/.rvm/gems/ruby-2.2.1/gems/learn-test-1.2.25/lib/learn_test/jasmine/jasmine.js:506:11)
	at run (file:///Users/rachelk/.rvm/gems/ruby-2.2.1/gems/learn-test-1.2.25/lib/learn_test/jasmine/jasmine.js:1505:22)
	at execute (file:///Users/rachelk/.rvm/gems/ruby-2.2.1/gems/learn-test-1.2.25/lib/learn_test/jasmine/jasmine.js:1485:13)
	at queueRunnerFactory (file:///Users/rachelk/.rvm/gems/ruby-2.2.1/gems/learn-test-1.2.25/lib/learn_test/jasmine/jasmine.js:518:42)
	at execute (file:///Users/rachelk/.rvm/gems/ruby-2.2.1/gems/learn-test-1.2.25/lib/learn_test/jasmine/jasmine.js:306:28)
	at file:///Users/rachelk/.rvm/gems/ruby-2.2.1/gems/learn-test-1.2.25/lib/learn_test/jasmine/jasmine.js:1708:44
	at attemptAsync (file:///Users/rachelk/.rvm/gems/ruby-2.2.1/gems/learn-test-1.2.25/lib/learn_test/jasmine/jasmine.js:1520:16)
	at run (file:///Users/rachelk/.rvm/gems/ruby-2.2.1/gems/learn-test-1.2.25/lib/learn_test/jasmine/jasmine.js:1496:28)
	at execute (file:///Users/rachelk/.rvm/gems/ruby-2.2.1/gems/learn-test-1.2.25/lib/learn_test/jasmine/jasmine.js:1485:13)
	at queueRunnerFactory (file:///Users/rachelk/.rvm/gems/ruby-2.2.1/gems/learn-test-1.2.25/lib/learn_test/jasmine/jasmine.js:518:42)
	at execute (file:///Users/rachelk/.rvm/gems/ruby-2.2.1/gems/learn-test-1.2.25/lib/learn_test/jasmine/jasmine.js:1694:21)
	at file:///Users/rachelk/.rvm/gems/ruby-2.2.1/gems/learn-test-1.2.25/lib/learn_test/jasmine/jasmine.js:1708:44
	at attemptAsync (file:///Users/rachelk/.rvm/gems/ruby-2.2.1/gems/learn-test-1.2.25/lib/learn_test/jasmine/jasmine.js:1520:16)
	at run (file:///Users/rachelk/.rvm/gems/ruby-2.2.1/gems/learn-test-1.2.25/lib/learn_test/jasmine/jasmine.js:1496:28)
	at next (file:///Users/rachelk/.rvm/gems/ruby-2.2.1/gems/learn-test-1.2.25/lib/learn_test/jasmine/jasmine.js:1517:40)
	at complete (file:///Users/rachelk/.rvm/gems/ruby-2.2.1/gems/learn-test-1.2.25/lib/learn_test/jasmine/jasmine.js:1703:19)
	at clearStack (file:///Users/rachelk/.rvm/gems/ruby-2.2.1/gems/learn-test-1.2.25/lib/learn_test/jasmine/jasmine.js:506:11)
	at run (file:///Users/rachelk/.rvm/gems/ruby-2.2.1/gems/learn-test-1.2.25/lib/learn_test/jasmine/jasmine.js:1505:22)
	at next (file:///Users/rachelk/.rvm/gems/ruby-2.2.1/gems/learn-test-1.2.25/lib/learn_test/jasmine/jasmine.js:1517:40)
	at complete (file:///Users/rachelk/.rvm/gems/ruby-2.2.1/gems/learn-test-1.2.25/lib/learn_test/jasmine/jasmine.js:333:19)
	at clearStack (file:///Users/rachelk/.rvm/gems/ruby-2.2.1/gems/learn-test-1.2.25/lib/learn_test/jasmine/jasmine.js:506:11)
	at run (file:///Users/rachelk/.rvm/gems/ruby-2.2.1/gems/learn-test-1.2.25/lib/learn_test/jasmine/jasmine.js:1505:22)
	at execute (file:///Users/rachelk/.rvm/gems/ruby-2.2.1/gems/learn-test-1.2.25/lib/learn_test/jasmine/jasmine.js:1485:13)
	at queueRunnerFactory (file:///Users/rachelk/.rvm/gems/ruby-2.2.1/gems/learn-test-1.2.25/lib/learn_test/jasmine/jasmine.js:518:42)
	at execute (file:///Users/rachelk/.rvm/gems/ruby-2.2.1/gems/learn-test-1.2.25/lib/learn_test/jasmine/jasmine.js:306:28)
	at file:///Users/rachelk/.rvm/gems/ruby-2.2.1/gems/learn-test-1.2.25/lib/learn_test/jasmine/jasmine.js:1708:44
	at attemptAsync (file:///Users/rachelk/.rvm/gems/ruby-2.2.1/gems/learn-test-1.2.25/lib/learn_test/jasmine/jasmine.js:1520:16)
	at run (file:///Users/rachelk/.rvm/gems/ruby-2.2.1/gems/learn-test-1.2.25/lib/learn_test/jasmine/jasmine.js:1496:28)
	at next (file:///Users/rachelk/.rvm/gems/ruby-2.2.1/gems/learn-test-1.2.25/lib/learn_test/jasmine/jasmine.js:1517:40)
	at complete (file:///Users/rachelk/.rvm/gems/ruby-2.2.1/gems/learn-test-1.2.25/lib/learn_test/jasmine/jasmine.js:333:19)
	at clearStack (file:///Users/rachelk/.rvm/gems/ruby-2.2.1/gems/learn-test-1.2.25/lib/learn_test/jasmine/jasmine.js:506:11)
	at run (file:///Users/rachelk/.rvm/gems/ruby-2.2.1/gems/learn-test-1.2.25/lib/learn_test/jasmine/jasmine.js:1505:22)
	at execute (file:///Users/rachelk/.rvm/gems/ruby-2.2.1/gems/learn-test-1.2.25/lib/learn_test/jasmine/jasmine.js:1485:13)
	at queueRunnerFactory (file:///Users/rachelk/.rvm/gems/ruby-2.2.1/gems/learn-test-1.2.25/lib/learn_test/jasmine/jasmine.js:518:42)
	at execute (file:///Users/rachelk/.rvm/gems/ruby-2.2.1/gems/learn-test-1.2.25/lib/learn_test/jasmine/jasmine.js:306:28)
	at file:///Users/rachelk/.rvm/gems/ruby-2.2.1/gems/learn-test-1.2.25/lib/learn_test/jasmine/jasmine.js:1708:44
	at attemptAsync (file:///Users/rachelk/.rvm/gems/ruby-2.2.1/gems/learn-test-1.2.25/lib/learn_test/jasmine/jasmine.js:1520:16)
	at run (file:///Users/rachelk/.rvm/gems/ruby-2.2.1/gems/learn-test-1.2.25/lib/learn_test/jasmine/jasmine.js:1496:28)
	at next (file:///Users/rachelk/.rvm/gems/ruby-2.2.1/gems/learn-test-1.2.25/lib/learn_test/jasmine/jasmine.js:1517:40)
	at complete (file:///Users/rachelk/.rvm/gems/ruby-2.2.1/gems/learn-test-1.2.25/lib/learn_test/jasmine/jasmine.js:333:19)
	at clearStack (file:///Users/rachelk/.rvm/gems/ruby-2.2.1/gems/learn-test-1.2.25/lib/learn_test/jasmine/jasmine.js:506:11)
	at run (file:///Users/rachelk/.rvm/gems/ruby-2.2.1/gems/learn-test-1.2.25/lib/learn_test/jasmine/jasmine.js:1505:22)
	at execute (file:///Users/rachelk/.rvm/gems/ruby-2.2.1/gems/learn-test-1.2.25/lib/learn_test/jasmine/jasmine.js:1485:13)
	at queueRunnerFactory (file:///Users/rachelk/.rvm/gems/ruby-2.2.1/gems/learn-test-1.2.25/lib/learn_test/jasmine/jasmine.js:518:42)
	at execute (file:///Users/rachelk/.rvm/gems/ruby-2.2.1/gems/learn-test-1.2.25/lib/learn_test/jasmine/jasmine.js:306:28)
	at file:///Users/rachelk/.rvm/gems/ruby-2.2.1/gems/learn-test-1.2.25/lib/learn_test/jasmine/jasmine.js:1708:44
	at attemptAsync (file:///Users/rachelk/.rvm/gems/ruby-2.2.1/gems/learn-test-1.2.25/lib/learn_test/jasmine/jasmine.js:1520:16)
	at run (file:///Users/rachelk/.rvm/gems/ruby-2.2.1/gems/learn-test-1.2.25/lib/learn_test/jasmine/jasmine.js:1496:28)
	at execute (file:///Users/rachelk/.rvm/gems/ruby-2.2.1/gems/learn-test-1.2.25/lib/learn_test/jasmine/jasmine.js:1485:13)
	at queueRunnerFactory (file:///Users/rachelk/.rvm/gems/ruby-2.2.1/gems/learn-test-1.2.25/lib/learn_test/jasmine/jasmine.js:518:42)
	at execute (file:///Users/rachelk/.rvm/gems/ruby-2.2.1/gems/learn-test-1.2.25/lib/learn_test/jasmine/jasmine.js:1694:21)
	at file:///Users/rachelk/.rvm/gems/ruby-2.2.1/gems/learn-test-1.2.25/lib/learn_test/jasmine/jasmine.js:1708:44
	at attemptAsync (file:///Users/rachelk/.rvm/gems/ruby-2.2.1/gems/learn-test-1.2.25/lib/learn_test/jasmine/jasmine.js:1520:16)
	at run (file:///Users/rachelk/.rvm/gems/ruby-2.2.1/gems/learn-test-1.2.25/lib/learn_test/jasmine/jasmine.js:1496:28)
	at execute (file:///Users/rachelk/.rvm/gems/ruby-2.2.1/gems/learn-test-1.2.25/lib/learn_test/jasmine/jasmine.js:1485:13)
	at queueRunnerFactory (file:///Users/rachelk/.rvm/gems/ruby-2.2.1/gems/learn-test-1.2.25/lib/learn_test/jasmine/jasmine.js:518:42)
	at execute (file:///Users/rachelk/.rvm/gems/ruby-2.2.1/gems/learn-test-1.2.25/lib/learn_test/jasmine/jasmine.js:1694:21)
	at file:///Users/rachelk/.rvm/gems/ruby-2.2.1/gems/learn-test-1.2.25/lib/learn_test/jasmine/jasmine.js:541:83
	at attemptAsync (file:///Users/rachelk/.rvm/gems/ruby-2.2.1/gems/learn-test-1.2.25/lib/learn_test/jasmine/jasmine.js:1520:16)
	at run (file:///Users/rachelk/.rvm/gems/ruby-2.2.1/gems/learn-test-1.2.25/lib/learn_test/jasmine/jasmine.js:1496:28)
	at execute (file:///Users/rachelk/.rvm/gems/ruby-2.2.1/gems/learn-test-1.2.25/lib/learn_test/jasmine/jasmine.js:1485:13)
	at queueRunnerFactory (file:///Users/rachelk/.rvm/gems/ruby-2.2.1/gems/learn-test-1.2.25/lib/learn_test/jasmine/jasmine.js:518:42)
	at execute (file:///Users/rachelk/.rvm/gems/ruby-2.2.1/gems/learn-test-1.2.25/lib/learn_test/jasmine/jasmine.js:548:25)
	at onload (file:///Users/rachelk/.rvm/gems/ruby-2.2.1/gems/learn-test-1.2.25/lib/learn_test/jasmine/boot.js:172:16)			</failure>
		</testcase>
		<testcase classname="Ship with a crew" name="should charge its phasers when a gunner calls `chargePhasers`" time="0.001">
			<failure type="" message="ReferenceError: Can&amp;apos;t find variable: CrewMember in file:///Users/rachelk/Dropbox/Development/Javascript/space-invaders-v-000/spec/space-invaders-spec.js (line 66)">
	at file:///Users/rachelk/Dropbox/Development/Javascript/space-invaders-v-000/spec/space-invaders-spec.js:66:29
	at attemptSync (file:///Users/rachelk/.rvm/gems/ruby-2.2.1/gems/learn-test-1.2.25/lib/learn_test/jasmine/jasmine.js:1510:16)
	at run (file:///Users/rachelk/.rvm/gems/ruby-2.2.1/gems/learn-test-1.2.25/lib/learn_test/jasmine/jasmine.js:1498:20)
	at execute (file:///Users/rachelk/.rvm/gems/ruby-2.2.1/gems/learn-test-1.2.25/lib/learn_test/jasmine/jasmine.js:1485:13)
	at queueRunnerFactory (file:///Users/rachelk/.rvm/gems/ruby-2.2.1/gems/learn-test-1.2.25/lib/learn_test/jasmine/jasmine.js:518:42)
	at execute (file:///Users/rachelk/.rvm/gems/ruby-2.2.1/gems/learn-test-1.2.25/lib/learn_test/jasmine/jasmine.js:306:28)
	at file:///Users/rachelk/.rvm/gems/ruby-2.2.1/gems/learn-test-1.2.25/lib/learn_test/jasmine/jasmine.js:1708:44
	at attemptAsync (file:///Users/rachelk/.rvm/gems/ruby-2.2.1/gems/learn-test-1.2.25/lib/learn_test/jasmine/jasmine.js:1520:16)
	at run (file:///Users/rachelk/.rvm/gems/ruby-2.2.1/gems/learn-test-1.2.25/lib/learn_test/jasmine/jasmine.js:1496:28)
	at next (file:///Users/rachelk/.rvm/gems/ruby-2.2.1/gems/learn-test-1.2.25/lib/learn_test/jasmine/jasmine.js:1517:40)
	at complete (file:///Users/rachelk/.rvm/gems/ruby-2.2.1/gems/learn-test-1.2.25/lib/learn_test/jasmine/jasmine.js:333:19)
	at clearStack (file:///Users/rachelk/.rvm/gems/ruby-2.2.1/gems/learn-test-1.2.25/lib/learn_test/jasmine/jasmine.js:506:11)
	at run (file:///Users/rachelk/.rvm/gems/ruby-2.2.1/gems/learn-test-1.2.25/lib/learn_test/jasmine/jasmine.js:1505:22)
	at execute (file:///Users/rachelk/.rvm/gems/ruby-2.2.1/gems/learn-test-1.2.25/lib/learn_test/jasmine/jasmine.js:1485:13)
	at queueRunnerFactory (file:///Users/rachelk/.rvm/gems/ruby-2.2.1/gems/learn-test-1.2.25/lib/learn_test/jasmine/jasmine.js:518:42)
	at execute (file:///Users/rachelk/.rvm/gems/ruby-2.2.1/gems/learn-test-1.2.25/lib/learn_test/jasmine/jasmine.js:306:28)
	at file:///Users/rachelk/.rvm/gems/ruby-2.2.1/gems/learn-test-1.2.25/lib/learn_test/jasmine/jasmine.js:1708:44
	at attemptAsync (file:///Users/rachelk/.rvm/gems/ruby-2.2.1/gems/learn-test-1.2.25/lib/learn_test/jasmine/jasmine.js:1520:16)
	at run (file:///Users/rachelk/.rvm/gems/ruby-2.2.1/gems/learn-test-1.2.25/lib/learn_test/jasmine/jasmine.js:1496:28)
	at next (file:///Users/rachelk/.rvm/gems/ruby-2.2.1/gems/learn-test-1.2.25/lib/learn_test/jasmine/jasmine.js:1517:40)
	at complete (file:///Users/rachelk/.rvm/gems/ruby-2.2.1/gems/learn-test-1.2.25/lib/learn_test/jasmine/jasmine.js:333:19)
	at clearStack (file:///Users/rachelk/.rvm/gems/ruby-2.2.1/gems/learn-test-1.2.25/lib/learn_test/jasmine/jasmine.js:506:11)
	at run (file:///Users/rachelk/.rvm/gems/ruby-2.2.1/gems/learn-test-1.2.25/lib/learn_test/jasmine/jasmine.js:1505:22)
	at execute (file:///Users/rachelk/.rvm/gems/ruby-2.2.1/gems/learn-test-1.2.25/lib/learn_test/jasmine/jasmine.js:1485:13)
	at queueRunnerFactory (file:///Users/rachelk/.rvm/gems/ruby-2.2.1/gems/learn-test-1.2.25/lib/learn_test/jasmine/jasmine.js:518:42)
	at execute (file:///Users/rachelk/.rvm/gems/ruby-2.2.1/gems/learn-test-1.2.25/lib/learn_test/jasmine/jasmine.js:306:28)
	at file:///Users/rachelk/.rvm/gems/ruby-2.2.1/gems/learn-test-1.2.25/lib/learn_test/jasmine/jasmine.js:1708:44
	at attemptAsync (file:///Users/rachelk/.rvm/gems/ruby-2.2.1/gems/learn-test-1.2.25/lib/learn_test/jasmine/jasmine.js:1520:16)
	at run (file:///Users/rachelk/.rvm/gems/ruby-2.2.1/gems/learn-test-1.2.25/lib/learn_test/jasmine/jasmine.js:1496:28)
	at execute (file:///Users/rachelk/.rvm/gems/ruby-2.2.1/gems/learn-test-1.2.25/lib/learn_test/jasmine/jasmine.js:1485:13)
	at queueRunnerFactory (file:///Users/rachelk/.rvm/gems/ruby-2.2.1/gems/learn-test-1.2.25/lib/learn_test/jasmine/jasmine.js:518:42)
	at execute (file:///Users/rachelk/.rvm/gems/ruby-2.2.1/gems/learn-test-1.2.25/lib/learn_test/jasmine/jasmine.js:1694:21)
	at file:///Users/rachelk/.rvm/gems/ruby-2.2.1/gems/learn-test-1.2.25/lib/learn_test/jasmine/jasmine.js:1708:44
	at attemptAsync (file:///Users/rachelk/.rvm/gems/ruby-2.2.1/gems/learn-test-1.2.25/lib/learn_test/jasmine/jasmine.js:1520:16)
	at run (file:///Users/rachelk/.rvm/gems/ruby-2.2.1/gems/learn-test-1.2.25/lib/learn_test/jasmine/jasmine.js:1496:28)
	at next (file:///Users/rachelk/.rvm/gems/ruby-2.2.1/gems/learn-test-1.2.25/lib/learn_test/jasmine/jasmine.js:1517:40)
	at complete (file:///Users/rachelk/.rvm/gems/ruby-2.2.1/gems/learn-test-1.2.25/lib/learn_test/jasmine/jasmine.js:1703:19)
	at clearStack (file:///Users/rachelk/.rvm/gems/ruby-2.2.1/gems/learn-test-1.2.25/lib/learn_test/jasmine/jasmine.js:506:11)
	at run (file:///Users/rachelk/.rvm/gems/ruby-2.2.1/gems/learn-test-1.2.25/lib/learn_test/jasmine/jasmine.js:1505:22)
	at next (file:///Users/rachelk/.rvm/gems/ruby-2.2.1/gems/learn-test-1.2.25/lib/learn_test/jasmine/jasmine.js:1517:40)
	at complete (file:///Users/rachelk/.rvm/gems/ruby-2.2.1/gems/learn-test-1.2.25/lib/learn_test/jasmine/jasmine.js:333:19)
	at clearStack (file:///Users/rachelk/.rvm/gems/ruby-2.2.1/gems/learn-test-1.2.25/lib/learn_test/jasmine/jasmine.js:506:11)
	at run (file:///Users/rachelk/.rvm/gems/ruby-2.2.1/gems/learn-test-1.2.25/lib/learn_test/jasmine/jasmine.js:1505:22)
	at execute (file:///Users/rachelk/.rvm/gems/ruby-2.2.1/gems/learn-test-1.2.25/lib/learn_test/jasmine/jasmine.js:1485:13)
	at queueRunnerFactory (file:///Users/rachelk/.rvm/gems/ruby-2.2.1/gems/learn-test-1.2.25/lib/learn_test/jasmine/jasmine.js:518:42)
	at execute (file:///Users/rachelk/.rvm/gems/ruby-2.2.1/gems/learn-test-1.2.25/lib/learn_test/jasmine/jasmine.js:306:28)
	at file:///Users/rachelk/.rvm/gems/ruby-2.2.1/gems/learn-test-1.2.25/lib/learn_test/jasmine/jasmine.js:1708:44
	at attemptAsync (file:///Users/rachelk/.rvm/gems/ruby-2.2.1/gems/learn-test-1.2.25/lib/learn_test/jasmine/jasmine.js:1520:16)
	at run (file:///Users/rachelk/.rvm/gems/ruby-2.2.1/gems/learn-test-1.2.25/lib/learn_test/jasmine/jasmine.js:1496:28)
	at next (file:///Users/rachelk/.rvm/gems/ruby-2.2.1/gems/learn-test-1.2.25/lib/learn_test/jasmine/jasmine.js:1517:40)
	at complete (file:///Users/rachelk/.rvm/gems/ruby-2.2.1/gems/learn-test-1.2.25/lib/learn_test/jasmine/jasmine.js:333:19)
	at clearStack (file:///Users/rachelk/.rvm/gems/ruby-2.2.1/gems/learn-test-1.2.25/lib/learn_test/jasmine/jasmine.js:506:11)
	at run (file:///Users/rachelk/.rvm/gems/ruby-2.2.1/gems/learn-test-1.2.25/lib/learn_test/jasmine/jasmine.js:1505:22)
	at execute (file:///Users/rachelk/.rvm/gems/ruby-2.2.1/gems/learn-test-1.2.25/lib/learn_test/jasmine/jasmine.js:1485:13)
	at queueRunnerFactory (file:///Users/rachelk/.rvm/gems/ruby-2.2.1/gems/learn-test-1.2.25/lib/learn_test/jasmine/jasmine.js:518:42)
	at execute (file:///Users/rachelk/.rvm/gems/ruby-2.2.1/gems/learn-test-1.2.25/lib/learn_test/jasmine/jasmine.js:306:28)
	at file:///Users/rachelk/.rvm/gems/ruby-2.2.1/gems/learn-test-1.2.25/lib/learn_test/jasmine/jasmine.js:1708:44
	at attemptAsync (file:///Users/rachelk/.rvm/gems/ruby-2.2.1/gems/learn-test-1.2.25/lib/learn_test/jasmine/jasmine.js:1520:16)
	at run (file:///Users/rachelk/.rvm/gems/ruby-2.2.1/gems/learn-test-1.2.25/lib/learn_test/jasmine/jasmine.js:1496:28)
	at next (file:///Users/rachelk/.rvm/gems/ruby-2.2.1/gems/learn-test-1.2.25/lib/learn_test/jasmine/jasmine.js:1517:40)
	at complete (file:///Users/rachelk/.rvm/gems/ruby-2.2.1/gems/learn-test-1.2.25/lib/learn_test/jasmine/jasmine.js:333:19)
	at clearStack (file:///Users/rachelk/.rvm/gems/ruby-2.2.1/gems/learn-test-1.2.25/lib/learn_test/jasmine/jasmine.js:506:11)
	at run (file:///Users/rachelk/.rvm/gems/ruby-2.2.1/gems/learn-test-1.2.25/lib/learn_test/jasmine/jasmine.js:1505:22)
	at execute (file:///Users/rachelk/.rvm/gems/ruby-2.2.1/gems/learn-test-1.2.25/lib/learn_test/jasmine/jasmine.js:1485:13)
	at queueRunnerFactory (file:///Users/rachelk/.rvm/gems/ruby-2.2.1/gems/learn-test-1.2.25/lib/learn_test/jasmine/jasmine.js:518:42)
	at execute (file:///Users/rachelk/.rvm/gems/ruby-2.2.1/gems/learn-test-1.2.25/lib/learn_test/jasmine/jasmine.js:306:28)
	at file:///Users/rachelk/.rvm/gems/ruby-2.2.1/gems/learn-test-1.2.25/lib/learn_test/jasmine/jasmine.js:1708:44
	at attemptAsync (file:///Users/rachelk/.rvm/gems/ruby-2.2.1/gems/learn-test-1.2.25/lib/learn_test/jasmine/jasmine.js:1520:16)
	at run (file:///Users/rachelk/.rvm/gems/ruby-2.2.1/gems/learn-test-1.2.25/lib/learn_test/jasmine/jasmine.js:1496:28)
	at next (file:///Users/rachelk/.rvm/gems/ruby-2.2.1/gems/learn-test-1.2.25/lib/learn_test/jasmine/jasmine.js:1517:40)
	at complete (file:///Users/rachelk/.rvm/gems/ruby-2.2.1/gems/learn-test-1.2.25/lib/learn_test/jasmine/jasmine.js:333:19)
	at clearStack (file:///Users/rachelk/.rvm/gems/ruby-2.2.1/gems/learn-test-1.2.25/lib/learn_test/jasmine/jasmine.js:506:11)
	at run (file:///Users/rachelk/.rvm/gems/ruby-2.2.1/gems/learn-test-1.2.25/lib/learn_test/jasmine/jasmine.js:1505:22)
	at execute (file:///Users/rachelk/.rvm/gems/ruby-2.2.1/gems/learn-test-1.2.25/lib/learn_test/jasmine/jasmine.js:1485:13)
	at queueRunnerFactory (file:///Users/rachelk/.rvm/gems/ruby-2.2.1/gems/learn-test-1.2.25/lib/learn_test/jasmine/jasmine.js:518:42)
	at execute (file:///Users/rachelk/.rvm/gems/ruby-2.2.1/gems/learn-test-1.2.25/lib/learn_test/jasmine/jasmine.js:306:28)
	at file:///Users/rachelk/.rvm/gems/ruby-2.2.1/gems/learn-test-1.2.25/lib/learn_test/jasmine/jasmine.js:1708:44
	at attemptAsync (file:///Users/rachelk/.rvm/gems/ruby-2.2.1/gems/learn-test-1.2.25/lib/learn_test/jasmine/jasmine.js:1520:16)
	at run (file:///Users/rachelk/.rvm/gems/ruby-2.2.1/gems/learn-test-1.2.25/lib/learn_test/jasmine/jasmine.js:1496:28)
	at next (file:///Users/rachelk/.rvm/gems/ruby-2.2.1/gems/learn-test-1.2.25/lib/learn_test/jasmine/jasmine.js:1517:40)
	at complete (file:///Users/rachelk/.rvm/gems/ruby-2.2.1/gems/learn-test-1.2.25/lib/learn_test/jasmine/jasmine.js:333:19)
	at clearStack (file:///Users/rachelk/.rvm/gems/ruby-2.2.1/gems/learn-test-1.2.25/lib/learn_test/jasmine/jasmine.js:506:11)
	at run (file:///Users/rachelk/.rvm/gems/ruby-2.2.1/gems/learn-test-1.2.25/lib/learn_test/jasmine/jasmine.js:1505:22)
	at execute (file:///Users/rachelk/.rvm/gems/ruby-2.2.1/gems/learn-test-1.2.25/lib/learn_test/jasmine/jasmine.js:1485:13)
	at queueRunnerFactory (file:///Users/rachelk/.rvm/gems/ruby-2.2.1/gems/learn-test-1.2.25/lib/learn_test/jasmine/jasmine.js:518:42)
	at execute (file:///Users/rachelk/.rvm/gems/ruby-2.2.1/gems/learn-test-1.2.25/lib/learn_test/jasmine/jasmine.js:306:28)
	at file:///Users/rachelk/.rvm/gems/ruby-2.2.1/gems/learn-test-1.2.25/lib/learn_test/jasmine/jasmine.js:1708:44
	at attemptAsync (file:///Users/rachelk/.rvm/gems/ruby-2.2.1/gems/learn-test-1.2.25/lib/learn_test/jasmine/jasmine.js:1520:16)
	at run (file:///Users/rachelk/.rvm/gems/ruby-2.2.1/gems/learn-test-1.2.25/lib/learn_test/jasmine/jasmine.js:1496:28)
	at next (file:///Users/rachelk/.rvm/gems/ruby-2.2.1/gems/learn-test-1.2.25/lib/learn_test/jasmine/jasmine.js:1517:40)
	at complete (file:///Users/rachelk/.rvm/gems/ruby-2.2.1/gems/learn-test-1.2.25/lib/learn_test/jasmine/jasmine.js:333:19)
	at clearStack (file:///Users/rachelk/.rvm/gems/ruby-2.2.1/gems/learn-test-1.2.25/lib/learn_test/jasmine/jasmine.js:506:11)
	at run (file:///Users/rachelk/.rvm/gems/ruby-2.2.1/gems/learn-test-1.2.25/lib/learn_test/jasmine/jasmine.js:1505:22)
	at execute (file:///Users/rachelk/.rvm/gems/ruby-2.2.1/gems/learn-test-1.2.25/lib/learn_test/jasmine/jasmine.js:1485:13)
	at queueRunnerFactory (file:///Users/rachelk/.rvm/gems/ruby-2.2.1/gems/learn-test-1.2.25/lib/learn_test/jasmine/jasmine.js:518:42)
	at execute (file:///Users/rachelk/.rvm/gems/ruby-2.2.1/gems/learn-test-1.2.25/lib/learn_test/jasmine/jasmine.js:306:28)
	at file:///Users/rachelk/.rvm/gems/ruby-2.2.1/gems/learn-test-1.2.25/lib/learn_test/jasmine/jasmine.js:1708:44
	at attemptAsync (file:///Users/rachelk/.rvm/gems/ruby-2.2.1/gems/learn-test-1.2.25/lib/learn_test/jasmine/jasmine.js:1520:16)
	at run (file:///Users/rachelk/.rvm/gems/ruby-2.2.1/gems/learn-test-1.2.25/lib/learn_test/jasmine/jasmine.js:1496:28)
	at next (file:///Users/rachelk/.rvm/gems/ruby-2.2.1/gems/learn-test-1.2.25/lib/learn_test/jasmine/jasmine.js:1517:40)
	at complete (file:///Users/rachelk/.rvm/gems/ruby-2.2.1/gems/learn-test-1.2.25/lib/learn_test/jasmine/jasmine.js:333:19)
	at clearStack (file:///Users/rachelk/.rvm/gems/ruby-2.2.1/gems/learn-test-1.2.25/lib/learn_test/jasmine/jasmine.js:506:11)
	at run (file:///Users/rachelk/.rvm/gems/ruby-2.2.1/gems/learn-test-1.2.25/lib/learn_test/jasmine/jasmine.js:1505:22)
	at execute (file:///Users/rachelk/.rvm/gems/ruby-2.2.1/gems/learn-test-1.2.25/lib/learn_test/jasmine/jasmine.js:1485:13)
	at queueRunnerFactory (file:///Users/rachelk/.rvm/gems/ruby-2.2.1/gems/learn-test-1.2.25/lib/learn_test/jasmine/jasmine.js:518:42)
	at execute (file:///Users/rachelk/.rvm/gems/ruby-2.2.1/gems/learn-test-1.2.25/lib/learn_test/jasmine/jasmine.js:306:28)
	at file:///Users/rachelk/.rvm/gems/ruby-2.2.1/gems/learn-test-1.2.25/lib/learn_test/jasmine/jasmine.js:1708:44
	at attemptAsync (file:///Users/rachelk/.rvm/gems/ruby-2.2.1/gems/learn-test-1.2.25/lib/learn_test/jasmine/jasmine.js:1520:16)
	at run (file:///Users/rachelk/.rvm/gems/ruby-2.2.1/gems/learn-test-1.2.25/lib/learn_test/jasmine/jasmine.js:1496:28)
	at execute (file:///Users/rachelk/.rvm/gems/ruby-2.2.1/gems/learn-test-1.2.25/lib/learn_test/jasmine/jasmine.js:1485:13)
	at queueRunnerFactory (file:///Users/rachelk/.rvm/gems/ruby-2.2.1/gems/learn-test-1.2.25/lib/learn_test/jasmine/jasmine.js:518:42)
	at execute (file:///Users/rachelk/.rvm/gems/ruby-2.2.1/gems/learn-test-1.2.25/lib/learn_test/jasmine/jasmine.js:1694:21)
	at file:///Users/rachelk/.rvm/gems/ruby-2.2.1/gems/learn-test-1.2.25/lib/learn_test/jasmine/jasmine.js:1708:44
	at attemptAsync (file:///Users/rachelk/.rvm/gems/ruby-2.2.1/gems/learn-test-1.2.25/lib/learn_test/jasmine/jasmine.js:1520:16)
	at run (file:///Users/rachelk/.rvm/gems/ruby-2.2.1/gems/learn-test-1.2.25/lib/learn_test/jasmine/jasmine.js:1496:28)
	at next (file:///Users/rachelk/.rvm/gems/ruby-2.2.1/gems/learn-test-1.2.25/lib/learn_test/jasmine/jasmine.js:1517:40)
	at complete (file:///Users/rachelk/.rvm/gems/ruby-2.2.1/gems/learn-test-1.2.25/lib/learn_test/jasmine/jasmine.js:1703:19)
	at clearStack (file:///Users/rachelk/.rvm/gems/ruby-2.2.1/gems/learn-test-1.2.25/lib/learn_test/jasmine/jasmine.js:506:11)
	at run (file:///Users/rachelk/.rvm/gems/ruby-2.2.1/gems/learn-test-1.2.25/lib/learn_test/jasmine/jasmine.js:1505:22)
	at next (file:///Users/rachelk/.rvm/gems/ruby-2.2.1/gems/learn-test-1.2.25/lib/learn_test/jasmine/jasmine.js:1517:40)
	at complete (file:///Users/rachelk/.rvm/gems/ruby-2.2.1/gems/learn-test-1.2.25/lib/learn_test/jasmine/jasmine.js:333:19)
	at clearStack (file:///Users/rachelk/.rvm/gems/ruby-2.2.1/gems/learn-test-1.2.25/lib/learn_test/jasmine/jasmine.js:506:11)
	at run (file:///Users/rachelk/.rvm/gems/ruby-2.2.1/gems/learn-test-1.2.25/lib/learn_test/jasmine/jasmine.js:1505:22)
	at execute (file:///Users/rachelk/.rvm/gems/ruby-2.2.1/gems/learn-test-1.2.25/lib/learn_test/jasmine/jasmine.js:1485:13)
	at queueRunnerFactory (file:///Users/rachelk/.rvm/gems/ruby-2.2.1/gems/learn-test-1.2.25/lib/learn_test/jasmine/jasmine.js:518:42)
	at execute (file:///Users/rachelk/.rvm/gems/ruby-2.2.1/gems/learn-test-1.2.25/lib/learn_test/jasmine/jasmine.js:306:28)
	at file:///Users/rachelk/.rvm/gems/ruby-2.2.1/gems/learn-test-1.2.25/lib/learn_test/jasmine/jasmine.js:1708:44
	at attemptAsync (file:///Users/rachelk/.rvm/gems/ruby-2.2.1/gems/learn-test-1.2.25/lib/learn_test/jasmine/jasmine.js:1520:16)
	at run (file:///Users/rachelk/.rvm/gems/ruby-2.2.1/gems/learn-test-1.2.25/lib/learn_test/jasmine/jasmine.js:1496:28)
	at next (file:///Users/rachelk/.rvm/gems/ruby-2.2.1/gems/learn-test-1.2.25/lib/learn_test/jasmine/jasmine.js:1517:40)
	at complete (file:///Users/rachelk/.rvm/gems/ruby-2.2.1/gems/learn-test-1.2.25/lib/learn_test/jasmine/jasmine.js:333:19)
	at clearStack (file:///Users/rachelk/.rvm/gems/ruby-2.2.1/gems/learn-test-1.2.25/lib/learn_test/jasmine/jasmine.js:506:11)
	at run (file:///Users/rachelk/.rvm/gems/ruby-2.2.1/gems/learn-test-1.2.25/lib/learn_test/jasmine/jasmine.js:1505:22)
	at execute (file:///Users/rachelk/.rvm/gems/ruby-2.2.1/gems/learn-test-1.2.25/lib/learn_test/jasmine/jasmine.js:1485:13)
	at queueRunnerFactory (file:///Users/rachelk/.rvm/gems/ruby-2.2.1/gems/learn-test-1.2.25/lib/learn_test/jasmine/jasmine.js:518:42)
	at execute (file:///Users/rachelk/.rvm/gems/ruby-2.2.1/gems/learn-test-1.2.25/lib/learn_test/jasmine/jasmine.js:306:28)
	at file:///Users/rachelk/.rvm/gems/ruby-2.2.1/gems/learn-test-1.2.25/lib/learn_test/jasmine/jasmine.js:1708:44
	at attemptAsync (file:///Users/rachelk/.rvm/gems/ruby-2.2.1/gems/learn-test-1.2.25/lib/learn_test/jasmine/jasmine.js:1520:16)
	at run (file:///Users/rachelk/.rvm/gems/ruby-2.2.1/gems/learn-test-1.2.25/lib/learn_test/jasmine/jasmine.js:1496:28)
	at next (file:///Users/rachelk/.rvm/gems/ruby-2.2.1/gems/learn-test-1.2.25/lib/learn_test/jasmine/jasmine.js:1517:40)
	at complete (file:///Users/rachelk/.rvm/gems/ruby-2.2.1/gems/learn-test-1.2.25/lib/learn_test/jasmine/jasmine.js:333:19)
	at clearStack (file:///Users/rachelk/.rvm/gems/ruby-2.2.1/gems/learn-test-1.2.25/lib/learn_test/jasmine/jasmine.js:506:11)
	at run (file:///Users/rachelk/.rvm/gems/ruby-2.2.1/gems/learn-test-1.2.25/lib/learn_test/jasmine/jasmine.js:1505:22)
	at execute (file:///Users/rachelk/.rvm/gems/ruby-2.2.1/gems/learn-test-1.2.25/lib/learn_test/jasmine/jasmine.js:1485:13)
	at queueRunnerFactory (file:///Users/rachelk/.rvm/gems/ruby-2.2.1/gems/learn-test-1.2.25/lib/learn_test/jasmine/jasmine.js:518:42)
	at execute (file:///Users/rachelk/.rvm/gems/ruby-2.2.1/gems/learn-test-1.2.25/lib/learn_test/jasmine/jasmine.js:306:28)
	at file:///Users/rachelk/.rvm/gems/ruby-2.2.1/gems/learn-test-1.2.25/lib/learn_test/jasmine/jasmine.js:1708:44
	at attemptAsync (file:///Users/rachelk/.rvm/gems/ruby-2.2.1/gems/learn-test-1.2.25/lib/learn_test/jasmine/jasmine.js:1520:16)
	at run (file:///Users/rachelk/.rvm/gems/ruby-2.2.1/gems/learn-test-1.2.25/lib/learn_test/jasmine/jasmine.js:1496:28)
	at execute (file:///Users/rachelk/.rvm/gems/ruby-2.2.1/gems/learn-test-1.2.25/lib/learn_test/jasmine/jasmine.js:1485:13)
	at queueRunnerFactory (file:///Users/rachelk/.rvm/gems/ruby-2.2.1/gems/learn-test-1.2.25/lib/learn_test/jasmine/jasmine.js:518:42)
	at execute (file:///Users/rachelk/.rvm/gems/ruby-2.2.1/gems/learn-test-1.2.25/lib/learn_test/jasmine/jasmine.js:1694:21)
	at file:///Users/rachelk/.rvm/gems/ruby-2.2.1/gems/learn-test-1.2.25/lib/learn_test/jasmine/jasmine.js:1708:44
	at attemptAsync (file:///Users/rachelk/.rvm/gems/ruby-2.2.1/gems/learn-test-1.2.25/lib/learn_test/jasmine/jasmine.js:1520:16)
	at run (file:///Users/rachelk/.rvm/gems/ruby-2.2.1/gems/learn-test-1.2.25/lib/learn_test/jasmine/jasmine.js:1496:28)
	at execute (file:///Users/rachelk/.rvm/gems/ruby-2.2.1/gems/learn-test-1.2.25/lib/learn_test/jasmine/jasmine.js:1485:13)
	at queueRunnerFactory (file:///Users/rachelk/.rvm/gems/ruby-2.2.1/gems/learn-test-1.2.25/lib/learn_test/jasmine/jasmine.js:518:42)
	at execute (file:///Users/rachelk/.rvm/gems/ruby-2.2.1/gems/learn-test-1.2.25/lib/learn_test/jasmine/jasmine.js:1694:21)
	at file:///Users/rachelk/.rvm/gems/ruby-2.2.1/gems/learn-test-1.2.25/lib/learn_test/jasmine/jasmine.js:541:83
	at attemptAsync (file:///Users/rachelk/.rvm/gems/ruby-2.2.1/gems/learn-test-1.2.25/lib/learn_test/jasmine/jasmine.js:1520:16)
	at run (file:///Users/rachelk/.rvm/gems/ruby-2.2.1/gems/learn-test-1.2.25/lib/learn_test/jasmine/jasmine.js:1496:28)
	at execute (file:///Users/rachelk/.rvm/gems/ruby-2.2.1/gems/learn-test-1.2.25/lib/learn_test/jasmine/jasmine.js:1485:13)
	at queueRunnerFactory (file:///Users/rachelk/.rvm/gems/ruby-2.2.1/gems/learn-test-1.2.25/lib/learn_test/jasmine/jasmine.js:518:42)
	at execute (file:///Users/rachelk/.rvm/gems/ruby-2.2.1/gems/learn-test-1.2.25/lib/learn_test/jasmine/jasmine.js:548:25)
	at onload (file:///Users/rachelk/.rvm/gems/ruby-2.2.1/gems/learn-test-1.2.25/lib/learn_test/jasmine/boot.js:172:16)			</failure>
			<failure type="" message="TypeError: undefined is not an object (evaluating &amp;apos;tristan.chargePhasers&amp;apos;) in file:///Users/rachelk/Dropbox/Development/Javascript/space-invaders-v-000/spec/space-invaders-spec.js (line 82)">
	at file:///Users/rachelk/Dropbox/Development/Javascript/space-invaders-v-000/spec/space-invaders-spec.js:82:12
	at attemptSync (file:///Users/rachelk/.rvm/gems/ruby-2.2.1/gems/learn-test-1.2.25/lib/learn_test/jasmine/jasmine.js:1510:16)
	at run (file:///Users/rachelk/.rvm/gems/ruby-2.2.1/gems/learn-test-1.2.25/lib/learn_test/jasmine/jasmine.js:1498:20)
	at execute (file:///Users/rachelk/.rvm/gems/ruby-2.2.1/gems/learn-test-1.2.25/lib/learn_test/jasmine/jasmine.js:1485:13)
	at queueRunnerFactory (file:///Users/rachelk/.rvm/gems/ruby-2.2.1/gems/learn-test-1.2.25/lib/learn_test/jasmine/jasmine.js:518:42)
	at execute (file:///Users/rachelk/.rvm/gems/ruby-2.2.1/gems/learn-test-1.2.25/lib/learn_test/jasmine/jasmine.js:306:28)
	at file:///Users/rachelk/.rvm/gems/ruby-2.2.1/gems/learn-test-1.2.25/lib/learn_test/jasmine/jasmine.js:1708:44
	at attemptAsync (file:///Users/rachelk/.rvm/gems/ruby-2.2.1/gems/learn-test-1.2.25/lib/learn_test/jasmine/jasmine.js:1520:16)
	at run (file:///Users/rachelk/.rvm/gems/ruby-2.2.1/gems/learn-test-1.2.25/lib/learn_test/jasmine/jasmine.js:1496:28)
	at next (file:///Users/rachelk/.rvm/gems/ruby-2.2.1/gems/learn-test-1.2.25/lib/learn_test/jasmine/jasmine.js:1517:40)
	at complete (file:///Users/rachelk/.rvm/gems/ruby-2.2.1/gems/learn-test-1.2.25/lib/learn_test/jasmine/jasmine.js:333:19)
	at clearStack (file:///Users/rachelk/.rvm/gems/ruby-2.2.1/gems/learn-test-1.2.25/lib/learn_test/jasmine/jasmine.js:506:11)
	at run (file:///Users/rachelk/.rvm/gems/ruby-2.2.1/gems/learn-test-1.2.25/lib/learn_test/jasmine/jasmine.js:1505:22)
	at execute (file:///Users/rachelk/.rvm/gems/ruby-2.2.1/gems/learn-test-1.2.25/lib/learn_test/jasmine/jasmine.js:1485:13)
	at queueRunnerFactory (file:///Users/rachelk/.rvm/gems/ruby-2.2.1/gems/learn-test-1.2.25/lib/learn_test/jasmine/jasmine.js:518:42)
	at execute (file:///Users/rachelk/.rvm/gems/ruby-2.2.1/gems/learn-test-1.2.25/lib/learn_test/jasmine/jasmine.js:306:28)
	at file:///Users/rachelk/.rvm/gems/ruby-2.2.1/gems/learn-test-1.2.25/lib/learn_test/jasmine/jasmine.js:1708:44
	at attemptAsync (file:///Users/rachelk/.rvm/gems/ruby-2.2.1/gems/learn-test-1.2.25/lib/learn_test/jasmine/jasmine.js:1520:16)
	at run (file:///Users/rachelk/.rvm/gems/ruby-2.2.1/gems/learn-test-1.2.25/lib/learn_test/jasmine/jasmine.js:1496:28)
	at next (file:///Users/rachelk/.rvm/gems/ruby-2.2.1/gems/learn-test-1.2.25/lib/learn_test/jasmine/jasmine.js:1517:40)
	at complete (file:///Users/rachelk/.rvm/gems/ruby-2.2.1/gems/learn-test-1.2.25/lib/learn_test/jasmine/jasmine.js:333:19)
	at clearStack (file:///Users/rachelk/.rvm/gems/ruby-2.2.1/gems/learn-test-1.2.25/lib/learn_test/jasmine/jasmine.js:506:11)
	at run (file:///Users/rachelk/.rvm/gems/ruby-2.2.1/gems/learn-test-1.2.25/lib/learn_test/jasmine/jasmine.js:1505:22)
	at execute (file:///Users/rachelk/.rvm/gems/ruby-2.2.1/gems/learn-test-1.2.25/lib/learn_test/jasmine/jasmine.js:1485:13)
	at queueRunnerFactory (file:///Users/rachelk/.rvm/gems/ruby-2.2.1/gems/learn-test-1.2.25/lib/learn_test/jasmine/jasmine.js:518:42)
	at execute (file:///Users/rachelk/.rvm/gems/ruby-2.2.1/gems/learn-test-1.2.25/lib/learn_test/jasmine/jasmine.js:306:28)
	at file:///Users/rachelk/.rvm/gems/ruby-2.2.1/gems/learn-test-1.2.25/lib/learn_test/jasmine/jasmine.js:1708:44
	at attemptAsync (file:///Users/rachelk/.rvm/gems/ruby-2.2.1/gems/learn-test-1.2.25/lib/learn_test/jasmine/jasmine.js:1520:16)
	at run (file:///Users/rachelk/.rvm/gems/ruby-2.2.1/gems/learn-test-1.2.25/lib/learn_test/jasmine/jasmine.js:1496:28)
	at execute (file:///Users/rachelk/.rvm/gems/ruby-2.2.1/gems/learn-test-1.2.25/lib/learn_test/jasmine/jasmine.js:1485:13)
	at queueRunnerFactory (file:///Users/rachelk/.rvm/gems/ruby-2.2.1/gems/learn-test-1.2.25/lib/learn_test/jasmine/jasmine.js:518:42)
	at execute (file:///Users/rachelk/.rvm/gems/ruby-2.2.1/gems/learn-test-1.2.25/lib/learn_test/jasmine/jasmine.js:1694:21)
	at file:///Users/rachelk/.rvm/gems/ruby-2.2.1/gems/learn-test-1.2.25/lib/learn_test/jasmine/jasmine.js:1708:44
	at attemptAsync (file:///Users/rachelk/.rvm/gems/ruby-2.2.1/gems/learn-test-1.2.25/lib/learn_test/jasmine/jasmine.js:1520:16)
	at run (file:///Users/rachelk/.rvm/gems/ruby-2.2.1/gems/learn-test-1.2.25/lib/learn_test/jasmine/jasmine.js:1496:28)
	at next (file:///Users/rachelk/.rvm/gems/ruby-2.2.1/gems/learn-test-1.2.25/lib/learn_test/jasmine/jasmine.js:1517:40)
	at complete (file:///Users/rachelk/.rvm/gems/ruby-2.2.1/gems/learn-test-1.2.25/lib/learn_test/jasmine/jasmine.js:1703:19)
	at clearStack (file:///Users/rachelk/.rvm/gems/ruby-2.2.1/gems/learn-test-1.2.25/lib/learn_test/jasmine/jasmine.js:506:11)
	at run (file:///Users/rachelk/.rvm/gems/ruby-2.2.1/gems/learn-test-1.2.25/lib/learn_test/jasmine/jasmine.js:1505:22)
	at next (file:///Users/rachelk/.rvm/gems/ruby-2.2.1/gems/learn-test-1.2.25/lib/learn_test/jasmine/jasmine.js:1517:40)
	at complete (file:///Users/rachelk/.rvm/gems/ruby-2.2.1/gems/learn-test-1.2.25/lib/learn_test/jasmine/jasmine.js:333:19)
	at clearStack (file:///Users/rachelk/.rvm/gems/ruby-2.2.1/gems/learn-test-1.2.25/lib/learn_test/jasmine/jasmine.js:506:11)
	at run (file:///Users/rachelk/.rvm/gems/ruby-2.2.1/gems/learn-test-1.2.25/lib/learn_test/jasmine/jasmine.js:1505:22)
	at execute (file:///Users/rachelk/.rvm/gems/ruby-2.2.1/gems/learn-test-1.2.25/lib/learn_test/jasmine/jasmine.js:1485:13)
	at queueRunnerFactory (file:///Users/rachelk/.rvm/gems/ruby-2.2.1/gems/learn-test-1.2.25/lib/learn_test/jasmine/jasmine.js:518:42)
	at execute (file:///Users/rachelk/.rvm/gems/ruby-2.2.1/gems/learn-test-1.2.25/lib/learn_test/jasmine/jasmine.js:306:28)
	at file:///Users/rachelk/.rvm/gems/ruby-2.2.1/gems/learn-test-1.2.25/lib/learn_test/jasmine/jasmine.js:1708:44
	at attemptAsync (file:///Users/rachelk/.rvm/gems/ruby-2.2.1/gems/learn-test-1.2.25/lib/learn_test/jasmine/jasmine.js:1520:16)
	at run (file:///Users/rachelk/.rvm/gems/ruby-2.2.1/gems/learn-test-1.2.25/lib/learn_test/jasmine/jasmine.js:1496:28)
	at next (file:///Users/rachelk/.rvm/gems/ruby-2.2.1/gems/learn-test-1.2.25/lib/learn_test/jasmine/jasmine.js:1517:40)
	at complete (file:///Users/rachelk/.rvm/gems/ruby-2.2.1/gems/learn-test-1.2.25/lib/learn_test/jasmine/jasmine.js:333:19)
	at clearStack (file:///Users/rachelk/.rvm/gems/ruby-2.2.1/gems/learn-test-1.2.25/lib/learn_test/jasmine/jasmine.js:506:11)
	at run (file:///Users/rachelk/.rvm/gems/ruby-2.2.1/gems/learn-test-1.2.25/lib/learn_test/jasmine/jasmine.js:1505:22)
	at execute (file:///Users/rachelk/.rvm/gems/ruby-2.2.1/gems/learn-test-1.2.25/lib/learn_test/jasmine/jasmine.js:1485:13)
	at queueRunnerFactory (file:///Users/rachelk/.rvm/gems/ruby-2.2.1/gems/learn-test-1.2.25/lib/learn_test/jasmine/jasmine.js:518:42)
	at execute (file:///Users/rachelk/.rvm/gems/ruby-2.2.1/gems/learn-test-1.2.25/lib/learn_test/jasmine/jasmine.js:306:28)
	at file:///Users/rachelk/.rvm/gems/ruby-2.2.1/gems/learn-test-1.2.25/lib/learn_test/jasmine/jasmine.js:1708:44
	at attemptAsync (file:///Users/rachelk/.rvm/gems/ruby-2.2.1/gems/learn-test-1.2.25/lib/learn_test/jasmine/jasmine.js:1520:16)
	at run (file:///Users/rachelk/.rvm/gems/ruby-2.2.1/gems/learn-test-1.2.25/lib/learn_test/jasmine/jasmine.js:1496:28)
	at next (file:///Users/rachelk/.rvm/gems/ruby-2.2.1/gems/learn-test-1.2.25/lib/learn_test/jasmine/jasmine.js:1517:40)
	at complete (file:///Users/rachelk/.rvm/gems/ruby-2.2.1/gems/learn-test-1.2.25/lib/learn_test/jasmine/jasmine.js:333:19)
	at clearStack (file:///Users/rachelk/.rvm/gems/ruby-2.2.1/gems/learn-test-1.2.25/lib/learn_test/jasmine/jasmine.js:506:11)
	at run (file:///Users/rachelk/.rvm/gems/ruby-2.2.1/gems/learn-test-1.2.25/lib/learn_test/jasmine/jasmine.js:1505:22)
	at execute (file:///Users/rachelk/.rvm/gems/ruby-2.2.1/gems/learn-test-1.2.25/lib/learn_test/jasmine/jasmine.js:1485:13)
	at queueRunnerFactory (file:///Users/rachelk/.rvm/gems/ruby-2.2.1/gems/learn-test-1.2.25/lib/learn_test/jasmine/jasmine.js:518:42)
	at execute (file:///Users/rachelk/.rvm/gems/ruby-2.2.1/gems/learn-test-1.2.25/lib/learn_test/jasmine/jasmine.js:306:28)
	at file:///Users/rachelk/.rvm/gems/ruby-2.2.1/gems/learn-test-1.2.25/lib/learn_test/jasmine/jasmine.js:1708:44
	at attemptAsync (file:///Users/rachelk/.rvm/gems/ruby-2.2.1/gems/learn-test-1.2.25/lib/learn_test/jasmine/jasmine.js:1520:16)
	at run (file:///Users/rachelk/.rvm/gems/ruby-2.2.1/gems/learn-test-1.2.25/lib/learn_test/jasmine/jasmine.js:1496:28)
	at next (file:///Users/rachelk/.rvm/gems/ruby-2.2.1/gems/learn-test-1.2.25/lib/learn_test/jasmine/jasmine.js:1517:40)
	at complete (file:///Users/rachelk/.rvm/gems/ruby-2.2.1/gems/learn-test-1.2.25/lib/learn_test/jasmine/jasmine.js:333:19)
	at clearStack (file:///Users/rachelk/.rvm/gems/ruby-2.2.1/gems/learn-test-1.2.25/lib/learn_test/jasmine/jasmine.js:506:11)
	at run (file:///Users/rachelk/.rvm/gems/ruby-2.2.1/gems/learn-test-1.2.25/lib/learn_test/jasmine/jasmine.js:1505:22)
	at execute (file:///Users/rachelk/.rvm/gems/ruby-2.2.1/gems/learn-test-1.2.25/lib/learn_test/jasmine/jasmine.js:1485:13)
	at queueRunnerFactory (file:///Users/rachelk/.rvm/gems/ruby-2.2.1/gems/learn-test-1.2.25/lib/learn_test/jasmine/jasmine.js:518:42)
	at execute (file:///Users/rachelk/.rvm/gems/ruby-2.2.1/gems/learn-test-1.2.25/lib/learn_test/jasmine/jasmine.js:306:28)
	at file:///Users/rachelk/.rvm/gems/ruby-2.2.1/gems/learn-test-1.2.25/lib/learn_test/jasmine/jasmine.js:1708:44
	at attemptAsync (file:///Users/rachelk/.rvm/gems/ruby-2.2.1/gems/learn-test-1.2.25/lib/learn_test/jasmine/jasmine.js:1520:16)
	at run (file:///Users/rachelk/.rvm/gems/ruby-2.2.1/gems/learn-test-1.2.25/lib/learn_test/jasmine/jasmine.js:1496:28)
	at next (file:///Users/rachelk/.rvm/gems/ruby-2.2.1/gems/learn-test-1.2.25/lib/learn_test/jasmine/jasmine.js:1517:40)
	at complete (file:///Users/rachelk/.rvm/gems/ruby-2.2.1/gems/learn-test-1.2.25/lib/learn_test/jasmine/jasmine.js:333:19)
	at clearStack (file:///Users/rachelk/.rvm/gems/ruby-2.2.1/gems/learn-test-1.2.25/lib/learn_test/jasmine/jasmine.js:506:11)
	at run (file:///Users/rachelk/.rvm/gems/ruby-2.2.1/gems/learn-test-1.2.25/lib/learn_test/jasmine/jasmine.js:1505:22)
	at execute (file:///Users/rachelk/.rvm/gems/ruby-2.2.1/gems/learn-test-1.2.25/lib/learn_test/jasmine/jasmine.js:1485:13)
	at queueRunnerFactory (file:///Users/rachelk/.rvm/gems/ruby-2.2.1/gems/learn-test-1.2.25/lib/learn_test/jasmine/jasmine.js:518:42)
	at execute (file:///Users/rachelk/.rvm/gems/ruby-2.2.1/gems/learn-test-1.2.25/lib/learn_test/jasmine/jasmine.js:306:28)
	at file:///Users/rachelk/.rvm/gems/ruby-2.2.1/gems/learn-test-1.2.25/lib/learn_test/jasmine/jasmine.js:1708:44
	at attemptAsync (file:///Users/rachelk/.rvm/gems/ruby-2.2.1/gems/learn-test-1.2.25/lib/learn_test/jasmine/jasmine.js:1520:16)
	at run (file:///Users/rachelk/.rvm/gems/ruby-2.2.1/gems/learn-test-1.2.25/lib/learn_test/jasmine/jasmine.js:1496:28)
	at next (file:///Users/rachelk/.rvm/gems/ruby-2.2.1/gems/learn-test-1.2.25/lib/learn_test/jasmine/jasmine.js:1517:40)
	at complete (file:///Users/rachelk/.rvm/gems/ruby-2.2.1/gems/learn-test-1.2.25/lib/learn_test/jasmine/jasmine.js:333:19)
	at clearStack (file:///Users/rachelk/.rvm/gems/ruby-2.2.1/gems/learn-test-1.2.25/lib/learn_test/jasmine/jasmine.js:506:11)
	at run (file:///Users/rachelk/.rvm/gems/ruby-2.2.1/gems/learn-test-1.2.25/lib/learn_test/jasmine/jasmine.js:1505:22)
	at execute (file:///Users/rachelk/.rvm/gems/ruby-2.2.1/gems/learn-test-1.2.25/lib/learn_test/jasmine/jasmine.js:1485:13)
	at queueRunnerFactory (file:///Users/rachelk/.rvm/gems/ruby-2.2.1/gems/learn-test-1.2.25/lib/learn_test/jasmine/jasmine.js:518:42)
	at execute (file:///Users/rachelk/.rvm/gems/ruby-2.2.1/gems/learn-test-1.2.25/lib/learn_test/jasmine/jasmine.js:306:28)
	at file:///Users/rachelk/.rvm/gems/ruby-2.2.1/gems/learn-test-1.2.25/lib/learn_test/jasmine/jasmine.js:1708:44
	at attemptAsync (file:///Users/rachelk/.rvm/gems/ruby-2.2.1/gems/learn-test-1.2.25/lib/learn_test/jasmine/jasmine.js:1520:16)
	at run (file:///Users/rachelk/.rvm/gems/ruby-2.2.1/gems/learn-test-1.2.25/lib/learn_test/jasmine/jasmine.js:1496:28)
	at next (file:///Users/rachelk/.rvm/gems/ruby-2.2.1/gems/learn-test-1.2.25/lib/learn_test/jasmine/jasmine.js:1517:40)
	at complete (file:///Users/rachelk/.rvm/gems/ruby-2.2.1/gems/learn-test-1.2.25/lib/learn_test/jasmine/jasmine.js:333:19)
	at clearStack (file:///Users/rachelk/.rvm/gems/ruby-2.2.1/gems/learn-test-1.2.25/lib/learn_test/jasmine/jasmine.js:506:11)
	at run (file:///Users/rachelk/.rvm/gems/ruby-2.2.1/gems/learn-test-1.2.25/lib/learn_test/jasmine/jasmine.js:1505:22)
	at execute (file:///Users/rachelk/.rvm/gems/ruby-2.2.1/gems/learn-test-1.2.25/lib/learn_test/jasmine/jasmine.js:1485:13)
	at queueRunnerFactory (file:///Users/rachelk/.rvm/gems/ruby-2.2.1/gems/learn-test-1.2.25/lib/learn_test/jasmine/jasmine.js:518:42)
	at execute (file:///Users/rachelk/.rvm/gems/ruby-2.2.1/gems/learn-test-1.2.25/lib/learn_test/jasmine/jasmine.js:306:28)
	at file:///Users/rachelk/.rvm/gems/ruby-2.2.1/gems/learn-test-1.2.25/lib/learn_test/jasmine/jasmine.js:1708:44
	at attemptAsync (file:///Users/rachelk/.rvm/gems/ruby-2.2.1/gems/learn-test-1.2.25/lib/learn_test/jasmine/jasmine.js:1520:16)
	at run (file:///Users/rachelk/.rvm/gems/ruby-2.2.1/gems/learn-test-1.2.25/lib/learn_test/jasmine/jasmine.js:1496:28)
	at execute (file:///Users/rachelk/.rvm/gems/ruby-2.2.1/gems/learn-test-1.2.25/lib/learn_test/jasmine/jasmine.js:1485:13)
	at queueRunnerFactory (file:///Users/rachelk/.rvm/gems/ruby-2.2.1/gems/learn-test-1.2.25/lib/learn_test/jasmine/jasmine.js:518:42)
	at execute (file:///Users/rachelk/.rvm/gems/ruby-2.2.1/gems/learn-test-1.2.25/lib/learn_test/jasmine/jasmine.js:1694:21)
	at file:///Users/rachelk/.rvm/gems/ruby-2.2.1/gems/learn-test-1.2.25/lib/learn_test/jasmine/jasmine.js:1708:44
	at attemptAsync (file:///Users/rachelk/.rvm/gems/ruby-2.2.1/gems/learn-test-1.2.25/lib/learn_test/jasmine/jasmine.js:1520:16)
	at run (file:///Users/rachelk/.rvm/gems/ruby-2.2.1/gems/learn-test-1.2.25/lib/learn_test/jasmine/jasmine.js:1496:28)
	at next (file:///Users/rachelk/.rvm/gems/ruby-2.2.1/gems/learn-test-1.2.25/lib/learn_test/jasmine/jasmine.js:1517:40)
	at complete (file:///Users/rachelk/.rvm/gems/ruby-2.2.1/gems/learn-test-1.2.25/lib/learn_test/jasmine/jasmine.js:1703:19)
	at clearStack (file:///Users/rachelk/.rvm/gems/ruby-2.2.1/gems/learn-test-1.2.25/lib/learn_test/jasmine/jasmine.js:506:11)
	at run (file:///Users/rachelk/.rvm/gems/ruby-2.2.1/gems/learn-test-1.2.25/lib/learn_test/jasmine/jasmine.js:1505:22)
	at next (file:///Users/rachelk/.rvm/gems/ruby-2.2.1/gems/learn-test-1.2.25/lib/learn_test/jasmine/jasmine.js:1517:40)
	at complete (file:///Users/rachelk/.rvm/gems/ruby-2.2.1/gems/learn-test-1.2.25/lib/learn_test/jasmine/jasmine.js:333:19)
	at clearStack (file:///Users/rachelk/.rvm/gems/ruby-2.2.1/gems/learn-test-1.2.25/lib/learn_test/jasmine/jasmine.js:506:11)
	at run (file:///Users/rachelk/.rvm/gems/ruby-2.2.1/gems/learn-test-1.2.25/lib/learn_test/jasmine/jasmine.js:1505:22)
	at execute (file:///Users/rachelk/.rvm/gems/ruby-2.2.1/gems/learn-test-1.2.25/lib/learn_test/jasmine/jasmine.js:1485:13)
	at queueRunnerFactory (file:///Users/rachelk/.rvm/gems/ruby-2.2.1/gems/learn-test-1.2.25/lib/learn_test/jasmine/jasmine.js:518:42)
	at execute (file:///Users/rachelk/.rvm/gems/ruby-2.2.1/gems/learn-test-1.2.25/lib/learn_test/jasmine/jasmine.js:306:28)
	at file:///Users/rachelk/.rvm/gems/ruby-2.2.1/gems/learn-test-1.2.25/lib/learn_test/jasmine/jasmine.js:1708:44
	at attemptAsync (file:///Users/rachelk/.rvm/gems/ruby-2.2.1/gems/learn-test-1.2.25/lib/learn_test/jasmine/jasmine.js:1520:16)
	at run (file:///Users/rachelk/.rvm/gems/ruby-2.2.1/gems/learn-test-1.2.25/lib/learn_test/jasmine/jasmine.js:1496:28)
	at next (file:///Users/rachelk/.rvm/gems/ruby-2.2.1/gems/learn-test-1.2.25/lib/learn_test/jasmine/jasmine.js:1517:40)
	at complete (file:///Users/rachelk/.rvm/gems/ruby-2.2.1/gems/learn-test-1.2.25/lib/learn_test/jasmine/jasmine.js:333:19)
	at clearStack (file:///Users/rachelk/.rvm/gems/ruby-2.2.1/gems/learn-test-1.2.25/lib/learn_test/jasmine/jasmine.js:506:11)
	at run (file:///Users/rachelk/.rvm/gems/ruby-2.2.1/gems/learn-test-1.2.25/lib/learn_test/jasmine/jasmine.js:1505:22)
	at execute (file:///Users/rachelk/.rvm/gems/ruby-2.2.1/gems/learn-test-1.2.25/lib/learn_test/jasmine/jasmine.js:1485:13)
	at queueRunnerFactory (file:///Users/rachelk/.rvm/gems/ruby-2.2.1/gems/learn-test-1.2.25/lib/learn_test/jasmine/jasmine.js:518:42)
	at execute (file:///Users/rachelk/.rvm/gems/ruby-2.2.1/gems/learn-test-1.2.25/lib/learn_test/jasmine/jasmine.js:306:28)
	at file:///Users/rachelk/.rvm/gems/ruby-2.2.1/gems/learn-test-1.2.25/lib/learn_test/jasmine/jasmine.js:1708:44
	at attemptAsync (file:///Users/rachelk/.rvm/gems/ruby-2.2.1/gems/learn-test-1.2.25/lib/learn_test/jasmine/jasmine.js:1520:16)
	at run (file:///Users/rachelk/.rvm/gems/ruby-2.2.1/gems/learn-test-1.2.25/lib/learn_test/jasmine/jasmine.js:1496:28)
	at next (file:///Users/rachelk/.rvm/gems/ruby-2.2.1/gems/learn-test-1.2.25/lib/learn_test/jasmine/jasmine.js:1517:40)
	at complete (file:///Users/rachelk/.rvm/gems/ruby-2.2.1/gems/learn-test-1.2.25/lib/learn_test/jasmine/jasmine.js:333:19)
	at clearStack (file:///Users/rachelk/.rvm/gems/ruby-2.2.1/gems/learn-test-1.2.25/lib/learn_test/jasmine/jasmine.js:506:11)
	at run (file:///Users/rachelk/.rvm/gems/ruby-2.2.1/gems/learn-test-1.2.25/lib/learn_test/jasmine/jasmine.js:1505:22)
	at execute (file:///Users/rachelk/.rvm/gems/ruby-2.2.1/gems/learn-test-1.2.25/lib/learn_test/jasmine/jasmine.js:1485:13)
	at queueRunnerFactory (file:///Users/rachelk/.rvm/gems/ruby-2.2.1/gems/learn-test-1.2.25/lib/learn_test/jasmine/jasmine.js:518:42)
	at execute (file:///Users/rachelk/.rvm/gems/ruby-2.2.1/gems/learn-test-1.2.25/lib/learn_test/jasmine/jasmine.js:306:28)
	at file:///Users/rachelk/.rvm/gems/ruby-2.2.1/gems/learn-test-1.2.25/lib/learn_test/jasmine/jasmine.js:1708:44
	at attemptAsync (file:///Users/rachelk/.rvm/gems/ruby-2.2.1/gems/learn-test-1.2.25/lib/learn_test/jasmine/jasmine.js:1520:16)
	at run (file:///Users/rachelk/.rvm/gems/ruby-2.2.1/gems/learn-test-1.2.25/lib/learn_test/jasmine/jasmine.js:1496:28)
	at execute (file:///Users/rachelk/.rvm/gems/ruby-2.2.1/gems/learn-test-1.2.25/lib/learn_test/jasmine/jasmine.js:1485:13)
	at queueRunnerFactory (file:///Users/rachelk/.rvm/gems/ruby-2.2.1/gems/learn-test-1.2.25/lib/learn_test/jasmine/jasmine.js:518:42)
	at execute (file:///Users/rachelk/.rvm/gems/ruby-2.2.1/gems/learn-test-1.2.25/lib/learn_test/jasmine/jasmine.js:1694:21)
	at file:///Users/rachelk/.rvm/gems/ruby-2.2.1/gems/learn-test-1.2.25/lib/learn_test/jasmine/jasmine.js:1708:44
	at attemptAsync (file:///Users/rachelk/.rvm/gems/ruby-2.2.1/gems/learn-test-1.2.25/lib/learn_test/jasmine/jasmine.js:1520:16)
	at run (file:///Users/rachelk/.rvm/gems/ruby-2.2.1/gems/learn-test-1.2.25/lib/learn_test/jasmine/jasmine.js:1496:28)
	at execute (file:///Users/rachelk/.rvm/gems/ruby-2.2.1/gems/learn-test-1.2.25/lib/learn_test/jasmine/jasmine.js:1485:13)
	at queueRunnerFactory (file:///Users/rachelk/.rvm/gems/ruby-2.2.1/gems/learn-test-1.2.25/lib/learn_test/jasmine/jasmine.js:518:42)
	at execute (file:///Users/rachelk/.rvm/gems/ruby-2.2.1/gems/learn-test-1.2.25/lib/learn_test/jasmine/jasmine.js:1694:21)
	at file:///Users/rachelk/.rvm/gems/ruby-2.2.1/gems/learn-test-1.2.25/lib/learn_test/jasmine/jasmine.js:541:83
	at attemptAsync (file:///Users/rachelk/.rvm/gems/ruby-2.2.1/gems/learn-test-1.2.25/lib/learn_test/jasmine/jasmine.js:1520:16)
	at run (file:///Users/rachelk/.rvm/gems/ruby-2.2.1/gems/learn-test-1.2.25/lib/learn_test/jasmine/jasmine.js:1496:28)
	at execute (file:///Users/rachelk/.rvm/gems/ruby-2.2.1/gems/learn-test-1.2.25/lib/learn_test/jasmine/jasmine.js:1485:13)
	at queueRunnerFactory (file:///Users/rachelk/.rvm/gems/ruby-2.2.1/gems/learn-test-1.2.25/lib/learn_test/jasmine/jasmine.js:518:42)
	at execute (file:///Users/rachelk/.rvm/gems/ruby-2.2.1/gems/learn-test-1.2.25/lib/learn_test/jasmine/jasmine.js:548:25)
	at onload (file:///Users/rachelk/.rvm/gems/ruby-2.2.1/gems/learn-test-1.2.25/lib/learn_test/jasmine/boot.js:172:16)			</failure>
		</testcase>
		<testcase classname="Ship with a crew" name="should have it&amp;apos;s warp drive set to &amp;quot;engaged&amp;quot; only when the pilot uses `engageWarpDrive`" time="0.001">
			<failure type="" message="ReferenceError: Can&amp;apos;t find variable: CrewMember in file:///Users/rachelk/Dropbox/Development/Javascript/space-invaders-v-000/spec/space-invaders-spec.js (line 66)">
	at file:///Users/rachelk/Dropbox/Development/Javascript/space-invaders-v-000/spec/space-invaders-spec.js:66:29
	at attemptSync (file:///Users/rachelk/.rvm/gems/ruby-2.2.1/gems/learn-test-1.2.25/lib/learn_test/jasmine/jasmine.js:1510:16)
	at run (file:///Users/rachelk/.rvm/gems/ruby-2.2.1/gems/learn-test-1.2.25/lib/learn_test/jasmine/jasmine.js:1498:20)
	at execute (file:///Users/rachelk/.rvm/gems/ruby-2.2.1/gems/learn-test-1.2.25/lib/learn_test/jasmine/jasmine.js:1485:13)
	at queueRunnerFactory (file:///Users/rachelk/.rvm/gems/ruby-2.2.1/gems/learn-test-1.2.25/lib/learn_test/jasmine/jasmine.js:518:42)
	at execute (file:///Users/rachelk/.rvm/gems/ruby-2.2.1/gems/learn-test-1.2.25/lib/learn_test/jasmine/jasmine.js:306:28)
	at file:///Users/rachelk/.rvm/gems/ruby-2.2.1/gems/learn-test-1.2.25/lib/learn_test/jasmine/jasmine.js:1708:44
	at attemptAsync (file:///Users/rachelk/.rvm/gems/ruby-2.2.1/gems/learn-test-1.2.25/lib/learn_test/jasmine/jasmine.js:1520:16)
	at run (file:///Users/rachelk/.rvm/gems/ruby-2.2.1/gems/learn-test-1.2.25/lib/learn_test/jasmine/jasmine.js:1496:28)
	at next (file:///Users/rachelk/.rvm/gems/ruby-2.2.1/gems/learn-test-1.2.25/lib/learn_test/jasmine/jasmine.js:1517:40)
	at complete (file:///Users/rachelk/.rvm/gems/ruby-2.2.1/gems/learn-test-1.2.25/lib/learn_test/jasmine/jasmine.js:333:19)
	at clearStack (file:///Users/rachelk/.rvm/gems/ruby-2.2.1/gems/learn-test-1.2.25/lib/learn_test/jasmine/jasmine.js:506:11)
	at run (file:///Users/rachelk/.rvm/gems/ruby-2.2.1/gems/learn-test-1.2.25/lib/learn_test/jasmine/jasmine.js:1505:22)
	at execute (file:///Users/rachelk/.rvm/gems/ruby-2.2.1/gems/learn-test-1.2.25/lib/learn_test/jasmine/jasmine.js:1485:13)
	at queueRunnerFactory (file:///Users/rachelk/.rvm/gems/ruby-2.2.1/gems/learn-test-1.2.25/lib/learn_test/jasmine/jasmine.js:518:42)
	at execute (file:///Users/rachelk/.rvm/gems/ruby-2.2.1/gems/learn-test-1.2.25/lib/learn_test/jasmine/jasmine.js:306:28)
	at file:///Users/rachelk/.rvm/gems/ruby-2.2.1/gems/learn-test-1.2.25/lib/learn_test/jasmine/jasmine.js:1708:44
	at attemptAsync (file:///Users/rachelk/.rvm/gems/ruby-2.2.1/gems/learn-test-1.2.25/lib/learn_test/jasmine/jasmine.js:1520:16)
	at run (file:///Users/rachelk/.rvm/gems/ruby-2.2.1/gems/learn-test-1.2.25/lib/learn_test/jasmine/jasmine.js:1496:28)
	at next (file:///Users/rachelk/.rvm/gems/ruby-2.2.1/gems/learn-test-1.2.25/lib/learn_test/jasmine/jasmine.js:1517:40)
	at complete (file:///Users/rachelk/.rvm/gems/ruby-2.2.1/gems/learn-test-1.2.25/lib/learn_test/jasmine/jasmine.js:333:19)
	at clearStack (file:///Users/rachelk/.rvm/gems/ruby-2.2.1/gems/learn-test-1.2.25/lib/learn_test/jasmine/jasmine.js:506:11)
	at run (file:///Users/rachelk/.rvm/gems/ruby-2.2.1/gems/learn-test-1.2.25/lib/learn_test/jasmine/jasmine.js:1505:22)
	at execute (file:///Users/rachelk/.rvm/gems/ruby-2.2.1/gems/learn-test-1.2.25/lib/learn_test/jasmine/jasmine.js:1485:13)
	at queueRunnerFactory (file:///Users/rachelk/.rvm/gems/ruby-2.2.1/gems/learn-test-1.2.25/lib/learn_test/jasmine/jasmine.js:518:42)
	at execute (file:///Users/rachelk/.rvm/gems/ruby-2.2.1/gems/learn-test-1.2.25/lib/learn_test/jasmine/jasmine.js:306:28)
	at file:///Users/rachelk/.rvm/gems/ruby-2.2.1/gems/learn-test-1.2.25/lib/learn_test/jasmine/jasmine.js:1708:44
	at attemptAsync (file:///Users/rachelk/.rvm/gems/ruby-2.2.1/gems/learn-test-1.2.25/lib/learn_test/jasmine/jasmine.js:1520:16)
	at run (file:///Users/rachelk/.rvm/gems/ruby-2.2.1/gems/learn-test-1.2.25/lib/learn_test/jasmine/jasmine.js:1496:28)
	at next (file:///Users/rachelk/.rvm/gems/ruby-2.2.1/gems/learn-test-1.2.25/lib/learn_test/jasmine/jasmine.js:1517:40)
	at complete (file:///Users/rachelk/.rvm/gems/ruby-2.2.1/gems/learn-test-1.2.25/lib/learn_test/jasmine/jasmine.js:333:19)
	at clearStack (file:///Users/rachelk/.rvm/gems/ruby-2.2.1/gems/learn-test-1.2.25/lib/learn_test/jasmine/jasmine.js:506:11)
	at run (file:///Users/rachelk/.rvm/gems/ruby-2.2.1/gems/learn-test-1.2.25/lib/learn_test/jasmine/jasmine.js:1505:22)
	at execute (file:///Users/rachelk/.rvm/gems/ruby-2.2.1/gems/learn-test-1.2.25/lib/learn_test/jasmine/jasmine.js:1485:13)
	at queueRunnerFactory (file:///Users/rachelk/.rvm/gems/ruby-2.2.1/gems/learn-test-1.2.25/lib/learn_test/jasmine/jasmine.js:518:42)
	at execute (file:///Users/rachelk/.rvm/gems/ruby-2.2.1/gems/learn-test-1.2.25/lib/learn_test/jasmine/jasmine.js:306:28)
	at file:///Users/rachelk/.rvm/gems/ruby-2.2.1/gems/learn-test-1.2.25/lib/learn_test/jasmine/jasmine.js:1708:44
	at attemptAsync (file:///Users/rachelk/.rvm/gems/ruby-2.2.1/gems/learn-test-1.2.25/lib/learn_test/jasmine/jasmine.js:1520:16)
	at run (file:///Users/rachelk/.rvm/gems/ruby-2.2.1/gems/learn-test-1.2.25/lib/learn_test/jasmine/jasmine.js:1496:28)
	at execute (file:///Users/rachelk/.rvm/gems/ruby-2.2.1/gems/learn-test-1.2.25/lib/learn_test/jasmine/jasmine.js:1485:13)
	at queueRunnerFactory (file:///Users/rachelk/.rvm/gems/ruby-2.2.1/gems/learn-test-1.2.25/lib/learn_test/jasmine/jasmine.js:518:42)
	at execute (file:///Users/rachelk/.rvm/gems/ruby-2.2.1/gems/learn-test-1.2.25/lib/learn_test/jasmine/jasmine.js:1694:21)
	at file:///Users/rachelk/.rvm/gems/ruby-2.2.1/gems/learn-test-1.2.25/lib/learn_test/jasmine/jasmine.js:1708:44
	at attemptAsync (file:///Users/rachelk/.rvm/gems/ruby-2.2.1/gems/learn-test-1.2.25/lib/learn_test/jasmine/jasmine.js:1520:16)
	at run (file:///Users/rachelk/.rvm/gems/ruby-2.2.1/gems/learn-test-1.2.25/lib/learn_test/jasmine/jasmine.js:1496:28)
	at next (file:///Users/rachelk/.rvm/gems/ruby-2.2.1/gems/learn-test-1.2.25/lib/learn_test/jasmine/jasmine.js:1517:40)
	at complete (file:///Users/rachelk/.rvm/gems/ruby-2.2.1/gems/learn-test-1.2.25/lib/learn_test/jasmine/jasmine.js:1703:19)
	at clearStack (file:///Users/rachelk/.rvm/gems/ruby-2.2.1/gems/learn-test-1.2.25/lib/learn_test/jasmine/jasmine.js:506:11)
	at run (file:///Users/rachelk/.rvm/gems/ruby-2.2.1/gems/learn-test-1.2.25/lib/learn_test/jasmine/jasmine.js:1505:22)
	at next (file:///Users/rachelk/.rvm/gems/ruby-2.2.1/gems/learn-test-1.2.25/lib/learn_test/jasmine/jasmine.js:1517:40)
	at complete (file:///Users/rachelk/.rvm/gems/ruby-2.2.1/gems/learn-test-1.2.25/lib/learn_test/jasmine/jasmine.js:333:19)
	at clearStack (file:///Users/rachelk/.rvm/gems/ruby-2.2.1/gems/learn-test-1.2.25/lib/learn_test/jasmine/jasmine.js:506:11)
	at run (file:///Users/rachelk/.rvm/gems/ruby-2.2.1/gems/learn-test-1.2.25/lib/learn_test/jasmine/jasmine.js:1505:22)
	at execute (file:///Users/rachelk/.rvm/gems/ruby-2.2.1/gems/learn-test-1.2.25/lib/learn_test/jasmine/jasmine.js:1485:13)
	at queueRunnerFactory (file:///Users/rachelk/.rvm/gems/ruby-2.2.1/gems/learn-test-1.2.25/lib/learn_test/jasmine/jasmine.js:518:42)
	at execute (file:///Users/rachelk/.rvm/gems/ruby-2.2.1/gems/learn-test-1.2.25/lib/learn_test/jasmine/jasmine.js:306:28)
	at file:///Users/rachelk/.rvm/gems/ruby-2.2.1/gems/learn-test-1.2.25/lib/learn_test/jasmine/jasmine.js:1708:44
	at attemptAsync (file:///Users/rachelk/.rvm/gems/ruby-2.2.1/gems/learn-test-1.2.25/lib/learn_test/jasmine/jasmine.js:1520:16)
	at run (file:///Users/rachelk/.rvm/gems/ruby-2.2.1/gems/learn-test-1.2.25/lib/learn_test/jasmine/jasmine.js:1496:28)
	at next (file:///Users/rachelk/.rvm/gems/ruby-2.2.1/gems/learn-test-1.2.25/lib/learn_test/jasmine/jasmine.js:1517:40)
	at complete (file:///Users/rachelk/.rvm/gems/ruby-2.2.1/gems/learn-test-1.2.25/lib/learn_test/jasmine/jasmine.js:333:19)
	at clearStack (file:///Users/rachelk/.rvm/gems/ruby-2.2.1/gems/learn-test-1.2.25/lib/learn_test/jasmine/jasmine.js:506:11)
	at run (file:///Users/rachelk/.rvm/gems/ruby-2.2.1/gems/learn-test-1.2.25/lib/learn_test/jasmine/jasmine.js:1505:22)
	at execute (file:///Users/rachelk/.rvm/gems/ruby-2.2.1/gems/learn-test-1.2.25/lib/learn_test/jasmine/jasmine.js:1485:13)
	at queueRunnerFactory (file:///Users/rachelk/.rvm/gems/ruby-2.2.1/gems/learn-test-1.2.25/lib/learn_test/jasmine/jasmine.js:518:42)
	at execute (file:///Users/rachelk/.rvm/gems/ruby-2.2.1/gems/learn-test-1.2.25/lib/learn_test/jasmine/jasmine.js:306:28)
	at file:///Users/rachelk/.rvm/gems/ruby-2.2.1/gems/learn-test-1.2.25/lib/learn_test/jasmine/jasmine.js:1708:44
	at attemptAsync (file:///Users/rachelk/.rvm/gems/ruby-2.2.1/gems/learn-test-1.2.25/lib/learn_test/jasmine/jasmine.js:1520:16)
	at run (file:///Users/rachelk/.rvm/gems/ruby-2.2.1/gems/learn-test-1.2.25/lib/learn_test/jasmine/jasmine.js:1496:28)
	at next (file:///Users/rachelk/.rvm/gems/ruby-2.2.1/gems/learn-test-1.2.25/lib/learn_test/jasmine/jasmine.js:1517:40)
	at complete (file:///Users/rachelk/.rvm/gems/ruby-2.2.1/gems/learn-test-1.2.25/lib/learn_test/jasmine/jasmine.js:333:19)
	at clearStack (file:///Users/rachelk/.rvm/gems/ruby-2.2.1/gems/learn-test-1.2.25/lib/learn_test/jasmine/jasmine.js:506:11)
	at run (file:///Users/rachelk/.rvm/gems/ruby-2.2.1/gems/learn-test-1.2.25/lib/learn_test/jasmine/jasmine.js:1505:22)
	at execute (file:///Users/rachelk/.rvm/gems/ruby-2.2.1/gems/learn-test-1.2.25/lib/learn_test/jasmine/jasmine.js:1485:13)
	at queueRunnerFactory (file:///Users/rachelk/.rvm/gems/ruby-2.2.1/gems/learn-test-1.2.25/lib/learn_test/jasmine/jasmine.js:518:42)
	at execute (file:///Users/rachelk/.rvm/gems/ruby-2.2.1/gems/learn-test-1.2.25/lib/learn_test/jasmine/jasmine.js:306:28)
	at file:///Users/rachelk/.rvm/gems/ruby-2.2.1/gems/learn-test-1.2.25/lib/learn_test/jasmine/jasmine.js:1708:44
	at attemptAsync (file:///Users/rachelk/.rvm/gems/ruby-2.2.1/gems/learn-test-1.2.25/lib/learn_test/jasmine/jasmine.js:1520:16)
	at run (file:///Users/rachelk/.rvm/gems/ruby-2.2.1/gems/learn-test-1.2.25/lib/learn_test/jasmine/jasmine.js:1496:28)
	at next (file:///Users/rachelk/.rvm/gems/ruby-2.2.1/gems/learn-test-1.2.25/lib/learn_test/jasmine/jasmine.js:1517:40)
	at complete (file:///Users/rachelk/.rvm/gems/ruby-2.2.1/gems/learn-test-1.2.25/lib/learn_test/jasmine/jasmine.js:333:19)
	at clearStack (file:///Users/rachelk/.rvm/gems/ruby-2.2.1/gems/learn-test-1.2.25/lib/learn_test/jasmine/jasmine.js:506:11)
	at run (file:///Users/rachelk/.rvm/gems/ruby-2.2.1/gems/learn-test-1.2.25/lib/learn_test/jasmine/jasmine.js:1505:22)
	at execute (file:///Users/rachelk/.rvm/gems/ruby-2.2.1/gems/learn-test-1.2.25/lib/learn_test/jasmine/jasmine.js:1485:13)
	at queueRunnerFactory (file:///Users/rachelk/.rvm/gems/ruby-2.2.1/gems/learn-test-1.2.25/lib/learn_test/jasmine/jasmine.js:518:42)
	at execute (file:///Users/rachelk/.rvm/gems/ruby-2.2.1/gems/learn-test-1.2.25/lib/learn_test/jasmine/jasmine.js:306:28)
	at file:///Users/rachelk/.rvm/gems/ruby-2.2.1/gems/learn-test-1.2.25/lib/learn_test/jasmine/jasmine.js:1708:44
	at attemptAsync (file:///Users/rachelk/.rvm/gems/ruby-2.2.1/gems/learn-test-1.2.25/lib/learn_test/jasmine/jasmine.js:1520:16)
	at run (file:///Users/rachelk/.rvm/gems/ruby-2.2.1/gems/learn-test-1.2.25/lib/learn_test/jasmine/jasmine.js:1496:28)
	at next (file:///Users/rachelk/.rvm/gems/ruby-2.2.1/gems/learn-test-1.2.25/lib/learn_test/jasmine/jasmine.js:1517:40)
	at complete (file:///Users/rachelk/.rvm/gems/ruby-2.2.1/gems/learn-test-1.2.25/lib/learn_test/jasmine/jasmine.js:333:19)
	at clearStack (file:///Users/rachelk/.rvm/gems/ruby-2.2.1/gems/learn-test-1.2.25/lib/learn_test/jasmine/jasmine.js:506:11)
	at run (file:///Users/rachelk/.rvm/gems/ruby-2.2.1/gems/learn-test-1.2.25/lib/learn_test/jasmine/jasmine.js:1505:22)
	at execute (file:///Users/rachelk/.rvm/gems/ruby-2.2.1/gems/learn-test-1.2.25/lib/learn_test/jasmine/jasmine.js:1485:13)
	at queueRunnerFactory (file:///Users/rachelk/.rvm/gems/ruby-2.2.1/gems/learn-test-1.2.25/lib/learn_test/jasmine/jasmine.js:518:42)
	at execute (file:///Users/rachelk/.rvm/gems/ruby-2.2.1/gems/learn-test-1.2.25/lib/learn_test/jasmine/jasmine.js:306:28)
	at file:///Users/rachelk/.rvm/gems/ruby-2.2.1/gems/learn-test-1.2.25/lib/learn_test/jasmine/jasmine.js:1708:44
	at attemptAsync (file:///Users/rachelk/.rvm/gems/ruby-2.2.1/gems/learn-test-1.2.25/lib/learn_test/jasmine/jasmine.js:1520:16)
	at run (file:///Users/rachelk/.rvm/gems/ruby-2.2.1/gems/learn-test-1.2.25/lib/learn_test/jasmine/jasmine.js:1496:28)
	at next (file:///Users/rachelk/.rvm/gems/ruby-2.2.1/gems/learn-test-1.2.25/lib/learn_test/jasmine/jasmine.js:1517:40)
	at complete (file:///Users/rachelk/.rvm/gems/ruby-2.2.1/gems/learn-test-1.2.25/lib/learn_test/jasmine/jasmine.js:333:19)
	at clearStack (file:///Users/rachelk/.rvm/gems/ruby-2.2.1/gems/learn-test-1.2.25/lib/learn_test/jasmine/jasmine.js:506:11)
	at run (file:///Users/rachelk/.rvm/gems/ruby-2.2.1/gems/learn-test-1.2.25/lib/learn_test/jasmine/jasmine.js:1505:22)
	at execute (file:///Users/rachelk/.rvm/gems/ruby-2.2.1/gems/learn-test-1.2.25/lib/learn_test/jasmine/jasmine.js:1485:13)
	at queueRunnerFactory (file:///Users/rachelk/.rvm/gems/ruby-2.2.1/gems/learn-test-1.2.25/lib/learn_test/jasmine/jasmine.js:518:42)
	at execute (file:///Users/rachelk/.rvm/gems/ruby-2.2.1/gems/learn-test-1.2.25/lib/learn_test/jasmine/jasmine.js:306:28)
	at file:///Users/rachelk/.rvm/gems/ruby-2.2.1/gems/learn-test-1.2.25/lib/learn_test/jasmine/jasmine.js:1708:44
	at attemptAsync (file:///Users/rachelk/.rvm/gems/ruby-2.2.1/gems/learn-test-1.2.25/lib/learn_test/jasmine/jasmine.js:1520:16)
	at run (file:///Users/rachelk/.rvm/gems/ruby-2.2.1/gems/learn-test-1.2.25/lib/learn_test/jasmine/jasmine.js:1496:28)
	at next (file:///Users/rachelk/.rvm/gems/ruby-2.2.1/gems/learn-test-1.2.25/lib/learn_test/jasmine/jasmine.js:1517:40)
	at complete (file:///Users/rachelk/.rvm/gems/ruby-2.2.1/gems/learn-test-1.2.25/lib/learn_test/jasmine/jasmine.js:333:19)
	at clearStack (file:///Users/rachelk/.rvm/gems/ruby-2.2.1/gems/learn-test-1.2.25/lib/learn_test/jasmine/jasmine.js:506:11)
	at run (file:///Users/rachelk/.rvm/gems/ruby-2.2.1/gems/learn-test-1.2.25/lib/learn_test/jasmine/jasmine.js:1505:22)
	at execute (file:///Users/rachelk/.rvm/gems/ruby-2.2.1/gems/learn-test-1.2.25/lib/learn_test/jasmine/jasmine.js:1485:13)
	at queueRunnerFactory (file:///Users/rachelk/.rvm/gems/ruby-2.2.1/gems/learn-test-1.2.25/lib/learn_test/jasmine/jasmine.js:518:42)
	at execute (file:///Users/rachelk/.rvm/gems/ruby-2.2.1/gems/learn-test-1.2.25/lib/learn_test/jasmine/jasmine.js:306:28)
	at file:///Users/rachelk/.rvm/gems/ruby-2.2.1/gems/learn-test-1.2.25/lib/learn_test/jasmine/jasmine.js:1708:44
	at attemptAsync (file:///Users/rachelk/.rvm/gems/ruby-2.2.1/gems/learn-test-1.2.25/lib/learn_test/jasmine/jasmine.js:1520:16)
	at run (file:///Users/rachelk/.rvm/gems/ruby-2.2.1/gems/learn-test-1.2.25/lib/learn_test/jasmine/jasmine.js:1496:28)
	at execute (file:///Users/rachelk/.rvm/gems/ruby-2.2.1/gems/learn-test-1.2.25/lib/learn_test/jasmine/jasmine.js:1485:13)
	at queueRunnerFactory (file:///Users/rachelk/.rvm/gems/ruby-2.2.1/gems/learn-test-1.2.25/lib/learn_test/jasmine/jasmine.js:518:42)
	at execute (file:///Users/rachelk/.rvm/gems/ruby-2.2.1/gems/learn-test-1.2.25/lib/learn_test/jasmine/jasmine.js:1694:21)
	at file:///Users/rachelk/.rvm/gems/ruby-2.2.1/gems/learn-test-1.2.25/lib/learn_test/jasmine/jasmine.js:1708:44
	at attemptAsync (file:///Users/rachelk/.rvm/gems/ruby-2.2.1/gems/learn-test-1.2.25/lib/learn_test/jasmine/jasmine.js:1520:16)
	at run (file:///Users/rachelk/.rvm/gems/ruby-2.2.1/gems/learn-test-1.2.25/lib/learn_test/jasmine/jasmine.js:1496:28)
	at next (file:///Users/rachelk/.rvm/gems/ruby-2.2.1/gems/learn-test-1.2.25/lib/learn_test/jasmine/jasmine.js:1517:40)
	at complete (file:///Users/rachelk/.rvm/gems/ruby-2.2.1/gems/learn-test-1.2.25/lib/learn_test/jasmine/jasmine.js:1703:19)
	at clearStack (file:///Users/rachelk/.rvm/gems/ruby-2.2.1/gems/learn-test-1.2.25/lib/learn_test/jasmine/jasmine.js:506:11)
	at run (file:///Users/rachelk/.rvm/gems/ruby-2.2.1/gems/learn-test-1.2.25/lib/learn_test/jasmine/jasmine.js:1505:22)
	at next (file:///Users/rachelk/.rvm/gems/ruby-2.2.1/gems/learn-test-1.2.25/lib/learn_test/jasmine/jasmine.js:1517:40)
	at complete (file:///Users/rachelk/.rvm/gems/ruby-2.2.1/gems/learn-test-1.2.25/lib/learn_test/jasmine/jasmine.js:333:19)
	at clearStack (file:///Users/rachelk/.rvm/gems/ruby-2.2.1/gems/learn-test-1.2.25/lib/learn_test/jasmine/jasmine.js:506:11)
	at run (file:///Users/rachelk/.rvm/gems/ruby-2.2.1/gems/learn-test-1.2.25/lib/learn_test/jasmine/jasmine.js:1505:22)
	at execute (file:///Users/rachelk/.rvm/gems/ruby-2.2.1/gems/learn-test-1.2.25/lib/learn_test/jasmine/jasmine.js:1485:13)
	at queueRunnerFactory (file:///Users/rachelk/.rvm/gems/ruby-2.2.1/gems/learn-test-1.2.25/lib/learn_test/jasmine/jasmine.js:518:42)
	at execute (file:///Users/rachelk/.rvm/gems/ruby-2.2.1/gems/learn-test-1.2.25/lib/learn_test/jasmine/jasmine.js:306:28)
	at file:///Users/rachelk/.rvm/gems/ruby-2.2.1/gems/learn-test-1.2.25/lib/learn_test/jasmine/jasmine.js:1708:44
	at attemptAsync (file:///Users/rachelk/.rvm/gems/ruby-2.2.1/gems/learn-test-1.2.25/lib/learn_test/jasmine/jasmine.js:1520:16)
	at run (file:///Users/rachelk/.rvm/gems/ruby-2.2.1/gems/learn-test-1.2.25/lib/learn_test/jasmine/jasmine.js:1496:28)
	at next (file:///Users/rachelk/.rvm/gems/ruby-2.2.1/gems/learn-test-1.2.25/lib/learn_test/jasmine/jasmine.js:1517:40)
	at complete (file:///Users/rachelk/.rvm/gems/ruby-2.2.1/gems/learn-test-1.2.25/lib/learn_test/jasmine/jasmine.js:333:19)
	at clearStack (file:///Users/rachelk/.rvm/gems/ruby-2.2.1/gems/learn-test-1.2.25/lib/learn_test/jasmine/jasmine.js:506:11)
	at run (file:///Users/rachelk/.rvm/gems/ruby-2.2.1/gems/learn-test-1.2.25/lib/learn_test/jasmine/jasmine.js:1505:22)
	at execute (file:///Users/rachelk/.rvm/gems/ruby-2.2.1/gems/learn-test-1.2.25/lib/learn_test/jasmine/jasmine.js:1485:13)
	at queueRunnerFactory (file:///Users/rachelk/.rvm/gems/ruby-2.2.1/gems/learn-test-1.2.25/lib/learn_test/jasmine/jasmine.js:518:42)
	at execute (file:///Users/rachelk/.rvm/gems/ruby-2.2.1/gems/learn-test-1.2.25/lib/learn_test/jasmine/jasmine.js:306:28)
	at file:///Users/rachelk/.rvm/gems/ruby-2.2.1/gems/learn-test-1.2.25/lib/learn_test/jasmine/jasmine.js:1708:44
	at attemptAsync (file:///Users/rachelk/.rvm/gems/ruby-2.2.1/gems/learn-test-1.2.25/lib/learn_test/jasmine/jasmine.js:1520:16)
	at run (file:///Users/rachelk/.rvm/gems/ruby-2.2.1/gems/learn-test-1.2.25/lib/learn_test/jasmine/jasmine.js:1496:28)
	at next (file:///Users/rachelk/.rvm/gems/ruby-2.2.1/gems/learn-test-1.2.25/lib/learn_test/jasmine/jasmine.js:1517:40)
	at complete (file:///Users/rachelk/.rvm/gems/ruby-2.2.1/gems/learn-test-1.2.25/lib/learn_test/jasmine/jasmine.js:333:19)
	at clearStack (file:///Users/rachelk/.rvm/gems/ruby-2.2.1/gems/learn-test-1.2.25/lib/learn_test/jasmine/jasmine.js:506:11)
	at run (file:///Users/rachelk/.rvm/gems/ruby-2.2.1/gems/learn-test-1.2.25/lib/learn_test/jasmine/jasmine.js:1505:22)
	at execute (file:///Users/rachelk/.rvm/gems/ruby-2.2.1/gems/learn-test-1.2.25/lib/learn_test/jasmine/jasmine.js:1485:13)
	at queueRunnerFactory (file:///Users/rachelk/.rvm/gems/ruby-2.2.1/gems/learn-test-1.2.25/lib/learn_test/jasmine/jasmine.js:518:42)
	at execute (file:///Users/rachelk/.rvm/gems/ruby-2.2.1/gems/learn-test-1.2.25/lib/learn_test/jasmine/jasmine.js:306:28)
	at file:///Users/rachelk/.rvm/gems/ruby-2.2.1/gems/learn-test-1.2.25/lib/learn_test/jasmine/jasmine.js:1708:44
	at attemptAsync (file:///Users/rachelk/.rvm/gems/ruby-2.2.1/gems/learn-test-1.2.25/lib/learn_test/jasmine/jasmine.js:1520:16)
	at run (file:///Users/rachelk/.rvm/gems/ruby-2.2.1/gems/learn-test-1.2.25/lib/learn_test/jasmine/jasmine.js:1496:28)
	at execute (file:///Users/rachelk/.rvm/gems/ruby-2.2.1/gems/learn-test-1.2.25/lib/learn_test/jasmine/jasmine.js:1485:13)
	at queueRunnerFactory (file:///Users/rachelk/.rvm/gems/ruby-2.2.1/gems/learn-test-1.2.25/lib/learn_test/jasmine/jasmine.js:518:42)
	at execute (file:///Users/rachelk/.rvm/gems/ruby-2.2.1/gems/learn-test-1.2.25/lib/learn_test/jasmine/jasmine.js:1694:21)
	at file:///Users/rachelk/.rvm/gems/ruby-2.2.1/gems/learn-test-1.2.25/lib/learn_test/jasmine/jasmine.js:1708:44
	at attemptAsync (file:///Users/rachelk/.rvm/gems/ruby-2.2.1/gems/learn-test-1.2.25/lib/learn_test/jasmine/jasmine.js:1520:16)
	at run (file:///Users/rachelk/.rvm/gems/ruby-2.2.1/gems/learn-test-1.2.25/lib/learn_test/jasmine/jasmine.js:1496:28)
	at execute (file:///Users/rachelk/.rvm/gems/ruby-2.2.1/gems/learn-test-1.2.25/lib/learn_test/jasmine/jasmine.js:1485:13)
	at queueRunnerFactory (file:///Users/rachelk/.rvm/gems/ruby-2.2.1/gems/learn-test-1.2.25/lib/learn_test/jasmine/jasmine.js:518:42)
	at execute (file:///Users/rachelk/.rvm/gems/ruby-2.2.1/gems/learn-test-1.2.25/lib/learn_test/jasmine/jasmine.js:1694:21)
	at file:///Users/rachelk/.rvm/gems/ruby-2.2.1/gems/learn-test-1.2.25/lib/learn_test/jasmine/jasmine.js:541:83
	at attemptAsync (file:///Users/rachelk/.rvm/gems/ruby-2.2.1/gems/learn-test-1.2.25/lib/learn_test/jasmine/jasmine.js:1520:16)
	at run (file:///Users/rachelk/.rvm/gems/ruby-2.2.1/gems/learn-test-1.2.25/lib/learn_test/jasmine/jasmine.js:1496:28)
	at execute (file:///Users/rachelk/.rvm/gems/ruby-2.2.1/gems/learn-test-1.2.25/lib/learn_test/jasmine/jasmine.js:1485:13)
	at queueRunnerFactory (file:///Users/rachelk/.rvm/gems/ruby-2.2.1/gems/learn-test-1.2.25/lib/learn_test/jasmine/jasmine.js:518:42)
	at execute (file:///Users/rachelk/.rvm/gems/ruby-2.2.1/gems/learn-test-1.2.25/lib/learn_test/jasmine/jasmine.js:548:25)
	at onload (file:///Users/rachelk/.rvm/gems/ruby-2.2.1/gems/learn-test-1.2.25/lib/learn_test/jasmine/boot.js:172:16)			</failure>
			<failure type="" message="TypeError: undefined is not an object (evaluating &amp;apos;jon.engageWarpDrive&amp;apos;) in file:///Users/rachelk/Dropbox/Development/Javascript/space-invaders-v-000/spec/space-invaders-spec.js (line 89)">
	at file:///Users/rachelk/Dropbox/Development/Javascript/space-invaders-v-000/spec/space-invaders-spec.js:89:8
	at attemptSync (file:///Users/rachelk/.rvm/gems/ruby-2.2.1/gems/learn-test-1.2.25/lib/learn_test/jasmine/jasmine.js:1510:16)
	at run (file:///Users/rachelk/.rvm/gems/ruby-2.2.1/gems/learn-test-1.2.25/lib/learn_test/jasmine/jasmine.js:1498:20)
	at execute (file:///Users/rachelk/.rvm/gems/ruby-2.2.1/gems/learn-test-1.2.25/lib/learn_test/jasmine/jasmine.js:1485:13)
	at queueRunnerFactory (file:///Users/rachelk/.rvm/gems/ruby-2.2.1/gems/learn-test-1.2.25/lib/learn_test/jasmine/jasmine.js:518:42)
	at execute (file:///Users/rachelk/.rvm/gems/ruby-2.2.1/gems/learn-test-1.2.25/lib/learn_test/jasmine/jasmine.js:306:28)
	at file:///Users/rachelk/.rvm/gems/ruby-2.2.1/gems/learn-test-1.2.25/lib/learn_test/jasmine/jasmine.js:1708:44
	at attemptAsync (file:///Users/rachelk/.rvm/gems/ruby-2.2.1/gems/learn-test-1.2.25/lib/learn_test/jasmine/jasmine.js:1520:16)
	at run (file:///Users/rachelk/.rvm/gems/ruby-2.2.1/gems/learn-test-1.2.25/lib/learn_test/jasmine/jasmine.js:1496:28)
	at next (file:///Users/rachelk/.rvm/gems/ruby-2.2.1/gems/learn-test-1.2.25/lib/learn_test/jasmine/jasmine.js:1517:40)
	at complete (file:///Users/rachelk/.rvm/gems/ruby-2.2.1/gems/learn-test-1.2.25/lib/learn_test/jasmine/jasmine.js:333:19)
	at clearStack (file:///Users/rachelk/.rvm/gems/ruby-2.2.1/gems/learn-test-1.2.25/lib/learn_test/jasmine/jasmine.js:506:11)
	at run (file:///Users/rachelk/.rvm/gems/ruby-2.2.1/gems/learn-test-1.2.25/lib/learn_test/jasmine/jasmine.js:1505:22)
	at execute (file:///Users/rachelk/.rvm/gems/ruby-2.2.1/gems/learn-test-1.2.25/lib/learn_test/jasmine/jasmine.js:1485:13)
	at queueRunnerFactory (file:///Users/rachelk/.rvm/gems/ruby-2.2.1/gems/learn-test-1.2.25/lib/learn_test/jasmine/jasmine.js:518:42)
	at execute (file:///Users/rachelk/.rvm/gems/ruby-2.2.1/gems/learn-test-1.2.25/lib/learn_test/jasmine/jasmine.js:306:28)
	at file:///Users/rachelk/.rvm/gems/ruby-2.2.1/gems/learn-test-1.2.25/lib/learn_test/jasmine/jasmine.js:1708:44
	at attemptAsync (file:///Users/rachelk/.rvm/gems/ruby-2.2.1/gems/learn-test-1.2.25/lib/learn_test/jasmine/jasmine.js:1520:16)
	at run (file:///Users/rachelk/.rvm/gems/ruby-2.2.1/gems/learn-test-1.2.25/lib/learn_test/jasmine/jasmine.js:1496:28)
	at next (file:///Users/rachelk/.rvm/gems/ruby-2.2.1/gems/learn-test-1.2.25/lib/learn_test/jasmine/jasmine.js:1517:40)
	at complete (file:///Users/rachelk/.rvm/gems/ruby-2.2.1/gems/learn-test-1.2.25/lib/learn_test/jasmine/jasmine.js:333:19)
	at clearStack (file:///Users/rachelk/.rvm/gems/ruby-2.2.1/gems/learn-test-1.2.25/lib/learn_test/jasmine/jasmine.js:506:11)
	at run (file:///Users/rachelk/.rvm/gems/ruby-2.2.1/gems/learn-test-1.2.25/lib/learn_test/jasmine/jasmine.js:1505:22)
	at execute (file:///Users/rachelk/.rvm/gems/ruby-2.2.1/gems/learn-test-1.2.25/lib/learn_test/jasmine/jasmine.js:1485:13)
	at queueRunnerFactory (file:///Users/rachelk/.rvm/gems/ruby-2.2.1/gems/learn-test-1.2.25/lib/learn_test/jasmine/jasmine.js:518:42)
	at execute (file:///Users/rachelk/.rvm/gems/ruby-2.2.1/gems/learn-test-1.2.25/lib/learn_test/jasmine/jasmine.js:306:28)
	at file:///Users/rachelk/.rvm/gems/ruby-2.2.1/gems/learn-test-1.2.25/lib/learn_test/jasmine/jasmine.js:1708:44
	at attemptAsync (file:///Users/rachelk/.rvm/gems/ruby-2.2.1/gems/learn-test-1.2.25/lib/learn_test/jasmine/jasmine.js:1520:16)
	at run (file:///Users/rachelk/.rvm/gems/ruby-2.2.1/gems/learn-test-1.2.25/lib/learn_test/jasmine/jasmine.js:1496:28)
	at next (file:///Users/rachelk/.rvm/gems/ruby-2.2.1/gems/learn-test-1.2.25/lib/learn_test/jasmine/jasmine.js:1517:40)
	at complete (file:///Users/rachelk/.rvm/gems/ruby-2.2.1/gems/learn-test-1.2.25/lib/learn_test/jasmine/jasmine.js:333:19)
	at clearStack (file:///Users/rachelk/.rvm/gems/ruby-2.2.1/gems/learn-test-1.2.25/lib/learn_test/jasmine/jasmine.js:506:11)
	at run (file:///Users/rachelk/.rvm/gems/ruby-2.2.1/gems/learn-test-1.2.25/lib/learn_test/jasmine/jasmine.js:1505:22)
	at execute (file:///Users/rachelk/.rvm/gems/ruby-2.2.1/gems/learn-test-1.2.25/lib/learn_test/jasmine/jasmine.js:1485:13)
	at queueRunnerFactory (file:///Users/rachelk/.rvm/gems/ruby-2.2.1/gems/learn-test-1.2.25/lib/learn_test/jasmine/jasmine.js:518:42)
	at execute (file:///Users/rachelk/.rvm/gems/ruby-2.2.1/gems/learn-test-1.2.25/lib/learn_test/jasmine/jasmine.js:306:28)
	at file:///Users/rachelk/.rvm/gems/ruby-2.2.1/gems/learn-test-1.2.25/lib/learn_test/jasmine/jasmine.js:1708:44
	at attemptAsync (file:///Users/rachelk/.rvm/gems/ruby-2.2.1/gems/learn-test-1.2.25/lib/learn_test/jasmine/jasmine.js:1520:16)
	at run (file:///Users/rachelk/.rvm/gems/ruby-2.2.1/gems/learn-test-1.2.25/lib/learn_test/jasmine/jasmine.js:1496:28)
	at execute (file:///Users/rachelk/.rvm/gems/ruby-2.2.1/gems/learn-test-1.2.25/lib/learn_test/jasmine/jasmine.js:1485:13)
	at queueRunnerFactory (file:///Users/rachelk/.rvm/gems/ruby-2.2.1/gems/learn-test-1.2.25/lib/learn_test/jasmine/jasmine.js:518:42)
	at execute (file:///Users/rachelk/.rvm/gems/ruby-2.2.1/gems/learn-test-1.2.25/lib/learn_test/jasmine/jasmine.js:1694:21)
	at file:///Users/rachelk/.rvm/gems/ruby-2.2.1/gems/learn-test-1.2.25/lib/learn_test/jasmine/jasmine.js:1708:44
	at attemptAsync (file:///Users/rachelk/.rvm/gems/ruby-2.2.1/gems/learn-test-1.2.25/lib/learn_test/jasmine/jasmine.js:1520:16)
	at run (file:///Users/rachelk/.rvm/gems/ruby-2.2.1/gems/learn-test-1.2.25/lib/learn_test/jasmine/jasmine.js:1496:28)
	at next (file:///Users/rachelk/.rvm/gems/ruby-2.2.1/gems/learn-test-1.2.25/lib/learn_test/jasmine/jasmine.js:1517:40)
	at complete (file:///Users/rachelk/.rvm/gems/ruby-2.2.1/gems/learn-test-1.2.25/lib/learn_test/jasmine/jasmine.js:1703:19)
	at clearStack (file:///Users/rachelk/.rvm/gems/ruby-2.2.1/gems/learn-test-1.2.25/lib/learn_test/jasmine/jasmine.js:506:11)
	at run (file:///Users/rachelk/.rvm/gems/ruby-2.2.1/gems/learn-test-1.2.25/lib/learn_test/jasmine/jasmine.js:1505:22)
	at next (file:///Users/rachelk/.rvm/gems/ruby-2.2.1/gems/learn-test-1.2.25/lib/learn_test/jasmine/jasmine.js:1517:40)
	at complete (file:///Users/rachelk/.rvm/gems/ruby-2.2.1/gems/learn-test-1.2.25/lib/learn_test/jasmine/jasmine.js:333:19)
	at clearStack (file:///Users/rachelk/.rvm/gems/ruby-2.2.1/gems/learn-test-1.2.25/lib/learn_test/jasmine/jasmine.js:506:11)
	at run (file:///Users/rachelk/.rvm/gems/ruby-2.2.1/gems/learn-test-1.2.25/lib/learn_test/jasmine/jasmine.js:1505:22)
	at execute (file:///Users/rachelk/.rvm/gems/ruby-2.2.1/gems/learn-test-1.2.25/lib/learn_test/jasmine/jasmine.js:1485:13)
	at queueRunnerFactory (file:///Users/rachelk/.rvm/gems/ruby-2.2.1/gems/learn-test-1.2.25/lib/learn_test/jasmine/jasmine.js:518:42)
	at execute (file:///Users/rachelk/.rvm/gems/ruby-2.2.1/gems/learn-test-1.2.25/lib/learn_test/jasmine/jasmine.js:306:28)
	at file:///Users/rachelk/.rvm/gems/ruby-2.2.1/gems/learn-test-1.2.25/lib/learn_test/jasmine/jasmine.js:1708:44
	at attemptAsync (file:///Users/rachelk/.rvm/gems/ruby-2.2.1/gems/learn-test-1.2.25/lib/learn_test/jasmine/jasmine.js:1520:16)
	at run (file:///Users/rachelk/.rvm/gems/ruby-2.2.1/gems/learn-test-1.2.25/lib/learn_test/jasmine/jasmine.js:1496:28)
	at next (file:///Users/rachelk/.rvm/gems/ruby-2.2.1/gems/learn-test-1.2.25/lib/learn_test/jasmine/jasmine.js:1517:40)
	at complete (file:///Users/rachelk/.rvm/gems/ruby-2.2.1/gems/learn-test-1.2.25/lib/learn_test/jasmine/jasmine.js:333:19)
	at clearStack (file:///Users/rachelk/.rvm/gems/ruby-2.2.1/gems/learn-test-1.2.25/lib/learn_test/jasmine/jasmine.js:506:11)
	at run (file:///Users/rachelk/.rvm/gems/ruby-2.2.1/gems/learn-test-1.2.25/lib/learn_test/jasmine/jasmine.js:1505:22)
	at execute (file:///Users/rachelk/.rvm/gems/ruby-2.2.1/gems/learn-test-1.2.25/lib/learn_test/jasmine/jasmine.js:1485:13)
	at queueRunnerFactory (file:///Users/rachelk/.rvm/gems/ruby-2.2.1/gems/learn-test-1.2.25/lib/learn_test/jasmine/jasmine.js:518:42)
	at execute (file:///Users/rachelk/.rvm/gems/ruby-2.2.1/gems/learn-test-1.2.25/lib/learn_test/jasmine/jasmine.js:306:28)
	at file:///Users/rachelk/.rvm/gems/ruby-2.2.1/gems/learn-test-1.2.25/lib/learn_test/jasmine/jasmine.js:1708:44
	at attemptAsync (file:///Users/rachelk/.rvm/gems/ruby-2.2.1/gems/learn-test-1.2.25/lib/learn_test/jasmine/jasmine.js:1520:16)
	at run (file:///Users/rachelk/.rvm/gems/ruby-2.2.1/gems/learn-test-1.2.25/lib/learn_test/jasmine/jasmine.js:1496:28)
	at next (file:///Users/rachelk/.rvm/gems/ruby-2.2.1/gems/learn-test-1.2.25/lib/learn_test/jasmine/jasmine.js:1517:40)
	at complete (file:///Users/rachelk/.rvm/gems/ruby-2.2.1/gems/learn-test-1.2.25/lib/learn_test/jasmine/jasmine.js:333:19)
	at clearStack (file:///Users/rachelk/.rvm/gems/ruby-2.2.1/gems/learn-test-1.2.25/lib/learn_test/jasmine/jasmine.js:506:11)
	at run (file:///Users/rachelk/.rvm/gems/ruby-2.2.1/gems/learn-test-1.2.25/lib/learn_test/jasmine/jasmine.js:1505:22)
	at execute (file:///Users/rachelk/.rvm/gems/ruby-2.2.1/gems/learn-test-1.2.25/lib/learn_test/jasmine/jasmine.js:1485:13)
	at queueRunnerFactory (file:///Users/rachelk/.rvm/gems/ruby-2.2.1/gems/learn-test-1.2.25/lib/learn_test/jasmine/jasmine.js:518:42)
	at execute (file:///Users/rachelk/.rvm/gems/ruby-2.2.1/gems/learn-test-1.2.25/lib/learn_test/jasmine/jasmine.js:306:28)
	at file:///Users/rachelk/.rvm/gems/ruby-2.2.1/gems/learn-test-1.2.25/lib/learn_test/jasmine/jasmine.js:1708:44
	at attemptAsync (file:///Users/rachelk/.rvm/gems/ruby-2.2.1/gems/learn-test-1.2.25/lib/learn_test/jasmine/jasmine.js:1520:16)
	at run (file:///Users/rachelk/.rvm/gems/ruby-2.2.1/gems/learn-test-1.2.25/lib/learn_test/jasmine/jasmine.js:1496:28)
	at next (file:///Users/rachelk/.rvm/gems/ruby-2.2.1/gems/learn-test-1.2.25/lib/learn_test/jasmine/jasmine.js:1517:40)
	at complete (file:///Users/rachelk/.rvm/gems/ruby-2.2.1/gems/learn-test-1.2.25/lib/learn_test/jasmine/jasmine.js:333:19)
	at clearStack (file:///Users/rachelk/.rvm/gems/ruby-2.2.1/gems/learn-test-1.2.25/lib/learn_test/jasmine/jasmine.js:506:11)
	at run (file:///Users/rachelk/.rvm/gems/ruby-2.2.1/gems/learn-test-1.2.25/lib/learn_test/jasmine/jasmine.js:1505:22)
	at execute (file:///Users/rachelk/.rvm/gems/ruby-2.2.1/gems/learn-test-1.2.25/lib/learn_test/jasmine/jasmine.js:1485:13)
	at queueRunnerFactory (file:///Users/rachelk/.rvm/gems/ruby-2.2.1/gems/learn-test-1.2.25/lib/learn_test/jasmine/jasmine.js:518:42)
	at execute (file:///Users/rachelk/.rvm/gems/ruby-2.2.1/gems/learn-test-1.2.25/lib/learn_test/jasmine/jasmine.js:306:28)
	at file:///Users/rachelk/.rvm/gems/ruby-2.2.1/gems/learn-test-1.2.25/lib/learn_test/jasmine/jasmine.js:1708:44
	at attemptAsync (file:///Users/rachelk/.rvm/gems/ruby-2.2.1/gems/learn-test-1.2.25/lib/learn_test/jasmine/jasmine.js:1520:16)
	at run (file:///Users/rachelk/.rvm/gems/ruby-2.2.1/gems/learn-test-1.2.25/lib/learn_test/jasmine/jasmine.js:1496:28)
	at next (file:///Users/rachelk/.rvm/gems/ruby-2.2.1/gems/learn-test-1.2.25/lib/learn_test/jasmine/jasmine.js:1517:40)
	at complete (file:///Users/rachelk/.rvm/gems/ruby-2.2.1/gems/learn-test-1.2.25/lib/learn_test/jasmine/jasmine.js:333:19)
	at clearStack (file:///Users/rachelk/.rvm/gems/ruby-2.2.1/gems/learn-test-1.2.25/lib/learn_test/jasmine/jasmine.js:506:11)
	at run (file:///Users/rachelk/.rvm/gems/ruby-2.2.1/gems/learn-test-1.2.25/lib/learn_test/jasmine/jasmine.js:1505:22)
	at execute (file:///Users/rachelk/.rvm/gems/ruby-2.2.1/gems/learn-test-1.2.25/lib/learn_test/jasmine/jasmine.js:1485:13)
	at queueRunnerFactory (file:///Users/rachelk/.rvm/gems/ruby-2.2.1/gems/learn-test-1.2.25/lib/learn_test/jasmine/jasmine.js:518:42)
	at execute (file:///Users/rachelk/.rvm/gems/ruby-2.2.1/gems/learn-test-1.2.25/lib/learn_test/jasmine/jasmine.js:306:28)
	at file:///Users/rachelk/.rvm/gems/ruby-2.2.1/gems/learn-test-1.2.25/lib/learn_test/jasmine/jasmine.js:1708:44
	at attemptAsync (file:///Users/rachelk/.rvm/gems/ruby-2.2.1/gems/learn-test-1.2.25/lib/learn_test/jasmine/jasmine.js:1520:16)
	at run (file:///Users/rachelk/.rvm/gems/ruby-2.2.1/gems/learn-test-1.2.25/lib/learn_test/jasmine/jasmine.js:1496:28)
	at next (file:///Users/rachelk/.rvm/gems/ruby-2.2.1/gems/learn-test-1.2.25/lib/learn_test/jasmine/jasmine.js:1517:40)
	at complete (file:///Users/rachelk/.rvm/gems/ruby-2.2.1/gems/learn-test-1.2.25/lib/learn_test/jasmine/jasmine.js:333:19)
	at clearStack (file:///Users/rachelk/.rvm/gems/ruby-2.2.1/gems/learn-test-1.2.25/lib/learn_test/jasmine/jasmine.js:506:11)
	at run (file:///Users/rachelk/.rvm/gems/ruby-2.2.1/gems/learn-test-1.2.25/lib/learn_test/jasmine/jasmine.js:1505:22)
	at execute (file:///Users/rachelk/.rvm/gems/ruby-2.2.1/gems/learn-test-1.2.25/lib/learn_test/jasmine/jasmine.js:1485:13)
	at queueRunnerFactory (file:///Users/rachelk/.rvm/gems/ruby-2.2.1/gems/learn-test-1.2.25/lib/learn_test/jasmine/jasmine.js:518:42)
	at execute (file:///Users/rachelk/.rvm/gems/ruby-2.2.1/gems/learn-test-1.2.25/lib/learn_test/jasmine/jasmine.js:306:28)
	at file:///Users/rachelk/.rvm/gems/ruby-2.2.1/gems/learn-test-1.2.25/lib/learn_test/jasmine/jasmine.js:1708:44
	at attemptAsync (file:///Users/rachelk/.rvm/gems/ruby-2.2.1/gems/learn-test-1.2.25/lib/learn_test/jasmine/jasmine.js:1520:16)
	at run (file:///Users/rachelk/.rvm/gems/ruby-2.2.1/gems/learn-test-1.2.25/lib/learn_test/jasmine/jasmine.js:1496:28)
	at next (file:///Users/rachelk/.rvm/gems/ruby-2.2.1/gems/learn-test-1.2.25/lib/learn_test/jasmine/jasmine.js:1517:40)
	at complete (file:///Users/rachelk/.rvm/gems/ruby-2.2.1/gems/learn-test-1.2.25/lib/learn_test/jasmine/jasmine.js:333:19)
	at clearStack (file:///Users/rachelk/.rvm/gems/ruby-2.2.1/gems/learn-test-1.2.25/lib/learn_test/jasmine/jasmine.js:506:11)
	at run (file:///Users/rachelk/.rvm/gems/ruby-2.2.1/gems/learn-test-1.2.25/lib/learn_test/jasmine/jasmine.js:1505:22)
	at execute (file:///Users/rachelk/.rvm/gems/ruby-2.2.1/gems/learn-test-1.2.25/lib/learn_test/jasmine/jasmine.js:1485:13)
	at queueRunnerFactory (file:///Users/rachelk/.rvm/gems/ruby-2.2.1/gems/learn-test-1.2.25/lib/learn_test/jasmine/jasmine.js:518:42)
	at execute (file:///Users/rachelk/.rvm/gems/ruby-2.2.1/gems/learn-test-1.2.25/lib/learn_test/jasmine/jasmine.js:306:28)
	at file:///Users/rachelk/.rvm/gems/ruby-2.2.1/gems/learn-test-1.2.25/lib/learn_test/jasmine/jasmine.js:1708:44
	at attemptAsync (file:///Users/rachelk/.rvm/gems/ruby-2.2.1/gems/learn-test-1.2.25/lib/learn_test/jasmine/jasmine.js:1520:16)
	at run (file:///Users/rachelk/.rvm/gems/ruby-2.2.1/gems/learn-test-1.2.25/lib/learn_test/jasmine/jasmine.js:1496:28)
	at execute (file:///Users/rachelk/.rvm/gems/ruby-2.2.1/gems/learn-test-1.2.25/lib/learn_test/jasmine/jasmine.js:1485:13)
	at queueRunnerFactory (file:///Users/rachelk/.rvm/gems/ruby-2.2.1/gems/learn-test-1.2.25/lib/learn_test/jasmine/jasmine.js:518:42)
	at execute (file:///Users/rachelk/.rvm/gems/ruby-2.2.1/gems/learn-test-1.2.25/lib/learn_test/jasmine/jasmine.js:1694:21)
	at file:///Users/rachelk/.rvm/gems/ruby-2.2.1/gems/learn-test-1.2.25/lib/learn_test/jasmine/jasmine.js:1708:44
	at attemptAsync (file:///Users/rachelk/.rvm/gems/ruby-2.2.1/gems/learn-test-1.2.25/lib/learn_test/jasmine/jasmine.js:1520:16)
	at run (file:///Users/rachelk/.rvm/gems/ruby-2.2.1/gems/learn-test-1.2.25/lib/learn_test/jasmine/jasmine.js:1496:28)
	at next (file:///Users/rachelk/.rvm/gems/ruby-2.2.1/gems/learn-test-1.2.25/lib/learn_test/jasmine/jasmine.js:1517:40)
	at complete (file:///Users/rachelk/.rvm/gems/ruby-2.2.1/gems/learn-test-1.2.25/lib/learn_test/jasmine/jasmine.js:1703:19)
	at clearStack (file:///Users/rachelk/.rvm/gems/ruby-2.2.1/gems/learn-test-1.2.25/lib/learn_test/jasmine/jasmine.js:506:11)
	at run (file:///Users/rachelk/.rvm/gems/ruby-2.2.1/gems/learn-test-1.2.25/lib/learn_test/jasmine/jasmine.js:1505:22)
	at next (file:///Users/rachelk/.rvm/gems/ruby-2.2.1/gems/learn-test-1.2.25/lib/learn_test/jasmine/jasmine.js:1517:40)
	at complete (file:///Users/rachelk/.rvm/gems/ruby-2.2.1/gems/learn-test-1.2.25/lib/learn_test/jasmine/jasmine.js:333:19)
	at clearStack (file:///Users/rachelk/.rvm/gems/ruby-2.2.1/gems/learn-test-1.2.25/lib/learn_test/jasmine/jasmine.js:506:11)
	at run (file:///Users/rachelk/.rvm/gems/ruby-2.2.1/gems/learn-test-1.2.25/lib/learn_test/jasmine/jasmine.js:1505:22)
	at execute (file:///Users/rachelk/.rvm/gems/ruby-2.2.1/gems/learn-test-1.2.25/lib/learn_test/jasmine/jasmine.js:1485:13)
	at queueRunnerFactory (file:///Users/rachelk/.rvm/gems/ruby-2.2.1/gems/learn-test-1.2.25/lib/learn_test/jasmine/jasmine.js:518:42)
	at execute (file:///Users/rachelk/.rvm/gems/ruby-2.2.1/gems/learn-test-1.2.25/lib/learn_test/jasmine/jasmine.js:306:28)
	at file:///Users/rachelk/.rvm/gems/ruby-2.2.1/gems/learn-test-1.2.25/lib/learn_test/jasmine/jasmine.js:1708:44
	at attemptAsync (file:///Users/rachelk/.rvm/gems/ruby-2.2.1/gems/learn-test-1.2.25/lib/learn_test/jasmine/jasmine.js:1520:16)
	at run (file:///Users/rachelk/.rvm/gems/ruby-2.2.1/gems/learn-test-1.2.25/lib/learn_test/jasmine/jasmine.js:1496:28)
	at next (file:///Users/rachelk/.rvm/gems/ruby-2.2.1/gems/learn-test-1.2.25/lib/learn_test/jasmine/jasmine.js:1517:40)
	at complete (file:///Users/rachelk/.rvm/gems/ruby-2.2.1/gems/learn-test-1.2.25/lib/learn_test/jasmine/jasmine.js:333:19)
	at clearStack (file:///Users/rachelk/.rvm/gems/ruby-2.2.1/gems/learn-test-1.2.25/lib/learn_test/jasmine/jasmine.js:506:11)
	at run (file:///Users/rachelk/.rvm/gems/ruby-2.2.1/gems/learn-test-1.2.25/lib/learn_test/jasmine/jasmine.js:1505:22)
	at execute (file:///Users/rachelk/.rvm/gems/ruby-2.2.1/gems/learn-test-1.2.25/lib/learn_test/jasmine/jasmine.js:1485:13)
	at queueRunnerFactory (file:///Users/rachelk/.rvm/gems/ruby-2.2.1/gems/learn-test-1.2.25/lib/learn_test/jasmine/jasmine.js:518:42)
	at execute (file:///Users/rachelk/.rvm/gems/ruby-2.2.1/gems/learn-test-1.2.25/lib/learn_test/jasmine/jasmine.js:306:28)
	at file:///Users/rachelk/.rvm/gems/ruby-2.2.1/gems/learn-test-1.2.25/lib/learn_test/jasmine/jasmine.js:1708:44
	at attemptAsync (file:///Users/rachelk/.rvm/gems/ruby-2.2.1/gems/learn-test-1.2.25/lib/learn_test/jasmine/jasmine.js:1520:16)
	at run (file:///Users/rachelk/.rvm/gems/ruby-2.2.1/gems/learn-test-1.2.25/lib/learn_test/jasmine/jasmine.js:1496:28)
	at next (file:///Users/rachelk/.rvm/gems/ruby-2.2.1/gems/learn-test-1.2.25/lib/learn_test/jasmine/jasmine.js:1517:40)
	at complete (file:///Users/rachelk/.rvm/gems/ruby-2.2.1/gems/learn-test-1.2.25/lib/learn_test/jasmine/jasmine.js:333:19)
	at clearStack (file:///Users/rachelk/.rvm/gems/ruby-2.2.1/gems/learn-test-1.2.25/lib/learn_test/jasmine/jasmine.js:506:11)
	at run (file:///Users/rachelk/.rvm/gems/ruby-2.2.1/gems/learn-test-1.2.25/lib/learn_test/jasmine/jasmine.js:1505:22)
	at execute (file:///Users/rachelk/.rvm/gems/ruby-2.2.1/gems/learn-test-1.2.25/lib/learn_test/jasmine/jasmine.js:1485:13)
	at queueRunnerFactory (file:///Users/rachelk/.rvm/gems/ruby-2.2.1/gems/learn-test-1.2.25/lib/learn_test/jasmine/jasmine.js:518:42)
	at execute (file:///Users/rachelk/.rvm/gems/ruby-2.2.1/gems/learn-test-1.2.25/lib/learn_test/jasmine/jasmine.js:306:28)
	at file:///Users/rachelk/.rvm/gems/ruby-2.2.1/gems/learn-test-1.2.25/lib/learn_test/jasmine/jasmine.js:1708:44
	at attemptAsync (file:///Users/rachelk/.rvm/gems/ruby-2.2.1/gems/learn-test-1.2.25/lib/learn_test/jasmine/jasmine.js:1520:16)
	at run (file:///Users/rachelk/.rvm/gems/ruby-2.2.1/gems/learn-test-1.2.25/lib/learn_test/jasmine/jasmine.js:1496:28)
	at execute (file:///Users/rachelk/.rvm/gems/ruby-2.2.1/gems/learn-test-1.2.25/lib/learn_test/jasmine/jasmine.js:1485:13)
	at queueRunnerFactory (file:///Users/rachelk/.rvm/gems/ruby-2.2.1/gems/learn-test-1.2.25/lib/learn_test/jasmine/jasmine.js:518:42)
	at execute (file:///Users/rachelk/.rvm/gems/ruby-2.2.1/gems/learn-test-1.2.25/lib/learn_test/jasmine/jasmine.js:1694:21)
	at file:///Users/rachelk/.rvm/gems/ruby-2.2.1/gems/learn-test-1.2.25/lib/learn_test/jasmine/jasmine.js:1708:44
	at attemptAsync (file:///Users/rachelk/.rvm/gems/ruby-2.2.1/gems/learn-test-1.2.25/lib/learn_test/jasmine/jasmine.js:1520:16)
	at run (file:///Users/rachelk/.rvm/gems/ruby-2.2.1/gems/learn-test-1.2.25/lib/learn_test/jasmine/jasmine.js:1496:28)
	at execute (file:///Users/rachelk/.rvm/gems/ruby-2.2.1/gems/learn-test-1.2.25/lib/learn_test/jasmine/jasmine.js:1485:13)
	at queueRunnerFactory (file:///Users/rachelk/.rvm/gems/ruby-2.2.1/gems/learn-test-1.2.25/lib/learn_test/jasmine/jasmine.js:518:42)
	at execute (file:///Users/rachelk/.rvm/gems/ruby-2.2.1/gems/learn-test-1.2.25/lib/learn_test/jasmine/jasmine.js:1694:21)
	at file:///Users/rachelk/.rvm/gems/ruby-2.2.1/gems/learn-test-1.2.25/lib/learn_test/jasmine/jasmine.js:541:83
	at attemptAsync (file:///Users/rachelk/.rvm/gems/ruby-2.2.1/gems/learn-test-1.2.25/lib/learn_test/jasmine/jasmine.js:1520:16)
	at run (file:///Users/rachelk/.rvm/gems/ruby-2.2.1/gems/learn-test-1.2.25/lib/learn_test/jasmine/jasmine.js:1496:28)
	at execute (file:///Users/rachelk/.rvm/gems/ruby-2.2.1/gems/learn-test-1.2.25/lib/learn_test/jasmine/jasmine.js:1485:13)
	at queueRunnerFactory (file:///Users/rachelk/.rvm/gems/ruby-2.2.1/gems/learn-test-1.2.25/lib/learn_test/jasmine/jasmine.js:518:42)
	at execute (file:///Users/rachelk/.rvm/gems/ruby-2.2.1/gems/learn-test-1.2.25/lib/learn_test/jasmine/jasmine.js:548:25)
	at onload (file:///Users/rachelk/.rvm/gems/ruby-2.2.1/gems/learn-test-1.2.25/lib/learn_test/jasmine/boot.js:172:16)			</failure>
		</testcase>
		<testcase classname="Ship with a crew" name="should cloak when a defender `setsInvisibility`" time="0.001">
			<failure type="" message="ReferenceError: Can&amp;apos;t find variable: CrewMember in file:///Users/rachelk/Dropbox/Development/Javascript/space-invaders-v-000/spec/space-invaders-spec.js (line 66)">
	at file:///Users/rachelk/Dropbox/Development/Javascript/space-invaders-v-000/spec/space-invaders-spec.js:66:29
	at attemptSync (file:///Users/rachelk/.rvm/gems/ruby-2.2.1/gems/learn-test-1.2.25/lib/learn_test/jasmine/jasmine.js:1510:16)
	at run (file:///Users/rachelk/.rvm/gems/ruby-2.2.1/gems/learn-test-1.2.25/lib/learn_test/jasmine/jasmine.js:1498:20)
	at execute (file:///Users/rachelk/.rvm/gems/ruby-2.2.1/gems/learn-test-1.2.25/lib/learn_test/jasmine/jasmine.js:1485:13)
	at queueRunnerFactory (file:///Users/rachelk/.rvm/gems/ruby-2.2.1/gems/learn-test-1.2.25/lib/learn_test/jasmine/jasmine.js:518:42)
	at execute (file:///Users/rachelk/.rvm/gems/ruby-2.2.1/gems/learn-test-1.2.25/lib/learn_test/jasmine/jasmine.js:306:28)
	at file:///Users/rachelk/.rvm/gems/ruby-2.2.1/gems/learn-test-1.2.25/lib/learn_test/jasmine/jasmine.js:1708:44
	at attemptAsync (file:///Users/rachelk/.rvm/gems/ruby-2.2.1/gems/learn-test-1.2.25/lib/learn_test/jasmine/jasmine.js:1520:16)
	at run (file:///Users/rachelk/.rvm/gems/ruby-2.2.1/gems/learn-test-1.2.25/lib/learn_test/jasmine/jasmine.js:1496:28)
	at next (file:///Users/rachelk/.rvm/gems/ruby-2.2.1/gems/learn-test-1.2.25/lib/learn_test/jasmine/jasmine.js:1517:40)
	at complete (file:///Users/rachelk/.rvm/gems/ruby-2.2.1/gems/learn-test-1.2.25/lib/learn_test/jasmine/jasmine.js:333:19)
	at clearStack (file:///Users/rachelk/.rvm/gems/ruby-2.2.1/gems/learn-test-1.2.25/lib/learn_test/jasmine/jasmine.js:506:11)
	at run (file:///Users/rachelk/.rvm/gems/ruby-2.2.1/gems/learn-test-1.2.25/lib/learn_test/jasmine/jasmine.js:1505:22)
	at execute (file:///Users/rachelk/.rvm/gems/ruby-2.2.1/gems/learn-test-1.2.25/lib/learn_test/jasmine/jasmine.js:1485:13)
	at queueRunnerFactory (file:///Users/rachelk/.rvm/gems/ruby-2.2.1/gems/learn-test-1.2.25/lib/learn_test/jasmine/jasmine.js:518:42)
	at execute (file:///Users/rachelk/.rvm/gems/ruby-2.2.1/gems/learn-test-1.2.25/lib/learn_test/jasmine/jasmine.js:306:28)
	at file:///Users/rachelk/.rvm/gems/ruby-2.2.1/gems/learn-test-1.2.25/lib/learn_test/jasmine/jasmine.js:1708:44
	at attemptAsync (file:///Users/rachelk/.rvm/gems/ruby-2.2.1/gems/learn-test-1.2.25/lib/learn_test/jasmine/jasmine.js:1520:16)
	at run (file:///Users/rachelk/.rvm/gems/ruby-2.2.1/gems/learn-test-1.2.25/lib/learn_test/jasmine/jasmine.js:1496:28)
	at next (file:///Users/rachelk/.rvm/gems/ruby-2.2.1/gems/learn-test-1.2.25/lib/learn_test/jasmine/jasmine.js:1517:40)
	at complete (file:///Users/rachelk/.rvm/gems/ruby-2.2.1/gems/learn-test-1.2.25/lib/learn_test/jasmine/jasmine.js:333:19)
	at clearStack (file:///Users/rachelk/.rvm/gems/ruby-2.2.1/gems/learn-test-1.2.25/lib/learn_test/jasmine/jasmine.js:506:11)
	at run (file:///Users/rachelk/.rvm/gems/ruby-2.2.1/gems/learn-test-1.2.25/lib/learn_test/jasmine/jasmine.js:1505:22)
	at execute (file:///Users/rachelk/.rvm/gems/ruby-2.2.1/gems/learn-test-1.2.25/lib/learn_test/jasmine/jasmine.js:1485:13)
	at queueRunnerFactory (file:///Users/rachelk/.rvm/gems/ruby-2.2.1/gems/learn-test-1.2.25/lib/learn_test/jasmine/jasmine.js:518:42)
	at execute (file:///Users/rachelk/.rvm/gems/ruby-2.2.1/gems/learn-test-1.2.25/lib/learn_test/jasmine/jasmine.js:306:28)
	at file:///Users/rachelk/.rvm/gems/ruby-2.2.1/gems/learn-test-1.2.25/lib/learn_test/jasmine/jasmine.js:1708:44
	at attemptAsync (file:///Users/rachelk/.rvm/gems/ruby-2.2.1/gems/learn-test-1.2.25/lib/learn_test/jasmine/jasmine.js:1520:16)
	at run (file:///Users/rachelk/.rvm/gems/ruby-2.2.1/gems/learn-test-1.2.25/lib/learn_test/jasmine/jasmine.js:1496:28)
	at next (file:///Users/rachelk/.rvm/gems/ruby-2.2.1/gems/learn-test-1.2.25/lib/learn_test/jasmine/jasmine.js:1517:40)
	at complete (file:///Users/rachelk/.rvm/gems/ruby-2.2.1/gems/learn-test-1.2.25/lib/learn_test/jasmine/jasmine.js:333:19)
	at clearStack (file:///Users/rachelk/.rvm/gems/ruby-2.2.1/gems/learn-test-1.2.25/lib/learn_test/jasmine/jasmine.js:506:11)
	at run (file:///Users/rachelk/.rvm/gems/ruby-2.2.1/gems/learn-test-1.2.25/lib/learn_test/jasmine/jasmine.js:1505:22)
	at execute (file:///Users/rachelk/.rvm/gems/ruby-2.2.1/gems/learn-test-1.2.25/lib/learn_test/jasmine/jasmine.js:1485:13)
	at queueRunnerFactory (file:///Users/rachelk/.rvm/gems/ruby-2.2.1/gems/learn-test-1.2.25/lib/learn_test/jasmine/jasmine.js:518:42)
	at execute (file:///Users/rachelk/.rvm/gems/ruby-2.2.1/gems/learn-test-1.2.25/lib/learn_test/jasmine/jasmine.js:306:28)
	at file:///Users/rachelk/.rvm/gems/ruby-2.2.1/gems/learn-test-1.2.25/lib/learn_test/jasmine/jasmine.js:1708:44
	at attemptAsync (file:///Users/rachelk/.rvm/gems/ruby-2.2.1/gems/learn-test-1.2.25/lib/learn_test/jasmine/jasmine.js:1520:16)
	at run (file:///Users/rachelk/.rvm/gems/ruby-2.2.1/gems/learn-test-1.2.25/lib/learn_test/jasmine/jasmine.js:1496:28)
	at next (file:///Users/rachelk/.rvm/gems/ruby-2.2.1/gems/learn-test-1.2.25/lib/learn_test/jasmine/jasmine.js:1517:40)
	at complete (file:///Users/rachelk/.rvm/gems/ruby-2.2.1/gems/learn-test-1.2.25/lib/learn_test/jasmine/jasmine.js:333:19)
	at clearStack (file:///Users/rachelk/.rvm/gems/ruby-2.2.1/gems/learn-test-1.2.25/lib/learn_test/jasmine/jasmine.js:506:11)
	at run (file:///Users/rachelk/.rvm/gems/ruby-2.2.1/gems/learn-test-1.2.25/lib/learn_test/jasmine/jasmine.js:1505:22)
	at execute (file:///Users/rachelk/.rvm/gems/ruby-2.2.1/gems/learn-test-1.2.25/lib/learn_test/jasmine/jasmine.js:1485:13)
	at queueRunnerFactory (file:///Users/rachelk/.rvm/gems/ruby-2.2.1/gems/learn-test-1.2.25/lib/learn_test/jasmine/jasmine.js:518:42)
	at execute (file:///Users/rachelk/.rvm/gems/ruby-2.2.1/gems/learn-test-1.2.25/lib/learn_test/jasmine/jasmine.js:306:28)
	at file:///Users/rachelk/.rvm/gems/ruby-2.2.1/gems/learn-test-1.2.25/lib/learn_test/jasmine/jasmine.js:1708:44
	at attemptAsync (file:///Users/rachelk/.rvm/gems/ruby-2.2.1/gems/learn-test-1.2.25/lib/learn_test/jasmine/jasmine.js:1520:16)
	at run (file:///Users/rachelk/.rvm/gems/ruby-2.2.1/gems/learn-test-1.2.25/lib/learn_test/jasmine/jasmine.js:1496:28)
	at execute (file:///Users/rachelk/.rvm/gems/ruby-2.2.1/gems/learn-test-1.2.25/lib/learn_test/jasmine/jasmine.js:1485:13)
	at queueRunnerFactory (file:///Users/rachelk/.rvm/gems/ruby-2.2.1/gems/learn-test-1.2.25/lib/learn_test/jasmine/jasmine.js:518:42)
	at execute (file:///Users/rachelk/.rvm/gems/ruby-2.2.1/gems/learn-test-1.2.25/lib/learn_test/jasmine/jasmine.js:1694:21)
	at file:///Users/rachelk/.rvm/gems/ruby-2.2.1/gems/learn-test-1.2.25/lib/learn_test/jasmine/jasmine.js:1708:44
	at attemptAsync (file:///Users/rachelk/.rvm/gems/ruby-2.2.1/gems/learn-test-1.2.25/lib/learn_test/jasmine/jasmine.js:1520:16)
	at run (file:///Users/rachelk/.rvm/gems/ruby-2.2.1/gems/learn-test-1.2.25/lib/learn_test/jasmine/jasmine.js:1496:28)
	at next (file:///Users/rachelk/.rvm/gems/ruby-2.2.1/gems/learn-test-1.2.25/lib/learn_test/jasmine/jasmine.js:1517:40)
	at complete (file:///Users/rachelk/.rvm/gems/ruby-2.2.1/gems/learn-test-1.2.25/lib/learn_test/jasmine/jasmine.js:1703:19)
	at clearStack (file:///Users/rachelk/.rvm/gems/ruby-2.2.1/gems/learn-test-1.2.25/lib/learn_test/jasmine/jasmine.js:506:11)
	at run (file:///Users/rachelk/.rvm/gems/ruby-2.2.1/gems/learn-test-1.2.25/lib/learn_test/jasmine/jasmine.js:1505:22)
	at next (file:///Users/rachelk/.rvm/gems/ruby-2.2.1/gems/learn-test-1.2.25/lib/learn_test/jasmine/jasmine.js:1517:40)
	at complete (file:///Users/rachelk/.rvm/gems/ruby-2.2.1/gems/learn-test-1.2.25/lib/learn_test/jasmine/jasmine.js:333:19)
	at clearStack (file:///Users/rachelk/.rvm/gems/ruby-2.2.1/gems/learn-test-1.2.25/lib/learn_test/jasmine/jasmine.js:506:11)
	at run (file:///Users/rachelk/.rvm/gems/ruby-2.2.1/gems/learn-test-1.2.25/lib/learn_test/jasmine/jasmine.js:1505:22)
	at execute (file:///Users/rachelk/.rvm/gems/ruby-2.2.1/gems/learn-test-1.2.25/lib/learn_test/jasmine/jasmine.js:1485:13)
	at queueRunnerFactory (file:///Users/rachelk/.rvm/gems/ruby-2.2.1/gems/learn-test-1.2.25/lib/learn_test/jasmine/jasmine.js:518:42)
	at execute (file:///Users/rachelk/.rvm/gems/ruby-2.2.1/gems/learn-test-1.2.25/lib/learn_test/jasmine/jasmine.js:306:28)
	at file:///Users/rachelk/.rvm/gems/ruby-2.2.1/gems/learn-test-1.2.25/lib/learn_test/jasmine/jasmine.js:1708:44
	at attemptAsync (file:///Users/rachelk/.rvm/gems/ruby-2.2.1/gems/learn-test-1.2.25/lib/learn_test/jasmine/jasmine.js:1520:16)
	at run (file:///Users/rachelk/.rvm/gems/ruby-2.2.1/gems/learn-test-1.2.25/lib/learn_test/jasmine/jasmine.js:1496:28)
	at next (file:///Users/rachelk/.rvm/gems/ruby-2.2.1/gems/learn-test-1.2.25/lib/learn_test/jasmine/jasmine.js:1517:40)
	at complete (file:///Users/rachelk/.rvm/gems/ruby-2.2.1/gems/learn-test-1.2.25/lib/learn_test/jasmine/jasmine.js:333:19)
	at clearStack (file:///Users/rachelk/.rvm/gems/ruby-2.2.1/gems/learn-test-1.2.25/lib/learn_test/jasmine/jasmine.js:506:11)
	at run (file:///Users/rachelk/.rvm/gems/ruby-2.2.1/gems/learn-test-1.2.25/lib/learn_test/jasmine/jasmine.js:1505:22)
	at execute (file:///Users/rachelk/.rvm/gems/ruby-2.2.1/gems/learn-test-1.2.25/lib/learn_test/jasmine/jasmine.js:1485:13)
	at queueRunnerFactory (file:///Users/rachelk/.rvm/gems/ruby-2.2.1/gems/learn-test-1.2.25/lib/learn_test/jasmine/jasmine.js:518:42)
	at execute (file:///Users/rachelk/.rvm/gems/ruby-2.2.1/gems/learn-test-1.2.25/lib/learn_test/jasmine/jasmine.js:306:28)
	at file:///Users/rachelk/.rvm/gems/ruby-2.2.1/gems/learn-test-1.2.25/lib/learn_test/jasmine/jasmine.js:1708:44
	at attemptAsync (file:///Users/rachelk/.rvm/gems/ruby-2.2.1/gems/learn-test-1.2.25/lib/learn_test/jasmine/jasmine.js:1520:16)
	at run (file:///Users/rachelk/.rvm/gems/ruby-2.2.1/gems/learn-test-1.2.25/lib/learn_test/jasmine/jasmine.js:1496:28)
	at next (file:///Users/rachelk/.rvm/gems/ruby-2.2.1/gems/learn-test-1.2.25/lib/learn_test/jasmine/jasmine.js:1517:40)
	at complete (file:///Users/rachelk/.rvm/gems/ruby-2.2.1/gems/learn-test-1.2.25/lib/learn_test/jasmine/jasmine.js:333:19)
	at clearStack (file:///Users/rachelk/.rvm/gems/ruby-2.2.1/gems/learn-test-1.2.25/lib/learn_test/jasmine/jasmine.js:506:11)
	at run (file:///Users/rachelk/.rvm/gems/ruby-2.2.1/gems/learn-test-1.2.25/lib/learn_test/jasmine/jasmine.js:1505:22)
	at execute (file:///Users/rachelk/.rvm/gems/ruby-2.2.1/gems/learn-test-1.2.25/lib/learn_test/jasmine/jasmine.js:1485:13)
	at queueRunnerFactory (file:///Users/rachelk/.rvm/gems/ruby-2.2.1/gems/learn-test-1.2.25/lib/learn_test/jasmine/jasmine.js:518:42)
	at execute (file:///Users/rachelk/.rvm/gems/ruby-2.2.1/gems/learn-test-1.2.25/lib/learn_test/jasmine/jasmine.js:306:28)
	at file:///Users/rachelk/.rvm/gems/ruby-2.2.1/gems/learn-test-1.2.25/lib/learn_test/jasmine/jasmine.js:1708:44
	at attemptAsync (file:///Users/rachelk/.rvm/gems/ruby-2.2.1/gems/learn-test-1.2.25/lib/learn_test/jasmine/jasmine.js:1520:16)
	at run (file:///Users/rachelk/.rvm/gems/ruby-2.2.1/gems/learn-test-1.2.25/lib/learn_test/jasmine/jasmine.js:1496:28)
	at next (file:///Users/rachelk/.rvm/gems/ruby-2.2.1/gems/learn-test-1.2.25/lib/learn_test/jasmine/jasmine.js:1517:40)
	at complete (file:///Users/rachelk/.rvm/gems/ruby-2.2.1/gems/learn-test-1.2.25/lib/learn_test/jasmine/jasmine.js:333:19)
	at clearStack (file:///Users/rachelk/.rvm/gems/ruby-2.2.1/gems/learn-test-1.2.25/lib/learn_test/jasmine/jasmine.js:506:11)
	at run (file:///Users/rachelk/.rvm/gems/ruby-2.2.1/gems/learn-test-1.2.25/lib/learn_test/jasmine/jasmine.js:1505:22)
	at execute (file:///Users/rachelk/.rvm/gems/ruby-2.2.1/gems/learn-test-1.2.25/lib/learn_test/jasmine/jasmine.js:1485:13)
	at queueRunnerFactory (file:///Users/rachelk/.rvm/gems/ruby-2.2.1/gems/learn-test-1.2.25/lib/learn_test/jasmine/jasmine.js:518:42)
	at execute (file:///Users/rachelk/.rvm/gems/ruby-2.2.1/gems/learn-test-1.2.25/lib/learn_test/jasmine/jasmine.js:306:28)
	at file:///Users/rachelk/.rvm/gems/ruby-2.2.1/gems/learn-test-1.2.25/lib/learn_test/jasmine/jasmine.js:1708:44
	at attemptAsync (file:///Users/rachelk/.rvm/gems/ruby-2.2.1/gems/learn-test-1.2.25/lib/learn_test/jasmine/jasmine.js:1520:16)
	at run (file:///Users/rachelk/.rvm/gems/ruby-2.2.1/gems/learn-test-1.2.25/lib/learn_test/jasmine/jasmine.js:1496:28)
	at next (file:///Users/rachelk/.rvm/gems/ruby-2.2.1/gems/learn-test-1.2.25/lib/learn_test/jasmine/jasmine.js:1517:40)
	at complete (file:///Users/rachelk/.rvm/gems/ruby-2.2.1/gems/learn-test-1.2.25/lib/learn_test/jasmine/jasmine.js:333:19)
	at clearStack (file:///Users/rachelk/.rvm/gems/ruby-2.2.1/gems/learn-test-1.2.25/lib/learn_test/jasmine/jasmine.js:506:11)
	at run (file:///Users/rachelk/.rvm/gems/ruby-2.2.1/gems/learn-test-1.2.25/lib/learn_test/jasmine/jasmine.js:1505:22)
	at execute (file:///Users/rachelk/.rvm/gems/ruby-2.2.1/gems/learn-test-1.2.25/lib/learn_test/jasmine/jasmine.js:1485:13)
	at queueRunnerFactory (file:///Users/rachelk/.rvm/gems/ruby-2.2.1/gems/learn-test-1.2.25/lib/learn_test/jasmine/jasmine.js:518:42)
	at execute (file:///Users/rachelk/.rvm/gems/ruby-2.2.1/gems/learn-test-1.2.25/lib/learn_test/jasmine/jasmine.js:306:28)
	at file:///Users/rachelk/.rvm/gems/ruby-2.2.1/gems/learn-test-1.2.25/lib/learn_test/jasmine/jasmine.js:1708:44
	at attemptAsync (file:///Users/rachelk/.rvm/gems/ruby-2.2.1/gems/learn-test-1.2.25/lib/learn_test/jasmine/jasmine.js:1520:16)
	at run (file:///Users/rachelk/.rvm/gems/ruby-2.2.1/gems/learn-test-1.2.25/lib/learn_test/jasmine/jasmine.js:1496:28)
	at next (file:///Users/rachelk/.rvm/gems/ruby-2.2.1/gems/learn-test-1.2.25/lib/learn_test/jasmine/jasmine.js:1517:40)
	at complete (file:///Users/rachelk/.rvm/gems/ruby-2.2.1/gems/learn-test-1.2.25/lib/learn_test/jasmine/jasmine.js:333:19)
	at clearStack (file:///Users/rachelk/.rvm/gems/ruby-2.2.1/gems/learn-test-1.2.25/lib/learn_test/jasmine/jasmine.js:506:11)
	at run (file:///Users/rachelk/.rvm/gems/ruby-2.2.1/gems/learn-test-1.2.25/lib/learn_test/jasmine/jasmine.js:1505:22)
	at execute (file:///Users/rachelk/.rvm/gems/ruby-2.2.1/gems/learn-test-1.2.25/lib/learn_test/jasmine/jasmine.js:1485:13)
	at queueRunnerFactory (file:///Users/rachelk/.rvm/gems/ruby-2.2.1/gems/learn-test-1.2.25/lib/learn_test/jasmine/jasmine.js:518:42)
	at execute (file:///Users/rachelk/.rvm/gems/ruby-2.2.1/gems/learn-test-1.2.25/lib/learn_test/jasmine/jasmine.js:306:28)
	at file:///Users/rachelk/.rvm/gems/ruby-2.2.1/gems/learn-test-1.2.25/lib/learn_test/jasmine/jasmine.js:1708:44
	at attemptAsync (file:///Users/rachelk/.rvm/gems/ruby-2.2.1/gems/learn-test-1.2.25/lib/learn_test/jasmine/jasmine.js:1520:16)
	at run (file:///Users/rachelk/.rvm/gems/ruby-2.2.1/gems/learn-test-1.2.25/lib/learn_test/jasmine/jasmine.js:1496:28)
	at next (file:///Users/rachelk/.rvm/gems/ruby-2.2.1/gems/learn-test-1.2.25/lib/learn_test/jasmine/jasmine.js:1517:40)
	at complete (file:///Users/rachelk/.rvm/gems/ruby-2.2.1/gems/learn-test-1.2.25/lib/learn_test/jasmine/jasmine.js:333:19)
	at clearStack (file:///Users/rachelk/.rvm/gems/ruby-2.2.1/gems/learn-test-1.2.25/lib/learn_test/jasmine/jasmine.js:506:11)
	at run (file:///Users/rachelk/.rvm/gems/ruby-2.2.1/gems/learn-test-1.2.25/lib/learn_test/jasmine/jasmine.js:1505:22)
	at execute (file:///Users/rachelk/.rvm/gems/ruby-2.2.1/gems/learn-test-1.2.25/lib/learn_test/jasmine/jasmine.js:1485:13)
	at queueRunnerFactory (file:///Users/rachelk/.rvm/gems/ruby-2.2.1/gems/learn-test-1.2.25/lib/learn_test/jasmine/jasmine.js:518:42)
	at execute (file:///Users/rachelk/.rvm/gems/ruby-2.2.1/gems/learn-test-1.2.25/lib/learn_test/jasmine/jasmine.js:306:28)
	at file:///Users/rachelk/.rvm/gems/ruby-2.2.1/gems/learn-test-1.2.25/lib/learn_test/jasmine/jasmine.js:1708:44
	at attemptAsync (file:///Users/rachelk/.rvm/gems/ruby-2.2.1/gems/learn-test-1.2.25/lib/learn_test/jasmine/jasmine.js:1520:16)
	at run (file:///Users/rachelk/.rvm/gems/ruby-2.2.1/gems/learn-test-1.2.25/lib/learn_test/jasmine/jasmine.js:1496:28)
	at execute (file:///Users/rachelk/.rvm/gems/ruby-2.2.1/gems/learn-test-1.2.25/lib/learn_test/jasmine/jasmine.js:1485:13)
	at queueRunnerFactory (file:///Users/rachelk/.rvm/gems/ruby-2.2.1/gems/learn-test-1.2.25/lib/learn_test/jasmine/jasmine.js:518:42)
	at execute (file:///Users/rachelk/.rvm/gems/ruby-2.2.1/gems/learn-test-1.2.25/lib/learn_test/jasmine/jasmine.js:1694:21)
	at file:///Users/rachelk/.rvm/gems/ruby-2.2.1/gems/learn-test-1.2.25/lib/learn_test/jasmine/jasmine.js:1708:44
	at attemptAsync (file:///Users/rachelk/.rvm/gems/ruby-2.2.1/gems/learn-test-1.2.25/lib/learn_test/jasmine/jasmine.js:1520:16)
	at run (file:///Users/rachelk/.rvm/gems/ruby-2.2.1/gems/learn-test-1.2.25/lib/learn_test/jasmine/jasmine.js:1496:28)
	at next (file:///Users/rachelk/.rvm/gems/ruby-2.2.1/gems/learn-test-1.2.25/lib/learn_test/jasmine/jasmine.js:1517:40)
	at complete (file:///Users/rachelk/.rvm/gems/ruby-2.2.1/gems/learn-test-1.2.25/lib/learn_test/jasmine/jasmine.js:1703:19)
	at clearStack (file:///Users/rachelk/.rvm/gems/ruby-2.2.1/gems/learn-test-1.2.25/lib/learn_test/jasmine/jasmine.js:506:11)
	at run (file:///Users/rachelk/.rvm/gems/ruby-2.2.1/gems/learn-test-1.2.25/lib/learn_test/jasmine/jasmine.js:1505:22)
	at next (file:///Users/rachelk/.rvm/gems/ruby-2.2.1/gems/learn-test-1.2.25/lib/learn_test/jasmine/jasmine.js:1517:40)
	at complete (file:///Users/rachelk/.rvm/gems/ruby-2.2.1/gems/learn-test-1.2.25/lib/learn_test/jasmine/jasmine.js:333:19)
	at clearStack (file:///Users/rachelk/.rvm/gems/ruby-2.2.1/gems/learn-test-1.2.25/lib/learn_test/jasmine/jasmine.js:506:11)
	at run (file:///Users/rachelk/.rvm/gems/ruby-2.2.1/gems/learn-test-1.2.25/lib/learn_test/jasmine/jasmine.js:1505:22)
	at execute (file:///Users/rachelk/.rvm/gems/ruby-2.2.1/gems/learn-test-1.2.25/lib/learn_test/jasmine/jasmine.js:1485:13)
	at queueRunnerFactory (file:///Users/rachelk/.rvm/gems/ruby-2.2.1/gems/learn-test-1.2.25/lib/learn_test/jasmine/jasmine.js:518:42)
	at execute (file:///Users/rachelk/.rvm/gems/ruby-2.2.1/gems/learn-test-1.2.25/lib/learn_test/jasmine/jasmine.js:306:28)
	at file:///Users/rachelk/.rvm/gems/ruby-2.2.1/gems/learn-test-1.2.25/lib/learn_test/jasmine/jasmine.js:1708:44
	at attemptAsync (file:///Users/rachelk/.rvm/gems/ruby-2.2.1/gems/learn-test-1.2.25/lib/learn_test/jasmine/jasmine.js:1520:16)
	at run (file:///Users/rachelk/.rvm/gems/ruby-2.2.1/gems/learn-test-1.2.25/lib/learn_test/jasmine/jasmine.js:1496:28)
	at next (file:///Users/rachelk/.rvm/gems/ruby-2.2.1/gems/learn-test-1.2.25/lib/learn_test/jasmine/jasmine.js:1517:40)
	at complete (file:///Users/rachelk/.rvm/gems/ruby-2.2.1/gems/learn-test-1.2.25/lib/learn_test/jasmine/jasmine.js:333:19)
	at clearStack (file:///Users/rachelk/.rvm/gems/ruby-2.2.1/gems/learn-test-1.2.25/lib/learn_test/jasmine/jasmine.js:506:11)
	at run (file:///Users/rachelk/.rvm/gems/ruby-2.2.1/gems/learn-test-1.2.25/lib/learn_test/jasmine/jasmine.js:1505:22)
	at execute (file:///Users/rachelk/.rvm/gems/ruby-2.2.1/gems/learn-test-1.2.25/lib/learn_test/jasmine/jasmine.js:1485:13)
	at queueRunnerFactory (file:///Users/rachelk/.rvm/gems/ruby-2.2.1/gems/learn-test-1.2.25/lib/learn_test/jasmine/jasmine.js:518:42)
	at execute (file:///Users/rachelk/.rvm/gems/ruby-2.2.1/gems/learn-test-1.2.25/lib/learn_test/jasmine/jasmine.js:306:28)
	at file:///Users/rachelk/.rvm/gems/ruby-2.2.1/gems/learn-test-1.2.25/lib/learn_test/jasmine/jasmine.js:1708:44
	at attemptAsync (file:///Users/rachelk/.rvm/gems/ruby-2.2.1/gems/learn-test-1.2.25/lib/learn_test/jasmine/jasmine.js:1520:16)
	at run (file:///Users/rachelk/.rvm/gems/ruby-2.2.1/gems/learn-test-1.2.25/lib/learn_test/jasmine/jasmine.js:1496:28)
	at next (file:///Users/rachelk/.rvm/gems/ruby-2.2.1/gems/learn-test-1.2.25/lib/learn_test/jasmine/jasmine.js:1517:40)
	at complete (file:///Users/rachelk/.rvm/gems/ruby-2.2.1/gems/learn-test-1.2.25/lib/learn_test/jasmine/jasmine.js:333:19)
	at clearStack (file:///Users/rachelk/.rvm/gems/ruby-2.2.1/gems/learn-test-1.2.25/lib/learn_test/jasmine/jasmine.js:506:11)
	at run (file:///Users/rachelk/.rvm/gems/ruby-2.2.1/gems/learn-test-1.2.25/lib/learn_test/jasmine/jasmine.js:1505:22)
	at execute (file:///Users/rachelk/.rvm/gems/ruby-2.2.1/gems/learn-test-1.2.25/lib/learn_test/jasmine/jasmine.js:1485:13)
	at queueRunnerFactory (file:///Users/rachelk/.rvm/gems/ruby-2.2.1/gems/learn-test-1.2.25/lib/learn_test/jasmine/jasmine.js:518:42)
	at execute (file:///Users/rachelk/.rvm/gems/ruby-2.2.1/gems/learn-test-1.2.25/lib/learn_test/jasmine/jasmine.js:306:28)
	at file:///Users/rachelk/.rvm/gems/ruby-2.2.1/gems/learn-test-1.2.25/lib/learn_test/jasmine/jasmine.js:1708:44
	at attemptAsync (file:///Users/rachelk/.rvm/gems/ruby-2.2.1/gems/learn-test-1.2.25/lib/learn_test/jasmine/jasmine.js:1520:16)
	at run (file:///Users/rachelk/.rvm/gems/ruby-2.2.1/gems/learn-test-1.2.25/lib/learn_test/jasmine/jasmine.js:1496:28)
	at execute (file:///Users/rachelk/.rvm/gems/ruby-2.2.1/gems/learn-test-1.2.25/lib/learn_test/jasmine/jasmine.js:1485:13)
	at queueRunnerFactory (file:///Users/rachelk/.rvm/gems/ruby-2.2.1/gems/learn-test-1.2.25/lib/learn_test/jasmine/jasmine.js:518:42)
	at execute (file:///Users/rachelk/.rvm/gems/ruby-2.2.1/gems/learn-test-1.2.25/lib/learn_test/jasmine/jasmine.js:1694:21)
	at file:///Users/rachelk/.rvm/gems/ruby-2.2.1/gems/learn-test-1.2.25/lib/learn_test/jasmine/jasmine.js:1708:44
	at attemptAsync (file:///Users/rachelk/.rvm/gems/ruby-2.2.1/gems/learn-test-1.2.25/lib/learn_test/jasmine/jasmine.js:1520:16)
	at run (file:///Users/rachelk/.rvm/gems/ruby-2.2.1/gems/learn-test-1.2.25/lib/learn_test/jasmine/jasmine.js:1496:28)
	at execute (file:///Users/rachelk/.rvm/gems/ruby-2.2.1/gems/learn-test-1.2.25/lib/learn_test/jasmine/jasmine.js:1485:13)
	at queueRunnerFactory (file:///Users/rachelk/.rvm/gems/ruby-2.2.1/gems/learn-test-1.2.25/lib/learn_test/jasmine/jasmine.js:518:42)
	at execute (file:///Users/rachelk/.rvm/gems/ruby-2.2.1/gems/learn-test-1.2.25/lib/learn_test/jasmine/jasmine.js:1694:21)
	at file:///Users/rachelk/.rvm/gems/ruby-2.2.1/gems/learn-test-1.2.25/lib/learn_test/jasmine/jasmine.js:541:83
	at attemptAsync (file:///Users/rachelk/.rvm/gems/ruby-2.2.1/gems/learn-test-1.2.25/lib/learn_test/jasmine/jasmine.js:1520:16)
	at run (file:///Users/rachelk/.rvm/gems/ruby-2.2.1/gems/learn-test-1.2.25/lib/learn_test/jasmine/jasmine.js:1496:28)
	at execute (file:///Users/rachelk/.rvm/gems/ruby-2.2.1/gems/learn-test-1.2.25/lib/learn_test/jasmine/jasmine.js:1485:13)
	at queueRunnerFactory (file:///Users/rachelk/.rvm/gems/ruby-2.2.1/gems/learn-test-1.2.25/lib/learn_test/jasmine/jasmine.js:518:42)
	at execute (file:///Users/rachelk/.rvm/gems/ruby-2.2.1/gems/learn-test-1.2.25/lib/learn_test/jasmine/jasmine.js:548:25)
	at onload (file:///Users/rachelk/.rvm/gems/ruby-2.2.1/gems/learn-test-1.2.25/lib/learn_test/jasmine/boot.js:172:16)			</failure>
			<failure type="" message="TypeError: undefined is not an object (evaluating &amp;apos;katie.setsInvisibility&amp;apos;) in file:///Users/rachelk/Dropbox/Development/Javascript/space-invaders-v-000/spec/space-invaders-spec.js (line 96)">
	at file:///Users/rachelk/Dropbox/Development/Javascript/space-invaders-v-000/spec/space-invaders-spec.js:96:10
	at attemptSync (file:///Users/rachelk/.rvm/gems/ruby-2.2.1/gems/learn-test-1.2.25/lib/learn_test/jasmine/jasmine.js:1510:16)
	at run (file:///Users/rachelk/.rvm/gems/ruby-2.2.1/gems/learn-test-1.2.25/lib/learn_test/jasmine/jasmine.js:1498:20)
	at execute (file:///Users/rachelk/.rvm/gems/ruby-2.2.1/gems/learn-test-1.2.25/lib/learn_test/jasmine/jasmine.js:1485:13)
	at queueRunnerFactory (file:///Users/rachelk/.rvm/gems/ruby-2.2.1/gems/learn-test-1.2.25/lib/learn_test/jasmine/jasmine.js:518:42)
	at execute (file:///Users/rachelk/.rvm/gems/ruby-2.2.1/gems/learn-test-1.2.25/lib/learn_test/jasmine/jasmine.js:306:28)
	at file:///Users/rachelk/.rvm/gems/ruby-2.2.1/gems/learn-test-1.2.25/lib/learn_test/jasmine/jasmine.js:1708:44
	at attemptAsync (file:///Users/rachelk/.rvm/gems/ruby-2.2.1/gems/learn-test-1.2.25/lib/learn_test/jasmine/jasmine.js:1520:16)
	at run (file:///Users/rachelk/.rvm/gems/ruby-2.2.1/gems/learn-test-1.2.25/lib/learn_test/jasmine/jasmine.js:1496:28)
	at next (file:///Users/rachelk/.rvm/gems/ruby-2.2.1/gems/learn-test-1.2.25/lib/learn_test/jasmine/jasmine.js:1517:40)
	at complete (file:///Users/rachelk/.rvm/gems/ruby-2.2.1/gems/learn-test-1.2.25/lib/learn_test/jasmine/jasmine.js:333:19)
	at clearStack (file:///Users/rachelk/.rvm/gems/ruby-2.2.1/gems/learn-test-1.2.25/lib/learn_test/jasmine/jasmine.js:506:11)
	at run (file:///Users/rachelk/.rvm/gems/ruby-2.2.1/gems/learn-test-1.2.25/lib/learn_test/jasmine/jasmine.js:1505:22)
	at execute (file:///Users/rachelk/.rvm/gems/ruby-2.2.1/gems/learn-test-1.2.25/lib/learn_test/jasmine/jasmine.js:1485:13)
	at queueRunnerFactory (file:///Users/rachelk/.rvm/gems/ruby-2.2.1/gems/learn-test-1.2.25/lib/learn_test/jasmine/jasmine.js:518:42)
	at execute (file:///Users/rachelk/.rvm/gems/ruby-2.2.1/gems/learn-test-1.2.25/lib/learn_test/jasmine/jasmine.js:306:28)
	at file:///Users/rachelk/.rvm/gems/ruby-2.2.1/gems/learn-test-1.2.25/lib/learn_test/jasmine/jasmine.js:1708:44
	at attemptAsync (file:///Users/rachelk/.rvm/gems/ruby-2.2.1/gems/learn-test-1.2.25/lib/learn_test/jasmine/jasmine.js:1520:16)
	at run (file:///Users/rachelk/.rvm/gems/ruby-2.2.1/gems/learn-test-1.2.25/lib/learn_test/jasmine/jasmine.js:1496:28)
	at next (file:///Users/rachelk/.rvm/gems/ruby-2.2.1/gems/learn-test-1.2.25/lib/learn_test/jasmine/jasmine.js:1517:40)
	at complete (file:///Users/rachelk/.rvm/gems/ruby-2.2.1/gems/learn-test-1.2.25/lib/learn_test/jasmine/jasmine.js:333:19)
	at clearStack (file:///Users/rachelk/.rvm/gems/ruby-2.2.1/gems/learn-test-1.2.25/lib/learn_test/jasmine/jasmine.js:506:11)
	at run (file:///Users/rachelk/.rvm/gems/ruby-2.2.1/gems/learn-test-1.2.25/lib/learn_test/jasmine/jasmine.js:1505:22)
	at execute (file:///Users/rachelk/.rvm/gems/ruby-2.2.1/gems/learn-test-1.2.25/lib/learn_test/jasmine/jasmine.js:1485:13)
	at queueRunnerFactory (file:///Users/rachelk/.rvm/gems/ruby-2.2.1/gems/learn-test-1.2.25/lib/learn_test/jasmine/jasmine.js:518:42)
	at execute (file:///Users/rachelk/.rvm/gems/ruby-2.2.1/gems/learn-test-1.2.25/lib/learn_test/jasmine/jasmine.js:306:28)
	at file:///Users/rachelk/.rvm/gems/ruby-2.2.1/gems/learn-test-1.2.25/lib/learn_test/jasmine/jasmine.js:1708:44
	at attemptAsync (file:///Users/rachelk/.rvm/gems/ruby-2.2.1/gems/learn-test-1.2.25/lib/learn_test/jasmine/jasmine.js:1520:16)
	at run (file:///Users/rachelk/.rvm/gems/ruby-2.2.1/gems/learn-test-1.2.25/lib/learn_test/jasmine/jasmine.js:1496:28)
	at next (file:///Users/rachelk/.rvm/gems/ruby-2.2.1/gems/learn-test-1.2.25/lib/learn_test/jasmine/jasmine.js:1517:40)
	at complete (file:///Users/rachelk/.rvm/gems/ruby-2.2.1/gems/learn-test-1.2.25/lib/learn_test/jasmine/jasmine.js:333:19)
	at clearStack (file:///Users/rachelk/.rvm/gems/ruby-2.2.1/gems/learn-test-1.2.25/lib/learn_test/jasmine/jasmine.js:506:11)
	at run (file:///Users/rachelk/.rvm/gems/ruby-2.2.1/gems/learn-test-1.2.25/lib/learn_test/jasmine/jasmine.js:1505:22)
	at execute (file:///Users/rachelk/.rvm/gems/ruby-2.2.1/gems/learn-test-1.2.25/lib/learn_test/jasmine/jasmine.js:1485:13)
	at queueRunnerFactory (file:///Users/rachelk/.rvm/gems/ruby-2.2.1/gems/learn-test-1.2.25/lib/learn_test/jasmine/jasmine.js:518:42)
	at execute (file:///Users/rachelk/.rvm/gems/ruby-2.2.1/gems/learn-test-1.2.25/lib/learn_test/jasmine/jasmine.js:306:28)
	at file:///Users/rachelk/.rvm/gems/ruby-2.2.1/gems/learn-test-1.2.25/lib/learn_test/jasmine/jasmine.js:1708:44
	at attemptAsync (file:///Users/rachelk/.rvm/gems/ruby-2.2.1/gems/learn-test-1.2.25/lib/learn_test/jasmine/jasmine.js:1520:16)
	at run (file:///Users/rachelk/.rvm/gems/ruby-2.2.1/gems/learn-test-1.2.25/lib/learn_test/jasmine/jasmine.js:1496:28)
	at next (file:///Users/rachelk/.rvm/gems/ruby-2.2.1/gems/learn-test-1.2.25/lib/learn_test/jasmine/jasmine.js:1517:40)
	at complete (file:///Users/rachelk/.rvm/gems/ruby-2.2.1/gems/learn-test-1.2.25/lib/learn_test/jasmine/jasmine.js:333:19)
	at clearStack (file:///Users/rachelk/.rvm/gems/ruby-2.2.1/gems/learn-test-1.2.25/lib/learn_test/jasmine/jasmine.js:506:11)
	at run (file:///Users/rachelk/.rvm/gems/ruby-2.2.1/gems/learn-test-1.2.25/lib/learn_test/jasmine/jasmine.js:1505:22)
	at execute (file:///Users/rachelk/.rvm/gems/ruby-2.2.1/gems/learn-test-1.2.25/lib/learn_test/jasmine/jasmine.js:1485:13)
	at queueRunnerFactory (file:///Users/rachelk/.rvm/gems/ruby-2.2.1/gems/learn-test-1.2.25/lib/learn_test/jasmine/jasmine.js:518:42)
	at execute (file:///Users/rachelk/.rvm/gems/ruby-2.2.1/gems/learn-test-1.2.25/lib/learn_test/jasmine/jasmine.js:306:28)
	at file:///Users/rachelk/.rvm/gems/ruby-2.2.1/gems/learn-test-1.2.25/lib/learn_test/jasmine/jasmine.js:1708:44
	at attemptAsync (file:///Users/rachelk/.rvm/gems/ruby-2.2.1/gems/learn-test-1.2.25/lib/learn_test/jasmine/jasmine.js:1520:16)
	at run (file:///Users/rachelk/.rvm/gems/ruby-2.2.1/gems/learn-test-1.2.25/lib/learn_test/jasmine/jasmine.js:1496:28)
	at execute (file:///Users/rachelk/.rvm/gems/ruby-2.2.1/gems/learn-test-1.2.25/lib/learn_test/jasmine/jasmine.js:1485:13)
	at queueRunnerFactory (file:///Users/rachelk/.rvm/gems/ruby-2.2.1/gems/learn-test-1.2.25/lib/learn_test/jasmine/jasmine.js:518:42)
	at execute (file:///Users/rachelk/.rvm/gems/ruby-2.2.1/gems/learn-test-1.2.25/lib/learn_test/jasmine/jasmine.js:1694:21)
	at file:///Users/rachelk/.rvm/gems/ruby-2.2.1/gems/learn-test-1.2.25/lib/learn_test/jasmine/jasmine.js:1708:44
	at attemptAsync (file:///Users/rachelk/.rvm/gems/ruby-2.2.1/gems/learn-test-1.2.25/lib/learn_test/jasmine/jasmine.js:1520:16)
	at run (file:///Users/rachelk/.rvm/gems/ruby-2.2.1/gems/learn-test-1.2.25/lib/learn_test/jasmine/jasmine.js:1496:28)
	at next (file:///Users/rachelk/.rvm/gems/ruby-2.2.1/gems/learn-test-1.2.25/lib/learn_test/jasmine/jasmine.js:1517:40)
	at complete (file:///Users/rachelk/.rvm/gems/ruby-2.2.1/gems/learn-test-1.2.25/lib/learn_test/jasmine/jasmine.js:1703:19)
	at clearStack (file:///Users/rachelk/.rvm/gems/ruby-2.2.1/gems/learn-test-1.2.25/lib/learn_test/jasmine/jasmine.js:506:11)
	at run (file:///Users/rachelk/.rvm/gems/ruby-2.2.1/gems/learn-test-1.2.25/lib/learn_test/jasmine/jasmine.js:1505:22)
	at next (file:///Users/rachelk/.rvm/gems/ruby-2.2.1/gems/learn-test-1.2.25/lib/learn_test/jasmine/jasmine.js:1517:40)
	at complete (file:///Users/rachelk/.rvm/gems/ruby-2.2.1/gems/learn-test-1.2.25/lib/learn_test/jasmine/jasmine.js:333:19)
	at clearStack (file:///Users/rachelk/.rvm/gems/ruby-2.2.1/gems/learn-test-1.2.25/lib/learn_test/jasmine/jasmine.js:506:11)
	at run (file:///Users/rachelk/.rvm/gems/ruby-2.2.1/gems/learn-test-1.2.25/lib/learn_test/jasmine/jasmine.js:1505:22)
	at execute (file:///Users/rachelk/.rvm/gems/ruby-2.2.1/gems/learn-test-1.2.25/lib/learn_test/jasmine/jasmine.js:1485:13)
	at queueRunnerFactory (file:///Users/rachelk/.rvm/gems/ruby-2.2.1/gems/learn-test-1.2.25/lib/learn_test/jasmine/jasmine.js:518:42)
	at execute (file:///Users/rachelk/.rvm/gems/ruby-2.2.1/gems/learn-test-1.2.25/lib/learn_test/jasmine/jasmine.js:306:28)
	at file:///Users/rachelk/.rvm/gems/ruby-2.2.1/gems/learn-test-1.2.25/lib/learn_test/jasmine/jasmine.js:1708:44
	at attemptAsync (file:///Users/rachelk/.rvm/gems/ruby-2.2.1/gems/learn-test-1.2.25/lib/learn_test/jasmine/jasmine.js:1520:16)
	at run (file:///Users/rachelk/.rvm/gems/ruby-2.2.1/gems/learn-test-1.2.25/lib/learn_test/jasmine/jasmine.js:1496:28)
	at next (file:///Users/rachelk/.rvm/gems/ruby-2.2.1/gems/learn-test-1.2.25/lib/learn_test/jasmine/jasmine.js:1517:40)
	at complete (file:///Users/rachelk/.rvm/gems/ruby-2.2.1/gems/learn-test-1.2.25/lib/learn_test/jasmine/jasmine.js:333:19)
	at clearStack (file:///Users/rachelk/.rvm/gems/ruby-2.2.1/gems/learn-test-1.2.25/lib/learn_test/jasmine/jasmine.js:506:11)
	at run (file:///Users/rachelk/.rvm/gems/ruby-2.2.1/gems/learn-test-1.2.25/lib/learn_test/jasmine/jasmine.js:1505:22)
	at execute (file:///Users/rachelk/.rvm/gems/ruby-2.2.1/gems/learn-test-1.2.25/lib/learn_test/jasmine/jasmine.js:1485:13)
	at queueRunnerFactory (file:///Users/rachelk/.rvm/gems/ruby-2.2.1/gems/learn-test-1.2.25/lib/learn_test/jasmine/jasmine.js:518:42)
	at execute (file:///Users/rachelk/.rvm/gems/ruby-2.2.1/gems/learn-test-1.2.25/lib/learn_test/jasmine/jasmine.js:306:28)
	at file:///Users/rachelk/.rvm/gems/ruby-2.2.1/gems/learn-test-1.2.25/lib/learn_test/jasmine/jasmine.js:1708:44
	at attemptAsync (file:///Users/rachelk/.rvm/gems/ruby-2.2.1/gems/learn-test-1.2.25/lib/learn_test/jasmine/jasmine.js:1520:16)
	at run (file:///Users/rachelk/.rvm/gems/ruby-2.2.1/gems/learn-test-1.2.25/lib/learn_test/jasmine/jasmine.js:1496:28)
	at next (file:///Users/rachelk/.rvm/gems/ruby-2.2.1/gems/learn-test-1.2.25/lib/learn_test/jasmine/jasmine.js:1517:40)
	at complete (file:///Users/rachelk/.rvm/gems/ruby-2.2.1/gems/learn-test-1.2.25/lib/learn_test/jasmine/jasmine.js:333:19)
	at clearStack (file:///Users/rachelk/.rvm/gems/ruby-2.2.1/gems/learn-test-1.2.25/lib/learn_test/jasmine/jasmine.js:506:11)
	at run (file:///Users/rachelk/.rvm/gems/ruby-2.2.1/gems/learn-test-1.2.25/lib/learn_test/jasmine/jasmine.js:1505:22)
	at execute (file:///Users/rachelk/.rvm/gems/ruby-2.2.1/gems/learn-test-1.2.25/lib/learn_test/jasmine/jasmine.js:1485:13)
	at queueRunnerFactory (file:///Users/rachelk/.rvm/gems/ruby-2.2.1/gems/learn-test-1.2.25/lib/learn_test/jasmine/jasmine.js:518:42)
	at execute (file:///Users/rachelk/.rvm/gems/ruby-2.2.1/gems/learn-test-1.2.25/lib/learn_test/jasmine/jasmine.js:306:28)
	at file:///Users/rachelk/.rvm/gems/ruby-2.2.1/gems/learn-test-1.2.25/lib/learn_test/jasmine/jasmine.js:1708:44
	at attemptAsync (file:///Users/rachelk/.rvm/gems/ruby-2.2.1/gems/learn-test-1.2.25/lib/learn_test/jasmine/jasmine.js:1520:16)
	at run (file:///Users/rachelk/.rvm/gems/ruby-2.2.1/gems/learn-test-1.2.25/lib/learn_test/jasmine/jasmine.js:1496:28)
	at next (file:///Users/rachelk/.rvm/gems/ruby-2.2.1/gems/learn-test-1.2.25/lib/learn_test/jasmine/jasmine.js:1517:40)
	at complete (file:///Users/rachelk/.rvm/gems/ruby-2.2.1/gems/learn-test-1.2.25/lib/learn_test/jasmine/jasmine.js:333:19)
	at clearStack (file:///Users/rachelk/.rvm/gems/ruby-2.2.1/gems/learn-test-1.2.25/lib/learn_test/jasmine/jasmine.js:506:11)
	at run (file:///Users/rachelk/.rvm/gems/ruby-2.2.1/gems/learn-test-1.2.25/lib/learn_test/jasmine/jasmine.js:1505:22)
	at execute (file:///Users/rachelk/.rvm/gems/ruby-2.2.1/gems/learn-test-1.2.25/lib/learn_test/jasmine/jasmine.js:1485:13)
	at queueRunnerFactory (file:///Users/rachelk/.rvm/gems/ruby-2.2.1/gems/learn-test-1.2.25/lib/learn_test/jasmine/jasmine.js:518:42)
	at execute (file:///Users/rachelk/.rvm/gems/ruby-2.2.1/gems/learn-test-1.2.25/lib/learn_test/jasmine/jasmine.js:306:28)
	at file:///Users/rachelk/.rvm/gems/ruby-2.2.1/gems/learn-test-1.2.25/lib/learn_test/jasmine/jasmine.js:1708:44
	at attemptAsync (file:///Users/rachelk/.rvm/gems/ruby-2.2.1/gems/learn-test-1.2.25/lib/learn_test/jasmine/jasmine.js:1520:16)
	at run (file:///Users/rachelk/.rvm/gems/ruby-2.2.1/gems/learn-test-1.2.25/lib/learn_test/jasmine/jasmine.js:1496:28)
	at next (file:///Users/rachelk/.rvm/gems/ruby-2.2.1/gems/learn-test-1.2.25/lib/learn_test/jasmine/jasmine.js:1517:40)
	at complete (file:///Users/rachelk/.rvm/gems/ruby-2.2.1/gems/learn-test-1.2.25/lib/learn_test/jasmine/jasmine.js:333:19)
	at clearStack (file:///Users/rachelk/.rvm/gems/ruby-2.2.1/gems/learn-test-1.2.25/lib/learn_test/jasmine/jasmine.js:506:11)
	at run (file:///Users/rachelk/.rvm/gems/ruby-2.2.1/gems/learn-test-1.2.25/lib/learn_test/jasmine/jasmine.js:1505:22)
	at execute (file:///Users/rachelk/.rvm/gems/ruby-2.2.1/gems/learn-test-1.2.25/lib/learn_test/jasmine/jasmine.js:1485:13)
	at queueRunnerFactory (file:///Users/rachelk/.rvm/gems/ruby-2.2.1/gems/learn-test-1.2.25/lib/learn_test/jasmine/jasmine.js:518:42)
	at execute (file:///Users/rachelk/.rvm/gems/ruby-2.2.1/gems/learn-test-1.2.25/lib/learn_test/jasmine/jasmine.js:306:28)
	at file:///Users/rachelk/.rvm/gems/ruby-2.2.1/gems/learn-test-1.2.25/lib/learn_test/jasmine/jasmine.js:1708:44
	at attemptAsync (file:///Users/rachelk/.rvm/gems/ruby-2.2.1/gems/learn-test-1.2.25/lib/learn_test/jasmine/jasmine.js:1520:16)
	at run (file:///Users/rachelk/.rvm/gems/ruby-2.2.1/gems/learn-test-1.2.25/lib/learn_test/jasmine/jasmine.js:1496:28)
	at next (file:///Users/rachelk/.rvm/gems/ruby-2.2.1/gems/learn-test-1.2.25/lib/learn_test/jasmine/jasmine.js:1517:40)
	at complete (file:///Users/rachelk/.rvm/gems/ruby-2.2.1/gems/learn-test-1.2.25/lib/learn_test/jasmine/jasmine.js:333:19)
	at clearStack (file:///Users/rachelk/.rvm/gems/ruby-2.2.1/gems/learn-test-1.2.25/lib/learn_test/jasmine/jasmine.js:506:11)
	at run (file:///Users/rachelk/.rvm/gems/ruby-2.2.1/gems/learn-test-1.2.25/lib/learn_test/jasmine/jasmine.js:1505:22)
	at execute (file:///Users/rachelk/.rvm/gems/ruby-2.2.1/gems/learn-test-1.2.25/lib/learn_test/jasmine/jasmine.js:1485:13)
	at queueRunnerFactory (file:///Users/rachelk/.rvm/gems/ruby-2.2.1/gems/learn-test-1.2.25/lib/learn_test/jasmine/jasmine.js:518:42)
	at execute (file:///Users/rachelk/.rvm/gems/ruby-2.2.1/gems/learn-test-1.2.25/lib/learn_test/jasmine/jasmine.js:306:28)
	at file:///Users/rachelk/.rvm/gems/ruby-2.2.1/gems/learn-test-1.2.25/lib/learn_test/jasmine/jasmine.js:1708:44
	at attemptAsync (file:///Users/rachelk/.rvm/gems/ruby-2.2.1/gems/learn-test-1.2.25/lib/learn_test/jasmine/jasmine.js:1520:16)
	at run (file:///Users/rachelk/.rvm/gems/ruby-2.2.1/gems/learn-test-1.2.25/lib/learn_test/jasmine/jasmine.js:1496:28)
	at next (file:///Users/rachelk/.rvm/gems/ruby-2.2.1/gems/learn-test-1.2.25/lib/learn_test/jasmine/jasmine.js:1517:40)
	at complete (file:///Users/rachelk/.rvm/gems/ruby-2.2.1/gems/learn-test-1.2.25/lib/learn_test/jasmine/jasmine.js:333:19)
	at clearStack (file:///Users/rachelk/.rvm/gems/ruby-2.2.1/gems/learn-test-1.2.25/lib/learn_test/jasmine/jasmine.js:506:11)
	at run (file:///Users/rachelk/.rvm/gems/ruby-2.2.1/gems/learn-test-1.2.25/lib/learn_test/jasmine/jasmine.js:1505:22)
	at execute (file:///Users/rachelk/.rvm/gems/ruby-2.2.1/gems/learn-test-1.2.25/lib/learn_test/jasmine/jasmine.js:1485:13)
	at queueRunnerFactory (file:///Users/rachelk/.rvm/gems/ruby-2.2.1/gems/learn-test-1.2.25/lib/learn_test/jasmine/jasmine.js:518:42)
	at execute (file:///Users/rachelk/.rvm/gems/ruby-2.2.1/gems/learn-test-1.2.25/lib/learn_test/jasmine/jasmine.js:306:28)
	at file:///Users/rachelk/.rvm/gems/ruby-2.2.1/gems/learn-test-1.2.25/lib/learn_test/jasmine/jasmine.js:1708:44
	at attemptAsync (file:///Users/rachelk/.rvm/gems/ruby-2.2.1/gems/learn-test-1.2.25/lib/learn_test/jasmine/jasmine.js:1520:16)
	at run (file:///Users/rachelk/.rvm/gems/ruby-2.2.1/gems/learn-test-1.2.25/lib/learn_test/jasmine/jasmine.js:1496:28)
	at execute (file:///Users/rachelk/.rvm/gems/ruby-2.2.1/gems/learn-test-1.2.25/lib/learn_test/jasmine/jasmine.js:1485:13)
	at queueRunnerFactory (file:///Users/rachelk/.rvm/gems/ruby-2.2.1/gems/learn-test-1.2.25/lib/learn_test/jasmine/jasmine.js:518:42)
	at execute (file:///Users/rachelk/.rvm/gems/ruby-2.2.1/gems/learn-test-1.2.25/lib/learn_test/jasmine/jasmine.js:1694:21)
	at file:///Users/rachelk/.rvm/gems/ruby-2.2.1/gems/learn-test-1.2.25/lib/learn_test/jasmine/jasmine.js:1708:44
	at attemptAsync (file:///Users/rachelk/.rvm/gems/ruby-2.2.1/gems/learn-test-1.2.25/lib/learn_test/jasmine/jasmine.js:1520:16)
	at run (file:///Users/rachelk/.rvm/gems/ruby-2.2.1/gems/learn-test-1.2.25/lib/learn_test/jasmine/jasmine.js:1496:28)
	at next (file:///Users/rachelk/.rvm/gems/ruby-2.2.1/gems/learn-test-1.2.25/lib/learn_test/jasmine/jasmine.js:1517:40)
	at complete (file:///Users/rachelk/.rvm/gems/ruby-2.2.1/gems/learn-test-1.2.25/lib/learn_test/jasmine/jasmine.js:1703:19)
	at clearStack (file:///Users/rachelk/.rvm/gems/ruby-2.2.1/gems/learn-test-1.2.25/lib/learn_test/jasmine/jasmine.js:506:11)
	at run (file:///Users/rachelk/.rvm/gems/ruby-2.2.1/gems/learn-test-1.2.25/lib/learn_test/jasmine/jasmine.js:1505:22)
	at next (file:///Users/rachelk/.rvm/gems/ruby-2.2.1/gems/learn-test-1.2.25/lib/learn_test/jasmine/jasmine.js:1517:40)
	at complete (file:///Users/rachelk/.rvm/gems/ruby-2.2.1/gems/learn-test-1.2.25/lib/learn_test/jasmine/jasmine.js:333:19)
	at clearStack (file:///Users/rachelk/.rvm/gems/ruby-2.2.1/gems/learn-test-1.2.25/lib/learn_test/jasmine/jasmine.js:506:11)
	at run (file:///Users/rachelk/.rvm/gems/ruby-2.2.1/gems/learn-test-1.2.25/lib/learn_test/jasmine/jasmine.js:1505:22)
	at execute (file:///Users/rachelk/.rvm/gems/ruby-2.2.1/gems/learn-test-1.2.25/lib/learn_test/jasmine/jasmine.js:1485:13)
	at queueRunnerFactory (file:///Users/rachelk/.rvm/gems/ruby-2.2.1/gems/learn-test-1.2.25/lib/learn_test/jasmine/jasmine.js:518:42)
	at execute (file:///Users/rachelk/.rvm/gems/ruby-2.2.1/gems/learn-test-1.2.25/lib/learn_test/jasmine/jasmine.js:306:28)
	at file:///Users/rachelk/.rvm/gems/ruby-2.2.1/gems/learn-test-1.2.25/lib/learn_test/jasmine/jasmine.js:1708:44
	at attemptAsync (file:///Users/rachelk/.rvm/gems/ruby-2.2.1/gems/learn-test-1.2.25/lib/learn_test/jasmine/jasmine.js:1520:16)
	at run (file:///Users/rachelk/.rvm/gems/ruby-2.2.1/gems/learn-test-1.2.25/lib/learn_test/jasmine/jasmine.js:1496:28)
	at next (file:///Users/rachelk/.rvm/gems/ruby-2.2.1/gems/learn-test-1.2.25/lib/learn_test/jasmine/jasmine.js:1517:40)
	at complete (file:///Users/rachelk/.rvm/gems/ruby-2.2.1/gems/learn-test-1.2.25/lib/learn_test/jasmine/jasmine.js:333:19)
	at clearStack (file:///Users/rachelk/.rvm/gems/ruby-2.2.1/gems/learn-test-1.2.25/lib/learn_test/jasmine/jasmine.js:506:11)
	at run (file:///Users/rachelk/.rvm/gems/ruby-2.2.1/gems/learn-test-1.2.25/lib/learn_test/jasmine/jasmine.js:1505:22)
	at execute (file:///Users/rachelk/.rvm/gems/ruby-2.2.1/gems/learn-test-1.2.25/lib/learn_test/jasmine/jasmine.js:1485:13)
	at queueRunnerFactory (file:///Users/rachelk/.rvm/gems/ruby-2.2.1/gems/learn-test-1.2.25/lib/learn_test/jasmine/jasmine.js:518:42)
	at execute (file:///Users/rachelk/.rvm/gems/ruby-2.2.1/gems/learn-test-1.2.25/lib/learn_test/jasmine/jasmine.js:306:28)
	at file:///Users/rachelk/.rvm/gems/ruby-2.2.1/gems/learn-test-1.2.25/lib/learn_test/jasmine/jasmine.js:1708:44
	at attemptAsync (file:///Users/rachelk/.rvm/gems/ruby-2.2.1/gems/learn-test-1.2.25/lib/learn_test/jasmine/jasmine.js:1520:16)
	at run (file:///Users/rachelk/.rvm/gems/ruby-2.2.1/gems/learn-test-1.2.25/lib/learn_test/jasmine/jasmine.js:1496:28)
	at next (file:///Users/rachelk/.rvm/gems/ruby-2.2.1/gems/learn-test-1.2.25/lib/learn_test/jasmine/jasmine.js:1517:40)
	at complete (file:///Users/rachelk/.rvm/gems/ruby-2.2.1/gems/learn-test-1.2.25/lib/learn_test/jasmine/jasmine.js:333:19)
	at clearStack (file:///Users/rachelk/.rvm/gems/ruby-2.2.1/gems/learn-test-1.2.25/lib/learn_test/jasmine/jasmine.js:506:11)
	at run (file:///Users/rachelk/.rvm/gems/ruby-2.2.1/gems/learn-test-1.2.25/lib/learn_test/jasmine/jasmine.js:1505:22)
	at execute (file:///Users/rachelk/.rvm/gems/ruby-2.2.1/gems/learn-test-1.2.25/lib/learn_test/jasmine/jasmine.js:1485:13)
	at queueRunnerFactory (file:///Users/rachelk/.rvm/gems/ruby-2.2.1/gems/learn-test-1.2.25/lib/learn_test/jasmine/jasmine.js:518:42)
	at execute (file:///Users/rachelk/.rvm/gems/ruby-2.2.1/gems/learn-test-1.2.25/lib/learn_test/jasmine/jasmine.js:306:28)
	at file:///Users/rachelk/.rvm/gems/ruby-2.2.1/gems/learn-test-1.2.25/lib/learn_test/jasmine/jasmine.js:1708:44
	at attemptAsync (file:///Users/rachelk/.rvm/gems/ruby-2.2.1/gems/learn-test-1.2.25/lib/learn_test/jasmine/jasmine.js:1520:16)
	at run (file:///Users/rachelk/.rvm/gems/ruby-2.2.1/gems/learn-test-1.2.25/lib/learn_test/jasmine/jasmine.js:1496:28)
	at execute (file:///Users/rachelk/.rvm/gems/ruby-2.2.1/gems/learn-test-1.2.25/lib/learn_test/jasmine/jasmine.js:1485:13)
	at queueRunnerFactory (file:///Users/rachelk/.rvm/gems/ruby-2.2.1/gems/learn-test-1.2.25/lib/learn_test/jasmine/jasmine.js:518:42)
	at execute (file:///Users/rachelk/.rvm/gems/ruby-2.2.1/gems/learn-test-1.2.25/lib/learn_test/jasmine/jasmine.js:1694:21)
	at file:///Users/rachelk/.rvm/gems/ruby-2.2.1/gems/learn-test-1.2.25/lib/learn_test/jasmine/jasmine.js:1708:44
	at attemptAsync (file:///Users/rachelk/.rvm/gems/ruby-2.2.1/gems/learn-test-1.2.25/lib/learn_test/jasmine/jasmine.js:1520:16)
	at run (file:///Users/rachelk/.rvm/gems/ruby-2.2.1/gems/learn-test-1.2.25/lib/learn_test/jasmine/jasmine.js:1496:28)
	at execute (file:///Users/rachelk/.rvm/gems/ruby-2.2.1/gems/learn-test-1.2.25/lib/learn_test/jasmine/jasmine.js:1485:13)
	at queueRunnerFactory (file:///Users/rachelk/.rvm/gems/ruby-2.2.1/gems/learn-test-1.2.25/lib/learn_test/jasmine/jasmine.js:518:42)
	at execute (file:///Users/rachelk/.rvm/gems/ruby-2.2.1/gems/learn-test-1.2.25/lib/learn_test/jasmine/jasmine.js:1694:21)
	at file:///Users/rachelk/.rvm/gems/ruby-2.2.1/gems/learn-test-1.2.25/lib/learn_test/jasmine/jasmine.js:541:83
	at attemptAsync (file:///Users/rachelk/.rvm/gems/ruby-2.2.1/gems/learn-test-1.2.25/lib/learn_test/jasmine/jasmine.js:1520:16)
	at run (file:///Users/rachelk/.rvm/gems/ruby-2.2.1/gems/learn-test-1.2.25/lib/learn_test/jasmine/jasmine.js:1496:28)
	at execute (file:///Users/rachelk/.rvm/gems/ruby-2.2.1/gems/learn-test-1.2.25/lib/learn_test/jasmine/jasmine.js:1485:13)
	at queueRunnerFactory (file:///Users/rachelk/.rvm/gems/ruby-2.2.1/gems/learn-test-1.2.25/lib/learn_test/jasmine/jasmine.js:518:42)
	at execute (file:///Users/rachelk/.rvm/gems/ruby-2.2.1/gems/learn-test-1.2.25/lib/learn_test/jasmine/jasmine.js:548:25)
	at onload (file:///Users/rachelk/.rvm/gems/ruby-2.2.1/gems/learn-test-1.2.25/lib/learn_test/jasmine/boot.js:172:16)			</failure>
		</testcase>
	</testsuite>
</testsuites>

