<?xml version="1.0" encoding="UTF-8"?>
<testsuites>
	<testsuite tests="7" errors="0" failures="7" time="0.004" timestamp="2016-05-04T17:51:04">
		<testcase classname="Spaceship" name="should know it&amp;apos;s own name" time="0">
			<failure type="" message="ReferenceError: Can&amp;apos;t find variable: Spaceship in file:///Users/rachelk/Dropbox/Development/Javascript/space-invaders-v-000/spec/space-invaders-spec.js (line 31)">
	at file:///Users/rachelk/Dropbox/Development/Javascript/space-invaders-v-000/spec/space-invaders-spec.js:31:30
	at attemptSync (file:///Users/rachelk/.rvm/gems/ruby-2.2.1/gems/learn-test-1.2.25/lib/learn_test/jasmine/jasmine.js:1510:16)
	at run (file:///Users/rachelk/.rvm/gems/ruby-2.2.1/gems/learn-test-1.2.25/lib/learn_test/jasmine/jasmine.js:1498:20)
	at execute (file:///Users/rachelk/.rvm/gems/ruby-2.2.1/gems/learn-test-1.2.25/lib/learn_test/jasmine/jasmine.js:1485:13)
	at queueRunnerFactory (file:///Users/rachelk/.rvm/gems/ruby-2.2.1/gems/learn-test-1.2.25/lib/learn_test/jasmine/jasmine.js:518:42)
	at execute (file:///Users/rachelk/.rvm/gems/ruby-2.2.1/gems/learn-test-1.2.25/lib/learn_test/jasmine/jasmine.js:306:28)
	at file:///Users/rachelk/.rvm/gems/ruby-2.2.1/gems/learn-test-1.2.25/lib/learn_test/jasmine/jasmine.js:1708:44
	at attemptAsync (file:///Users/rachelk/.rvm/gems/ruby-2.2.1/gems/learn-test-1.2.25/lib/learn_test/jasmine/jasmine.js:1520:16)
	at run (file:///Users/rachelk/.rvm/gems/ruby-2.2.1/gems/learn-test-1.2.25/lib/learn_test/jasmine/jasmine.js:1496:28)
	at execute (file:///Users/rachelk/.rvm/gems/ruby-2.2.1/gems/learn-test-1.2.25/lib/learn_test/jasmine/jasmine.js:1485:13)
	at queueRunnerFactory (file:///Users/rachelk/.rvm/gems/ruby-2.2.1/gems/learn-test-1.2.25/lib/learn_test/jasmine/jasmine.js:518:42)
	at execute (file:///Users/rachelk/.rvm/gems/ruby-2.2.1/gems/learn-test-1.2.25/lib/learn_test/jasmine/jasmine.js:1694:21)
	at file:///Users/rachelk/.rvm/gems/ruby-2.2.1/gems/learn-test-1.2.25/lib/learn_test/jasmine/jasmine.js:1708:44
	at attemptAsync (file:///Users/rachelk/.rvm/gems/ruby-2.2.1/gems/learn-test-1.2.25/lib/learn_test/jasmine/jasmine.js:1520:16)
	at run (file:///Users/rachelk/.rvm/gems/ruby-2.2.1/gems/learn-test-1.2.25/lib/learn_test/jasmine/jasmine.js:1496:28)
	at next (file:///Users/rachelk/.rvm/gems/ruby-2.2.1/gems/learn-test-1.2.25/lib/learn_test/jasmine/jasmine.js:1517:40)
	at complete (file:///Users/rachelk/.rvm/gems/ruby-2.2.1/gems/learn-test-1.2.25/lib/learn_test/jasmine/jasmine.js:1703:19)
	at clearStack (file:///Users/rachelk/.rvm/gems/ruby-2.2.1/gems/learn-test-1.2.25/lib/learn_test/jasmine/jasmine.js:506:11)
	at run (file:///Users/rachelk/.rvm/gems/ruby-2.2.1/gems/learn-test-1.2.25/lib/learn_test/jasmine/jasmine.js:1505:22)
	at next (file:///Users/rachelk/.rvm/gems/ruby-2.2.1/gems/learn-test-1.2.25/lib/learn_test/jasmine/jasmine.js:1517:40)
	at complete (file:///Users/rachelk/.rvm/gems/ruby-2.2.1/gems/learn-test-1.2.25/lib/learn_test/jasmine/jasmine.js:333:19)
	at clearStack (file:///Users/rachelk/.rvm/gems/ruby-2.2.1/gems/learn-test-1.2.25/lib/learn_test/jasmine/jasmine.js:506:11)
	at run (file:///Users/rachelk/.rvm/gems/ruby-2.2.1/gems/learn-test-1.2.25/lib/learn_test/jasmine/jasmine.js:1505:22)
	at execute (file:///Users/rachelk/.rvm/gems/ruby-2.2.1/gems/learn-test-1.2.25/lib/learn_test/jasmine/jasmine.js:1485:13)
	at queueRunnerFactory (file:///Users/rachelk/.rvm/gems/ruby-2.2.1/gems/learn-test-1.2.25/lib/learn_test/jasmine/jasmine.js:518:42)
	at execute (file:///Users/rachelk/.rvm/gems/ruby-2.2.1/gems/learn-test-1.2.25/lib/learn_test/jasmine/jasmine.js:306:28)
	at file:///Users/rachelk/.rvm/gems/ruby-2.2.1/gems/learn-test-1.2.25/lib/learn_test/jasmine/jasmine.js:1708:44
	at attemptAsync (file:///Users/rachelk/.rvm/gems/ruby-2.2.1/gems/learn-test-1.2.25/lib/learn_test/jasmine/jasmine.js:1520:16)
	at run (file:///Users/rachelk/.rvm/gems/ruby-2.2.1/gems/learn-test-1.2.25/lib/learn_test/jasmine/jasmine.js:1496:28)
	at next (file:///Users/rachelk/.rvm/gems/ruby-2.2.1/gems/learn-test-1.2.25/lib/learn_test/jasmine/jasmine.js:1517:40)
	at complete (file:///Users/rachelk/.rvm/gems/ruby-2.2.1/gems/learn-test-1.2.25/lib/learn_test/jasmine/jasmine.js:333:19)
	at clearStack (file:///Users/rachelk/.rvm/gems/ruby-2.2.1/gems/learn-test-1.2.25/lib/learn_test/jasmine/jasmine.js:506:11)
	at run (file:///Users/rachelk/.rvm/gems/ruby-2.2.1/gems/learn-test-1.2.25/lib/learn_test/jasmine/jasmine.js:1505:22)
	at execute (file:///Users/rachelk/.rvm/gems/ruby-2.2.1/gems/learn-test-1.2.25/lib/learn_test/jasmine/jasmine.js:1485:13)
	at queueRunnerFactory (file:///Users/rachelk/.rvm/gems/ruby-2.2.1/gems/learn-test-1.2.25/lib/learn_test/jasmine/jasmine.js:518:42)
	at execute (file:///Users/rachelk/.rvm/gems/ruby-2.2.1/gems/learn-test-1.2.25/lib/learn_test/jasmine/jasmine.js:306:28)
	at file:///Users/rachelk/.rvm/gems/ruby-2.2.1/gems/learn-test-1.2.25/lib/learn_test/jasmine/jasmine.js:1708:44
	at attemptAsync (file:///Users/rachelk/.rvm/gems/ruby-2.2.1/gems/learn-test-1.2.25/lib/learn_test/jasmine/jasmine.js:1520:16)
	at run (file:///Users/rachelk/.rvm/gems/ruby-2.2.1/gems/learn-test-1.2.25/lib/learn_test/jasmine/jasmine.js:1496:28)
	at next (file:///Users/rachelk/.rvm/gems/ruby-2.2.1/gems/learn-test-1.2.25/lib/learn_test/jasmine/jasmine.js:1517:40)
	at complete (file:///Users/rachelk/.rvm/gems/ruby-2.2.1/gems/learn-test-1.2.25/lib/learn_test/jasmine/jasmine.js:333:19)
	at clearStack (file:///Users/rachelk/.rvm/gems/ruby-2.2.1/gems/learn-test-1.2.25/lib/learn_test/jasmine/jasmine.js:506:11)
	at run (file:///Users/rachelk/.rvm/gems/ruby-2.2.1/gems/learn-test-1.2.25/lib/learn_test/jasmine/jasmine.js:1505:22)
	at execute (file:///Users/rachelk/.rvm/gems/ruby-2.2.1/gems/learn-test-1.2.25/lib/learn_test/jasmine/jasmine.js:1485:13)
	at queueRunnerFactory (file:///Users/rachelk/.rvm/gems/ruby-2.2.1/gems/learn-test-1.2.25/lib/learn_test/jasmine/jasmine.js:518:42)
	at execute (file:///Users/rachelk/.rvm/gems/ruby-2.2.1/gems/learn-test-1.2.25/lib/learn_test/jasmine/jasmine.js:306:28)
	at file:///Users/rachelk/.rvm/gems/ruby-2.2.1/gems/learn-test-1.2.25/lib/learn_test/jasmine/jasmine.js:1708:44
	at attemptAsync (file:///Users/rachelk/.rvm/gems/ruby-2.2.1/gems/learn-test-1.2.25/lib/learn_test/jasmine/jasmine.js:1520:16)
	at run (file:///Users/rachelk/.rvm/gems/ruby-2.2.1/gems/learn-test-1.2.25/lib/learn_test/jasmine/jasmine.js:1496:28)
	at execute (file:///Users/rachelk/.rvm/gems/ruby-2.2.1/gems/learn-test-1.2.25/lib/learn_test/jasmine/jasmine.js:1485:13)
	at queueRunnerFactory (file:///Users/rachelk/.rvm/gems/ruby-2.2.1/gems/learn-test-1.2.25/lib/learn_test/jasmine/jasmine.js:518:42)
	at execute (file:///Users/rachelk/.rvm/gems/ruby-2.2.1/gems/learn-test-1.2.25/lib/learn_test/jasmine/jasmine.js:1694:21)
	at file:///Users/rachelk/.rvm/gems/ruby-2.2.1/gems/learn-test-1.2.25/lib/learn_test/jasmine/jasmine.js:1708:44
	at attemptAsync (file:///Users/rachelk/.rvm/gems/ruby-2.2.1/gems/learn-test-1.2.25/lib/learn_test/jasmine/jasmine.js:1520:16)
	at run (file:///Users/rachelk/.rvm/gems/ruby-2.2.1/gems/learn-test-1.2.25/lib/learn_test/jasmine/jasmine.js:1496:28)
	at execute (file:///Users/rachelk/.rvm/gems/ruby-2.2.1/gems/learn-test-1.2.25/lib/learn_test/jasmine/jasmine.js:1485:13)
	at queueRunnerFactory (file:///Users/rachelk/.rvm/gems/ruby-2.2.1/gems/learn-test-1.2.25/lib/learn_test/jasmine/jasmine.js:518:42)
	at execute (file:///Users/rachelk/.rvm/gems/ruby-2.2.1/gems/learn-test-1.2.25/lib/learn_test/jasmine/jasmine.js:1694:21)
	at file:///Users/rachelk/.rvm/gems/ruby-2.2.1/gems/learn-test-1.2.25/lib/learn_test/jasmine/jasmine.js:541:83
	at attemptAsync (file:///Users/rachelk/.rvm/gems/ruby-2.2.1/gems/learn-test-1.2.25/lib/learn_test/jasmine/jasmine.js:1520:16)
	at run (file:///Users/rachelk/.rvm/gems/ruby-2.2.1/gems/learn-test-1.2.25/lib/learn_test/jasmine/jasmine.js:1496:28)
	at execute (file:///Users/rachelk/.rvm/gems/ruby-2.2.1/gems/learn-test-1.2.25/lib/learn_test/jasmine/jasmine.js:1485:13)
	at queueRunnerFactory (file:///Users/rachelk/.rvm/gems/ruby-2.2.1/gems/learn-test-1.2.25/lib/learn_test/jasmine/jasmine.js:518:42)
	at execute (file:///Users/rachelk/.rvm/gems/ruby-2.2.1/gems/learn-test-1.2.25/lib/learn_test/jasmine/jasmine.js:548:25)
	at onload (file:///Users/rachelk/.rvm/gems/ruby-2.2.1/gems/learn-test-1.2.25/lib/learn_test/jasmine/boot.js:172:16)			</failure>
			<failure type="" message="TypeError: undefined is not an object (evaluating &amp;apos;spaceship.name&amp;apos;) in file:///Users/rachelk/Dropbox/Development/Javascript/space-invaders-v-000/spec/space-invaders-spec.js (line 35)">
	at file:///Users/rachelk/Dropbox/Development/Javascript/space-invaders-v-000/spec/space-invaders-spec.js:35:21
	at attemptSync (file:///Users/rachelk/.rvm/gems/ruby-2.2.1/gems/learn-test-1.2.25/lib/learn_test/jasmine/jasmine.js:1510:16)
	at run (file:///Users/rachelk/.rvm/gems/ruby-2.2.1/gems/learn-test-1.2.25/lib/learn_test/jasmine/jasmine.js:1498:20)
	at execute (file:///Users/rachelk/.rvm/gems/ruby-2.2.1/gems/learn-test-1.2.25/lib/learn_test/jasmine/jasmine.js:1485:13)
	at queueRunnerFactory (file:///Users/rachelk/.rvm/gems/ruby-2.2.1/gems/learn-test-1.2.25/lib/learn_test/jasmine/jasmine.js:518:42)
	at execute (file:///Users/rachelk/.rvm/gems/ruby-2.2.1/gems/learn-test-1.2.25/lib/learn_test/jasmine/jasmine.js:306:28)
	at file:///Users/rachelk/.rvm/gems/ruby-2.2.1/gems/learn-test-1.2.25/lib/learn_test/jasmine/jasmine.js:1708:44
	at attemptAsync (file:///Users/rachelk/.rvm/gems/ruby-2.2.1/gems/learn-test-1.2.25/lib/learn_test/jasmine/jasmine.js:1520:16)
	at run (file:///Users/rachelk/.rvm/gems/ruby-2.2.1/gems/learn-test-1.2.25/lib/learn_test/jasmine/jasmine.js:1496:28)
	at execute (file:///Users/rachelk/.rvm/gems/ruby-2.2.1/gems/learn-test-1.2.25/lib/learn_test/jasmine/jasmine.js:1485:13)
	at queueRunnerFactory (file:///Users/rachelk/.rvm/gems/ruby-2.2.1/gems/learn-test-1.2.25/lib/learn_test/jasmine/jasmine.js:518:42)
	at execute (file:///Users/rachelk/.rvm/gems/ruby-2.2.1/gems/learn-test-1.2.25/lib/learn_test/jasmine/jasmine.js:1694:21)
	at file:///Users/rachelk/.rvm/gems/ruby-2.2.1/gems/learn-test-1.2.25/lib/learn_test/jasmine/jasmine.js:1708:44
	at attemptAsync (file:///Users/rachelk/.rvm/gems/ruby-2.2.1/gems/learn-test-1.2.25/lib/learn_test/jasmine/jasmine.js:1520:16)
	at run (file:///Users/rachelk/.rvm/gems/ruby-2.2.1/gems/learn-test-1.2.25/lib/learn_test/jasmine/jasmine.js:1496:28)
	at next (file:///Users/rachelk/.rvm/gems/ruby-2.2.1/gems/learn-test-1.2.25/lib/learn_test/jasmine/jasmine.js:1517:40)
	at complete (file:///Users/rachelk/.rvm/gems/ruby-2.2.1/gems/learn-test-1.2.25/lib/learn_test/jasmine/jasmine.js:1703:19)
	at clearStack (file:///Users/rachelk/.rvm/gems/ruby-2.2.1/gems/learn-test-1.2.25/lib/learn_test/jasmine/jasmine.js:506:11)
	at run (file:///Users/rachelk/.rvm/gems/ruby-2.2.1/gems/learn-test-1.2.25/lib/learn_test/jasmine/jasmine.js:1505:22)
	at next (file:///Users/rachelk/.rvm/gems/ruby-2.2.1/gems/learn-test-1.2.25/lib/learn_test/jasmine/jasmine.js:1517:40)
	at complete (file:///Users/rachelk/.rvm/gems/ruby-2.2.1/gems/learn-test-1.2.25/lib/learn_test/jasmine/jasmine.js:333:19)
	at clearStack (file:///Users/rachelk/.rvm/gems/ruby-2.2.1/gems/learn-test-1.2.25/lib/learn_test/jasmine/jasmine.js:506:11)
	at run (file:///Users/rachelk/.rvm/gems/ruby-2.2.1/gems/learn-test-1.2.25/lib/learn_test/jasmine/jasmine.js:1505:22)
	at execute (file:///Users/rachelk/.rvm/gems/ruby-2.2.1/gems/learn-test-1.2.25/lib/learn_test/jasmine/jasmine.js:1485:13)
	at queueRunnerFactory (file:///Users/rachelk/.rvm/gems/ruby-2.2.1/gems/learn-test-1.2.25/lib/learn_test/jasmine/jasmine.js:518:42)
	at execute (file:///Users/rachelk/.rvm/gems/ruby-2.2.1/gems/learn-test-1.2.25/lib/learn_test/jasmine/jasmine.js:306:28)
	at file:///Users/rachelk/.rvm/gems/ruby-2.2.1/gems/learn-test-1.2.25/lib/learn_test/jasmine/jasmine.js:1708:44
	at attemptAsync (file:///Users/rachelk/.rvm/gems/ruby-2.2.1/gems/learn-test-1.2.25/lib/learn_test/jasmine/jasmine.js:1520:16)
	at run (file:///Users/rachelk/.rvm/gems/ruby-2.2.1/gems/learn-test-1.2.25/lib/learn_test/jasmine/jasmine.js:1496:28)
	at next (file:///Users/rachelk/.rvm/gems/ruby-2.2.1/gems/learn-test-1.2.25/lib/learn_test/jasmine/jasmine.js:1517:40)
	at complete (file:///Users/rachelk/.rvm/gems/ruby-2.2.1/gems/learn-test-1.2.25/lib/learn_test/jasmine/jasmine.js:333:19)
	at clearStack (file:///Users/rachelk/.rvm/gems/ruby-2.2.1/gems/learn-test-1.2.25/lib/learn_test/jasmine/jasmine.js:506:11)
	at run (file:///Users/rachelk/.rvm/gems/ruby-2.2.1/gems/learn-test-1.2.25/lib/learn_test/jasmine/jasmine.js:1505:22)
	at execute (file:///Users/rachelk/.rvm/gems/ruby-2.2.1/gems/learn-test-1.2.25/lib/learn_test/jasmine/jasmine.js:1485:13)
	at queueRunnerFactory (file:///Users/rachelk/.rvm/gems/ruby-2.2.1/gems/learn-test-1.2.25/lib/learn_test/jasmine/jasmine.js:518:42)
	at execute (file:///Users/rachelk/.rvm/gems/ruby-2.2.1/gems/learn-test-1.2.25/lib/learn_test/jasmine/jasmine.js:306:28)
	at file:///Users/rachelk/.rvm/gems/ruby-2.2.1/gems/learn-test-1.2.25/lib/learn_test/jasmine/jasmine.js:1708:44
	at attemptAsync (file:///Users/rachelk/.rvm/gems/ruby-2.2.1/gems/learn-test-1.2.25/lib/learn_test/jasmine/jasmine.js:1520:16)
	at run (file:///Users/rachelk/.rvm/gems/ruby-2.2.1/gems/learn-test-1.2.25/lib/learn_test/jasmine/jasmine.js:1496:28)
	at next (file:///Users/rachelk/.rvm/gems/ruby-2.2.1/gems/learn-test-1.2.25/lib/learn_test/jasmine/jasmine.js:1517:40)
	at complete (file:///Users/rachelk/.rvm/gems/ruby-2.2.1/gems/learn-test-1.2.25/lib/learn_test/jasmine/jasmine.js:333:19)
	at clearStack (file:///Users/rachelk/.rvm/gems/ruby-2.2.1/gems/learn-test-1.2.25/lib/learn_test/jasmine/jasmine.js:506:11)
	at run (file:///Users/rachelk/.rvm/gems/ruby-2.2.1/gems/learn-test-1.2.25/lib/learn_test/jasmine/jasmine.js:1505:22)
	at execute (file:///Users/rachelk/.rvm/gems/ruby-2.2.1/gems/learn-test-1.2.25/lib/learn_test/jasmine/jasmine.js:1485:13)
	at queueRunnerFactory (file:///Users/rachelk/.rvm/gems/ruby-2.2.1/gems/learn-test-1.2.25/lib/learn_test/jasmine/jasmine.js:518:42)
	at execute (file:///Users/rachelk/.rvm/gems/ruby-2.2.1/gems/learn-test-1.2.25/lib/learn_test/jasmine/jasmine.js:306:28)
	at file:///Users/rachelk/.rvm/gems/ruby-2.2.1/gems/learn-test-1.2.25/lib/learn_test/jasmine/jasmine.js:1708:44
	at attemptAsync (file:///Users/rachelk/.rvm/gems/ruby-2.2.1/gems/learn-test-1.2.25/lib/learn_test/jasmine/jasmine.js:1520:16)
	at run (file:///Users/rachelk/.rvm/gems/ruby-2.2.1/gems/learn-test-1.2.25/lib/learn_test/jasmine/jasmine.js:1496:28)
	at execute (file:///Users/rachelk/.rvm/gems/ruby-2.2.1/gems/learn-test-1.2.25/lib/learn_test/jasmine/jasmine.js:1485:13)
	at queueRunnerFactory (file:///Users/rachelk/.rvm/gems/ruby-2.2.1/gems/learn-test-1.2.25/lib/learn_test/jasmine/jasmine.js:518:42)
	at execute (file:///Users/rachelk/.rvm/gems/ruby-2.2.1/gems/learn-test-1.2.25/lib/learn_test/jasmine/jasmine.js:1694:21)
	at file:///Users/rachelk/.rvm/gems/ruby-2.2.1/gems/learn-test-1.2.25/lib/learn_test/jasmine/jasmine.js:1708:44
	at attemptAsync (file:///Users/rachelk/.rvm/gems/ruby-2.2.1/gems/learn-test-1.2.25/lib/learn_test/jasmine/jasmine.js:1520:16)
	at run (file:///Users/rachelk/.rvm/gems/ruby-2.2.1/gems/learn-test-1.2.25/lib/learn_test/jasmine/jasmine.js:1496:28)
	at execute (file:///Users/rachelk/.rvm/gems/ruby-2.2.1/gems/learn-test-1.2.25/lib/learn_test/jasmine/jasmine.js:1485:13)
	at queueRunnerFactory (file:///Users/rachelk/.rvm/gems/ruby-2.2.1/gems/learn-test-1.2.25/lib/learn_test/jasmine/jasmine.js:518:42)
	at execute (file:///Users/rachelk/.rvm/gems/ruby-2.2.1/gems/learn-test-1.2.25/lib/learn_test/jasmine/jasmine.js:1694:21)
	at file:///Users/rachelk/.rvm/gems/ruby-2.2.1/gems/learn-test-1.2.25/lib/learn_test/jasmine/jasmine.js:541:83
	at attemptAsync (file:///Users/rachelk/.rvm/gems/ruby-2.2.1/gems/learn-test-1.2.25/lib/learn_test/jasmine/jasmine.js:1520:16)
	at run (file:///Users/rachelk/.rvm/gems/ruby-2.2.1/gems/learn-test-1.2.25/lib/learn_test/jasmine/jasmine.js:1496:28)
	at execute (file:///Users/rachelk/.rvm/gems/ruby-2.2.1/gems/learn-test-1.2.25/lib/learn_test/jasmine/jasmine.js:1485:13)
	at queueRunnerFactory (file:///Users/rachelk/.rvm/gems/ruby-2.2.1/gems/learn-test-1.2.25/lib/learn_test/jasmine/jasmine.js:518:42)
	at execute (file:///Users/rachelk/.rvm/gems/ruby-2.2.1/gems/learn-test-1.2.25/lib/learn_test/jasmine/jasmine.js:548:25)
	at onload (file:///Users/rachelk/.rvm/gems/ruby-2.2.1/gems/learn-test-1.2.25/lib/learn_test/jasmine/boot.js:172:16)			</failure>
		</testcase>
		<testcase classname="Spaceship" name="should have the correct number of phasers (5)" time="0">
			<failure type="" message="ReferenceError: Can&amp;apos;t find variable: Spaceship in file:///Users/rachelk/Dropbox/Development/Javascript/space-invaders-v-000/spec/space-invaders-spec.js (line 31)">
	at file:///Users/rachelk/Dropbox/Development/Javascript/space-invaders-v-000/spec/space-invaders-spec.js:31:30
	at attemptSync (file:///Users/rachelk/.rvm/gems/ruby-2.2.1/gems/learn-test-1.2.25/lib/learn_test/jasmine/jasmine.js:1510:16)
	at run (file:///Users/rachelk/.rvm/gems/ruby-2.2.1/gems/learn-test-1.2.25/lib/learn_test/jasmine/jasmine.js:1498:20)
	at execute (file:///Users/rachelk/.rvm/gems/ruby-2.2.1/gems/learn-test-1.2.25/lib/learn_test/jasmine/jasmine.js:1485:13)
	at queueRunnerFactory (file:///Users/rachelk/.rvm/gems/ruby-2.2.1/gems/learn-test-1.2.25/lib/learn_test/jasmine/jasmine.js:518:42)
	at execute (file:///Users/rachelk/.rvm/gems/ruby-2.2.1/gems/learn-test-1.2.25/lib/learn_test/jasmine/jasmine.js:306:28)
	at file:///Users/rachelk/.rvm/gems/ruby-2.2.1/gems/learn-test-1.2.25/lib/learn_test/jasmine/jasmine.js:1708:44
	at attemptAsync (file:///Users/rachelk/.rvm/gems/ruby-2.2.1/gems/learn-test-1.2.25/lib/learn_test/jasmine/jasmine.js:1520:16)
	at run (file:///Users/rachelk/.rvm/gems/ruby-2.2.1/gems/learn-test-1.2.25/lib/learn_test/jasmine/jasmine.js:1496:28)
	at next (file:///Users/rachelk/.rvm/gems/ruby-2.2.1/gems/learn-test-1.2.25/lib/learn_test/jasmine/jasmine.js:1517:40)
	at complete (file:///Users/rachelk/.rvm/gems/ruby-2.2.1/gems/learn-test-1.2.25/lib/learn_test/jasmine/jasmine.js:333:19)
	at clearStack (file:///Users/rachelk/.rvm/gems/ruby-2.2.1/gems/learn-test-1.2.25/lib/learn_test/jasmine/jasmine.js:506:11)
	at run (file:///Users/rachelk/.rvm/gems/ruby-2.2.1/gems/learn-test-1.2.25/lib/learn_test/jasmine/jasmine.js:1505:22)
	at execute (file:///Users/rachelk/.rvm/gems/ruby-2.2.1/gems/learn-test-1.2.25/lib/learn_test/jasmine/jasmine.js:1485:13)
	at queueRunnerFactory (file:///Users/rachelk/.rvm/gems/ruby-2.2.1/gems/learn-test-1.2.25/lib/learn_test/jasmine/jasmine.js:518:42)
	at execute (file:///Users/rachelk/.rvm/gems/ruby-2.2.1/gems/learn-test-1.2.25/lib/learn_test/jasmine/jasmine.js:306:28)
	at file:///Users/rachelk/.rvm/gems/ruby-2.2.1/gems/learn-test-1.2.25/lib/learn_test/jasmine/jasmine.js:1708:44
	at attemptAsync (file:///Users/rachelk/.rvm/gems/ruby-2.2.1/gems/learn-test-1.2.25/lib/learn_test/jasmine/jasmine.js:1520:16)
	at run (file:///Users/rachelk/.rvm/gems/ruby-2.2.1/gems/learn-test-1.2.25/lib/learn_test/jasmine/jasmine.js:1496:28)
	at execute (file:///Users/rachelk/.rvm/gems/ruby-2.2.1/gems/learn-test-1.2.25/lib/learn_test/jasmine/jasmine.js:1485:13)
	at queueRunnerFactory (file:///Users/rachelk/.rvm/gems/ruby-2.2.1/gems/learn-test-1.2.25/lib/learn_test/jasmine/jasmine.js:518:42)
	at execute (file:///Users/rachelk/.rvm/gems/ruby-2.2.1/gems/learn-test-1.2.25/lib/learn_test/jasmine/jasmine.js:1694:21)
	at file:///Users/rachelk/.rvm/gems/ruby-2.2.1/gems/learn-test-1.2.25/lib/learn_test/jasmine/jasmine.js:1708:44
	at attemptAsync (file:///Users/rachelk/.rvm/gems/ruby-2.2.1/gems/learn-test-1.2.25/lib/learn_test/jasmine/jasmine.js:1520:16)
	at run (file:///Users/rachelk/.rvm/gems/ruby-2.2.1/gems/learn-test-1.2.25/lib/learn_test/jasmine/jasmine.js:1496:28)
	at next (file:///Users/rachelk/.rvm/gems/ruby-2.2.1/gems/learn-test-1.2.25/lib/learn_test/jasmine/jasmine.js:1517:40)
	at complete (file:///Users/rachelk/.rvm/gems/ruby-2.2.1/gems/learn-test-1.2.25/lib/learn_test/jasmine/jasmine.js:1703:19)
	at clearStack (file:///Users/rachelk/.rvm/gems/ruby-2.2.1/gems/learn-test-1.2.25/lib/learn_test/jasmine/jasmine.js:506:11)
	at run (file:///Users/rachelk/.rvm/gems/ruby-2.2.1/gems/learn-test-1.2.25/lib/learn_test/jasmine/jasmine.js:1505:22)
	at next (file:///Users/rachelk/.rvm/gems/ruby-2.2.1/gems/learn-test-1.2.25/lib/learn_test/jasmine/jasmine.js:1517:40)
	at complete (file:///Users/rachelk/.rvm/gems/ruby-2.2.1/gems/learn-test-1.2.25/lib/learn_test/jasmine/jasmine.js:333:19)
	at clearStack (file:///Users/rachelk/.rvm/gems/ruby-2.2.1/gems/learn-test-1.2.25/lib/learn_test/jasmine/jasmine.js:506:11)
	at run (file:///Users/rachelk/.rvm/gems/ruby-2.2.1/gems/learn-test-1.2.25/lib/learn_test/jasmine/jasmine.js:1505:22)
	at execute (file:///Users/rachelk/.rvm/gems/ruby-2.2.1/gems/learn-test-1.2.25/lib/learn_test/jasmine/jasmine.js:1485:13)
	at queueRunnerFactory (file:///Users/rachelk/.rvm/gems/ruby-2.2.1/gems/learn-test-1.2.25/lib/learn_test/jasmine/jasmine.js:518:42)
	at execute (file:///Users/rachelk/.rvm/gems/ruby-2.2.1/gems/learn-test-1.2.25/lib/learn_test/jasmine/jasmine.js:306:28)
	at file:///Users/rachelk/.rvm/gems/ruby-2.2.1/gems/learn-test-1.2.25/lib/learn_test/jasmine/jasmine.js:1708:44
	at attemptAsync (file:///Users/rachelk/.rvm/gems/ruby-2.2.1/gems/learn-test-1.2.25/lib/learn_test/jasmine/jasmine.js:1520:16)
	at run (file:///Users/rachelk/.rvm/gems/ruby-2.2.1/gems/learn-test-1.2.25/lib/learn_test/jasmine/jasmine.js:1496:28)
	at next (file:///Users/rachelk/.rvm/gems/ruby-2.2.1/gems/learn-test-1.2.25/lib/learn_test/jasmine/jasmine.js:1517:40)
	at complete (file:///Users/rachelk/.rvm/gems/ruby-2.2.1/gems/learn-test-1.2.25/lib/learn_test/jasmine/jasmine.js:333:19)
	at clearStack (file:///Users/rachelk/.rvm/gems/ruby-2.2.1/gems/learn-test-1.2.25/lib/learn_test/jasmine/jasmine.js:506:11)
	at run (file:///Users/rachelk/.rvm/gems/ruby-2.2.1/gems/learn-test-1.2.25/lib/learn_test/jasmine/jasmine.js:1505:22)
	at execute (file:///Users/rachelk/.rvm/gems/ruby-2.2.1/gems/learn-test-1.2.25/lib/learn_test/jasmine/jasmine.js:1485:13)
	at queueRunnerFactory (file:///Users/rachelk/.rvm/gems/ruby-2.2.1/gems/learn-test-1.2.25/lib/learn_test/jasmine/jasmine.js:518:42)
	at execute (file:///Users/rachelk/.rvm/gems/ruby-2.2.1/gems/learn-test-1.2.25/lib/learn_test/jasmine/jasmine.js:306:28)
	at file:///Users/rachelk/.rvm/gems/ruby-2.2.1/gems/learn-test-1.2.25/lib/learn_test/jasmine/jasmine.js:1708:44
	at attemptAsync (file:///Users/rachelk/.rvm/gems/ruby-2.2.1/gems/learn-test-1.2.25/lib/learn_test/jasmine/jasmine.js:1520:16)
	at run (file:///Users/rachelk/.rvm/gems/ruby-2.2.1/gems/learn-test-1.2.25/lib/learn_test/jasmine/jasmine.js:1496:28)
	at next (file:///Users/rachelk/.rvm/gems/ruby-2.2.1/gems/learn-test-1.2.25/lib/learn_test/jasmine/jasmine.js:1517:40)
	at complete (file:///Users/rachelk/.rvm/gems/ruby-2.2.1/gems/learn-test-1.2.25/lib/learn_test/jasmine/jasmine.js:333:19)
	at clearStack (file:///Users/rachelk/.rvm/gems/ruby-2.2.1/gems/learn-test-1.2.25/lib/learn_test/jasmine/jasmine.js:506:11)
	at run (file:///Users/rachelk/.rvm/gems/ruby-2.2.1/gems/learn-test-1.2.25/lib/learn_test/jasmine/jasmine.js:1505:22)
	at execute (file:///Users/rachelk/.rvm/gems/ruby-2.2.1/gems/learn-test-1.2.25/lib/learn_test/jasmine/jasmine.js:1485:13)
	at queueRunnerFactory (file:///Users/rachelk/.rvm/gems/ruby-2.2.1/gems/learn-test-1.2.25/lib/learn_test/jasmine/jasmine.js:518:42)
	at execute (file:///Users/rachelk/.rvm/gems/ruby-2.2.1/gems/learn-test-1.2.25/lib/learn_test/jasmine/jasmine.js:306:28)
	at file:///Users/rachelk/.rvm/gems/ruby-2.2.1/gems/learn-test-1.2.25/lib/learn_test/jasmine/jasmine.js:1708:44
	at attemptAsync (file:///Users/rachelk/.rvm/gems/ruby-2.2.1/gems/learn-test-1.2.25/lib/learn_test/jasmine/jasmine.js:1520:16)
	at run (file:///Users/rachelk/.rvm/gems/ruby-2.2.1/gems/learn-test-1.2.25/lib/learn_test/jasmine/jasmine.js:1496:28)
	at execute (file:///Users/rachelk/.rvm/gems/ruby-2.2.1/gems/learn-test-1.2.25/lib/learn_test/jasmine/jasmine.js:1485:13)
	at queueRunnerFactory (file:///Users/rachelk/.rvm/gems/ruby-2.2.1/gems/learn-test-1.2.25/lib/learn_test/jasmine/jasmine.js:518:42)
	at execute (file:///Users/rachelk/.rvm/gems/ruby-2.2.1/gems/learn-test-1.2.25/lib/learn_test/jasmine/jasmine.js:1694:21)
	at file:///Users/rachelk/.rvm/gems/ruby-2.2.1/gems/learn-test-1.2.25/lib/learn_test/jasmine/jasmine.js:1708:44
	at attemptAsync (file:///Users/rachelk/.rvm/gems/ruby-2.2.1/gems/learn-test-1.2.25/lib/learn_test/jasmine/jasmine.js:1520:16)
	at run (file:///Users/rachelk/.rvm/gems/ruby-2.2.1/gems/learn-test-1.2.25/lib/learn_test/jasmine/jasmine.js:1496:28)
	at execute (file:///Users/rachelk/.rvm/gems/ruby-2.2.1/gems/learn-test-1.2.25/lib/learn_test/jasmine/jasmine.js:1485:13)
	at queueRunnerFactory (file:///Users/rachelk/.rvm/gems/ruby-2.2.1/gems/learn-test-1.2.25/lib/learn_test/jasmine/jasmine.js:518:42)
	at execute (file:///Users/rachelk/.rvm/gems/ruby-2.2.1/gems/learn-test-1.2.25/lib/learn_test/jasmine/jasmine.js:1694:21)
	at file:///Users/rachelk/.rvm/gems/ruby-2.2.1/gems/learn-test-1.2.25/lib/learn_test/jasmine/jasmine.js:541:83
	at attemptAsync (file:///Users/rachelk/.rvm/gems/ruby-2.2.1/gems/learn-test-1.2.25/lib/learn_test/jasmine/jasmine.js:1520:16)
	at run (file:///Users/rachelk/.rvm/gems/ruby-2.2.1/gems/learn-test-1.2.25/lib/learn_test/jasmine/jasmine.js:1496:28)
	at execute (file:///Users/rachelk/.rvm/gems/ruby-2.2.1/gems/learn-test-1.2.25/lib/learn_test/jasmine/jasmine.js:1485:13)
	at queueRunnerFactory (file:///Users/rachelk/.rvm/gems/ruby-2.2.1/gems/learn-test-1.2.25/lib/learn_test/jasmine/jasmine.js:518:42)
	at execute (file:///Users/rachelk/.rvm/gems/ruby-2.2.1/gems/learn-test-1.2.25/lib/learn_test/jasmine/jasmine.js:548:25)
	at onload (file:///Users/rachelk/.rvm/gems/ruby-2.2.1/gems/learn-test-1.2.25/lib/learn_test/jasmine/boot.js:172:16)			</failure>
			<failure type="" message="TypeError: undefined is not an object (evaluating &amp;apos;spaceship.phasers&amp;apos;) in file:///Users/rachelk/Dropbox/Development/Javascript/space-invaders-v-000/spec/space-invaders-spec.js (line 39)">
	at file:///Users/rachelk/Dropbox/Development/Javascript/space-invaders-v-000/spec/space-invaders-spec.js:39:21
	at attemptSync (file:///Users/rachelk/.rvm/gems/ruby-2.2.1/gems/learn-test-1.2.25/lib/learn_test/jasmine/jasmine.js:1510:16)
	at run (file:///Users/rachelk/.rvm/gems/ruby-2.2.1/gems/learn-test-1.2.25/lib/learn_test/jasmine/jasmine.js:1498:20)
	at execute (file:///Users/rachelk/.rvm/gems/ruby-2.2.1/gems/learn-test-1.2.25/lib/learn_test/jasmine/jasmine.js:1485:13)
	at queueRunnerFactory (file:///Users/rachelk/.rvm/gems/ruby-2.2.1/gems/learn-test-1.2.25/lib/learn_test/jasmine/jasmine.js:518:42)
	at execute (file:///Users/rachelk/.rvm/gems/ruby-2.2.1/gems/learn-test-1.2.25/lib/learn_test/jasmine/jasmine.js:306:28)
	at file:///Users/rachelk/.rvm/gems/ruby-2.2.1/gems/learn-test-1.2.25/lib/learn_test/jasmine/jasmine.js:1708:44
	at attemptAsync (file:///Users/rachelk/.rvm/gems/ruby-2.2.1/gems/learn-test-1.2.25/lib/learn_test/jasmine/jasmine.js:1520:16)
	at run (file:///Users/rachelk/.rvm/gems/ruby-2.2.1/gems/learn-test-1.2.25/lib/learn_test/jasmine/jasmine.js:1496:28)
	at next (file:///Users/rachelk/.rvm/gems/ruby-2.2.1/gems/learn-test-1.2.25/lib/learn_test/jasmine/jasmine.js:1517:40)
	at complete (file:///Users/rachelk/.rvm/gems/ruby-2.2.1/gems/learn-test-1.2.25/lib/learn_test/jasmine/jasmine.js:333:19)
	at clearStack (file:///Users/rachelk/.rvm/gems/ruby-2.2.1/gems/learn-test-1.2.25/lib/learn_test/jasmine/jasmine.js:506:11)
	at run (file:///Users/rachelk/.rvm/gems/ruby-2.2.1/gems/learn-test-1.2.25/lib/learn_test/jasmine/jasmine.js:1505:22)
	at execute (file:///Users/rachelk/.rvm/gems/ruby-2.2.1/gems/learn-test-1.2.25/lib/learn_test/jasmine/jasmine.js:1485:13)
	at queueRunnerFactory (file:///Users/rachelk/.rvm/gems/ruby-2.2.1/gems/learn-test-1.2.25/lib/learn_test/jasmine/jasmine.js:518:42)
	at execute (file:///Users/rachelk/.rvm/gems/ruby-2.2.1/gems/learn-test-1.2.25/lib/learn_test/jasmine/jasmine.js:306:28)
	at file:///Users/rachelk/.rvm/gems/ruby-2.2.1/gems/learn-test-1.2.25/lib/learn_test/jasmine/jasmine.js:1708:44
	at attemptAsync (file:///Users/rachelk/.rvm/gems/ruby-2.2.1/gems/learn-test-1.2.25/lib/learn_test/jasmine/jasmine.js:1520:16)
	at run (file:///Users/rachelk/.rvm/gems/ruby-2.2.1/gems/learn-test-1.2.25/lib/learn_test/jasmine/jasmine.js:1496:28)
	at execute (file:///Users/rachelk/.rvm/gems/ruby-2.2.1/gems/learn-test-1.2.25/lib/learn_test/jasmine/jasmine.js:1485:13)
	at queueRunnerFactory (file:///Users/rachelk/.rvm/gems/ruby-2.2.1/gems/learn-test-1.2.25/lib/learn_test/jasmine/jasmine.js:518:42)
	at execute (file:///Users/rachelk/.rvm/gems/ruby-2.2.1/gems/learn-test-1.2.25/lib/learn_test/jasmine/jasmine.js:1694:21)
	at file:///Users/rachelk/.rvm/gems/ruby-2.2.1/gems/learn-test-1.2.25/lib/learn_test/jasmine/jasmine.js:1708:44
	at attemptAsync (file:///Users/rachelk/.rvm/gems/ruby-2.2.1/gems/learn-test-1.2.25/lib/learn_test/jasmine/jasmine.js:1520:16)
	at run (file:///Users/rachelk/.rvm/gems/ruby-2.2.1/gems/learn-test-1.2.25/lib/learn_test/jasmine/jasmine.js:1496:28)
	at next (file:///Users/rachelk/.rvm/gems/ruby-2.2.1/gems/learn-test-1.2.25/lib/learn_test/jasmine/jasmine.js:1517:40)
	at complete (file:///Users/rachelk/.rvm/gems/ruby-2.2.1/gems/learn-test-1.2.25/lib/learn_test/jasmine/jasmine.js:1703:19)
	at clearStack (file:///Users/rachelk/.rvm/gems/ruby-2.2.1/gems/learn-test-1.2.25/lib/learn_test/jasmine/jasmine.js:506:11)
	at run (file:///Users/rachelk/.rvm/gems/ruby-2.2.1/gems/learn-test-1.2.25/lib/learn_test/jasmine/jasmine.js:1505:22)
	at next (file:///Users/rachelk/.rvm/gems/ruby-2.2.1/gems/learn-test-1.2.25/lib/learn_test/jasmine/jasmine.js:1517:40)
	at complete (file:///Users/rachelk/.rvm/gems/ruby-2.2.1/gems/learn-test-1.2.25/lib/learn_test/jasmine/jasmine.js:333:19)
	at clearStack (file:///Users/rachelk/.rvm/gems/ruby-2.2.1/gems/learn-test-1.2.25/lib/learn_test/jasmine/jasmine.js:506:11)
	at run (file:///Users/rachelk/.rvm/gems/ruby-2.2.1/gems/learn-test-1.2.25/lib/learn_test/jasmine/jasmine.js:1505:22)
	at execute (file:///Users/rachelk/.rvm/gems/ruby-2.2.1/gems/learn-test-1.2.25/lib/learn_test/jasmine/jasmine.js:1485:13)
	at queueRunnerFactory (file:///Users/rachelk/.rvm/gems/ruby-2.2.1/gems/learn-test-1.2.25/lib/learn_test/jasmine/jasmine.js:518:42)
	at execute (file:///Users/rachelk/.rvm/gems/ruby-2.2.1/gems/learn-test-1.2.25/lib/learn_test/jasmine/jasmine.js:306:28)
	at file:///Users/rachelk/.rvm/gems/ruby-2.2.1/gems/learn-test-1.2.25/lib/learn_test/jasmine/jasmine.js:1708:44
	at attemptAsync (file:///Users/rachelk/.rvm/gems/ruby-2.2.1/gems/learn-test-1.2.25/lib/learn_test/jasmine/jasmine.js:1520:16)
	at run (file:///Users/rachelk/.rvm/gems/ruby-2.2.1/gems/learn-test-1.2.25/lib/learn_test/jasmine/jasmine.js:1496:28)
	at next (file:///Users/rachelk/.rvm/gems/ruby-2.2.1/gems/learn-test-1.2.25/lib/learn_test/jasmine/jasmine.js:1517:40)
	at complete (file:///Users/rachelk/.rvm/gems/ruby-2.2.1/gems/learn-test-1.2.25/lib/learn_test/jasmine/jasmine.js:333:19)
	at clearStack (file:///Users/rachelk/.rvm/gems/ruby-2.2.1/gems/learn-test-1.2.25/lib/learn_test/jasmine/jasmine.js:506:11)
	at run (file:///Users/rachelk/.rvm/gems/ruby-2.2.1/gems/learn-test-1.2.25/lib/learn_test/jasmine/jasmine.js:1505:22)
	at execute (file:///Users/rachelk/.rvm/gems/ruby-2.2.1/gems/learn-test-1.2.25/lib/learn_test/jasmine/jasmine.js:1485:13)
	at queueRunnerFactory (file:///Users/rachelk/.rvm/gems/ruby-2.2.1/gems/learn-test-1.2.25/lib/learn_test/jasmine/jasmine.js:518:42)
	at execute (file:///Users/rachelk/.rvm/gems/ruby-2.2.1/gems/learn-test-1.2.25/lib/learn_test/jasmine/jasmine.js:306:28)
	at file:///Users/rachelk/.rvm/gems/ruby-2.2.1/gems/learn-test-1.2.25/lib/learn_test/jasmine/jasmine.js:1708:44
	at attemptAsync (file:///Users/rachelk/.rvm/gems/ruby-2.2.1/gems/learn-test-1.2.25/lib/learn_test/jasmine/jasmine.js:1520:16)
	at run (file:///Users/rachelk/.rvm/gems/ruby-2.2.1/gems/learn-test-1.2.25/lib/learn_test/jasmine/jasmine.js:1496:28)
	at next (file:///Users/rachelk/.rvm/gems/ruby-2.2.1/gems/learn-test-1.2.25/lib/learn_test/jasmine/jasmine.js:1517:40)
	at complete (file:///Users/rachelk/.rvm/gems/ruby-2.2.1/gems/learn-test-1.2.25/lib/learn_test/jasmine/jasmine.js:333:19)
	at clearStack (file:///Users/rachelk/.rvm/gems/ruby-2.2.1/gems/learn-test-1.2.25/lib/learn_test/jasmine/jasmine.js:506:11)
	at run (file:///Users/rachelk/.rvm/gems/ruby-2.2.1/gems/learn-test-1.2.25/lib/learn_test/jasmine/jasmine.js:1505:22)
	at execute (file:///Users/rachelk/.rvm/gems/ruby-2.2.1/gems/learn-test-1.2.25/lib/learn_test/jasmine/jasmine.js:1485:13)
	at queueRunnerFactory (file:///Users/rachelk/.rvm/gems/ruby-2.2.1/gems/learn-test-1.2.25/lib/learn_test/jasmine/jasmine.js:518:42)
	at execute (file:///Users/rachelk/.rvm/gems/ruby-2.2.1/gems/learn-test-1.2.25/lib/learn_test/jasmine/jasmine.js:306:28)
	at file:///Users/rachelk/.rvm/gems/ruby-2.2.1/gems/learn-test-1.2.25/lib/learn_test/jasmine/jasmine.js:1708:44
	at attemptAsync (file:///Users/rachelk/.rvm/gems/ruby-2.2.1/gems/learn-test-1.2.25/lib/learn_test/jasmine/jasmine.js:1520:16)
	at run (file:///Users/rachelk/.rvm/gems/ruby-2.2.1/gems/learn-test-1.2.25/lib/learn_test/jasmine/jasmine.js:1496:28)
	at execute (file:///Users/rachelk/.rvm/gems/ruby-2.2.1/gems/learn-test-1.2.25/lib/learn_test/jasmine/jasmine.js:1485:13)
	at queueRunnerFactory (file:///Users/rachelk/.rvm/gems/ruby-2.2.1/gems/learn-test-1.2.25/lib/learn_test/jasmine/jasmine.js:518:42)
	at execute (file:///Users/rachelk/.rvm/gems/ruby-2.2.1/gems/learn-test-1.2.25/lib/learn_test/jasmine/jasmine.js:1694:21)
	at file:///Users/rachelk/.rvm/gems/ruby-2.2.1/gems/learn-test-1.2.25/lib/learn_test/jasmine/jasmine.js:1708:44
	at attemptAsync (file:///Users/rachelk/.rvm/gems/ruby-2.2.1/gems/learn-test-1.2.25/lib/learn_test/jasmine/jasmine.js:1520:16)
	at run (file:///Users/rachelk/.rvm/gems/ruby-2.2.1/gems/learn-test-1.2.25/lib/learn_test/jasmine/jasmine.js:1496:28)
	at execute (file:///Users/rachelk/.rvm/gems/ruby-2.2.1/gems/learn-test-1.2.25/lib/learn_test/jasmine/jasmine.js:1485:13)
	at queueRunnerFactory (file:///Users/rachelk/.rvm/gems/ruby-2.2.1/gems/learn-test-1.2.25/lib/learn_test/jasmine/jasmine.js:518:42)
	at execute (file:///Users/rachelk/.rvm/gems/ruby-2.2.1/gems/learn-test-1.2.25/lib/learn_test/jasmine/jasmine.js:1694:21)
	at file:///Users/rachelk/.rvm/gems/ruby-2.2.1/gems/learn-test-1.2.25/lib/learn_test/jasmine/jasmine.js:541:83
	at attemptAsync (file:///Users/rachelk/.rvm/gems/ruby-2.2.1/gems/learn-test-1.2.25/lib/learn_test/jasmine/jasmine.js:1520:16)
	at run (file:///Users/rachelk/.rvm/gems/ruby-2.2.1/gems/learn-test-1.2.25/lib/learn_test/jasmine/jasmine.js:1496:28)
	at execute (file:///Users/rachelk/.rvm/gems/ruby-2.2.1/gems/learn-test-1.2.25/lib/learn_test/jasmine/jasmine.js:1485:13)
	at queueRunnerFactory (file:///Users/rachelk/.rvm/gems/ruby-2.2.1/gems/learn-test-1.2.25/lib/learn_test/jasmine/jasmine.js:518:42)
	at execute (file:///Users/rachelk/.rvm/gems/ruby-2.2.1/gems/learn-test-1.2.25/lib/learn_test/jasmine/jasmine.js:548:25)
	at onload (file:///Users/rachelk/.rvm/gems/ruby-2.2.1/gems/learn-test-1.2.25/lib/learn_test/jasmine/boot.js:172:16)			</failure>
		</testcase>
		<testcase classname="Spaceship" name="should have the correct layer of shields (4)" time="0">
			<failure type="" message="ReferenceError: Can&amp;apos;t find variable: Spaceship in file:///Users/rachelk/Dropbox/Development/Javascript/space-invaders-v-000/spec/space-invaders-spec.js (line 31)">
	at file:///Users/rachelk/Dropbox/Development/Javascript/space-invaders-v-000/spec/space-invaders-spec.js:31:30
	at attemptSync (file:///Users/rachelk/.rvm/gems/ruby-2.2.1/gems/learn-test-1.2.25/lib/learn_test/jasmine/jasmine.js:1510:16)
	at run (file:///Users/rachelk/.rvm/gems/ruby-2.2.1/gems/learn-test-1.2.25/lib/learn_test/jasmine/jasmine.js:1498:20)
	at execute (file:///Users/rachelk/.rvm/gems/ruby-2.2.1/gems/learn-test-1.2.25/lib/learn_test/jasmine/jasmine.js:1485:13)
	at queueRunnerFactory (file:///Users/rachelk/.rvm/gems/ruby-2.2.1/gems/learn-test-1.2.25/lib/learn_test/jasmine/jasmine.js:518:42)
	at execute (file:///Users/rachelk/.rvm/gems/ruby-2.2.1/gems/learn-test-1.2.25/lib/learn_test/jasmine/jasmine.js:306:28)
	at file:///Users/rachelk/.rvm/gems/ruby-2.2.1/gems/learn-test-1.2.25/lib/learn_test/jasmine/jasmine.js:1708:44
	at attemptAsync (file:///Users/rachelk/.rvm/gems/ruby-2.2.1/gems/learn-test-1.2.25/lib/learn_test/jasmine/jasmine.js:1520:16)
	at run (file:///Users/rachelk/.rvm/gems/ruby-2.2.1/gems/learn-test-1.2.25/lib/learn_test/jasmine/jasmine.js:1496:28)
	at next (file:///Users/rachelk/.rvm/gems/ruby-2.2.1/gems/learn-test-1.2.25/lib/learn_test/jasmine/jasmine.js:1517:40)
	at complete (file:///Users/rachelk/.rvm/gems/ruby-2.2.1/gems/learn-test-1.2.25/lib/learn_test/jasmine/jasmine.js:333:19)
	at clearStack (file:///Users/rachelk/.rvm/gems/ruby-2.2.1/gems/learn-test-1.2.25/lib/learn_test/jasmine/jasmine.js:506:11)
	at run (file:///Users/rachelk/.rvm/gems/ruby-2.2.1/gems/learn-test-1.2.25/lib/learn_test/jasmine/jasmine.js:1505:22)
	at execute (file:///Users/rachelk/.rvm/gems/ruby-2.2.1/gems/learn-test-1.2.25/lib/learn_test/jasmine/jasmine.js:1485:13)
	at queueRunnerFactory (file:///Users/rachelk/.rvm/gems/ruby-2.2.1/gems/learn-test-1.2.25/lib/learn_test/jasmine/jasmine.js:518:42)
	at execute (file:///Users/rachelk/.rvm/gems/ruby-2.2.1/gems/learn-test-1.2.25/lib/learn_test/jasmine/jasmine.js:306:28)
	at file:///Users/rachelk/.rvm/gems/ruby-2.2.1/gems/learn-test-1.2.25/lib/learn_test/jasmine/jasmine.js:1708:44
	at attemptAsync (file:///Users/rachelk/.rvm/gems/ruby-2.2.1/gems/learn-test-1.2.25/lib/learn_test/jasmine/jasmine.js:1520:16)
	at run (file:///Users/rachelk/.rvm/gems/ruby-2.2.1/gems/learn-test-1.2.25/lib/learn_test/jasmine/jasmine.js:1496:28)
	at next (file:///Users/rachelk/.rvm/gems/ruby-2.2.1/gems/learn-test-1.2.25/lib/learn_test/jasmine/jasmine.js:1517:40)
	at complete (file:///Users/rachelk/.rvm/gems/ruby-2.2.1/gems/learn-test-1.2.25/lib/learn_test/jasmine/jasmine.js:333:19)
	at clearStack (file:///Users/rachelk/.rvm/gems/ruby-2.2.1/gems/learn-test-1.2.25/lib/learn_test/jasmine/jasmine.js:506:11)
	at run (file:///Users/rachelk/.rvm/gems/ruby-2.2.1/gems/learn-test-1.2.25/lib/learn_test/jasmine/jasmine.js:1505:22)
	at execute (file:///Users/rachelk/.rvm/gems/ruby-2.2.1/gems/learn-test-1.2.25/lib/learn_test/jasmine/jasmine.js:1485:13)
	at queueRunnerFactory (file:///Users/rachelk/.rvm/gems/ruby-2.2.1/gems/learn-test-1.2.25/lib/learn_test/jasmine/jasmine.js:518:42)
	at execute (file:///Users/rachelk/.rvm/gems/ruby-2.2.1/gems/learn-test-1.2.25/lib/learn_test/jasmine/jasmine.js:306:28)
	at file:///Users/rachelk/.rvm/gems/ruby-2.2.1/gems/learn-test-1.2.25/lib/learn_test/jasmine/jasmine.js:1708:44
	at attemptAsync (file:///Users/rachelk/.rvm/gems/ruby-2.2.1/gems/learn-test-1.2.25/lib/learn_test/jasmine/jasmine.js:1520:16)
	at run (file:///Users/rachelk/.rvm/gems/ruby-2.2.1/gems/learn-test-1.2.25/lib/learn_test/jasmine/jasmine.js:1496:28)
	at execute (file:///Users/rachelk/.rvm/gems/ruby-2.2.1/gems/learn-test-1.2.25/lib/learn_test/jasmine/jasmine.js:1485:13)
	at queueRunnerFactory (file:///Users/rachelk/.rvm/gems/ruby-2.2.1/gems/learn-test-1.2.25/lib/learn_test/jasmine/jasmine.js:518:42)
	at execute (file:///Users/rachelk/.rvm/gems/ruby-2.2.1/gems/learn-test-1.2.25/lib/learn_test/jasmine/jasmine.js:1694:21)
	at file:///Users/rachelk/.rvm/gems/ruby-2.2.1/gems/learn-test-1.2.25/lib/learn_test/jasmine/jasmine.js:1708:44
	at attemptAsync (file:///Users/rachelk/.rvm/gems/ruby-2.2.1/gems/learn-test-1.2.25/lib/learn_test/jasmine/jasmine.js:1520:16)
	at run (file:///Users/rachelk/.rvm/gems/ruby-2.2.1/gems/learn-test-1.2.25/lib/learn_test/jasmine/jasmine.js:1496:28)
	at next (file:///Users/rachelk/.rvm/gems/ruby-2.2.1/gems/learn-test-1.2.25/lib/learn_test/jasmine/jasmine.js:1517:40)
	at complete (file:///Users/rachelk/.rvm/gems/ruby-2.2.1/gems/learn-test-1.2.25/lib/learn_test/jasmine/jasmine.js:1703:19)
	at clearStack (file:///Users/rachelk/.rvm/gems/ruby-2.2.1/gems/learn-test-1.2.25/lib/learn_test/jasmine/jasmine.js:506:11)
	at run (file:///Users/rachelk/.rvm/gems/ruby-2.2.1/gems/learn-test-1.2.25/lib/learn_test/jasmine/jasmine.js:1505:22)
	at next (file:///Users/rachelk/.rvm/gems/ruby-2.2.1/gems/learn-test-1.2.25/lib/learn_test/jasmine/jasmine.js:1517:40)
	at complete (file:///Users/rachelk/.rvm/gems/ruby-2.2.1/gems/learn-test-1.2.25/lib/learn_test/jasmine/jasmine.js:333:19)
	at clearStack (file:///Users/rachelk/.rvm/gems/ruby-2.2.1/gems/learn-test-1.2.25/lib/learn_test/jasmine/jasmine.js:506:11)
	at run (file:///Users/rachelk/.rvm/gems/ruby-2.2.1/gems/learn-test-1.2.25/lib/learn_test/jasmine/jasmine.js:1505:22)
	at execute (file:///Users/rachelk/.rvm/gems/ruby-2.2.1/gems/learn-test-1.2.25/lib/learn_test/jasmine/jasmine.js:1485:13)
	at queueRunnerFactory (file:///Users/rachelk/.rvm/gems/ruby-2.2.1/gems/learn-test-1.2.25/lib/learn_test/jasmine/jasmine.js:518:42)
	at execute (file:///Users/rachelk/.rvm/gems/ruby-2.2.1/gems/learn-test-1.2.25/lib/learn_test/jasmine/jasmine.js:306:28)
	at file:///Users/rachelk/.rvm/gems/ruby-2.2.1/gems/learn-test-1.2.25/lib/learn_test/jasmine/jasmine.js:1708:44
	at attemptAsync (file:///Users/rachelk/.rvm/gems/ruby-2.2.1/gems/learn-test-1.2.25/lib/learn_test/jasmine/jasmine.js:1520:16)
	at run (file:///Users/rachelk/.rvm/gems/ruby-2.2.1/gems/learn-test-1.2.25/lib/learn_test/jasmine/jasmine.js:1496:28)
	at next (file:///Users/rachelk/.rvm/gems/ruby-2.2.1/gems/learn-test-1.2.25/lib/learn_test/jasmine/jasmine.js:1517:40)
	at complete (file:///Users/rachelk/.rvm/gems/ruby-2.2.1/gems/learn-test-1.2.25/lib/learn_test/jasmine/jasmine.js:333:19)
	at clearStack (file:///Users/rachelk/.rvm/gems/ruby-2.2.1/gems/learn-test-1.2.25/lib/learn_test/jasmine/jasmine.js:506:11)
	at run (file:///Users/rachelk/.rvm/gems/ruby-2.2.1/gems/learn-test-1.2.25/lib/learn_test/jasmine/jasmine.js:1505:22)
	at execute (file:///Users/rachelk/.rvm/gems/ruby-2.2.1/gems/learn-test-1.2.25/lib/learn_test/jasmine/jasmine.js:1485:13)
	at queueRunnerFactory (file:///Users/rachelk/.rvm/gems/ruby-2.2.1/gems/learn-test-1.2.25/lib/learn_test/jasmine/jasmine.js:518:42)
	at execute (file:///Users/rachelk/.rvm/gems/ruby-2.2.1/gems/learn-test-1.2.25/lib/learn_test/jasmine/jasmine.js:306:28)
	at file:///Users/rachelk/.rvm/gems/ruby-2.2.1/gems/learn-test-1.2.25/lib/learn_test/jasmine/jasmine.js:1708:44
	at attemptAsync (file:///Users/rachelk/.rvm/gems/ruby-2.2.1/gems/learn-test-1.2.25/lib/learn_test/jasmine/jasmine.js:1520:16)
	at run (file:///Users/rachelk/.rvm/gems/ruby-2.2.1/gems/learn-test-1.2.25/lib/learn_test/jasmine/jasmine.js:1496:28)
	at next (file:///Users/rachelk/.rvm/gems/ruby-2.2.1/gems/learn-test-1.2.25/lib/learn_test/jasmine/jasmine.js:1517:40)
	at complete (file:///Users/rachelk/.rvm/gems/ruby-2.2.1/gems/learn-test-1.2.25/lib/learn_test/jasmine/jasmine.js:333:19)
	at clearStack (file:///Users/rachelk/.rvm/gems/ruby-2.2.1/gems/learn-test-1.2.25/lib/learn_test/jasmine/jasmine.js:506:11)
	at run (file:///Users/rachelk/.rvm/gems/ruby-2.2.1/gems/learn-test-1.2.25/lib/learn_test/jasmine/jasmine.js:1505:22)
	at execute (file:///Users/rachelk/.rvm/gems/ruby-2.2.1/gems/learn-test-1.2.25/lib/learn_test/jasmine/jasmine.js:1485:13)
	at queueRunnerFactory (file:///Users/rachelk/.rvm/gems/ruby-2.2.1/gems/learn-test-1.2.25/lib/learn_test/jasmine/jasmine.js:518:42)
	at execute (file:///Users/rachelk/.rvm/gems/ruby-2.2.1/gems/learn-test-1.2.25/lib/learn_test/jasmine/jasmine.js:306:28)
	at file:///Users/rachelk/.rvm/gems/ruby-2.2.1/gems/learn-test-1.2.25/lib/learn_test/jasmine/jasmine.js:1708:44
	at attemptAsync (file:///Users/rachelk/.rvm/gems/ruby-2.2.1/gems/learn-test-1.2.25/lib/learn_test/jasmine/jasmine.js:1520:16)
	at run (file:///Users/rachelk/.rvm/gems/ruby-2.2.1/gems/learn-test-1.2.25/lib/learn_test/jasmine/jasmine.js:1496:28)
	at execute (file:///Users/rachelk/.rvm/gems/ruby-2.2.1/gems/learn-test-1.2.25/lib/learn_test/jasmine/jasmine.js:1485:13)
	at queueRunnerFactory (file:///Users/rachelk/.rvm/gems/ruby-2.2.1/gems/learn-test-1.2.25/lib/learn_test/jasmine/jasmine.js:518:42)
	at execute (file:///Users/rachelk/.rvm/gems/ruby-2.2.1/gems/learn-test-1.2.25/lib/learn_test/jasmine/jasmine.js:1694:21)
	at file:///Users/rachelk/.rvm/gems/ruby-2.2.1/gems/learn-test-1.2.25/lib/learn_test/jasmine/jasmine.js:1708:44
	at attemptAsync (file:///Users/rachelk/.rvm/gems/ruby-2.2.1/gems/learn-test-1.2.25/lib/learn_test/jasmine/jasmine.js:1520:16)
	at run (file:///Users/rachelk/.rvm/gems/ruby-2.2.1/gems/learn-test-1.2.25/lib/learn_test/jasmine/jasmine.js:1496:28)
	at execute (file:///Users/rachelk/.rvm/gems/ruby-2.2.1/gems/learn-test-1.2.25/lib/learn_test/jasmine/jasmine.js:1485:13)
	at queueRunnerFactory (file:///Users/rachelk/.rvm/gems/ruby-2.2.1/gems/learn-test-1.2.25/lib/learn_test/jasmine/jasmine.js:518:42)
	at execute (file:///Users/rachelk/.rvm/gems/ruby-2.2.1/gems/learn-test-1.2.25/lib/learn_test/jasmine/jasmine.js:1694:21)
	at file:///Users/rachelk/.rvm/gems/ruby-2.2.1/gems/learn-test-1.2.25/lib/learn_test/jasmine/jasmine.js:541:83
	at attemptAsync (file:///Users/rachelk/.rvm/gems/ruby-2.2.1/gems/learn-test-1.2.25/lib/learn_test/jasmine/jasmine.js:1520:16)
	at run (file:///Users/rachelk/.rvm/gems/ruby-2.2.1/gems/learn-test-1.2.25/lib/learn_test/jasmine/jasmine.js:1496:28)
	at execute (file:///Users/rachelk/.rvm/gems/ruby-2.2.1/gems/learn-test-1.2.25/lib/learn_test/jasmine/jasmine.js:1485:13)
	at queueRunnerFactory (file:///Users/rachelk/.rvm/gems/ruby-2.2.1/gems/learn-test-1.2.25/lib/learn_test/jasmine/jasmine.js:518:42)
	at execute (file:///Users/rachelk/.rvm/gems/ruby-2.2.1/gems/learn-test-1.2.25/lib/learn_test/jasmine/jasmine.js:548:25)
	at onload (file:///Users/rachelk/.rvm/gems/ruby-2.2.1/gems/learn-test-1.2.25/lib/learn_test/jasmine/boot.js:172:16)			</failure>
			<failure type="" message="TypeError: undefined is not an object (evaluating &amp;apos;spaceship.shields&amp;apos;) in file:///Users/rachelk/Dropbox/Development/Javascript/space-invaders-v-000/spec/space-invaders-spec.js (line 43)">
	at file:///Users/rachelk/Dropbox/Development/Javascript/space-invaders-v-000/spec/space-invaders-spec.js:43:21
	at attemptSync (file:///Users/rachelk/.rvm/gems/ruby-2.2.1/gems/learn-test-1.2.25/lib/learn_test/jasmine/jasmine.js:1510:16)
	at run (file:///Users/rachelk/.rvm/gems/ruby-2.2.1/gems/learn-test-1.2.25/lib/learn_test/jasmine/jasmine.js:1498:20)
	at execute (file:///Users/rachelk/.rvm/gems/ruby-2.2.1/gems/learn-test-1.2.25/lib/learn_test/jasmine/jasmine.js:1485:13)
	at queueRunnerFactory (file:///Users/rachelk/.rvm/gems/ruby-2.2.1/gems/learn-test-1.2.25/lib/learn_test/jasmine/jasmine.js:518:42)
	at execute (file:///Users/rachelk/.rvm/gems/ruby-2.2.1/gems/learn-test-1.2.25/lib/learn_test/jasmine/jasmine.js:306:28)
	at file:///Users/rachelk/.rvm/gems/ruby-2.2.1/gems/learn-test-1.2.25/lib/learn_test/jasmine/jasmine.js:1708:44
	at attemptAsync (file:///Users/rachelk/.rvm/gems/ruby-2.2.1/gems/learn-test-1.2.25/lib/learn_test/jasmine/jasmine.js:1520:16)
	at run (file:///Users/rachelk/.rvm/gems/ruby-2.2.1/gems/learn-test-1.2.25/lib/learn_test/jasmine/jasmine.js:1496:28)
	at next (file:///Users/rachelk/.rvm/gems/ruby-2.2.1/gems/learn-test-1.2.25/lib/learn_test/jasmine/jasmine.js:1517:40)
	at complete (file:///Users/rachelk/.rvm/gems/ruby-2.2.1/gems/learn-test-1.2.25/lib/learn_test/jasmine/jasmine.js:333:19)
	at clearStack (file:///Users/rachelk/.rvm/gems/ruby-2.2.1/gems/learn-test-1.2.25/lib/learn_test/jasmine/jasmine.js:506:11)
	at run (file:///Users/rachelk/.rvm/gems/ruby-2.2.1/gems/learn-test-1.2.25/lib/learn_test/jasmine/jasmine.js:1505:22)
	at execute (file:///Users/rachelk/.rvm/gems/ruby-2.2.1/gems/learn-test-1.2.25/lib/learn_test/jasmine/jasmine.js:1485:13)
	at queueRunnerFactory (file:///Users/rachelk/.rvm/gems/ruby-2.2.1/gems/learn-test-1.2.25/lib/learn_test/jasmine/jasmine.js:518:42)
	at execute (file:///Users/rachelk/.rvm/gems/ruby-2.2.1/gems/learn-test-1.2.25/lib/learn_test/jasmine/jasmine.js:306:28)
	at file:///Users/rachelk/.rvm/gems/ruby-2.2.1/gems/learn-test-1.2.25/lib/learn_test/jasmine/jasmine.js:1708:44
	at attemptAsync (file:///Users/rachelk/.rvm/gems/ruby-2.2.1/gems/learn-test-1.2.25/lib/learn_test/jasmine/jasmine.js:1520:16)
	at run (file:///Users/rachelk/.rvm/gems/ruby-2.2.1/gems/learn-test-1.2.25/lib/learn_test/jasmine/jasmine.js:1496:28)
	at next (file:///Users/rachelk/.rvm/gems/ruby-2.2.1/gems/learn-test-1.2.25/lib/learn_test/jasmine/jasmine.js:1517:40)
	at complete (file:///Users/rachelk/.rvm/gems/ruby-2.2.1/gems/learn-test-1.2.25/lib/learn_test/jasmine/jasmine.js:333:19)
	at clearStack (file:///Users/rachelk/.rvm/gems/ruby-2.2.1/gems/learn-test-1.2.25/lib/learn_test/jasmine/jasmine.js:506:11)
	at run (file:///Users/rachelk/.rvm/gems/ruby-2.2.1/gems/learn-test-1.2.25/lib/learn_test/jasmine/jasmine.js:1505:22)
	at execute (file:///Users/rachelk/.rvm/gems/ruby-2.2.1/gems/learn-test-1.2.25/lib/learn_test/jasmine/jasmine.js:1485:13)
	at queueRunnerFactory (file:///Users/rachelk/.rvm/gems/ruby-2.2.1/gems/learn-test-1.2.25/lib/learn_test/jasmine/jasmine.js:518:42)
	at execute (file:///Users/rachelk/.rvm/gems/ruby-2.2.1/gems/learn-test-1.2.25/lib/learn_test/jasmine/jasmine.js:306:28)
	at file:///Users/rachelk/.rvm/gems/ruby-2.2.1/gems/learn-test-1.2.25/lib/learn_test/jasmine/jasmine.js:1708:44
	at attemptAsync (file:///Users/rachelk/.rvm/gems/ruby-2.2.1/gems/learn-test-1.2.25/lib/learn_test/jasmine/jasmine.js:1520:16)
	at run (file:///Users/rachelk/.rvm/gems/ruby-2.2.1/gems/learn-test-1.2.25/lib/learn_test/jasmine/jasmine.js:1496:28)
	at execute (file:///Users/rachelk/.rvm/gems/ruby-2.2.1/gems/learn-test-1.2.25/lib/learn_test/jasmine/jasmine.js:1485:13)
	at queueRunnerFactory (file:///Users/rachelk/.rvm/gems/ruby-2.2.1/gems/learn-test-1.2.25/lib/learn_test/jasmine/jasmine.js:518:42)
	at execute (file:///Users/rachelk/.rvm/gems/ruby-2.2.1/gems/learn-test-1.2.25/lib/learn_test/jasmine/jasmine.js:1694:21)
	at file:///Users/rachelk/.rvm/gems/ruby-2.2.1/gems/learn-test-1.2.25/lib/learn_test/jasmine/jasmine.js:1708:44
	at attemptAsync (file:///Users/rachelk/.rvm/gems/ruby-2.2.1/gems/learn-test-1.2.25/lib/learn_test/jasmine/jasmine.js:1520:16)
	at run (file:///Users/rachelk/.rvm/gems/ruby-2.2.1/gems/learn-test-1.2.25/lib/learn_test/jasmine/jasmine.js:1496:28)
	at next (file:///Users/rachelk/.rvm/gems/ruby-2.2.1/gems/learn-test-1.2.25/lib/learn_test/jasmine/jasmine.js:1517:40)
	at complete (file:///Users/rachelk/.rvm/gems/ruby-2.2.1/gems/learn-test-1.2.25/lib/learn_test/jasmine/jasmine.js:1703:19)
	at clearStack (file:///Users/rachelk/.rvm/gems/ruby-2.2.1/gems/learn-test-1.2.25/lib/learn_test/jasmine/jasmine.js:506:11)
	at run (file:///Users/rachelk/.rvm/gems/ruby-2.2.1/gems/learn-test-1.2.25/lib/learn_test/jasmine/jasmine.js:1505:22)
	at next (file:///Users/rachelk/.rvm/gems/ruby-2.2.1/gems/learn-test-1.2.25/lib/learn_test/jasmine/jasmine.js:1517:40)
	at complete (file:///Users/rachelk/.rvm/gems/ruby-2.2.1/gems/learn-test-1.2.25/lib/learn_test/jasmine/jasmine.js:333:19)
	at clearStack (file:///Users/rachelk/.rvm/gems/ruby-2.2.1/gems/learn-test-1.2.25/lib/learn_test/jasmine/jasmine.js:506:11)
	at run (file:///Users/rachelk/.rvm/gems/ruby-2.2.1/gems/learn-test-1.2.25/lib/learn_test/jasmine/jasmine.js:1505:22)
	at execute (file:///Users/rachelk/.rvm/gems/ruby-2.2.1/gems/learn-test-1.2.25/lib/learn_test/jasmine/jasmine.js:1485:13)
	at queueRunnerFactory (file:///Users/rachelk/.rvm/gems/ruby-2.2.1/gems/learn-test-1.2.25/lib/learn_test/jasmine/jasmine.js:518:42)
	at execute (file:///Users/rachelk/.rvm/gems/ruby-2.2.1/gems/learn-test-1.2.25/lib/learn_test/jasmine/jasmine.js:306:28)
	at file:///Users/rachelk/.rvm/gems/ruby-2.2.1/gems/learn-test-1.2.25/lib/learn_test/jasmine/jasmine.js:1708:44
	at attemptAsync (file:///Users/rachelk/.rvm/gems/ruby-2.2.1/gems/learn-test-1.2.25/lib/learn_test/jasmine/jasmine.js:1520:16)
	at run (file:///Users/rachelk/.rvm/gems/ruby-2.2.1/gems/learn-test-1.2.25/lib/learn_test/jasmine/jasmine.js:1496:28)
	at next (file:///Users/rachelk/.rvm/gems/ruby-2.2.1/gems/learn-test-1.2.25/lib/learn_test/jasmine/jasmine.js:1517:40)
	at complete (file:///Users/rachelk/.rvm/gems/ruby-2.2.1/gems/learn-test-1.2.25/lib/learn_test/jasmine/jasmine.js:333:19)
	at clearStack (file:///Users/rachelk/.rvm/gems/ruby-2.2.1/gems/learn-test-1.2.25/lib/learn_test/jasmine/jasmine.js:506:11)
	at run (file:///Users/rachelk/.rvm/gems/ruby-2.2.1/gems/learn-test-1.2.25/lib/learn_test/jasmine/jasmine.js:1505:22)
	at execute (file:///Users/rachelk/.rvm/gems/ruby-2.2.1/gems/learn-test-1.2.25/lib/learn_test/jasmine/jasmine.js:1485:13)
	at queueRunnerFactory (file:///Users/rachelk/.rvm/gems/ruby-2.2.1/gems/learn-test-1.2.25/lib/learn_test/jasmine/jasmine.js:518:42)
	at execute (file:///Users/rachelk/.rvm/gems/ruby-2.2.1/gems/learn-test-1.2.25/lib/learn_test/jasmine/jasmine.js:306:28)
	at file:///Users/rachelk/.rvm/gems/ruby-2.2.1/gems/learn-test-1.2.25/lib/learn_test/jasmine/jasmine.js:1708:44
	at attemptAsync (file:///Users/rachelk/.rvm/gems/ruby-2.2.1/gems/learn-test-1.2.25/lib/learn_test/jasmine/jasmine.js:1520:16)
	at run (file:///Users/rachelk/.rvm/gems/ruby-2.2.1/gems/learn-test-1.2.25/lib/learn_test/jasmine/jasmine.js:1496:28)
	at next (file:///Users/rachelk/.rvm/gems/ruby-2.2.1/gems/learn-test-1.2.25/lib/learn_test/jasmine/jasmine.js:1517:40)
	at complete (file:///Users/rachelk/.rvm/gems/ruby-2.2.1/gems/learn-test-1.2.25/lib/learn_test/jasmine/jasmine.js:333:19)
	at clearStack (file:///Users/rachelk/.rvm/gems/ruby-2.2.1/gems/learn-test-1.2.25/lib/learn_test/jasmine/jasmine.js:506:11)
	at run (file:///Users/rachelk/.rvm/gems/ruby-2.2.1/gems/learn-test-1.2.25/lib/learn_test/jasmine/jasmine.js:1505:22)
	at execute (file:///Users/rachelk/.rvm/gems/ruby-2.2.1/gems/learn-test-1.2.25/lib/learn_test/jasmine/jasmine.js:1485:13)
	at queueRunnerFactory (file:///Users/rachelk/.rvm/gems/ruby-2.2.1/gems/learn-test-1.2.25/lib/learn_test/jasmine/jasmine.js:518:42)
	at execute (file:///Users/rachelk/.rvm/gems/ruby-2.2.1/gems/learn-test-1.2.25/lib/learn_test/jasmine/jasmine.js:306:28)
	at file:///Users/rachelk/.rvm/gems/ruby-2.2.1/gems/learn-test-1.2.25/lib/learn_test/jasmine/jasmine.js:1708:44
	at attemptAsync (file:///Users/rachelk/.rvm/gems/ruby-2.2.1/gems/learn-test-1.2.25/lib/learn_test/jasmine/jasmine.js:1520:16)
	at run (file:///Users/rachelk/.rvm/gems/ruby-2.2.1/gems/learn-test-1.2.25/lib/learn_test/jasmine/jasmine.js:1496:28)
	at execute (file:///Users/rachelk/.rvm/gems/ruby-2.2.1/gems/learn-test-1.2.25/lib/learn_test/jasmine/jasmine.js:1485:13)
	at queueRunnerFactory (file:///Users/rachelk/.rvm/gems/ruby-2.2.1/gems/learn-test-1.2.25/lib/learn_test/jasmine/jasmine.js:518:42)
	at execute (file:///Users/rachelk/.rvm/gems/ruby-2.2.1/gems/learn-test-1.2.25/lib/learn_test/jasmine/jasmine.js:1694:21)
	at file:///Users/rachelk/.rvm/gems/ruby-2.2.1/gems/learn-test-1.2.25/lib/learn_test/jasmine/jasmine.js:1708:44
	at attemptAsync (file:///Users/rachelk/.rvm/gems/ruby-2.2.1/gems/learn-test-1.2.25/lib/learn_test/jasmine/jasmine.js:1520:16)
	at run (file:///Users/rachelk/.rvm/gems/ruby-2.2.1/gems/learn-test-1.2.25/lib/learn_test/jasmine/jasmine.js:1496:28)
	at execute (file:///Users/rachelk/.rvm/gems/ruby-2.2.1/gems/learn-test-1.2.25/lib/learn_test/jasmine/jasmine.js:1485:13)
	at queueRunnerFactory (file:///Users/rachelk/.rvm/gems/ruby-2.2.1/gems/learn-test-1.2.25/lib/learn_test/jasmine/jasmine.js:518:42)
	at execute (file:///Users/rachelk/.rvm/gems/ruby-2.2.1/gems/learn-test-1.2.25/lib/learn_test/jasmine/jasmine.js:1694:21)
	at file:///Users/rachelk/.rvm/gems/ruby-2.2.1/gems/learn-test-1.2.25/lib/learn_test/jasmine/jasmine.js:541:83
	at attemptAsync (file:///Users/rachelk/.rvm/gems/ruby-2.2.1/gems/learn-test-1.2.25/lib/learn_test/jasmine/jasmine.js:1520:16)
	at run (file:///Users/rachelk/.rvm/gems/ruby-2.2.1/gems/learn-test-1.2.25/lib/learn_test/jasmine/jasmine.js:1496:28)
	at execute (file:///Users/rachelk/.rvm/gems/ruby-2.2.1/gems/learn-test-1.2.25/lib/learn_test/jasmine/jasmine.js:1485:13)
	at queueRunnerFactory (file:///Users/rachelk/.rvm/gems/ruby-2.2.1/gems/learn-test-1.2.25/lib/learn_test/jasmine/jasmine.js:518:42)
	at execute (file:///Users/rachelk/.rvm/gems/ruby-2.2.1/gems/learn-test-1.2.25/lib/learn_test/jasmine/jasmine.js:548:25)
	at onload (file:///Users/rachelk/.rvm/gems/ruby-2.2.1/gems/learn-test-1.2.25/lib/learn_test/jasmine/boot.js:172:16)			</failure>
		</testcase>
		<testcase classname="Spaceship" name="should have it&amp;apos;s cloaking set to false by default" time="0">
			<failure type="" message="ReferenceError: Can&amp;apos;t find variable: Spaceship in file:///Users/rachelk/Dropbox/Development/Javascript/space-invaders-v-000/spec/space-invaders-spec.js (line 31)">
	at file:///Users/rachelk/Dropbox/Development/Javascript/space-invaders-v-000/spec/space-invaders-spec.js:31:30
	at attemptSync (file:///Users/rachelk/.rvm/gems/ruby-2.2.1/gems/learn-test-1.2.25/lib/learn_test/jasmine/jasmine.js:1510:16)
	at run (file:///Users/rachelk/.rvm/gems/ruby-2.2.1/gems/learn-test-1.2.25/lib/learn_test/jasmine/jasmine.js:1498:20)
	at execute (file:///Users/rachelk/.rvm/gems/ruby-2.2.1/gems/learn-test-1.2.25/lib/learn_test/jasmine/jasmine.js:1485:13)
	at queueRunnerFactory (file:///Users/rachelk/.rvm/gems/ruby-2.2.1/gems/learn-test-1.2.25/lib/learn_test/jasmine/jasmine.js:518:42)
	at execute (file:///Users/rachelk/.rvm/gems/ruby-2.2.1/gems/learn-test-1.2.25/lib/learn_test/jasmine/jasmine.js:306:28)
	at file:///Users/rachelk/.rvm/gems/ruby-2.2.1/gems/learn-test-1.2.25/lib/learn_test/jasmine/jasmine.js:1708:44
	at attemptAsync (file:///Users/rachelk/.rvm/gems/ruby-2.2.1/gems/learn-test-1.2.25/lib/learn_test/jasmine/jasmine.js:1520:16)
	at run (file:///Users/rachelk/.rvm/gems/ruby-2.2.1/gems/learn-test-1.2.25/lib/learn_test/jasmine/jasmine.js:1496:28)
	at next (file:///Users/rachelk/.rvm/gems/ruby-2.2.1/gems/learn-test-1.2.25/lib/learn_test/jasmine/jasmine.js:1517:40)
	at complete (file:///Users/rachelk/.rvm/gems/ruby-2.2.1/gems/learn-test-1.2.25/lib/learn_test/jasmine/jasmine.js:333:19)
	at clearStack (file:///Users/rachelk/.rvm/gems/ruby-2.2.1/gems/learn-test-1.2.25/lib/learn_test/jasmine/jasmine.js:506:11)
	at run (file:///Users/rachelk/.rvm/gems/ruby-2.2.1/gems/learn-test-1.2.25/lib/learn_test/jasmine/jasmine.js:1505:22)
	at execute (file:///Users/rachelk/.rvm/gems/ruby-2.2.1/gems/learn-test-1.2.25/lib/learn_test/jasmine/jasmine.js:1485:13)
	at queueRunnerFactory (file:///Users/rachelk/.rvm/gems/ruby-2.2.1/gems/learn-test-1.2.25/lib/learn_test/jasmine/jasmine.js:518:42)
	at execute (file:///Users/rachelk/.rvm/gems/ruby-2.2.1/gems/learn-test-1.2.25/lib/learn_test/jasmine/jasmine.js:306:28)
	at file:///Users/rachelk/.rvm/gems/ruby-2.2.1/gems/learn-test-1.2.25/lib/learn_test/jasmine/jasmine.js:1708:44
	at attemptAsync (file:///Users/rachelk/.rvm/gems/ruby-2.2.1/gems/learn-test-1.2.25/lib/learn_test/jasmine/jasmine.js:1520:16)
	at run (file:///Users/rachelk/.rvm/gems/ruby-2.2.1/gems/learn-test-1.2.25/lib/learn_test/jasmine/jasmine.js:1496:28)
	at next (file:///Users/rachelk/.rvm/gems/ruby-2.2.1/gems/learn-test-1.2.25/lib/learn_test/jasmine/jasmine.js:1517:40)
	at complete (file:///Users/rachelk/.rvm/gems/ruby-2.2.1/gems/learn-test-1.2.25/lib/learn_test/jasmine/jasmine.js:333:19)
	at clearStack (file:///Users/rachelk/.rvm/gems/ruby-2.2.1/gems/learn-test-1.2.25/lib/learn_test/jasmine/jasmine.js:506:11)
	at run (file:///Users/rachelk/.rvm/gems/ruby-2.2.1/gems/learn-test-1.2.25/lib/learn_test/jasmine/jasmine.js:1505:22)
	at execute (file:///Users/rachelk/.rvm/gems/ruby-2.2.1/gems/learn-test-1.2.25/lib/learn_test/jasmine/jasmine.js:1485:13)
	at queueRunnerFactory (file:///Users/rachelk/.rvm/gems/ruby-2.2.1/gems/learn-test-1.2.25/lib/learn_test/jasmine/jasmine.js:518:42)
	at execute (file:///Users/rachelk/.rvm/gems/ruby-2.2.1/gems/learn-test-1.2.25/lib/learn_test/jasmine/jasmine.js:306:28)
	at file:///Users/rachelk/.rvm/gems/ruby-2.2.1/gems/learn-test-1.2.25/lib/learn_test/jasmine/jasmine.js:1708:44
	at attemptAsync (file:///Users/rachelk/.rvm/gems/ruby-2.2.1/gems/learn-test-1.2.25/lib/learn_test/jasmine/jasmine.js:1520:16)
	at run (file:///Users/rachelk/.rvm/gems/ruby-2.2.1/gems/learn-test-1.2.25/lib/learn_test/jasmine/jasmine.js:1496:28)
	at next (file:///Users/rachelk/.rvm/gems/ruby-2.2.1/gems/learn-test-1.2.25/lib/learn_test/jasmine/jasmine.js:1517:40)
	at complete (file:///Users/rachelk/.rvm/gems/ruby-2.2.1/gems/learn-test-1.2.25/lib/learn_test/jasmine/jasmine.js:333:19)
	at clearStack (file:///Users/rachelk/.rvm/gems/ruby-2.2.1/gems/learn-test-1.2.25/lib/learn_test/jasmine/jasmine.js:506:11)
	at run (file:///Users/rachelk/.rvm/gems/ruby-2.2.1/gems/learn-test-1.2.25/lib/learn_test/jasmine/jasmine.js:1505:22)
	at execute (file:///Users/rachelk/.rvm/gems/ruby-2.2.1/gems/learn-test-1.2.25/lib/learn_test/jasmine/jasmine.js:1485:13)
	at queueRunnerFactory (file:///Users/rachelk/.rvm/gems/ruby-2.2.1/gems/learn-test-1.2.25/lib/learn_test/jasmine/jasmine.js:518:42)
	at execute (file:///Users/rachelk/.rvm/gems/ruby-2.2.1/gems/learn-test-1.2.25/lib/learn_test/jasmine/jasmine.js:306:28)
	at file:///Users/rachelk/.rvm/gems/ruby-2.2.1/gems/learn-test-1.2.25/lib/learn_test/jasmine/jasmine.js:1708:44
	at attemptAsync (file:///Users/rachelk/.rvm/gems/ruby-2.2.1/gems/learn-test-1.2.25/lib/learn_test/jasmine/jasmine.js:1520:16)
	at run (file:///Users/rachelk/.rvm/gems/ruby-2.2.1/gems/learn-test-1.2.25/lib/learn_test/jasmine/jasmine.js:1496:28)
	at execute (file:///Users/rachelk/.rvm/gems/ruby-2.2.1/gems/learn-test-1.2.25/lib/learn_test/jasmine/jasmine.js:1485:13)
	at queueRunnerFactory (file:///Users/rachelk/.rvm/gems/ruby-2.2.1/gems/learn-test-1.2.25/lib/learn_test/jasmine/jasmine.js:518:42)
	at execute (file:///Users/rachelk/.rvm/gems/ruby-2.2.1/gems/learn-test-1.2.25/lib/learn_test/jasmine/jasmine.js:1694:21)
	at file:///Users/rachelk/.rvm/gems/ruby-2.2.1/gems/learn-test-1.2.25/lib/learn_test/jasmine/jasmine.js:1708:44
	at attemptAsync (file:///Users/rachelk/.rvm/gems/ruby-2.2.1/gems/learn-test-1.2.25/lib/learn_test/jasmine/jasmine.js:1520:16)
	at run (file:///Users/rachelk/.rvm/gems/ruby-2.2.1/gems/learn-test-1.2.25/lib/learn_test/jasmine/jasmine.js:1496:28)
	at next (file:///Users/rachelk/.rvm/gems/ruby-2.2.1/gems/learn-test-1.2.25/lib/learn_test/jasmine/jasmine.js:1517:40)
	at complete (file:///Users/rachelk/.rvm/gems/ruby-2.2.1/gems/learn-test-1.2.25/lib/learn_test/jasmine/jasmine.js:1703:19)
	at clearStack (file:///Users/rachelk/.rvm/gems/ruby-2.2.1/gems/learn-test-1.2.25/lib/learn_test/jasmine/jasmine.js:506:11)
	at run (file:///Users/rachelk/.rvm/gems/ruby-2.2.1/gems/learn-test-1.2.25/lib/learn_test/jasmine/jasmine.js:1505:22)
	at next (file:///Users/rachelk/.rvm/gems/ruby-2.2.1/gems/learn-test-1.2.25/lib/learn_test/jasmine/jasmine.js:1517:40)
	at complete (file:///Users/rachelk/.rvm/gems/ruby-2.2.1/gems/learn-test-1.2.25/lib/learn_test/jasmine/jasmine.js:333:19)
	at clearStack (file:///Users/rachelk/.rvm/gems/ruby-2.2.1/gems/learn-test-1.2.25/lib/learn_test/jasmine/jasmine.js:506:11)
	at run (file:///Users/rachelk/.rvm/gems/ruby-2.2.1/gems/learn-test-1.2.25/lib/learn_test/jasmine/jasmine.js:1505:22)
	at execute (file:///Users/rachelk/.rvm/gems/ruby-2.2.1/gems/learn-test-1.2.25/lib/learn_test/jasmine/jasmine.js:1485:13)
	at queueRunnerFactory (file:///Users/rachelk/.rvm/gems/ruby-2.2.1/gems/learn-test-1.2.25/lib/learn_test/jasmine/jasmine.js:518:42)
	at execute (file:///Users/rachelk/.rvm/gems/ruby-2.2.1/gems/learn-test-1.2.25/lib/learn_test/jasmine/jasmine.js:306:28)
	at file:///Users/rachelk/.rvm/gems/ruby-2.2.1/gems/learn-test-1.2.25/lib/learn_test/jasmine/jasmine.js:1708:44
	at attemptAsync (file:///Users/rachelk/.rvm/gems/ruby-2.2.1/gems/learn-test-1.2.25/lib/learn_test/jasmine/jasmine.js:1520:16)
	at run (file:///Users/rachelk/.rvm/gems/ruby-2.2.1/gems/learn-test-1.2.25/lib/learn_test/jasmine/jasmine.js:1496:28)
	at next (file:///Users/rachelk/.rvm/gems/ruby-2.2.1/gems/learn-test-1.2.25/lib/learn_test/jasmine/jasmine.js:1517:40)
	at complete (file:///Users/rachelk/.rvm/gems/ruby-2.2.1/gems/learn-test-1.2.25/lib/learn_test/jasmine/jasmine.js:333:19)
	at clearStack (file:///Users/rachelk/.rvm/gems/ruby-2.2.1/gems/learn-test-1.2.25/lib/learn_test/jasmine/jasmine.js:506:11)
	at run (file:///Users/rachelk/.rvm/gems/ruby-2.2.1/gems/learn-test-1.2.25/lib/learn_test/jasmine/jasmine.js:1505:22)
	at execute (file:///Users/rachelk/.rvm/gems/ruby-2.2.1/gems/learn-test-1.2.25/lib/learn_test/jasmine/jasmine.js:1485:13)
	at queueRunnerFactory (file:///Users/rachelk/.rvm/gems/ruby-2.2.1/gems/learn-test-1.2.25/lib/learn_test/jasmine/jasmine.js:518:42)
	at execute (file:///Users/rachelk/.rvm/gems/ruby-2.2.1/gems/learn-test-1.2.25/lib/learn_test/jasmine/jasmine.js:306:28)
	at file:///Users/rachelk/.rvm/gems/ruby-2.2.1/gems/learn-test-1.2.25/lib/learn_test/jasmine/jasmine.js:1708:44
	at attemptAsync (file:///Users/rachelk/.rvm/gems/ruby-2.2.1/gems/learn-test-1.2.25/lib/learn_test/jasmine/jasmine.js:1520:16)
	at run (file:///Users/rachelk/.rvm/gems/ruby-2.2.1/gems/learn-test-1.2.25/lib/learn_test/jasmine/jasmine.js:1496:28)
	at next (file:///Users/rachelk/.rvm/gems/ruby-2.2.1/gems/learn-test-1.2.25/lib/learn_test/jasmine/jasmine.js:1517:40)
	at complete (file:///Users/rachelk/.rvm/gems/ruby-2.2.1/gems/learn-test-1.2.25/lib/learn_test/jasmine/jasmine.js:333:19)
	at clearStack (file:///Users/rachelk/.rvm/gems/ruby-2.2.1/gems/learn-test-1.2.25/lib/learn_test/jasmine/jasmine.js:506:11)
	at run (file:///Users/rachelk/.rvm/gems/ruby-2.2.1/gems/learn-test-1.2.25/lib/learn_test/jasmine/jasmine.js:1505:22)
	at execute (file:///Users/rachelk/.rvm/gems/ruby-2.2.1/gems/learn-test-1.2.25/lib/learn_test/jasmine/jasmine.js:1485:13)
	at queueRunnerFactory (file:///Users/rachelk/.rvm/gems/ruby-2.2.1/gems/learn-test-1.2.25/lib/learn_test/jasmine/jasmine.js:518:42)
	at execute (file:///Users/rachelk/.rvm/gems/ruby-2.2.1/gems/learn-test-1.2.25/lib/learn_test/jasmine/jasmine.js:306:28)
	at file:///Users/rachelk/.rvm/gems/ruby-2.2.1/gems/learn-test-1.2.25/lib/learn_test/jasmine/jasmine.js:1708:44
	at attemptAsync (file:///Users/rachelk/.rvm/gems/ruby-2.2.1/gems/learn-test-1.2.25/lib/learn_test/jasmine/jasmine.js:1520:16)
	at run (file:///Users/rachelk/.rvm/gems/ruby-2.2.1/gems/learn-test-1.2.25/lib/learn_test/jasmine/jasmine.js:1496:28)
	at execute (file:///Users/rachelk/.rvm/gems/ruby-2.2.1/gems/learn-test-1.2.25/lib/learn_test/jasmine/jasmine.js:1485:13)
	at queueRunnerFactory (file:///Users/rachelk/.rvm/gems/ruby-2.2.1/gems/learn-test-1.2.25/lib/learn_test/jasmine/jasmine.js:518:42)
	at execute (file:///Users/rachelk/.rvm/gems/ruby-2.2.1/gems/learn-test-1.2.25/lib/learn_test/jasmine/jasmine.js:1694:21)
	at file:///Users/rachelk/.rvm/gems/ruby-2.2.1/gems/learn-test-1.2.25/lib/learn_test/jasmine/jasmine.js:1708:44
	at attemptAsync (file:///Users/rachelk/.rvm/gems/ruby-2.2.1/gems/learn-test-1.2.25/lib/learn_test/jasmine/jasmine.js:1520:16)
	at run (file:///Users/rachelk/.rvm/gems/ruby-2.2.1/gems/learn-test-1.2.25/lib/learn_test/jasmine/jasmine.js:1496:28)
	at execute (file:///Users/rachelk/.rvm/gems/ruby-2.2.1/gems/learn-test-1.2.25/lib/learn_test/jasmine/jasmine.js:1485:13)
	at queueRunnerFactory (file:///Users/rachelk/.rvm/gems/ruby-2.2.1/gems/learn-test-1.2.25/lib/learn_test/jasmine/jasmine.js:518:42)
	at execute (file:///Users/rachelk/.rvm/gems/ruby-2.2.1/gems/learn-test-1.2.25/lib/learn_test/jasmine/jasmine.js:1694:21)
	at file:///Users/rachelk/.rvm/gems/ruby-2.2.1/gems/learn-test-1.2.25/lib/learn_test/jasmine/jasmine.js:541:83
	at attemptAsync (file:///Users/rachelk/.rvm/gems/ruby-2.2.1/gems/learn-test-1.2.25/lib/learn_test/jasmine/jasmine.js:1520:16)
	at run (file:///Users/rachelk/.rvm/gems/ruby-2.2.1/gems/learn-test-1.2.25/lib/learn_test/jasmine/jasmine.js:1496:28)
	at execute (file:///Users/rachelk/.rvm/gems/ruby-2.2.1/gems/learn-test-1.2.25/lib/learn_test/jasmine/jasmine.js:1485:13)
	at queueRunnerFactory (file:///Users/rachelk/.rvm/gems/ruby-2.2.1/gems/learn-test-1.2.25/lib/learn_test/jasmine/jasmine.js:518:42)
	at execute (file:///Users/rachelk/.rvm/gems/ruby-2.2.1/gems/learn-test-1.2.25/lib/learn_test/jasmine/jasmine.js:548:25)
	at onload (file:///Users/rachelk/.rvm/gems/ruby-2.2.1/gems/learn-test-1.2.25/lib/learn_test/jasmine/boot.js:172:16)			</failure>
			<failure type="" message="TypeError: undefined is not an object (evaluating &amp;apos;spaceship.cloaked&amp;apos;) in file:///Users/rachelk/Dropbox/Development/Javascript/space-invaders-v-000/spec/space-invaders-spec.js (line 47)">
	at file:///Users/rachelk/Dropbox/Development/Javascript/space-invaders-v-000/spec/space-invaders-spec.js:47:21
	at attemptSync (file:///Users/rachelk/.rvm/gems/ruby-2.2.1/gems/learn-test-1.2.25/lib/learn_test/jasmine/jasmine.js:1510:16)
	at run (file:///Users/rachelk/.rvm/gems/ruby-2.2.1/gems/learn-test-1.2.25/lib/learn_test/jasmine/jasmine.js:1498:20)
	at execute (file:///Users/rachelk/.rvm/gems/ruby-2.2.1/gems/learn-test-1.2.25/lib/learn_test/jasmine/jasmine.js:1485:13)
	at queueRunnerFactory (file:///Users/rachelk/.rvm/gems/ruby-2.2.1/gems/learn-test-1.2.25/lib/learn_test/jasmine/jasmine.js:518:42)
	at execute (file:///Users/rachelk/.rvm/gems/ruby-2.2.1/gems/learn-test-1.2.25/lib/learn_test/jasmine/jasmine.js:306:28)
	at file:///Users/rachelk/.rvm/gems/ruby-2.2.1/gems/learn-test-1.2.25/lib/learn_test/jasmine/jasmine.js:1708:44
	at attemptAsync (file:///Users/rachelk/.rvm/gems/ruby-2.2.1/gems/learn-test-1.2.25/lib/learn_test/jasmine/jasmine.js:1520:16)
	at run (file:///Users/rachelk/.rvm/gems/ruby-2.2.1/gems/learn-test-1.2.25/lib/learn_test/jasmine/jasmine.js:1496:28)
	at next (file:///Users/rachelk/.rvm/gems/ruby-2.2.1/gems/learn-test-1.2.25/lib/learn_test/jasmine/jasmine.js:1517:40)
	at complete (file:///Users/rachelk/.rvm/gems/ruby-2.2.1/gems/learn-test-1.2.25/lib/learn_test/jasmine/jasmine.js:333:19)
	at clearStack (file:///Users/rachelk/.rvm/gems/ruby-2.2.1/gems/learn-test-1.2.25/lib/learn_test/jasmine/jasmine.js:506:11)
	at run (file:///Users/rachelk/.rvm/gems/ruby-2.2.1/gems/learn-test-1.2.25/lib/learn_test/jasmine/jasmine.js:1505:22)
	at execute (file:///Users/rachelk/.rvm/gems/ruby-2.2.1/gems/learn-test-1.2.25/lib/learn_test/jasmine/jasmine.js:1485:13)
	at queueRunnerFactory (file:///Users/rachelk/.rvm/gems/ruby-2.2.1/gems/learn-test-1.2.25/lib/learn_test/jasmine/jasmine.js:518:42)
	at execute (file:///Users/rachelk/.rvm/gems/ruby-2.2.1/gems/learn-test-1.2.25/lib/learn_test/jasmine/jasmine.js:306:28)
	at file:///Users/rachelk/.rvm/gems/ruby-2.2.1/gems/learn-test-1.2.25/lib/learn_test/jasmine/jasmine.js:1708:44
	at attemptAsync (file:///Users/rachelk/.rvm/gems/ruby-2.2.1/gems/learn-test-1.2.25/lib/learn_test/jasmine/jasmine.js:1520:16)
	at run (file:///Users/rachelk/.rvm/gems/ruby-2.2.1/gems/learn-test-1.2.25/lib/learn_test/jasmine/jasmine.js:1496:28)
	at next (file:///Users/rachelk/.rvm/gems/ruby-2.2.1/gems/learn-test-1.2.25/lib/learn_test/jasmine/jasmine.js:1517:40)
	at complete (file:///Users/rachelk/.rvm/gems/ruby-2.2.1/gems/learn-test-1.2.25/lib/learn_test/jasmine/jasmine.js:333:19)
	at clearStack (file:///Users/rachelk/.rvm/gems/ruby-2.2.1/gems/learn-test-1.2.25/lib/learn_test/jasmine/jasmine.js:506:11)
	at run (file:///Users/rachelk/.rvm/gems/ruby-2.2.1/gems/learn-test-1.2.25/lib/learn_test/jasmine/jasmine.js:1505:22)
	at execute (file:///Users/rachelk/.rvm/gems/ruby-2.2.1/gems/learn-test-1.2.25/lib/learn_test/jasmine/jasmine.js:1485:13)
	at queueRunnerFactory (file:///Users/rachelk/.rvm/gems/ruby-2.2.1/gems/learn-test-1.2.25/lib/learn_test/jasmine/jasmine.js:518:42)
	at execute (file:///Users/rachelk/.rvm/gems/ruby-2.2.1/gems/learn-test-1.2.25/lib/learn_test/jasmine/jasmine.js:306:28)
	at file:///Users/rachelk/.rvm/gems/ruby-2.2.1/gems/learn-test-1.2.25/lib/learn_test/jasmine/jasmine.js:1708:44
	at attemptAsync (file:///Users/rachelk/.rvm/gems/ruby-2.2.1/gems/learn-test-1.2.25/lib/learn_test/jasmine/jasmine.js:1520:16)
	at run (file:///Users/rachelk/.rvm/gems/ruby-2.2.1/gems/learn-test-1.2.25/lib/learn_test/jasmine/jasmine.js:1496:28)
	at next (file:///Users/rachelk/.rvm/gems/ruby-2.2.1/gems/learn-test-1.2.25/lib/learn_test/jasmine/jasmine.js:1517:40)
	at complete (file:///Users/rachelk/.rvm/gems/ruby-2.2.1/gems/learn-test-1.2.25/lib/learn_test/jasmine/jasmine.js:333:19)
	at clearStack (file:///Users/rachelk/.rvm/gems/ruby-2.2.1/gems/learn-test-1.2.25/lib/learn_test/jasmine/jasmine.js:506:11)
	at run (file:///Users/rachelk/.rvm/gems/ruby-2.2.1/gems/learn-test-1.2.25/lib/learn_test/jasmine/jasmine.js:1505:22)
	at execute (file:///Users/rachelk/.rvm/gems/ruby-2.2.1/gems/learn-test-1.2.25/lib/learn_test/jasmine/jasmine.js:1485:13)
	at queueRunnerFactory (file:///Users/rachelk/.rvm/gems/ruby-2.2.1/gems/learn-test-1.2.25/lib/learn_test/jasmine/jasmine.js:518:42)
	at execute (file:///Users/rachelk/.rvm/gems/ruby-2.2.1/gems/learn-test-1.2.25/lib/learn_test/jasmine/jasmine.js:306:28)
	at file:///Users/rachelk/.rvm/gems/ruby-2.2.1/gems/learn-test-1.2.25/lib/learn_test/jasmine/jasmine.js:1708:44
	at attemptAsync (file:///Users/rachelk/.rvm/gems/ruby-2.2.1/gems/learn-test-1.2.25/lib/learn_test/jasmine/jasmine.js:1520:16)
	at run (file:///Users/rachelk/.rvm/gems/ruby-2.2.1/gems/learn-test-1.2.25/lib/learn_test/jasmine/jasmine.js:1496:28)
	at execute (file:///Users/rachelk/.rvm/gems/ruby-2.2.1/gems/learn-test-1.2.25/lib/learn_test/jasmine/jasmine.js:1485:13)
	at queueRunnerFactory (file:///Users/rachelk/.rvm/gems/ruby-2.2.1/gems/learn-test-1.2.25/lib/learn_test/jasmine/jasmine.js:518:42)
	at execute (file:///Users/rachelk/.rvm/gems/ruby-2.2.1/gems/learn-test-1.2.25/lib/learn_test/jasmine/jasmine.js:1694:21)
	at file:///Users/rachelk/.rvm/gems/ruby-2.2.1/gems/learn-test-1.2.25/lib/learn_test/jasmine/jasmine.js:1708:44
	at attemptAsync (file:///Users/rachelk/.rvm/gems/ruby-2.2.1/gems/learn-test-1.2.25/lib/learn_test/jasmine/jasmine.js:1520:16)
	at run (file:///Users/rachelk/.rvm/gems/ruby-2.2.1/gems/learn-test-1.2.25/lib/learn_test/jasmine/jasmine.js:1496:28)
	at next (file:///Users/rachelk/.rvm/gems/ruby-2.2.1/gems/learn-test-1.2.25/lib/learn_test/jasmine/jasmine.js:1517:40)
	at complete (file:///Users/rachelk/.rvm/gems/ruby-2.2.1/gems/learn-test-1.2.25/lib/learn_test/jasmine/jasmine.js:1703:19)
	at clearStack (file:///Users/rachelk/.rvm/gems/ruby-2.2.1/gems/learn-test-1.2.25/lib/learn_test/jasmine/jasmine.js:506:11)
	at run (file:///Users/rachelk/.rvm/gems/ruby-2.2.1/gems/learn-test-1.2.25/lib/learn_test/jasmine/jasmine.js:1505:22)
	at next (file:///Users/rachelk/.rvm/gems/ruby-2.2.1/gems/learn-test-1.2.25/lib/learn_test/jasmine/jasmine.js:1517:40)
	at complete (file:///Users/rachelk/.rvm/gems/ruby-2.2.1/gems/learn-test-1.2.25/lib/learn_test/jasmine/jasmine.js:333:19)
	at clearStack (file:///Users/rachelk/.rvm/gems/ruby-2.2.1/gems/learn-test-1.2.25/lib/learn_test/jasmine/jasmine.js:506:11)
	at run (file:///Users/rachelk/.rvm/gems/ruby-2.2.1/gems/learn-test-1.2.25/lib/learn_test/jasmine/jasmine.js:1505:22)
	at execute (file:///Users/rachelk/.rvm/gems/ruby-2.2.1/gems/learn-test-1.2.25/lib/learn_test/jasmine/jasmine.js:1485:13)
	at queueRunnerFactory (file:///Users/rachelk/.rvm/gems/ruby-2.2.1/gems/learn-test-1.2.25/lib/learn_test/jasmine/jasmine.js:518:42)
	at execute (file:///Users/rachelk/.rvm/gems/ruby-2.2.1/gems/learn-test-1.2.25/lib/learn_test/jasmine/jasmine.js:306:28)
	at file:///Users/rachelk/.rvm/gems/ruby-2.2.1/gems/learn-test-1.2.25/lib/learn_test/jasmine/jasmine.js:1708:44
	at attemptAsync (file:///Users/rachelk/.rvm/gems/ruby-2.2.1/gems/learn-test-1.2.25/lib/learn_test/jasmine/jasmine.js:1520:16)
	at run (file:///Users/rachelk/.rvm/gems/ruby-2.2.1/gems/learn-test-1.2.25/lib/learn_test/jasmine/jasmine.js:1496:28)
	at next (file:///Users/rachelk/.rvm/gems/ruby-2.2.1/gems/learn-test-1.2.25/lib/learn_test/jasmine/jasmine.js:1517:40)
	at complete (file:///Users/rachelk/.rvm/gems/ruby-2.2.1/gems/learn-test-1.2.25/lib/learn_test/jasmine/jasmine.js:333:19)
	at clearStack (file:///Users/rachelk/.rvm/gems/ruby-2.2.1/gems/learn-test-1.2.25/lib/learn_test/jasmine/jasmine.js:506:11)
	at run (file:///Users/rachelk/.rvm/gems/ruby-2.2.1/gems/learn-test-1.2.25/lib/learn_test/jasmine/jasmine.js:1505:22)
	at execute (file:///Users/rachelk/.rvm/gems/ruby-2.2.1/gems/learn-test-1.2.25/lib/learn_test/jasmine/jasmine.js:1485:13)
	at queueRunnerFactory (file:///Users/rachelk/.rvm/gems/ruby-2.2.1/gems/learn-test-1.2.25/lib/learn_test/jasmine/jasmine.js:518:42)
	at execute (file:///Users/rachelk/.rvm/gems/ruby-2.2.1/gems/learn-test-1.2.25/lib/learn_test/jasmine/jasmine.js:306:28)
	at file:///Users/rachelk/.rvm/gems/ruby-2.2.1/gems/learn-test-1.2.25/lib/learn_test/jasmine/jasmine.js:1708:44
	at attemptAsync (file:///Users/rachelk/.rvm/gems/ruby-2.2.1/gems/learn-test-1.2.25/lib/learn_test/jasmine/jasmine.js:1520:16)
	at run (file:///Users/rachelk/.rvm/gems/ruby-2.2.1/gems/learn-test-1.2.25/lib/learn_test/jasmine/jasmine.js:1496:28)
	at next (file:///Users/rachelk/.rvm/gems/ruby-2.2.1/gems/learn-test-1.2.25/lib/learn_test/jasmine/jasmine.js:1517:40)
	at complete (file:///Users/rachelk/.rvm/gems/ruby-2.2.1/gems/learn-test-1.2.25/lib/learn_test/jasmine/jasmine.js:333:19)
	at clearStack (file:///Users/rachelk/.rvm/gems/ruby-2.2.1/gems/learn-test-1.2.25/lib/learn_test/jasmine/jasmine.js:506:11)
	at run (file:///Users/rachelk/.rvm/gems/ruby-2.2.1/gems/learn-test-1.2.25/lib/learn_test/jasmine/jasmine.js:1505:22)
	at execute (file:///Users/rachelk/.rvm/gems/ruby-2.2.1/gems/learn-test-1.2.25/lib/learn_test/jasmine/jasmine.js:1485:13)
	at queueRunnerFactory (file:///Users/rachelk/.rvm/gems/ruby-2.2.1/gems/learn-test-1.2.25/lib/learn_test/jasmine/jasmine.js:518:42)
	at execute (file:///Users/rachelk/.rvm/gems/ruby-2.2.1/gems/learn-test-1.2.25/lib/learn_test/jasmine/jasmine.js:306:28)
	at file:///Users/rachelk/.rvm/gems/ruby-2.2.1/gems/learn-test-1.2.25/lib/learn_test/jasmine/jasmine.js:1708:44
	at attemptAsync (file:///Users/rachelk/.rvm/gems/ruby-2.2.1/gems/learn-test-1.2.25/lib/learn_test/jasmine/jasmine.js:1520:16)
	at run (file:///Users/rachelk/.rvm/gems/ruby-2.2.1/gems/learn-test-1.2.25/lib/learn_test/jasmine/jasmine.js:1496:28)
	at execute (file:///Users/rachelk/.rvm/gems/ruby-2.2.1/gems/learn-test-1.2.25/lib/learn_test/jasmine/jasmine.js:1485:13)
	at queueRunnerFactory (file:///Users/rachelk/.rvm/gems/ruby-2.2.1/gems/learn-test-1.2.25/lib/learn_test/jasmine/jasmine.js:518:42)
	at execute (file:///Users/rachelk/.rvm/gems/ruby-2.2.1/gems/learn-test-1.2.25/lib/learn_test/jasmine/jasmine.js:1694:21)
	at file:///Users/rachelk/.rvm/gems/ruby-2.2.1/gems/learn-test-1.2.25/lib/learn_test/jasmine/jasmine.js:1708:44
	at attemptAsync (file:///Users/rachelk/.rvm/gems/ruby-2.2.1/gems/learn-test-1.2.25/lib/learn_test/jasmine/jasmine.js:1520:16)
	at run (file:///Users/rachelk/.rvm/gems/ruby-2.2.1/gems/learn-test-1.2.25/lib/learn_test/jasmine/jasmine.js:1496:28)
	at execute (file:///Users/rachelk/.rvm/gems/ruby-2.2.1/gems/learn-test-1.2.25/lib/learn_test/jasmine/jasmine.js:1485:13)
	at queueRunnerFactory (file:///Users/rachelk/.rvm/gems/ruby-2.2.1/gems/learn-test-1.2.25/lib/learn_test/jasmine/jasmine.js:518:42)
	at execute (file:///Users/rachelk/.rvm/gems/ruby-2.2.1/gems/learn-test-1.2.25/lib/learn_test/jasmine/jasmine.js:1694:21)
	at file:///Users/rachelk/.rvm/gems/ruby-2.2.1/gems/learn-test-1.2.25/lib/learn_test/jasmine/jasmine.js:541:83
	at attemptAsync (file:///Users/rachelk/.rvm/gems/ruby-2.2.1/gems/learn-test-1.2.25/lib/learn_test/jasmine/jasmine.js:1520:16)
	at run (file:///Users/rachelk/.rvm/gems/ruby-2.2.1/gems/learn-test-1.2.25/lib/learn_test/jasmine/jasmine.js:1496:28)
	at execute (file:///Users/rachelk/.rvm/gems/ruby-2.2.1/gems/learn-test-1.2.25/lib/learn_test/jasmine/jasmine.js:1485:13)
	at queueRunnerFactory (file:///Users/rachelk/.rvm/gems/ruby-2.2.1/gems/learn-test-1.2.25/lib/learn_test/jasmine/jasmine.js:518:42)
	at execute (file:///Users/rachelk/.rvm/gems/ruby-2.2.1/gems/learn-test-1.2.25/lib/learn_test/jasmine/jasmine.js:548:25)
	at onload (file:///Users/rachelk/.rvm/gems/ruby-2.2.1/gems/learn-test-1.2.25/lib/learn_test/jasmine/boot.js:172:16)			</failure>
		</testcase>
		<testcase classname="Spaceship" name="should have it&amp;apos;s warp drive set to &amp;quot;disengaged&amp;quot; by default" time="0.001">
			<failure type="" message="ReferenceError: Can&amp;apos;t find variable: Spaceship in file:///Users/rachelk/Dropbox/Development/Javascript/space-invaders-v-000/spec/space-invaders-spec.js (line 31)">
	at file:///Users/rachelk/Dropbox/Development/Javascript/space-invaders-v-000/spec/space-invaders-spec.js:31:30
	at attemptSync (file:///Users/rachelk/.rvm/gems/ruby-2.2.1/gems/learn-test-1.2.25/lib/learn_test/jasmine/jasmine.js:1510:16)
	at run (file:///Users/rachelk/.rvm/gems/ruby-2.2.1/gems/learn-test-1.2.25/lib/learn_test/jasmine/jasmine.js:1498:20)
	at execute (file:///Users/rachelk/.rvm/gems/ruby-2.2.1/gems/learn-test-1.2.25/lib/learn_test/jasmine/jasmine.js:1485:13)
	at queueRunnerFactory (file:///Users/rachelk/.rvm/gems/ruby-2.2.1/gems/learn-test-1.2.25/lib/learn_test/jasmine/jasmine.js:518:42)
	at execute (file:///Users/rachelk/.rvm/gems/ruby-2.2.1/gems/learn-test-1.2.25/lib/learn_test/jasmine/jasmine.js:306:28)
	at file:///Users/rachelk/.rvm/gems/ruby-2.2.1/gems/learn-test-1.2.25/lib/learn_test/jasmine/jasmine.js:1708:44
	at attemptAsync (file:///Users/rachelk/.rvm/gems/ruby-2.2.1/gems/learn-test-1.2.25/lib/learn_test/jasmine/jasmine.js:1520:16)
	at run (file:///Users/rachelk/.rvm/gems/ruby-2.2.1/gems/learn-test-1.2.25/lib/learn_test/jasmine/jasmine.js:1496:28)
	at next (file:///Users/rachelk/.rvm/gems/ruby-2.2.1/gems/learn-test-1.2.25/lib/learn_test/jasmine/jasmine.js:1517:40)
	at complete (file:///Users/rachelk/.rvm/gems/ruby-2.2.1/gems/learn-test-1.2.25/lib/learn_test/jasmine/jasmine.js:333:19)
	at clearStack (file:///Users/rachelk/.rvm/gems/ruby-2.2.1/gems/learn-test-1.2.25/lib/learn_test/jasmine/jasmine.js:506:11)
	at run (file:///Users/rachelk/.rvm/gems/ruby-2.2.1/gems/learn-test-1.2.25/lib/learn_test/jasmine/jasmine.js:1505:22)
	at execute (file:///Users/rachelk/.rvm/gems/ruby-2.2.1/gems/learn-test-1.2.25/lib/learn_test/jasmine/jasmine.js:1485:13)
	at queueRunnerFactory (file:///Users/rachelk/.rvm/gems/ruby-2.2.1/gems/learn-test-1.2.25/lib/learn_test/jasmine/jasmine.js:518:42)
	at execute (file:///Users/rachelk/.rvm/gems/ruby-2.2.1/gems/learn-test-1.2.25/lib/learn_test/jasmine/jasmine.js:306:28)
	at file:///Users/rachelk/.rvm/gems/ruby-2.2.1/gems/learn-test-1.2.25/lib/learn_test/jasmine/jasmine.js:1708:44
	at attemptAsync (file:///Users/rachelk/.rvm/gems/ruby-2.2.1/gems/learn-test-1.2.25/lib/learn_test/jasmine/jasmine.js:1520:16)
	at run (file:///Users/rachelk/.rvm/gems/ruby-2.2.1/gems/learn-test-1.2.25/lib/learn_test/jasmine/jasmine.js:1496:28)
	at next (file:///Users/rachelk/.rvm/gems/ruby-2.2.1/gems/learn-test-1.2.25/lib/learn_test/jasmine/jasmine.js:1517:40)
	at complete (file:///Users/rachelk/.rvm/gems/ruby-2.2.1/gems/learn-test-1.2.25/lib/learn_test/jasmine/jasmine.js:333:19)
	at clearStack (file:///Users/rachelk/.rvm/gems/ruby-2.2.1/gems/learn-test-1.2.25/lib/learn_test/jasmine/jasmine.js:506:11)
	at run (file:///Users/rachelk/.rvm/gems/ruby-2.2.1/gems/learn-test-1.2.25/lib/learn_test/jasmine/jasmine.js:1505:22)
	at execute (file:///Users/rachelk/.rvm/gems/ruby-2.2.1/gems/learn-test-1.2.25/lib/learn_test/jasmine/jasmine.js:1485:13)
	at queueRunnerFactory (file:///Users/rachelk/.rvm/gems/ruby-2.2.1/gems/learn-test-1.2.25/lib/learn_test/jasmine/jasmine.js:518:42)
	at execute (file:///Users/rachelk/.rvm/gems/ruby-2.2.1/gems/learn-test-1.2.25/lib/learn_test/jasmine/jasmine.js:306:28)
	at file:///Users/rachelk/.rvm/gems/ruby-2.2.1/gems/learn-test-1.2.25/lib/learn_test/jasmine/jasmine.js:1708:44
	at attemptAsync (file:///Users/rachelk/.rvm/gems/ruby-2.2.1/gems/learn-test-1.2.25/lib/learn_test/jasmine/jasmine.js:1520:16)
	at run (file:///Users/rachelk/.rvm/gems/ruby-2.2.1/gems/learn-test-1.2.25/lib/learn_test/jasmine/jasmine.js:1496:28)
	at next (file:///Users/rachelk/.rvm/gems/ruby-2.2.1/gems/learn-test-1.2.25/lib/learn_test/jasmine/jasmine.js:1517:40)
	at complete (file:///Users/rachelk/.rvm/gems/ruby-2.2.1/gems/learn-test-1.2.25/lib/learn_test/jasmine/jasmine.js:333:19)
	at clearStack (file:///Users/rachelk/.rvm/gems/ruby-2.2.1/gems/learn-test-1.2.25/lib/learn_test/jasmine/jasmine.js:506:11)
	at run (file:///Users/rachelk/.rvm/gems/ruby-2.2.1/gems/learn-test-1.2.25/lib/learn_test/jasmine/jasmine.js:1505:22)
	at execute (file:///Users/rachelk/.rvm/gems/ruby-2.2.1/gems/learn-test-1.2.25/lib/learn_test/jasmine/jasmine.js:1485:13)
	at queueRunnerFactory (file:///Users/rachelk/.rvm/gems/ruby-2.2.1/gems/learn-test-1.2.25/lib/learn_test/jasmine/jasmine.js:518:42)
	at execute (file:///Users/rachelk/.rvm/gems/ruby-2.2.1/gems/learn-test-1.2.25/lib/learn_test/jasmine/jasmine.js:306:28)
	at file:///Users/rachelk/.rvm/gems/ruby-2.2.1/gems/learn-test-1.2.25/lib/learn_test/jasmine/jasmine.js:1708:44
	at attemptAsync (file:///Users/rachelk/.rvm/gems/ruby-2.2.1/gems/learn-test-1.2.25/lib/learn_test/jasmine/jasmine.js:1520:16)
	at run (file:///Users/rachelk/.rvm/gems/ruby-2.2.1/gems/learn-test-1.2.25/lib/learn_test/jasmine/jasmine.js:1496:28)
	at next (file:///Users/rachelk/.rvm/gems/ruby-2.2.1/gems/learn-test-1.2.25/lib/learn_test/jasmine/jasmine.js:1517:40)
	at complete (file:///Users/rachelk/.rvm/gems/ruby-2.2.1/gems/learn-test-1.2.25/lib/learn_test/jasmine/jasmine.js:333:19)
	at clearStack (file:///Users/rachelk/.rvm/gems/ruby-2.2.1/gems/learn-test-1.2.25/lib/learn_test/jasmine/jasmine.js:506:11)
	at run (file:///Users/rachelk/.rvm/gems/ruby-2.2.1/gems/learn-test-1.2.25/lib/learn_test/jasmine/jasmine.js:1505:22)
	at execute (file:///Users/rachelk/.rvm/gems/ruby-2.2.1/gems/learn-test-1.2.25/lib/learn_test/jasmine/jasmine.js:1485:13)
	at queueRunnerFactory (file:///Users/rachelk/.rvm/gems/ruby-2.2.1/gems/learn-test-1.2.25/lib/learn_test/jasmine/jasmine.js:518:42)
	at execute (file:///Users/rachelk/.rvm/gems/ruby-2.2.1/gems/learn-test-1.2.25/lib/learn_test/jasmine/jasmine.js:306:28)
	at file:///Users/rachelk/.rvm/gems/ruby-2.2.1/gems/learn-test-1.2.25/lib/learn_test/jasmine/jasmine.js:1708:44
	at attemptAsync (file:///Users/rachelk/.rvm/gems/ruby-2.2.1/gems/learn-test-1.2.25/lib/learn_test/jasmine/jasmine.js:1520:16)
	at run (file:///Users/rachelk/.rvm/gems/ruby-2.2.1/gems/learn-test-1.2.25/lib/learn_test/jasmine/jasmine.js:1496:28)
	at execute (file:///Users/rachelk/.rvm/gems/ruby-2.2.1/gems/learn-test-1.2.25/lib/learn_test/jasmine/jasmine.js:1485:13)
	at queueRunnerFactory (file:///Users/rachelk/.rvm/gems/ruby-2.2.1/gems/learn-test-1.2.25/lib/learn_test/jasmine/jasmine.js:518:42)
	at execute (file:///Users/rachelk/.rvm/gems/ruby-2.2.1/gems/learn-test-1.2.25/lib/learn_test/jasmine/jasmine.js:1694:21)
	at file:///Users/rachelk/.rvm/gems/ruby-2.2.1/gems/learn-test-1.2.25/lib/learn_test/jasmine/jasmine.js:1708:44
	at attemptAsync (file:///Users/rachelk/.rvm/gems/ruby-2.2.1/gems/learn-test-1.2.25/lib/learn_test/jasmine/jasmine.js:1520:16)
	at run (file:///Users/rachelk/.rvm/gems/ruby-2.2.1/gems/learn-test-1.2.25/lib/learn_test/jasmine/jasmine.js:1496:28)
	at next (file:///Users/rachelk/.rvm/gems/ruby-2.2.1/gems/learn-test-1.2.25/lib/learn_test/jasmine/jasmine.js:1517:40)
	at complete (file:///Users/rachelk/.rvm/gems/ruby-2.2.1/gems/learn-test-1.2.25/lib/learn_test/jasmine/jasmine.js:1703:19)
	at clearStack (file:///Users/rachelk/.rvm/gems/ruby-2.2.1/gems/learn-test-1.2.25/lib/learn_test/jasmine/jasmine.js:506:11)
	at run (file:///Users/rachelk/.rvm/gems/ruby-2.2.1/gems/learn-test-1.2.25/lib/learn_test/jasmine/jasmine.js:1505:22)
	at next (file:///Users/rachelk/.rvm/gems/ruby-2.2.1/gems/learn-test-1.2.25/lib/learn_test/jasmine/jasmine.js:1517:40)
	at complete (file:///Users/rachelk/.rvm/gems/ruby-2.2.1/gems/learn-test-1.2.25/lib/learn_test/jasmine/jasmine.js:333:19)
	at clearStack (file:///Users/rachelk/.rvm/gems/ruby-2.2.1/gems/learn-test-1.2.25/lib/learn_test/jasmine/jasmine.js:506:11)
	at run (file:///Users/rachelk/.rvm/gems/ruby-2.2.1/gems/learn-test-1.2.25/lib/learn_test/jasmine/jasmine.js:1505:22)
	at execute (file:///Users/rachelk/.rvm/gems/ruby-2.2.1/gems/learn-test-1.2.25/lib/learn_test/jasmine/jasmine.js:1485:13)
	at queueRunnerFactory (file:///Users/rachelk/.rvm/gems/ruby-2.2.1/gems/learn-test-1.2.25/lib/learn_test/jasmine/jasmine.js:518:42)
	at execute (file:///Users/rachelk/.rvm/gems/ruby-2.2.1/gems/learn-test-1.2.25/lib/learn_test/jasmine/jasmine.js:306:28)
	at file:///Users/rachelk/.rvm/gems/ruby-2.2.1/gems/learn-test-1.2.25/lib/learn_test/jasmine/jasmine.js:1708:44
	at attemptAsync (file:///Users/rachelk/.rvm/gems/ruby-2.2.1/gems/learn-test-1.2.25/lib/learn_test/jasmine/jasmine.js:1520:16)
	at run (file:///Users/rachelk/.rvm/gems/ruby-2.2.1/gems/learn-test-1.2.25/lib/learn_test/jasmine/jasmine.js:1496:28)
	at next (file:///Users/rachelk/.rvm/gems/ruby-2.2.1/gems/learn-test-1.2.25/lib/learn_test/jasmine/jasmine.js:1517:40)
	at complete (file:///Users/rachelk/.rvm/gems/ruby-2.2.1/gems/learn-test-1.2.25/lib/learn_test/jasmine/jasmine.js:333:19)
	at clearStack (file:///Users/rachelk/.rvm/gems/ruby-2.2.1/gems/learn-test-1.2.25/lib/learn_test/jasmine/jasmine.js:506:11)
	at run (file:///Users/rachelk/.rvm/gems/ruby-2.2.1/gems/learn-test-1.2.25/lib/learn_test/jasmine/jasmine.js:1505:22)
	at execute (file:///Users/rachelk/.rvm/gems/ruby-2.2.1/gems/learn-test-1.2.25/lib/learn_test/jasmine/jasmine.js:1485:13)
	at queueRunnerFactory (file:///Users/rachelk/.rvm/gems/ruby-2.2.1/gems/learn-test-1.2.25/lib/learn_test/jasmine/jasmine.js:518:42)
	at execute (file:///Users/rachelk/.rvm/gems/ruby-2.2.1/gems/learn-test-1.2.25/lib/learn_test/jasmine/jasmine.js:306:28)
	at file:///Users/rachelk/.rvm/gems/ruby-2.2.1/gems/learn-test-1.2.25/lib/learn_test/jasmine/jasmine.js:1708:44
	at attemptAsync (file:///Users/rachelk/.rvm/gems/ruby-2.2.1/gems/learn-test-1.2.25/lib/learn_test/jasmine/jasmine.js:1520:16)
	at run (file:///Users/rachelk/.rvm/gems/ruby-2.2.1/gems/learn-test-1.2.25/lib/learn_test/jasmine/jasmine.js:1496:28)
	at next (file:///Users/rachelk/.rvm/gems/ruby-2.2.1/gems/learn-test-1.2.25/lib/learn_test/jasmine/jasmine.js:1517:40)
	at complete (file:///Users/rachelk/.rvm/gems/ruby-2.2.1/gems/learn-test-1.2.25/lib/learn_test/jasmine/jasmine.js:333:19)
	at clearStack (file:///Users/rachelk/.rvm/gems/ruby-2.2.1/gems/learn-test-1.2.25/lib/learn_test/jasmine/jasmine.js:506:11)
	at run (file:///Users/rachelk/.rvm/gems/ruby-2.2.1/gems/learn-test-1.2.25/lib/learn_test/jasmine/jasmine.js:1505:22)
	at execute (file:///Users/rachelk/.rvm/gems/ruby-2.2.1/gems/learn-test-1.2.25/lib/learn_test/jasmine/jasmine.js:1485:13)
	at queueRunnerFactory (file:///Users/rachelk/.rvm/gems/ruby-2.2.1/gems/learn-test-1.2.25/lib/learn_test/jasmine/jasmine.js:518:42)
	at execute (file:///Users/rachelk/.rvm/gems/ruby-2.2.1/gems/learn-test-1.2.25/lib/learn_test/jasmine/jasmine.js:306:28)
	at file:///Users/rachelk/.rvm/gems/ruby-2.2.1/gems/learn-test-1.2.25/lib/learn_test/jasmine/jasmine.js:1708:44
	at attemptAsync (file:///Users/rachelk/.rvm/gems/ruby-2.2.1/gems/learn-test-1.2.25/lib/learn_test/jasmine/jasmine.js:1520:16)
	at run (file:///Users/rachelk/.rvm/gems/ruby-2.2.1/gems/learn-test-1.2.25/lib/learn_test/jasmine/jasmine.js:1496:28)
	at execute (file:///Users/rachelk/.rvm/gems/ruby-2.2.1/gems/learn-test-1.2.25/lib/learn_test/jasmine/jasmine.js:1485:13)
	at queueRunnerFactory (file:///Users/rachelk/.rvm/gems/ruby-2.2.1/gems/learn-test-1.2.25/lib/learn_test/jasmine/jasmine.js:518:42)
	at execute (file:///Users/rachelk/.rvm/gems/ruby-2.2.1/gems/learn-test-1.2.25/lib/learn_test/jasmine/jasmine.js:1694:21)
	at file:///Users/rachelk/.rvm/gems/ruby-2.2.1/gems/learn-test-1.2.25/lib/learn_test/jasmine/jasmine.js:1708:44
	at attemptAsync (file:///Users/rachelk/.rvm/gems/ruby-2.2.1/gems/learn-test-1.2.25/lib/learn_test/jasmine/jasmine.js:1520:16)
	at run (file:///Users/rachelk/.rvm/gems/ruby-2.2.1/gems/learn-test-1.2.25/lib/learn_test/jasmine/jasmine.js:1496:28)
	at execute (file:///Users/rachelk/.rvm/gems/ruby-2.2.1/gems/learn-test-1.2.25/lib/learn_test/jasmine/jasmine.js:1485:13)
	at queueRunnerFactory (file:///Users/rachelk/.rvm/gems/ruby-2.2.1/gems/learn-test-1.2.25/lib/learn_test/jasmine/jasmine.js:518:42)
	at execute (file:///Users/rachelk/.rvm/gems/ruby-2.2.1/gems/learn-test-1.2.25/lib/learn_test/jasmine/jasmine.js:1694:21)
	at file:///Users/rachelk/.rvm/gems/ruby-2.2.1/gems/learn-test-1.2.25/lib/learn_test/jasmine/jasmine.js:541:83
	at attemptAsync (file:///Users/rachelk/.rvm/gems/ruby-2.2.1/gems/learn-test-1.2.25/lib/learn_test/jasmine/jasmine.js:1520:16)
	at run (file:///Users/rachelk/.rvm/gems/ruby-2.2.1/gems/learn-test-1.2.25/lib/learn_test/jasmine/jasmine.js:1496:28)
	at execute (file:///Users/rachelk/.rvm/gems/ruby-2.2.1/gems/learn-test-1.2.25/lib/learn_test/jasmine/jasmine.js:1485:13)
	at queueRunnerFactory (file:///Users/rachelk/.rvm/gems/ruby-2.2.1/gems/learn-test-1.2.25/lib/learn_test/jasmine/jasmine.js:518:42)
	at execute (file:///Users/rachelk/.rvm/gems/ruby-2.2.1/gems/learn-test-1.2.25/lib/learn_test/jasmine/jasmine.js:548:25)
	at onload (file:///Users/rachelk/.rvm/gems/ruby-2.2.1/gems/learn-test-1.2.25/lib/learn_test/jasmine/boot.js:172:16)			</failure>
			<failure type="" message="TypeError: undefined is not an object (evaluating &amp;apos;spaceship.warpDrive&amp;apos;) in file:///Users/rachelk/Dropbox/Development/Javascript/space-invaders-v-000/spec/space-invaders-spec.js (line 51)">
	at file:///Users/rachelk/Dropbox/Development/Javascript/space-invaders-v-000/spec/space-invaders-spec.js:51:21
	at attemptSync (file:///Users/rachelk/.rvm/gems/ruby-2.2.1/gems/learn-test-1.2.25/lib/learn_test/jasmine/jasmine.js:1510:16)
	at run (file:///Users/rachelk/.rvm/gems/ruby-2.2.1/gems/learn-test-1.2.25/lib/learn_test/jasmine/jasmine.js:1498:20)
	at execute (file:///Users/rachelk/.rvm/gems/ruby-2.2.1/gems/learn-test-1.2.25/lib/learn_test/jasmine/jasmine.js:1485:13)
	at queueRunnerFactory (file:///Users/rachelk/.rvm/gems/ruby-2.2.1/gems/learn-test-1.2.25/lib/learn_test/jasmine/jasmine.js:518:42)
	at execute (file:///Users/rachelk/.rvm/gems/ruby-2.2.1/gems/learn-test-1.2.25/lib/learn_test/jasmine/jasmine.js:306:28)
	at file:///Users/rachelk/.rvm/gems/ruby-2.2.1/gems/learn-test-1.2.25/lib/learn_test/jasmine/jasmine.js:1708:44
	at attemptAsync (file:///Users/rachelk/.rvm/gems/ruby-2.2.1/gems/learn-test-1.2.25/lib/learn_test/jasmine/jasmine.js:1520:16)
	at run (file:///Users/rachelk/.rvm/gems/ruby-2.2.1/gems/learn-test-1.2.25/lib/learn_test/jasmine/jasmine.js:1496:28)
	at next (file:///Users/rachelk/.rvm/gems/ruby-2.2.1/gems/learn-test-1.2.25/lib/learn_test/jasmine/jasmine.js:1517:40)
	at complete (file:///Users/rachelk/.rvm/gems/ruby-2.2.1/gems/learn-test-1.2.25/lib/learn_test/jasmine/jasmine.js:333:19)
	at clearStack (file:///Users/rachelk/.rvm/gems/ruby-2.2.1/gems/learn-test-1.2.25/lib/learn_test/jasmine/jasmine.js:506:11)
	at run (file:///Users/rachelk/.rvm/gems/ruby-2.2.1/gems/learn-test-1.2.25/lib/learn_test/jasmine/jasmine.js:1505:22)
	at execute (file:///Users/rachelk/.rvm/gems/ruby-2.2.1/gems/learn-test-1.2.25/lib/learn_test/jasmine/jasmine.js:1485:13)
	at queueRunnerFactory (file:///Users/rachelk/.rvm/gems/ruby-2.2.1/gems/learn-test-1.2.25/lib/learn_test/jasmine/jasmine.js:518:42)
	at execute (file:///Users/rachelk/.rvm/gems/ruby-2.2.1/gems/learn-test-1.2.25/lib/learn_test/jasmine/jasmine.js:306:28)
	at file:///Users/rachelk/.rvm/gems/ruby-2.2.1/gems/learn-test-1.2.25/lib/learn_test/jasmine/jasmine.js:1708:44
	at attemptAsync (file:///Users/rachelk/.rvm/gems/ruby-2.2.1/gems/learn-test-1.2.25/lib/learn_test/jasmine/jasmine.js:1520:16)
	at run (file:///Users/rachelk/.rvm/gems/ruby-2.2.1/gems/learn-test-1.2.25/lib/learn_test/jasmine/jasmine.js:1496:28)
	at next (file:///Users/rachelk/.rvm/gems/ruby-2.2.1/gems/learn-test-1.2.25/lib/learn_test/jasmine/jasmine.js:1517:40)
	at complete (file:///Users/rachelk/.rvm/gems/ruby-2.2.1/gems/learn-test-1.2.25/lib/learn_test/jasmine/jasmine.js:333:19)
	at clearStack (file:///Users/rachelk/.rvm/gems/ruby-2.2.1/gems/learn-test-1.2.25/lib/learn_test/jasmine/jasmine.js:506:11)
	at run (file:///Users/rachelk/.rvm/gems/ruby-2.2.1/gems/learn-test-1.2.25/lib/learn_test/jasmine/jasmine.js:1505:22)
	at execute (file:///Users/rachelk/.rvm/gems/ruby-2.2.1/gems/learn-test-1.2.25/lib/learn_test/jasmine/jasmine.js:1485:13)
	at queueRunnerFactory (file:///Users/rachelk/.rvm/gems/ruby-2.2.1/gems/learn-test-1.2.25/lib/learn_test/jasmine/jasmine.js:518:42)
	at execute (file:///Users/rachelk/.rvm/gems/ruby-2.2.1/gems/learn-test-1.2.25/lib/learn_test/jasmine/jasmine.js:306:28)
	at file:///Users/rachelk/.rvm/gems/ruby-2.2.1/gems/learn-test-1.2.25/lib/learn_test/jasmine/jasmine.js:1708:44
	at attemptAsync (file:///Users/rachelk/.rvm/gems/ruby-2.2.1/gems/learn-test-1.2.25/lib/learn_test/jasmine/jasmine.js:1520:16)
	at run (file:///Users/rachelk/.rvm/gems/ruby-2.2.1/gems/learn-test-1.2.25/lib/learn_test/jasmine/jasmine.js:1496:28)
	at next (file:///Users/rachelk/.rvm/gems/ruby-2.2.1/gems/learn-test-1.2.25/lib/learn_test/jasmine/jasmine.js:1517:40)
	at complete (file:///Users/rachelk/.rvm/gems/ruby-2.2.1/gems/learn-test-1.2.25/lib/learn_test/jasmine/jasmine.js:333:19)
	at clearStack (file:///Users/rachelk/.rvm/gems/ruby-2.2.1/gems/learn-test-1.2.25/lib/learn_test/jasmine/jasmine.js:506:11)
	at run (file:///Users/rachelk/.rvm/gems/ruby-2.2.1/gems/learn-test-1.2.25/lib/learn_test/jasmine/jasmine.js:1505:22)
	at execute (file:///Users/rachelk/.rvm/gems/ruby-2.2.1/gems/learn-test-1.2.25/lib/learn_test/jasmine/jasmine.js:1485:13)
	at queueRunnerFactory (file:///Users/rachelk/.rvm/gems/ruby-2.2.1/gems/learn-test-1.2.25/lib/learn_test/jasmine/jasmine.js:518:42)
	at execute (file:///Users/rachelk/.rvm/gems/ruby-2.2.1/gems/learn-test-1.2.25/lib/learn_test/jasmine/jasmine.js:306:28)
	at file:///Users/rachelk/.rvm/gems/ruby-2.2.1/gems/learn-test-1.2.25/lib/learn_test/jasmine/jasmine.js:1708:44
	at attemptAsync (file:///Users/rachelk/.rvm/gems/ruby-2.2.1/gems/learn-test-1.2.25/lib/learn_test/jasmine/jasmine.js:1520:16)
	at run (file:///Users/rachelk/.rvm/gems/ruby-2.2.1/gems/learn-test-1.2.25/lib/learn_test/jasmine/jasmine.js:1496:28)
	at next (file:///Users/rachelk/.rvm/gems/ruby-2.2.1/gems/learn-test-1.2.25/lib/learn_test/jasmine/jasmine.js:1517:40)
	at complete (file:///Users/rachelk/.rvm/gems/ruby-2.2.1/gems/learn-test-1.2.25/lib/learn_test/jasmine/jasmine.js:333:19)
	at clearStack (file:///Users/rachelk/.rvm/gems/ruby-2.2.1/gems/learn-test-1.2.25/lib/learn_test/jasmine/jasmine.js:506:11)
	at run (file:///Users/rachelk/.rvm/gems/ruby-2.2.1/gems/learn-test-1.2.25/lib/learn_test/jasmine/jasmine.js:1505:22)
	at execute (file:///Users/rachelk/.rvm/gems/ruby-2.2.1/gems/learn-test-1.2.25/lib/learn_test/jasmine/jasmine.js:1485:13)
	at queueRunnerFactory (file:///Users/rachelk/.rvm/gems/ruby-2.2.1/gems/learn-test-1.2.25/lib/learn_test/jasmine/jasmine.js:518:42)
	at execute (file:///Users/rachelk/.rvm/gems/ruby-2.2.1/gems/learn-test-1.2.25/lib/learn_test/jasmine/jasmine.js:306:28)
	at file:///Users/rachelk/.rvm/gems/ruby-2.2.1/gems/learn-test-1.2.25/lib/learn_test/jasmine/jasmine.js:1708:44
	at attemptAsync (file:///Users/rachelk/.rvm/gems/ruby-2.2.1/gems/learn-test-1.2.25/lib/learn_test/jasmine/jasmine.js:1520:16)
	at run (file:///Users/rachelk/.rvm/gems/ruby-2.2.1/gems/learn-test-1.2.25/lib/learn_test/jasmine/jasmine.js:1496:28)
	at execute (file:///Users/rachelk/.rvm/gems/ruby-2.2.1/gems/learn-test-1.2.25/lib/learn_test/jasmine/jasmine.js:1485:13)
	at queueRunnerFactory (file:///Users/rachelk/.rvm/gems/ruby-2.2.1/gems/learn-test-1.2.25/lib/learn_test/jasmine/jasmine.js:518:42)
	at execute (file:///Users/rachelk/.rvm/gems/ruby-2.2.1/gems/learn-test-1.2.25/lib/learn_test/jasmine/jasmine.js:1694:21)
	at file:///Users/rachelk/.rvm/gems/ruby-2.2.1/gems/learn-test-1.2.25/lib/learn_test/jasmine/jasmine.js:1708:44
	at attemptAsync (file:///Users/rachelk/.rvm/gems/ruby-2.2.1/gems/learn-test-1.2.25/lib/learn_test/jasmine/jasmine.js:1520:16)
	at run (file:///Users/rachelk/.rvm/gems/ruby-2.2.1/gems/learn-test-1.2.25/lib/learn_test/jasmine/jasmine.js:1496:28)
	at next (file:///Users/rachelk/.rvm/gems/ruby-2.2.1/gems/learn-test-1.2.25/lib/learn_test/jasmine/jasmine.js:1517:40)
	at complete (file:///Users/rachelk/.rvm/gems/ruby-2.2.1/gems/learn-test-1.2.25/lib/learn_test/jasmine/jasmine.js:1703:19)
	at clearStack (file:///Users/rachelk/.rvm/gems/ruby-2.2.1/gems/learn-test-1.2.25/lib/learn_test/jasmine/jasmine.js:506:11)
	at run (file:///Users/rachelk/.rvm/gems/ruby-2.2.1/gems/learn-test-1.2.25/lib/learn_test/jasmine/jasmine.js:1505:22)
	at next (file:///Users/rachelk/.rvm/gems/ruby-2.2.1/gems/learn-test-1.2.25/lib/learn_test/jasmine/jasmine.js:1517:40)
	at complete (file:///Users/rachelk/.rvm/gems/ruby-2.2.1/gems/learn-test-1.2.25/lib/learn_test/jasmine/jasmine.js:333:19)
	at clearStack (file:///Users/rachelk/.rvm/gems/ruby-2.2.1/gems/learn-test-1.2.25/lib/learn_test/jasmine/jasmine.js:506:11)
	at run (file:///Users/rachelk/.rvm/gems/ruby-2.2.1/gems/learn-test-1.2.25/lib/learn_test/jasmine/jasmine.js:1505:22)
	at execute (file:///Users/rachelk/.rvm/gems/ruby-2.2.1/gems/learn-test-1.2.25/lib/learn_test/jasmine/jasmine.js:1485:13)
	at queueRunnerFactory (file:///Users/rachelk/.rvm/gems/ruby-2.2.1/gems/learn-test-1.2.25/lib/learn_test/jasmine/jasmine.js:518:42)
	at execute (file:///Users/rachelk/.rvm/gems/ruby-2.2.1/gems/learn-test-1.2.25/lib/learn_test/jasmine/jasmine.js:306:28)
	at file:///Users/rachelk/.rvm/gems/ruby-2.2.1/gems/learn-test-1.2.25/lib/learn_test/jasmine/jasmine.js:1708:44
	at attemptAsync (file:///Users/rachelk/.rvm/gems/ruby-2.2.1/gems/learn-test-1.2.25/lib/learn_test/jasmine/jasmine.js:1520:16)
	at run (file:///Users/rachelk/.rvm/gems/ruby-2.2.1/gems/learn-test-1.2.25/lib/learn_test/jasmine/jasmine.js:1496:28)
	at next (file:///Users/rachelk/.rvm/gems/ruby-2.2.1/gems/learn-test-1.2.25/lib/learn_test/jasmine/jasmine.js:1517:40)
	at complete (file:///Users/rachelk/.rvm/gems/ruby-2.2.1/gems/learn-test-1.2.25/lib/learn_test/jasmine/jasmine.js:333:19)
	at clearStack (file:///Users/rachelk/.rvm/gems/ruby-2.2.1/gems/learn-test-1.2.25/lib/learn_test/jasmine/jasmine.js:506:11)
	at run (file:///Users/rachelk/.rvm/gems/ruby-2.2.1/gems/learn-test-1.2.25/lib/learn_test/jasmine/jasmine.js:1505:22)
	at execute (file:///Users/rachelk/.rvm/gems/ruby-2.2.1/gems/learn-test-1.2.25/lib/learn_test/jasmine/jasmine.js:1485:13)
	at queueRunnerFactory (file:///Users/rachelk/.rvm/gems/ruby-2.2.1/gems/learn-test-1.2.25/lib/learn_test/jasmine/jasmine.js:518:42)
	at execute (file:///Users/rachelk/.rvm/gems/ruby-2.2.1/gems/learn-test-1.2.25/lib/learn_test/jasmine/jasmine.js:306:28)
	at file:///Users/rachelk/.rvm/gems/ruby-2.2.1/gems/learn-test-1.2.25/lib/learn_test/jasmine/jasmine.js:1708:44
	at attemptAsync (file:///Users/rachelk/.rvm/gems/ruby-2.2.1/gems/learn-test-1.2.25/lib/learn_test/jasmine/jasmine.js:1520:16)
	at run (file:///Users/rachelk/.rvm/gems/ruby-2.2.1/gems/learn-test-1.2.25/lib/learn_test/jasmine/jasmine.js:1496:28)
	at next (file:///Users/rachelk/.rvm/gems/ruby-2.2.1/gems/learn-test-1.2.25/lib/learn_test/jasmine/jasmine.js:1517:40)
	at complete (file:///Users/rachelk/.rvm/gems/ruby-2.2.1/gems/learn-test-1.2.25/lib/learn_test/jasmine/jasmine.js:333:19)
	at clearStack (file:///Users/rachelk/.rvm/gems/ruby-2.2.1/gems/learn-test-1.2.25/lib/learn_test/jasmine/jasmine.js:506:11)
	at run (file:///Users/rachelk/.rvm/gems/ruby-2.2.1/gems/learn-test-1.2.25/lib/learn_test/jasmine/jasmine.js:1505:22)
	at execute (file:///Users/rachelk/.rvm/gems/ruby-2.2.1/gems/learn-test-1.2.25/lib/learn_test/jasmine/jasmine.js:1485:13)
	at queueRunnerFactory (file:///Users/rachelk/.rvm/gems/ruby-2.2.1/gems/learn-test-1.2.25/lib/learn_test/jasmine/jasmine.js:518:42)
	at execute (file:///Users/rachelk/.rvm/gems/ruby-2.2.1/gems/learn-test-1.2.25/lib/learn_test/jasmine/jasmine.js:306:28)
	at file:///Users/rachelk/.rvm/gems/ruby-2.2.1/gems/learn-test-1.2.25/lib/learn_test/jasmine/jasmine.js:1708:44
	at attemptAsync (file:///Users/rachelk/.rvm/gems/ruby-2.2.1/gems/learn-test-1.2.25/lib/learn_test/jasmine/jasmine.js:1520:16)
	at run (file:///Users/rachelk/.rvm/gems/ruby-2.2.1/gems/learn-test-1.2.25/lib/learn_test/jasmine/jasmine.js:1496:28)
	at execute (file:///Users/rachelk/.rvm/gems/ruby-2.2.1/gems/learn-test-1.2.25/lib/learn_test/jasmine/jasmine.js:1485:13)
	at queueRunnerFactory (file:///Users/rachelk/.rvm/gems/ruby-2.2.1/gems/learn-test-1.2.25/lib/learn_test/jasmine/jasmine.js:518:42)
	at execute (file:///Users/rachelk/.rvm/gems/ruby-2.2.1/gems/learn-test-1.2.25/lib/learn_test/jasmine/jasmine.js:1694:21)
	at file:///Users/rachelk/.rvm/gems/ruby-2.2.1/gems/learn-test-1.2.25/lib/learn_test/jasmine/jasmine.js:1708:44
	at attemptAsync (file:///Users/rachelk/.rvm/gems/ruby-2.2.1/gems/learn-test-1.2.25/lib/learn_test/jasmine/jasmine.js:1520:16)
	at run (file:///Users/rachelk/.rvm/gems/ruby-2.2.1/gems/learn-test-1.2.25/lib/learn_test/jasmine/jasmine.js:1496:28)
	at execute (file:///Users/rachelk/.rvm/gems/ruby-2.2.1/gems/learn-test-1.2.25/lib/learn_test/jasmine/jasmine.js:1485:13)
	at queueRunnerFactory (file:///Users/rachelk/.rvm/gems/ruby-2.2.1/gems/learn-test-1.2.25/lib/learn_test/jasmine/jasmine.js:518:42)
	at execute (file:///Users/rachelk/.rvm/gems/ruby-2.2.1/gems/learn-test-1.2.25/lib/learn_test/jasmine/jasmine.js:1694:21)
	at file:///Users/rachelk/.rvm/gems/ruby-2.2.1/gems/learn-test-1.2.25/lib/learn_test/jasmine/jasmine.js:541:83
	at attemptAsync (file:///Users/rachelk/.rvm/gems/ruby-2.2.1/gems/learn-test-1.2.25/lib/learn_test/jasmine/jasmine.js:1520:16)
	at run (file:///Users/rachelk/.rvm/gems/ruby-2.2.1/gems/learn-test-1.2.25/lib/learn_test/jasmine/jasmine.js:1496:28)
	at execute (file:///Users/rachelk/.rvm/gems/ruby-2.2.1/gems/learn-test-1.2.25/lib/learn_test/jasmine/jasmine.js:1485:13)
	at queueRunnerFactory (file:///Users/rachelk/.rvm/gems/ruby-2.2.1/gems/learn-test-1.2.25/lib/learn_test/jasmine/jasmine.js:518:42)
	at execute (file:///Users/rachelk/.rvm/gems/ruby-2.2.1/gems/learn-test-1.2.25/lib/learn_test/jasmine/jasmine.js:548:25)
	at onload (file:///Users/rachelk/.rvm/gems/ruby-2.2.1/gems/learn-test-1.2.25/lib/learn_test/jasmine/boot.js:172:16)			</failure>
		</testcase>
		<testcase classname="Spaceship" name="should be docked if it has no crew" time="0">
			<failure type="" message="ReferenceError: Can&amp;apos;t find variable: Spaceship in file:///Users/rachelk/Dropbox/Development/Javascript/space-invaders-v-000/spec/space-invaders-spec.js (line 31)">
	at file:///Users/rachelk/Dropbox/Development/Javascript/space-invaders-v-000/spec/space-invaders-spec.js:31:30
	at attemptSync (file:///Users/rachelk/.rvm/gems/ruby-2.2.1/gems/learn-test-1.2.25/lib/learn_test/jasmine/jasmine.js:1510:16)
	at run (file:///Users/rachelk/.rvm/gems/ruby-2.2.1/gems/learn-test-1.2.25/lib/learn_test/jasmine/jasmine.js:1498:20)
	at execute (file:///Users/rachelk/.rvm/gems/ruby-2.2.1/gems/learn-test-1.2.25/lib/learn_test/jasmine/jasmine.js:1485:13)
	at queueRunnerFactory (file:///Users/rachelk/.rvm/gems/ruby-2.2.1/gems/learn-test-1.2.25/lib/learn_test/jasmine/jasmine.js:518:42)
	at execute (file:///Users/rachelk/.rvm/gems/ruby-2.2.1/gems/learn-test-1.2.25/lib/learn_test/jasmine/jasmine.js:306:28)
	at file:///Users/rachelk/.rvm/gems/ruby-2.2.1/gems/learn-test-1.2.25/lib/learn_test/jasmine/jasmine.js:1708:44
	at attemptAsync (file:///Users/rachelk/.rvm/gems/ruby-2.2.1/gems/learn-test-1.2.25/lib/learn_test/jasmine/jasmine.js:1520:16)
	at run (file:///Users/rachelk/.rvm/gems/ruby-2.2.1/gems/learn-test-1.2.25/lib/learn_test/jasmine/jasmine.js:1496:28)
	at next (file:///Users/rachelk/.rvm/gems/ruby-2.2.1/gems/learn-test-1.2.25/lib/learn_test/jasmine/jasmine.js:1517:40)
	at complete (file:///Users/rachelk/.rvm/gems/ruby-2.2.1/gems/learn-test-1.2.25/lib/learn_test/jasmine/jasmine.js:333:19)
	at clearStack (file:///Users/rachelk/.rvm/gems/ruby-2.2.1/gems/learn-test-1.2.25/lib/learn_test/jasmine/jasmine.js:506:11)
	at run (file:///Users/rachelk/.rvm/gems/ruby-2.2.1/gems/learn-test-1.2.25/lib/learn_test/jasmine/jasmine.js:1505:22)
	at execute (file:///Users/rachelk/.rvm/gems/ruby-2.2.1/gems/learn-test-1.2.25/lib/learn_test/jasmine/jasmine.js:1485:13)
	at queueRunnerFactory (file:///Users/rachelk/.rvm/gems/ruby-2.2.1/gems/learn-test-1.2.25/lib/learn_test/jasmine/jasmine.js:518:42)
	at execute (file:///Users/rachelk/.rvm/gems/ruby-2.2.1/gems/learn-test-1.2.25/lib/learn_test/jasmine/jasmine.js:306:28)
	at file:///Users/rachelk/.rvm/gems/ruby-2.2.1/gems/learn-test-1.2.25/lib/learn_test/jasmine/jasmine.js:1708:44
	at attemptAsync (file:///Users/rachelk/.rvm/gems/ruby-2.2.1/gems/learn-test-1.2.25/lib/learn_test/jasmine/jasmine.js:1520:16)
	at run (file:///Users/rachelk/.rvm/gems/ruby-2.2.1/gems/learn-test-1.2.25/lib/learn_test/jasmine/jasmine.js:1496:28)
	at next (file:///Users/rachelk/.rvm/gems/ruby-2.2.1/gems/learn-test-1.2.25/lib/learn_test/jasmine/jasmine.js:1517:40)
	at complete (file:///Users/rachelk/.rvm/gems/ruby-2.2.1/gems/learn-test-1.2.25/lib/learn_test/jasmine/jasmine.js:333:19)
	at clearStack (file:///Users/rachelk/.rvm/gems/ruby-2.2.1/gems/learn-test-1.2.25/lib/learn_test/jasmine/jasmine.js:506:11)
	at run (file:///Users/rachelk/.rvm/gems/ruby-2.2.1/gems/learn-test-1.2.25/lib/learn_test/jasmine/jasmine.js:1505:22)
	at execute (file:///Users/rachelk/.rvm/gems/ruby-2.2.1/gems/learn-test-1.2.25/lib/learn_test/jasmine/jasmine.js:1485:13)
	at queueRunnerFactory (file:///Users/rachelk/.rvm/gems/ruby-2.2.1/gems/learn-test-1.2.25/lib/learn_test/jasmine/jasmine.js:518:42)
	at execute (file:///Users/rachelk/.rvm/gems/ruby-2.2.1/gems/learn-test-1.2.25/lib/learn_test/jasmine/jasmine.js:306:28)
	at file:///Users/rachelk/.rvm/gems/ruby-2.2.1/gems/learn-test-1.2.25/lib/learn_test/jasmine/jasmine.js:1708:44
	at attemptAsync (file:///Users/rachelk/.rvm/gems/ruby-2.2.1/gems/learn-test-1.2.25/lib/learn_test/jasmine/jasmine.js:1520:16)
	at run (file:///Users/rachelk/.rvm/gems/ruby-2.2.1/gems/learn-test-1.2.25/lib/learn_test/jasmine/jasmine.js:1496:28)
	at next (file:///Users/rachelk/.rvm/gems/ruby-2.2.1/gems/learn-test-1.2.25/lib/learn_test/jasmine/jasmine.js:1517:40)
	at complete (file:///Users/rachelk/.rvm/gems/ruby-2.2.1/gems/learn-test-1.2.25/lib/learn_test/jasmine/jasmine.js:333:19)
	at clearStack (file:///Users/rachelk/.rvm/gems/ruby-2.2.1/gems/learn-test-1.2.25/lib/learn_test/jasmine/jasmine.js:506:11)
	at run (file:///Users/rachelk/.rvm/gems/ruby-2.2.1/gems/learn-test-1.2.25/lib/learn_test/jasmine/jasmine.js:1505:22)
	at execute (file:///Users/rachelk/.rvm/gems/ruby-2.2.1/gems/learn-test-1.2.25/lib/learn_test/jasmine/jasmine.js:1485:13)
	at queueRunnerFactory (file:///Users/rachelk/.rvm/gems/ruby-2.2.1/gems/learn-test-1.2.25/lib/learn_test/jasmine/jasmine.js:518:42)
	at execute (file:///Users/rachelk/.rvm/gems/ruby-2.2.1/gems/learn-test-1.2.25/lib/learn_test/jasmine/jasmine.js:306:28)
	at file:///Users/rachelk/.rvm/gems/ruby-2.2.1/gems/learn-test-1.2.25/lib/learn_test/jasmine/jasmine.js:1708:44
	at attemptAsync (file:///Users/rachelk/.rvm/gems/ruby-2.2.1/gems/learn-test-1.2.25/lib/learn_test/jasmine/jasmine.js:1520:16)
	at run (file:///Users/rachelk/.rvm/gems/ruby-2.2.1/gems/learn-test-1.2.25/lib/learn_test/jasmine/jasmine.js:1496:28)
	at next (file:///Users/rachelk/.rvm/gems/ruby-2.2.1/gems/learn-test-1.2.25/lib/learn_test/jasmine/jasmine.js:1517:40)
	at complete (file:///Users/rachelk/.rvm/gems/ruby-2.2.1/gems/learn-test-1.2.25/lib/learn_test/jasmine/jasmine.js:333:19)
	at clearStack (file:///Users/rachelk/.rvm/gems/ruby-2.2.1/gems/learn-test-1.2.25/lib/learn_test/jasmine/jasmine.js:506:11)
	at run (file:///Users/rachelk/.rvm/gems/ruby-2.2.1/gems/learn-test-1.2.25/lib/learn_test/jasmine/jasmine.js:1505:22)
	at execute (file:///Users/rachelk/.rvm/gems/ruby-2.2.1/gems/learn-test-1.2.25/lib/learn_test/jasmine/jasmine.js:1485:13)
	at queueRunnerFactory (file:///Users/rachelk/.rvm/gems/ruby-2.2.1/gems/learn-test-1.2.25/lib/learn_test/jasmine/jasmine.js:518:42)
	at execute (file:///Users/rachelk/.rvm/gems/ruby-2.2.1/gems/learn-test-1.2.25/lib/learn_test/jasmine/jasmine.js:306:28)
	at file:///Users/rachelk/.rvm/gems/ruby-2.2.1/gems/learn-test-1.2.25/lib/learn_test/jasmine/jasmine.js:1708:44
	at attemptAsync (file:///Users/rachelk/.rvm/gems/ruby-2.2.1/gems/learn-test-1.2.25/lib/learn_test/jasmine/jasmine.js:1520:16)
	at run (file:///Users/rachelk/.rvm/gems/ruby-2.2.1/gems/learn-test-1.2.25/lib/learn_test/jasmine/jasmine.js:1496:28)
	at next (file:///Users/rachelk/.rvm/gems/ruby-2.2.1/gems/learn-test-1.2.25/lib/learn_test/jasmine/jasmine.js:1517:40)
	at complete (file:///Users/rachelk/.rvm/gems/ruby-2.2.1/gems/learn-test-1.2.25/lib/learn_test/jasmine/jasmine.js:333:19)
	at clearStack (file:///Users/rachelk/.rvm/gems/ruby-2.2.1/gems/learn-test-1.2.25/lib/learn_test/jasmine/jasmine.js:506:11)
	at run (file:///Users/rachelk/.rvm/gems/ruby-2.2.1/gems/learn-test-1.2.25/lib/learn_test/jasmine/jasmine.js:1505:22)
	at execute (file:///Users/rachelk/.rvm/gems/ruby-2.2.1/gems/learn-test-1.2.25/lib/learn_test/jasmine/jasmine.js:1485:13)
	at queueRunnerFactory (file:///Users/rachelk/.rvm/gems/ruby-2.2.1/gems/learn-test-1.2.25/lib/learn_test/jasmine/jasmine.js:518:42)
	at execute (file:///Users/rachelk/.rvm/gems/ruby-2.2.1/gems/learn-test-1.2.25/lib/learn_test/jasmine/jasmine.js:306:28)
	at file:///Users/rachelk/.rvm/gems/ruby-2.2.1/gems/learn-test-1.2.25/lib/learn_test/jasmine/jasmine.js:1708:44
	at attemptAsync (file:///Users/rachelk/.rvm/gems/ruby-2.2.1/gems/learn-test-1.2.25/lib/learn_test/jasmine/jasmine.js:1520:16)
	at run (file:///Users/rachelk/.rvm/gems/ruby-2.2.1/gems/learn-test-1.2.25/lib/learn_test/jasmine/jasmine.js:1496:28)
	at execute (file:///Users/rachelk/.rvm/gems/ruby-2.2.1/gems/learn-test-1.2.25/lib/learn_test/jasmine/jasmine.js:1485:13)
	at queueRunnerFactory (file:///Users/rachelk/.rvm/gems/ruby-2.2.1/gems/learn-test-1.2.25/lib/learn_test/jasmine/jasmine.js:518:42)
	at execute (file:///Users/rachelk/.rvm/gems/ruby-2.2.1/gems/learn-test-1.2.25/lib/learn_test/jasmine/jasmine.js:1694:21)
	at file:///Users/rachelk/.rvm/gems/ruby-2.2.1/gems/learn-test-1.2.25/lib/learn_test/jasmine/jasmine.js:1708:44
	at attemptAsync (file:///Users/rachelk/.rvm/gems/ruby-2.2.1/gems/learn-test-1.2.25/lib/learn_test/jasmine/jasmine.js:1520:16)
	at run (file:///Users/rachelk/.rvm/gems/ruby-2.2.1/gems/learn-test-1.2.25/lib/learn_test/jasmine/jasmine.js:1496:28)
	at next (file:///Users/rachelk/.rvm/gems/ruby-2.2.1/gems/learn-test-1.2.25/lib/learn_test/jasmine/jasmine.js:1517:40)
	at complete (file:///Users/rachelk/.rvm/gems/ruby-2.2.1/gems/learn-test-1.2.25/lib/learn_test/jasmine/jasmine.js:1703:19)
	at clearStack (file:///Users/rachelk/.rvm/gems/ruby-2.2.1/gems/learn-test-1.2.25/lib/learn_test/jasmine/jasmine.js:506:11)
	at run (file:///Users/rachelk/.rvm/gems/ruby-2.2.1/gems/learn-test-1.2.25/lib/learn_test/jasmine/jasmine.js:1505:22)
	at next (file:///Users/rachelk/.rvm/gems/ruby-2.2.1/gems/learn-test-1.2.25/lib/learn_test/jasmine/jasmine.js:1517:40)
	at complete (file:///Users/rachelk/.rvm/gems/ruby-2.2.1/gems/learn-test-1.2.25/lib/learn_test/jasmine/jasmine.js:333:19)
	at clearStack (file:///Users/rachelk/.rvm/gems/ruby-2.2.1/gems/learn-test-1.2.25/lib/learn_test/jasmine/jasmine.js:506:11)
	at run (file:///Users/rachelk/.rvm/gems/ruby-2.2.1/gems/learn-test-1.2.25/lib/learn_test/jasmine/jasmine.js:1505:22)
	at execute (file:///Users/rachelk/.rvm/gems/ruby-2.2.1/gems/learn-test-1.2.25/lib/learn_test/jasmine/jasmine.js:1485:13)
	at queueRunnerFactory (file:///Users/rachelk/.rvm/gems/ruby-2.2.1/gems/learn-test-1.2.25/lib/learn_test/jasmine/jasmine.js:518:42)
	at execute (file:///Users/rachelk/.rvm/gems/ruby-2.2.1/gems/learn-test-1.2.25/lib/learn_test/jasmine/jasmine.js:306:28)
	at file:///Users/rachelk/.rvm/gems/ruby-2.2.1/gems/learn-test-1.2.25/lib/learn_test/jasmine/jasmine.js:1708:44
	at attemptAsync (file:///Users/rachelk/.rvm/gems/ruby-2.2.1/gems/learn-test-1.2.25/lib/learn_test/jasmine/jasmine.js:1520:16)
	at run (file:///Users/rachelk/.rvm/gems/ruby-2.2.1/gems/learn-test-1.2.25/lib/learn_test/jasmine/jasmine.js:1496:28)
	at next (file:///Users/rachelk/.rvm/gems/ruby-2.2.1/gems/learn-test-1.2.25/lib/learn_test/jasmine/jasmine.js:1517:40)
	at complete (file:///Users/rachelk/.rvm/gems/ruby-2.2.1/gems/learn-test-1.2.25/lib/learn_test/jasmine/jasmine.js:333:19)
	at clearStack (file:///Users/rachelk/.rvm/gems/ruby-2.2.1/gems/learn-test-1.2.25/lib/learn_test/jasmine/jasmine.js:506:11)
	at run (file:///Users/rachelk/.rvm/gems/ruby-2.2.1/gems/learn-test-1.2.25/lib/learn_test/jasmine/jasmine.js:1505:22)
	at execute (file:///Users/rachelk/.rvm/gems/ruby-2.2.1/gems/learn-test-1.2.25/lib/learn_test/jasmine/jasmine.js:1485:13)
	at queueRunnerFactory (file:///Users/rachelk/.rvm/gems/ruby-2.2.1/gems/learn-test-1.2.25/lib/learn_test/jasmine/jasmine.js:518:42)
	at execute (file:///Users/rachelk/.rvm/gems/ruby-2.2.1/gems/learn-test-1.2.25/lib/learn_test/jasmine/jasmine.js:306:28)
	at file:///Users/rachelk/.rvm/gems/ruby-2.2.1/gems/learn-test-1.2.25/lib/learn_test/jasmine/jasmine.js:1708:44
	at attemptAsync (file:///Users/rachelk/.rvm/gems/ruby-2.2.1/gems/learn-test-1.2.25/lib/learn_test/jasmine/jasmine.js:1520:16)
	at run (file:///Users/rachelk/.rvm/gems/ruby-2.2.1/gems/learn-test-1.2.25/lib/learn_test/jasmine/jasmine.js:1496:28)
	at next (file:///Users/rachelk/.rvm/gems/ruby-2.2.1/gems/learn-test-1.2.25/lib/learn_test/jasmine/jasmine.js:1517:40)
	at complete (file:///Users/rachelk/.rvm/gems/ruby-2.2.1/gems/learn-test-1.2.25/lib/learn_test/jasmine/jasmine.js:333:19)
	at clearStack (file:///Users/rachelk/.rvm/gems/ruby-2.2.1/gems/learn-test-1.2.25/lib/learn_test/jasmine/jasmine.js:506:11)
	at run (file:///Users/rachelk/.rvm/gems/ruby-2.2.1/gems/learn-test-1.2.25/lib/learn_test/jasmine/jasmine.js:1505:22)
	at execute (file:///Users/rachelk/.rvm/gems/ruby-2.2.1/gems/learn-test-1.2.25/lib/learn_test/jasmine/jasmine.js:1485:13)
	at queueRunnerFactory (file:///Users/rachelk/.rvm/gems/ruby-2.2.1/gems/learn-test-1.2.25/lib/learn_test/jasmine/jasmine.js:518:42)
	at execute (file:///Users/rachelk/.rvm/gems/ruby-2.2.1/gems/learn-test-1.2.25/lib/learn_test/jasmine/jasmine.js:306:28)
	at file:///Users/rachelk/.rvm/gems/ruby-2.2.1/gems/learn-test-1.2.25/lib/learn_test/jasmine/jasmine.js:1708:44
	at attemptAsync (file:///Users/rachelk/.rvm/gems/ruby-2.2.1/gems/learn-test-1.2.25/lib/learn_test/jasmine/jasmine.js:1520:16)
	at run (file:///Users/rachelk/.rvm/gems/ruby-2.2.1/gems/learn-test-1.2.25/lib/learn_test/jasmine/jasmine.js:1496:28)
	at execute (file:///Users/rachelk/.rvm/gems/ruby-2.2.1/gems/learn-test-1.2.25/lib/learn_test/jasmine/jasmine.js:1485:13)
	at queueRunnerFactory (file:///Users/rachelk/.rvm/gems/ruby-2.2.1/gems/learn-test-1.2.25/lib/learn_test/jasmine/jasmine.js:518:42)
	at execute (file:///Users/rachelk/.rvm/gems/ruby-2.2.1/gems/learn-test-1.2.25/lib/learn_test/jasmine/jasmine.js:1694:21)
	at file:///Users/rachelk/.rvm/gems/ruby-2.2.1/gems/learn-test-1.2.25/lib/learn_test/jasmine/jasmine.js:1708:44
	at attemptAsync (file:///Users/rachelk/.rvm/gems/ruby-2.2.1/gems/learn-test-1.2.25/lib/learn_test/jasmine/jasmine.js:1520:16)
	at run (file:///Users/rachelk/.rvm/gems/ruby-2.2.1/gems/learn-test-1.2.25/lib/learn_test/jasmine/jasmine.js:1496:28)
	at execute (file:///Users/rachelk/.rvm/gems/ruby-2.2.1/gems/learn-test-1.2.25/lib/learn_test/jasmine/jasmine.js:1485:13)
	at queueRunnerFactory (file:///Users/rachelk/.rvm/gems/ruby-2.2.1/gems/learn-test-1.2.25/lib/learn_test/jasmine/jasmine.js:518:42)
	at execute (file:///Users/rachelk/.rvm/gems/ruby-2.2.1/gems/learn-test-1.2.25/lib/learn_test/jasmine/jasmine.js:1694:21)
	at file:///Users/rachelk/.rvm/gems/ruby-2.2.1/gems/learn-test-1.2.25/lib/learn_test/jasmine/jasmine.js:541:83
	at attemptAsync (file:///Users/rachelk/.rvm/gems/ruby-2.2.1/gems/learn-test-1.2.25/lib/learn_test/jasmine/jasmine.js:1520:16)
	at run (file:///Users/rachelk/.rvm/gems/ruby-2.2.1/gems/learn-test-1.2.25/lib/learn_test/jasmine/jasmine.js:1496:28)
	at execute (file:///Users/rachelk/.rvm/gems/ruby-2.2.1/gems/learn-test-1.2.25/lib/learn_test/jasmine/jasmine.js:1485:13)
	at queueRunnerFactory (file:///Users/rachelk/.rvm/gems/ruby-2.2.1/gems/learn-test-1.2.25/lib/learn_test/jasmine/jasmine.js:518:42)
	at execute (file:///Users/rachelk/.rvm/gems/ruby-2.2.1/gems/learn-test-1.2.25/lib/learn_test/jasmine/jasmine.js:548:25)
	at onload (file:///Users/rachelk/.rvm/gems/ruby-2.2.1/gems/learn-test-1.2.25/lib/learn_test/jasmine/boot.js:172:16)			</failure>
			<failure type="" message="TypeError: undefined is not an object (evaluating &amp;apos;spaceship.docked&amp;apos;) in file:///Users/rachelk/Dropbox/Development/Javascript/space-invaders-v-000/spec/space-invaders-spec.js (line 55)">
	at file:///Users/rachelk/Dropbox/Development/Javascript/space-invaders-v-000/spec/space-invaders-spec.js:55:21
	at attemptSync (file:///Users/rachelk/.rvm/gems/ruby-2.2.1/gems/learn-test-1.2.25/lib/learn_test/jasmine/jasmine.js:1510:16)
	at run (file:///Users/rachelk/.rvm/gems/ruby-2.2.1/gems/learn-test-1.2.25/lib/learn_test/jasmine/jasmine.js:1498:20)
	at execute (file:///Users/rachelk/.rvm/gems/ruby-2.2.1/gems/learn-test-1.2.25/lib/learn_test/jasmine/jasmine.js:1485:13)
	at queueRunnerFactory (file:///Users/rachelk/.rvm/gems/ruby-2.2.1/gems/learn-test-1.2.25/lib/learn_test/jasmine/jasmine.js:518:42)
	at execute (file:///Users/rachelk/.rvm/gems/ruby-2.2.1/gems/learn-test-1.2.25/lib/learn_test/jasmine/jasmine.js:306:28)
	at file:///Users/rachelk/.rvm/gems/ruby-2.2.1/gems/learn-test-1.2.25/lib/learn_test/jasmine/jasmine.js:1708:44
	at attemptAsync (file:///Users/rachelk/.rvm/gems/ruby-2.2.1/gems/learn-test-1.2.25/lib/learn_test/jasmine/jasmine.js:1520:16)
	at run (file:///Users/rachelk/.rvm/gems/ruby-2.2.1/gems/learn-test-1.2.25/lib/learn_test/jasmine/jasmine.js:1496:28)
	at next (file:///Users/rachelk/.rvm/gems/ruby-2.2.1/gems/learn-test-1.2.25/lib/learn_test/jasmine/jasmine.js:1517:40)
	at complete (file:///Users/rachelk/.rvm/gems/ruby-2.2.1/gems/learn-test-1.2.25/lib/learn_test/jasmine/jasmine.js:333:19)
	at clearStack (file:///Users/rachelk/.rvm/gems/ruby-2.2.1/gems/learn-test-1.2.25/lib/learn_test/jasmine/jasmine.js:506:11)
	at run (file:///Users/rachelk/.rvm/gems/ruby-2.2.1/gems/learn-test-1.2.25/lib/learn_test/jasmine/jasmine.js:1505:22)
	at execute (file:///Users/rachelk/.rvm/gems/ruby-2.2.1/gems/learn-test-1.2.25/lib/learn_test/jasmine/jasmine.js:1485:13)
	at queueRunnerFactory (file:///Users/rachelk/.rvm/gems/ruby-2.2.1/gems/learn-test-1.2.25/lib/learn_test/jasmine/jasmine.js:518:42)
	at execute (file:///Users/rachelk/.rvm/gems/ruby-2.2.1/gems/learn-test-1.2.25/lib/learn_test/jasmine/jasmine.js:306:28)
	at file:///Users/rachelk/.rvm/gems/ruby-2.2.1/gems/learn-test-1.2.25/lib/learn_test/jasmine/jasmine.js:1708:44
	at attemptAsync (file:///Users/rachelk/.rvm/gems/ruby-2.2.1/gems/learn-test-1.2.25/lib/learn_test/jasmine/jasmine.js:1520:16)
	at run (file:///Users/rachelk/.rvm/gems/ruby-2.2.1/gems/learn-test-1.2.25/lib/learn_test/jasmine/jasmine.js:1496:28)
	at next (file:///Users/rachelk/.rvm/gems/ruby-2.2.1/gems/learn-test-1.2.25/lib/learn_test/jasmine/jasmine.js:1517:40)
	at complete (file:///Users/rachelk/.rvm/gems/ruby-2.2.1/gems/learn-test-1.2.25/lib/learn_test/jasmine/jasmine.js:333:19)
	at clearStack (file:///Users/rachelk/.rvm/gems/ruby-2.2.1/gems/learn-test-1.2.25/lib/learn_test/jasmine/jasmine.js:506:11)
	at run (file:///Users/rachelk/.rvm/gems/ruby-2.2.1/gems/learn-test-1.2.25/lib/learn_test/jasmine/jasmine.js:1505:22)
	at execute (file:///Users/rachelk/.rvm/gems/ruby-2.2.1/gems/learn-test-1.2.25/lib/learn_test/jasmine/jasmine.js:1485:13)
	at queueRunnerFactory (file:///Users/rachelk/.rvm/gems/ruby-2.2.1/gems/learn-test-1.2.25/lib/learn_test/jasmine/jasmine.js:518:42)
	at execute (file:///Users/rachelk/.rvm/gems/ruby-2.2.1/gems/learn-test-1.2.25/lib/learn_test/jasmine/jasmine.js:306:28)
	at file:///Users/rachelk/.rvm/gems/ruby-2.2.1/gems/learn-test-1.2.25/lib/learn_test/jasmine/jasmine.js:1708:44
	at attemptAsync (file:///Users/rachelk/.rvm/gems/ruby-2.2.1/gems/learn-test-1.2.25/lib/learn_test/jasmine/jasmine.js:1520:16)
	at run (file:///Users/rachelk/.rvm/gems/ruby-2.2.1/gems/learn-test-1.2.25/lib/learn_test/jasmine/jasmine.js:1496:28)
	at next (file:///Users/rachelk/.rvm/gems/ruby-2.2.1/gems/learn-test-1.2.25/lib/learn_test/jasmine/jasmine.js:1517:40)
	at complete (file:///Users/rachelk/.rvm/gems/ruby-2.2.1/gems/learn-test-1.2.25/lib/learn_test/jasmine/jasmine.js:333:19)
	at clearStack (file:///Users/rachelk/.rvm/gems/ruby-2.2.1/gems/learn-test-1.2.25/lib/learn_test/jasmine/jasmine.js:506:11)
	at run (file:///Users/rachelk/.rvm/gems/ruby-2.2.1/gems/learn-test-1.2.25/lib/learn_test/jasmine/jasmine.js:1505:22)
	at execute (file:///Users/rachelk/.rvm/gems/ruby-2.2.1/gems/learn-test-1.2.25/lib/learn_test/jasmine/jasmine.js:1485:13)
	at queueRunnerFactory (file:///Users/rachelk/.rvm/gems/ruby-2.2.1/gems/learn-test-1.2.25/lib/learn_test/jasmine/jasmine.js:518:42)
	at execute (file:///Users/rachelk/.rvm/gems/ruby-2.2.1/gems/learn-test-1.2.25/lib/learn_test/jasmine/jasmine.js:306:28)
	at file:///Users/rachelk/.rvm/gems/ruby-2.2.1/gems/learn-test-1.2.25/lib/learn_test/jasmine/jasmine.js:1708:44
	at attemptAsync (file:///Users/rachelk/.rvm/gems/ruby-2.2.1/gems/learn-test-1.2.25/lib/learn_test/jasmine/jasmine.js:1520:16)
	at run (file:///Users/rachelk/.rvm/gems/ruby-2.2.1/gems/learn-test-1.2.25/lib/learn_test/jasmine/jasmine.js:1496:28)
	at next (file:///Users/rachelk/.rvm/gems/ruby-2.2.1/gems/learn-test-1.2.25/lib/learn_test/jasmine/jasmine.js:1517:40)
	at complete (file:///Users/rachelk/.rvm/gems/ruby-2.2.1/gems/learn-test-1.2.25/lib/learn_test/jasmine/jasmine.js:333:19)
	at clearStack (file:///Users/rachelk/.rvm/gems/ruby-2.2.1/gems/learn-test-1.2.25/lib/learn_test/jasmine/jasmine.js:506:11)
	at run (file:///Users/rachelk/.rvm/gems/ruby-2.2.1/gems/learn-test-1.2.25/lib/learn_test/jasmine/jasmine.js:1505:22)
	at execute (file:///Users/rachelk/.rvm/gems/ruby-2.2.1/gems/learn-test-1.2.25/lib/learn_test/jasmine/jasmine.js:1485:13)
	at queueRunnerFactory (file:///Users/rachelk/.rvm/gems/ruby-2.2.1/gems/learn-test-1.2.25/lib/learn_test/jasmine/jasmine.js:518:42)
	at execute (file:///Users/rachelk/.rvm/gems/ruby-2.2.1/gems/learn-test-1.2.25/lib/learn_test/jasmine/jasmine.js:306:28)
	at file:///Users/rachelk/.rvm/gems/ruby-2.2.1/gems/learn-test-1.2.25/lib/learn_test/jasmine/jasmine.js:1708:44
	at attemptAsync (file:///Users/rachelk/.rvm/gems/ruby-2.2.1/gems/learn-test-1.2.25/lib/learn_test/jasmine/jasmine.js:1520:16)
	at run (file:///Users/rachelk/.rvm/gems/ruby-2.2.1/gems/learn-test-1.2.25/lib/learn_test/jasmine/jasmine.js:1496:28)
	at next (file:///Users/rachelk/.rvm/gems/ruby-2.2.1/gems/learn-test-1.2.25/lib/learn_test/jasmine/jasmine.js:1517:40)
	at complete (file:///Users/rachelk/.rvm/gems/ruby-2.2.1/gems/learn-test-1.2.25/lib/learn_test/jasmine/jasmine.js:333:19)
	at clearStack (file:///Users/rachelk/.rvm/gems/ruby-2.2.1/gems/learn-test-1.2.25/lib/learn_test/jasmine/jasmine.js:506:11)
	at run (file:///Users/rachelk/.rvm/gems/ruby-2.2.1/gems/learn-test-1.2.25/lib/learn_test/jasmine/jasmine.js:1505:22)
	at execute (file:///Users/rachelk/.rvm/gems/ruby-2.2.1/gems/learn-test-1.2.25/lib/learn_test/jasmine/jasmine.js:1485:13)
	at queueRunnerFactory (file:///Users/rachelk/.rvm/gems/ruby-2.2.1/gems/learn-test-1.2.25/lib/learn_test/jasmine/jasmine.js:518:42)
	at execute (file:///Users/rachelk/.rvm/gems/ruby-2.2.1/gems/learn-test-1.2.25/lib/learn_test/jasmine/jasmine.js:306:28)
	at file:///Users/rachelk/.rvm/gems/ruby-2.2.1/gems/learn-test-1.2.25/lib/learn_test/jasmine/jasmine.js:1708:44
	at attemptAsync (file:///Users/rachelk/.rvm/gems/ruby-2.2.1/gems/learn-test-1.2.25/lib/learn_test/jasmine/jasmine.js:1520:16)
	at run (file:///Users/rachelk/.rvm/gems/ruby-2.2.1/gems/learn-test-1.2.25/lib/learn_test/jasmine/jasmine.js:1496:28)
	at execute (file:///Users/rachelk/.rvm/gems/ruby-2.2.1/gems/learn-test-1.2.25/lib/learn_test/jasmine/jasmine.js:1485:13)
	at queueRunnerFactory (file:///Users/rachelk/.rvm/gems/ruby-2.2.1/gems/learn-test-1.2.25/lib/learn_test/jasmine/jasmine.js:518:42)
	at execute (file:///Users/rachelk/.rvm/gems/ruby-2.2.1/gems/learn-test-1.2.25/lib/learn_test/jasmine/jasmine.js:1694:21)
	at file:///Users/rachelk/.rvm/gems/ruby-2.2.1/gems/learn-test-1.2.25/lib/learn_test/jasmine/jasmine.js:1708:44
	at attemptAsync (file:///Users/rachelk/.rvm/gems/ruby-2.2.1/gems/learn-test-1.2.25/lib/learn_test/jasmine/jasmine.js:1520:16)
	at run (file:///Users/rachelk/.rvm/gems/ruby-2.2.1/gems/learn-test-1.2.25/lib/learn_test/jasmine/jasmine.js:1496:28)
	at next (file:///Users/rachelk/.rvm/gems/ruby-2.2.1/gems/learn-test-1.2.25/lib/learn_test/jasmine/jasmine.js:1517:40)
	at complete (file:///Users/rachelk/.rvm/gems/ruby-2.2.1/gems/learn-test-1.2.25/lib/learn_test/jasmine/jasmine.js:1703:19)
	at clearStack (file:///Users/rachelk/.rvm/gems/ruby-2.2.1/gems/learn-test-1.2.25/lib/learn_test/jasmine/jasmine.js:506:11)
	at run (file:///Users/rachelk/.rvm/gems/ruby-2.2.1/gems/learn-test-1.2.25/lib/learn_test/jasmine/jasmine.js:1505:22)
	at next (file:///Users/rachelk/.rvm/gems/ruby-2.2.1/gems/learn-test-1.2.25/lib/learn_test/jasmine/jasmine.js:1517:40)
	at complete (file:///Users/rachelk/.rvm/gems/ruby-2.2.1/gems/learn-test-1.2.25/lib/learn_test/jasmine/jasmine.js:333:19)
	at clearStack (file:///Users/rachelk/.rvm/gems/ruby-2.2.1/gems/learn-test-1.2.25/lib/learn_test/jasmine/jasmine.js:506:11)
	at run (file:///Users/rachelk/.rvm/gems/ruby-2.2.1/gems/learn-test-1.2.25/lib/learn_test/jasmine/jasmine.js:1505:22)
	at execute (file:///Users/rachelk/.rvm/gems/ruby-2.2.1/gems/learn-test-1.2.25/lib/learn_test/jasmine/jasmine.js:1485:13)
	at queueRunnerFactory (file:///Users/rachelk/.rvm/gems/ruby-2.2.1/gems/learn-test-1.2.25/lib/learn_test/jasmine/jasmine.js:518:42)
	at execute (file:///Users/rachelk/.rvm/gems/ruby-2.2.1/gems/learn-test-1.2.25/lib/learn_test/jasmine/jasmine.js:306:28)
	at file:///Users/rachelk/.rvm/gems/ruby-2.2.1/gems/learn-test-1.2.25/lib/learn_test/jasmine/jasmine.js:1708:44
	at attemptAsync (file:///Users/rachelk/.rvm/gems/ruby-2.2.1/gems/learn-test-1.2.25/lib/learn_test/jasmine/jasmine.js:1520:16)
	at run (file:///Users/rachelk/.rvm/gems/ruby-2.2.1/gems/learn-test-1.2.25/lib/learn_test/jasmine/jasmine.js:1496:28)
	at next (file:///Users/rachelk/.rvm/gems/ruby-2.2.1/gems/learn-test-1.2.25/lib/learn_test/jasmine/jasmine.js:1517:40)
	at complete (file:///Users/rachelk/.rvm/gems/ruby-2.2.1/gems/learn-test-1.2.25/lib/learn_test/jasmine/jasmine.js:333:19)
	at clearStack (file:///Users/rachelk/.rvm/gems/ruby-2.2.1/gems/learn-test-1.2.25/lib/learn_test/jasmine/jasmine.js:506:11)
	at run (file:///Users/rachelk/.rvm/gems/ruby-2.2.1/gems/learn-test-1.2.25/lib/learn_test/jasmine/jasmine.js:1505:22)
	at execute (file:///Users/rachelk/.rvm/gems/ruby-2.2.1/gems/learn-test-1.2.25/lib/learn_test/jasmine/jasmine.js:1485:13)
	at queueRunnerFactory (file:///Users/rachelk/.rvm/gems/ruby-2.2.1/gems/learn-test-1.2.25/lib/learn_test/jasmine/jasmine.js:518:42)
	at execute (file:///Users/rachelk/.rvm/gems/ruby-2.2.1/gems/learn-test-1.2.25/lib/learn_test/jasmine/jasmine.js:306:28)
	at file:///Users/rachelk/.rvm/gems/ruby-2.2.1/gems/learn-test-1.2.25/lib/learn_test/jasmine/jasmine.js:1708:44
	at attemptAsync (file:///Users/rachelk/.rvm/gems/ruby-2.2.1/gems/learn-test-1.2.25/lib/learn_test/jasmine/jasmine.js:1520:16)
	at run (file:///Users/rachelk/.rvm/gems/ruby-2.2.1/gems/learn-test-1.2.25/lib/learn_test/jasmine/jasmine.js:1496:28)
	at next (file:///Users/rachelk/.rvm/gems/ruby-2.2.1/gems/learn-test-1.2.25/lib/learn_test/jasmine/jasmine.js:1517:40)
	at complete (file:///Users/rachelk/.rvm/gems/ruby-2.2.1/gems/learn-test-1.2.25/lib/learn_test/jasmine/jasmine.js:333:19)
	at clearStack (file:///Users/rachelk/.rvm/gems/ruby-2.2.1/gems/learn-test-1.2.25/lib/learn_test/jasmine/jasmine.js:506:11)
	at run (file:///Users/rachelk/.rvm/gems/ruby-2.2.1/gems/learn-test-1.2.25/lib/learn_test/jasmine/jasmine.js:1505:22)
	at execute (file:///Users/rachelk/.rvm/gems/ruby-2.2.1/gems/learn-test-1.2.25/lib/learn_test/jasmine/jasmine.js:1485:13)
	at queueRunnerFactory (file:///Users/rachelk/.rvm/gems/ruby-2.2.1/gems/learn-test-1.2.25/lib/learn_test/jasmine/jasmine.js:518:42)
	at execute (file:///Users/rachelk/.rvm/gems/ruby-2.2.1/gems/learn-test-1.2.25/lib/learn_test/jasmine/jasmine.js:306:28)
	at file:///Users/rachelk/.rvm/gems/ruby-2.2.1/gems/learn-test-1.2.25/lib/learn_test/jasmine/jasmine.js:1708:44
	at attemptAsync (file:///Users/rachelk/.rvm/gems/ruby-2.2.1/gems/learn-test-1.2.25/lib/learn_test/jasmine/jasmine.js:1520:16)
	at run (file:///Users/rachelk/.rvm/gems/ruby-2.2.1/gems/learn-test-1.2.25/lib/learn_test/jasmine/jasmine.js:1496:28)
	at execute (file:///Users/rachelk/.rvm/gems/ruby-2.2.1/gems/learn-test-1.2.25/lib/learn_test/jasmine/jasmine.js:1485:13)
	at queueRunnerFactory (file:///Users/rachelk/.rvm/gems/ruby-2.2.1/gems/learn-test-1.2.25/lib/learn_test/jasmine/jasmine.js:518:42)
	at execute (file:///Users/rachelk/.rvm/gems/ruby-2.2.1/gems/learn-test-1.2.25/lib/learn_test/jasmine/jasmine.js:1694:21)
	at file:///Users/rachelk/.rvm/gems/ruby-2.2.1/gems/learn-test-1.2.25/lib/learn_test/jasmine/jasmine.js:1708:44
	at attemptAsync (file:///Users/rachelk/.rvm/gems/ruby-2.2.1/gems/learn-test-1.2.25/lib/learn_test/jasmine/jasmine.js:1520:16)
	at run (file:///Users/rachelk/.rvm/gems/ruby-2.2.1/gems/learn-test-1.2.25/lib/learn_test/jasmine/jasmine.js:1496:28)
	at execute (file:///Users/rachelk/.rvm/gems/ruby-2.2.1/gems/learn-test-1.2.25/lib/learn_test/jasmine/jasmine.js:1485:13)
	at queueRunnerFactory (file:///Users/rachelk/.rvm/gems/ruby-2.2.1/gems/learn-test-1.2.25/lib/learn_test/jasmine/jasmine.js:518:42)
	at execute (file:///Users/rachelk/.rvm/gems/ruby-2.2.1/gems/learn-test-1.2.25/lib/learn_test/jasmine/jasmine.js:1694:21)
	at file:///Users/rachelk/.rvm/gems/ruby-2.2.1/gems/learn-test-1.2.25/lib/learn_test/jasmine/jasmine.js:541:83
	at attemptAsync (file:///Users/rachelk/.rvm/gems/ruby-2.2.1/gems/learn-test-1.2.25/lib/learn_test/jasmine/jasmine.js:1520:16)
	at run (file:///Users/rachelk/.rvm/gems/ruby-2.2.1/gems/learn-test-1.2.25/lib/learn_test/jasmine/jasmine.js:1496:28)
	at execute (file:///Users/rachelk/.rvm/gems/ruby-2.2.1/gems/learn-test-1.2.25/lib/learn_test/jasmine/jasmine.js:1485:13)
	at queueRunnerFactory (file:///Users/rachelk/.rvm/gems/ruby-2.2.1/gems/learn-test-1.2.25/lib/learn_test/jasmine/jasmine.js:518:42)
	at execute (file:///Users/rachelk/.rvm/gems/ruby-2.2.1/gems/learn-test-1.2.25/lib/learn_test/jasmine/jasmine.js:548:25)
	at onload (file:///Users/rachelk/.rvm/gems/ruby-2.2.1/gems/learn-test-1.2.25/lib/learn_test/jasmine/boot.js:172:16)			</failure>
		</testcase>
		<testcase classname="Spaceship" name="should have it&amp;apos;s `phasers` charge set to &amp;quot;uncharged&amp;quot; by default" time="0.001">
			<failure type="" message="ReferenceError: Can&amp;apos;t find variable: Spaceship in file:///Users/rachelk/Dropbox/Development/Javascript/space-invaders-v-000/spec/space-invaders-spec.js (line 31)">
	at file:///Users/rachelk/Dropbox/Development/Javascript/space-invaders-v-000/spec/space-invaders-spec.js:31:30
	at attemptSync (file:///Users/rachelk/.rvm/gems/ruby-2.2.1/gems/learn-test-1.2.25/lib/learn_test/jasmine/jasmine.js:1510:16)
	at run (file:///Users/rachelk/.rvm/gems/ruby-2.2.1/gems/learn-test-1.2.25/lib/learn_test/jasmine/jasmine.js:1498:20)
	at execute (file:///Users/rachelk/.rvm/gems/ruby-2.2.1/gems/learn-test-1.2.25/lib/learn_test/jasmine/jasmine.js:1485:13)
	at queueRunnerFactory (file:///Users/rachelk/.rvm/gems/ruby-2.2.1/gems/learn-test-1.2.25/lib/learn_test/jasmine/jasmine.js:518:42)
	at execute (file:///Users/rachelk/.rvm/gems/ruby-2.2.1/gems/learn-test-1.2.25/lib/learn_test/jasmine/jasmine.js:306:28)
	at file:///Users/rachelk/.rvm/gems/ruby-2.2.1/gems/learn-test-1.2.25/lib/learn_test/jasmine/jasmine.js:1708:44
	at attemptAsync (file:///Users/rachelk/.rvm/gems/ruby-2.2.1/gems/learn-test-1.2.25/lib/learn_test/jasmine/jasmine.js:1520:16)
	at run (file:///Users/rachelk/.rvm/gems/ruby-2.2.1/gems/learn-test-1.2.25/lib/learn_test/jasmine/jasmine.js:1496:28)
	at next (file:///Users/rachelk/.rvm/gems/ruby-2.2.1/gems/learn-test-1.2.25/lib/learn_test/jasmine/jasmine.js:1517:40)
	at complete (file:///Users/rachelk/.rvm/gems/ruby-2.2.1/gems/learn-test-1.2.25/lib/learn_test/jasmine/jasmine.js:333:19)
	at clearStack (file:///Users/rachelk/.rvm/gems/ruby-2.2.1/gems/learn-test-1.2.25/lib/learn_test/jasmine/jasmine.js:506:11)
	at run (file:///Users/rachelk/.rvm/gems/ruby-2.2.1/gems/learn-test-1.2.25/lib/learn_test/jasmine/jasmine.js:1505:22)
	at execute (file:///Users/rachelk/.rvm/gems/ruby-2.2.1/gems/learn-test-1.2.25/lib/learn_test/jasmine/jasmine.js:1485:13)
	at queueRunnerFactory (file:///Users/rachelk/.rvm/gems/ruby-2.2.1/gems/learn-test-1.2.25/lib/learn_test/jasmine/jasmine.js:518:42)
	at execute (file:///Users/rachelk/.rvm/gems/ruby-2.2.1/gems/learn-test-1.2.25/lib/learn_test/jasmine/jasmine.js:306:28)
	at file:///Users/rachelk/.rvm/gems/ruby-2.2.1/gems/learn-test-1.2.25/lib/learn_test/jasmine/jasmine.js:1708:44
	at attemptAsync (file:///Users/rachelk/.rvm/gems/ruby-2.2.1/gems/learn-test-1.2.25/lib/learn_test/jasmine/jasmine.js:1520:16)
	at run (file:///Users/rachelk/.rvm/gems/ruby-2.2.1/gems/learn-test-1.2.25/lib/learn_test/jasmine/jasmine.js:1496:28)
	at next (file:///Users/rachelk/.rvm/gems/ruby-2.2.1/gems/learn-test-1.2.25/lib/learn_test/jasmine/jasmine.js:1517:40)
	at complete (file:///Users/rachelk/.rvm/gems/ruby-2.2.1/gems/learn-test-1.2.25/lib/learn_test/jasmine/jasmine.js:333:19)
	at clearStack (file:///Users/rachelk/.rvm/gems/ruby-2.2.1/gems/learn-test-1.2.25/lib/learn_test/jasmine/jasmine.js:506:11)
	at run (file:///Users/rachelk/.rvm/gems/ruby-2.2.1/gems/learn-test-1.2.25/lib/learn_test/jasmine/jasmine.js:1505:22)
	at execute (file:///Users/rachelk/.rvm/gems/ruby-2.2.1/gems/learn-test-1.2.25/lib/learn_test/jasmine/jasmine.js:1485:13)
	at queueRunnerFactory (file:///Users/rachelk/.rvm/gems/ruby-2.2.1/gems/learn-test-1.2.25/lib/learn_test/jasmine/jasmine.js:518:42)
	at execute (file:///Users/rachelk/.rvm/gems/ruby-2.2.1/gems/learn-test-1.2.25/lib/learn_test/jasmine/jasmine.js:306:28)
	at file:///Users/rachelk/.rvm/gems/ruby-2.2.1/gems/learn-test-1.2.25/lib/learn_test/jasmine/jasmine.js:1708:44
	at attemptAsync (file:///Users/rachelk/.rvm/gems/ruby-2.2.1/gems/learn-test-1.2.25/lib/learn_test/jasmine/jasmine.js:1520:16)
	at run (file:///Users/rachelk/.rvm/gems/ruby-2.2.1/gems/learn-test-1.2.25/lib/learn_test/jasmine/jasmine.js:1496:28)
	at next (file:///Users/rachelk/.rvm/gems/ruby-2.2.1/gems/learn-test-1.2.25/lib/learn_test/jasmine/jasmine.js:1517:40)
	at complete (file:///Users/rachelk/.rvm/gems/ruby-2.2.1/gems/learn-test-1.2.25/lib/learn_test/jasmine/jasmine.js:333:19)
	at clearStack (file:///Users/rachelk/.rvm/gems/ruby-2.2.1/gems/learn-test-1.2.25/lib/learn_test/jasmine/jasmine.js:506:11)
	at run (file:///Users/rachelk/.rvm/gems/ruby-2.2.1/gems/learn-test-1.2.25/lib/learn_test/jasmine/jasmine.js:1505:22)
	at execute (file:///Users/rachelk/.rvm/gems/ruby-2.2.1/gems/learn-test-1.2.25/lib/learn_test/jasmine/jasmine.js:1485:13)
	at queueRunnerFactory (file:///Users/rachelk/.rvm/gems/ruby-2.2.1/gems/learn-test-1.2.25/lib/learn_test/jasmine/jasmine.js:518:42)
	at execute (file:///Users/rachelk/.rvm/gems/ruby-2.2.1/gems/learn-test-1.2.25/lib/learn_test/jasmine/jasmine.js:306:28)
	at file:///Users/rachelk/.rvm/gems/ruby-2.2.1/gems/learn-test-1.2.25/lib/learn_test/jasmine/jasmine.js:1708:44
	at attemptAsync (file:///Users/rachelk/.rvm/gems/ruby-2.2.1/gems/learn-test-1.2.25/lib/learn_test/jasmine/jasmine.js:1520:16)
	at run (file:///Users/rachelk/.rvm/gems/ruby-2.2.1/gems/learn-test-1.2.25/lib/learn_test/jasmine/jasmine.js:1496:28)
	at next (file:///Users/rachelk/.rvm/gems/ruby-2.2.1/gems/learn-test-1.2.25/lib/learn_test/jasmine/jasmine.js:1517:40)
	at complete (file:///Users/rachelk/.rvm/gems/ruby-2.2.1/gems/learn-test-1.2.25/lib/learn_test/jasmine/jasmine.js:333:19)
	at clearStack (file:///Users/rachelk/.rvm/gems/ruby-2.2.1/gems/learn-test-1.2.25/lib/learn_test/jasmine/jasmine.js:506:11)
	at run (file:///Users/rachelk/.rvm/gems/ruby-2.2.1/gems/learn-test-1.2.25/lib/learn_test/jasmine/jasmine.js:1505:22)
	at execute (file:///Users/rachelk/.rvm/gems/ruby-2.2.1/gems/learn-test-1.2.25/lib/learn_test/jasmine/jasmine.js:1485:13)
	at queueRunnerFactory (file:///Users/rachelk/.rvm/gems/ruby-2.2.1/gems/learn-test-1.2.25/lib/learn_test/jasmine/jasmine.js:518:42)
	at execute (file:///Users/rachelk/.rvm/gems/ruby-2.2.1/gems/learn-test-1.2.25/lib/learn_test/jasmine/jasmine.js:306:28)
	at file:///Users/rachelk/.rvm/gems/ruby-2.2.1/gems/learn-test-1.2.25/lib/learn_test/jasmine/jasmine.js:1708:44
	at attemptAsync (file:///Users/rachelk/.rvm/gems/ruby-2.2.1/gems/learn-test-1.2.25/lib/learn_test/jasmine/jasmine.js:1520:16)
	at run (file:///Users/rachelk/.rvm/gems/ruby-2.2.1/gems/learn-test-1.2.25/lib/learn_test/jasmine/jasmine.js:1496:28)
	at next (file:///Users/rachelk/.rvm/gems/ruby-2.2.1/gems/learn-test-1.2.25/lib/learn_test/jasmine/jasmine.js:1517:40)
	at complete (file:///Users/rachelk/.rvm/gems/ruby-2.2.1/gems/learn-test-1.2.25/lib/learn_test/jasmine/jasmine.js:333:19)
	at clearStack (file:///Users/rachelk/.rvm/gems/ruby-2.2.1/gems/learn-test-1.2.25/lib/learn_test/jasmine/jasmine.js:506:11)
	at run (file:///Users/rachelk/.rvm/gems/ruby-2.2.1/gems/learn-test-1.2.25/lib/learn_test/jasmine/jasmine.js:1505:22)
	at execute (file:///Users/rachelk/.rvm/gems/ruby-2.2.1/gems/learn-test-1.2.25/lib/learn_test/jasmine/jasmine.js:1485:13)
	at queueRunnerFactory (file:///Users/rachelk/.rvm/gems/ruby-2.2.1/gems/learn-test-1.2.25/lib/learn_test/jasmine/jasmine.js:518:42)
	at execute (file:///Users/rachelk/.rvm/gems/ruby-2.2.1/gems/learn-test-1.2.25/lib/learn_test/jasmine/jasmine.js:306:28)
	at file:///Users/rachelk/.rvm/gems/ruby-2.2.1/gems/learn-test-1.2.25/lib/learn_test/jasmine/jasmine.js:1708:44
	at attemptAsync (file:///Users/rachelk/.rvm/gems/ruby-2.2.1/gems/learn-test-1.2.25/lib/learn_test/jasmine/jasmine.js:1520:16)
	at run (file:///Users/rachelk/.rvm/gems/ruby-2.2.1/gems/learn-test-1.2.25/lib/learn_test/jasmine/jasmine.js:1496:28)
	at next (file:///Users/rachelk/.rvm/gems/ruby-2.2.1/gems/learn-test-1.2.25/lib/learn_test/jasmine/jasmine.js:1517:40)
	at complete (file:///Users/rachelk/.rvm/gems/ruby-2.2.1/gems/learn-test-1.2.25/lib/learn_test/jasmine/jasmine.js:333:19)
	at clearStack (file:///Users/rachelk/.rvm/gems/ruby-2.2.1/gems/learn-test-1.2.25/lib/learn_test/jasmine/jasmine.js:506:11)
	at run (file:///Users/rachelk/.rvm/gems/ruby-2.2.1/gems/learn-test-1.2.25/lib/learn_test/jasmine/jasmine.js:1505:22)
	at execute (file:///Users/rachelk/.rvm/gems/ruby-2.2.1/gems/learn-test-1.2.25/lib/learn_test/jasmine/jasmine.js:1485:13)
	at queueRunnerFactory (file:///Users/rachelk/.rvm/gems/ruby-2.2.1/gems/learn-test-1.2.25/lib/learn_test/jasmine/jasmine.js:518:42)
	at execute (file:///Users/rachelk/.rvm/gems/ruby-2.2.1/gems/learn-test-1.2.25/lib/learn_test/jasmine/jasmine.js:306:28)
	at file:///Users/rachelk/.rvm/gems/ruby-2.2.1/gems/learn-test-1.2.25/lib/learn_test/jasmine/jasmine.js:1708:44
	at attemptAsync (file:///Users/rachelk/.rvm/gems/ruby-2.2.1/gems/learn-test-1.2.25/lib/learn_test/jasmine/jasmine.js:1520:16)
	at run (file:///Users/rachelk/.rvm/gems/ruby-2.2.1/gems/learn-test-1.2.25/lib/learn_test/jasmine/jasmine.js:1496:28)
	at execute (file:///Users/rachelk/.rvm/gems/ruby-2.2.1/gems/learn-test-1.2.25/lib/learn_test/jasmine/jasmine.js:1485:13)
	at queueRunnerFactory (file:///Users/rachelk/.rvm/gems/ruby-2.2.1/gems/learn-test-1.2.25/lib/learn_test/jasmine/jasmine.js:518:42)
	at execute (file:///Users/rachelk/.rvm/gems/ruby-2.2.1/gems/learn-test-1.2.25/lib/learn_test/jasmine/jasmine.js:1694:21)
	at file:///Users/rachelk/.rvm/gems/ruby-2.2.1/gems/learn-test-1.2.25/lib/learn_test/jasmine/jasmine.js:1708:44
	at attemptAsync (file:///Users/rachelk/.rvm/gems/ruby-2.2.1/gems/learn-test-1.2.25/lib/learn_test/jasmine/jasmine.js:1520:16)
	at run (file:///Users/rachelk/.rvm/gems/ruby-2.2.1/gems/learn-test-1.2.25/lib/learn_test/jasmine/jasmine.js:1496:28)
	at next (file:///Users/rachelk/.rvm/gems/ruby-2.2.1/gems/learn-test-1.2.25/lib/learn_test/jasmine/jasmine.js:1517:40)
	at complete (file:///Users/rachelk/.rvm/gems/ruby-2.2.1/gems/learn-test-1.2.25/lib/learn_test/jasmine/jasmine.js:1703:19)
	at clearStack (file:///Users/rachelk/.rvm/gems/ruby-2.2.1/gems/learn-test-1.2.25/lib/learn_test/jasmine/jasmine.js:506:11)
	at run (file:///Users/rachelk/.rvm/gems/ruby-2.2.1/gems/learn-test-1.2.25/lib/learn_test/jasmine/jasmine.js:1505:22)
	at next (file:///Users/rachelk/.rvm/gems/ruby-2.2.1/gems/learn-test-1.2.25/lib/learn_test/jasmine/jasmine.js:1517:40)
	at complete (file:///Users/rachelk/.rvm/gems/ruby-2.2.1/gems/learn-test-1.2.25/lib/learn_test/jasmine/jasmine.js:333:19)
	at clearStack (file:///Users/rachelk/.rvm/gems/ruby-2.2.1/gems/learn-test-1.2.25/lib/learn_test/jasmine/jasmine.js:506:11)
	at run (file:///Users/rachelk/.rvm/gems/ruby-2.2.1/gems/learn-test-1.2.25/lib/learn_test/jasmine/jasmine.js:1505:22)
	at execute (file:///Users/rachelk/.rvm/gems/ruby-2.2.1/gems/learn-test-1.2.25/lib/learn_test/jasmine/jasmine.js:1485:13)
	at queueRunnerFactory (file:///Users/rachelk/.rvm/gems/ruby-2.2.1/gems/learn-test-1.2.25/lib/learn_test/jasmine/jasmine.js:518:42)
	at execute (file:///Users/rachelk/.rvm/gems/ruby-2.2.1/gems/learn-test-1.2.25/lib/learn_test/jasmine/jasmine.js:306:28)
	at file:///Users/rachelk/.rvm/gems/ruby-2.2.1/gems/learn-test-1.2.25/lib/learn_test/jasmine/jasmine.js:1708:44
	at attemptAsync (file:///Users/rachelk/.rvm/gems/ruby-2.2.1/gems/learn-test-1.2.25/lib/learn_test/jasmine/jasmine.js:1520:16)
	at run (file:///Users/rachelk/.rvm/gems/ruby-2.2.1/gems/learn-test-1.2.25/lib/learn_test/jasmine/jasmine.js:1496:28)
	at next (file:///Users/rachelk/.rvm/gems/ruby-2.2.1/gems/learn-test-1.2.25/lib/learn_test/jasmine/jasmine.js:1517:40)
	at complete (file:///Users/rachelk/.rvm/gems/ruby-2.2.1/gems/learn-test-1.2.25/lib/learn_test/jasmine/jasmine.js:333:19)
	at clearStack (file:///Users/rachelk/.rvm/gems/ruby-2.2.1/gems/learn-test-1.2.25/lib/learn_test/jasmine/jasmine.js:506:11)
	at run (file:///Users/rachelk/.rvm/gems/ruby-2.2.1/gems/learn-test-1.2.25/lib/learn_test/jasmine/jasmine.js:1505:22)
	at execute (file:///Users/rachelk/.rvm/gems/ruby-2.2.1/gems/learn-test-1.2.25/lib/learn_test/jasmine/jasmine.js:1485:13)
	at queueRunnerFactory (file:///Users/rachelk/.rvm/gems/ruby-2.2.1/gems/learn-test-1.2.25/lib/learn_test/jasmine/jasmine.js:518:42)
	at execute (file:///Users/rachelk/.rvm/gems/ruby-2.2.1/gems/learn-test-1.2.25/lib/learn_test/jasmine/jasmine.js:306:28)
	at file:///Users/rachelk/.rvm/gems/ruby-2.2.1/gems/learn-test-1.2.25/lib/learn_test/jasmine/jasmine.js:1708:44
	at attemptAsync (file:///Users/rachelk/.rvm/gems/ruby-2.2.1/gems/learn-test-1.2.25/lib/learn_test/jasmine/jasmine.js:1520:16)
	at run (file:///Users/rachelk/.rvm/gems/ruby-2.2.1/gems/learn-test-1.2.25/lib/learn_test/jasmine/jasmine.js:1496:28)
	at next (file:///Users/rachelk/.rvm/gems/ruby-2.2.1/gems/learn-test-1.2.25/lib/learn_test/jasmine/jasmine.js:1517:40)
	at complete (file:///Users/rachelk/.rvm/gems/ruby-2.2.1/gems/learn-test-1.2.25/lib/learn_test/jasmine/jasmine.js:333:19)
	at clearStack (file:///Users/rachelk/.rvm/gems/ruby-2.2.1/gems/learn-test-1.2.25/lib/learn_test/jasmine/jasmine.js:506:11)
	at run (file:///Users/rachelk/.rvm/gems/ruby-2.2.1/gems/learn-test-1.2.25/lib/learn_test/jasmine/jasmine.js:1505:22)
	at execute (file:///Users/rachelk/.rvm/gems/ruby-2.2.1/gems/learn-test-1.2.25/lib/learn_test/jasmine/jasmine.js:1485:13)
	at queueRunnerFactory (file:///Users/rachelk/.rvm/gems/ruby-2.2.1/gems/learn-test-1.2.25/lib/learn_test/jasmine/jasmine.js:518:42)
	at execute (file:///Users/rachelk/.rvm/gems/ruby-2.2.1/gems/learn-test-1.2.25/lib/learn_test/jasmine/jasmine.js:306:28)
	at file:///Users/rachelk/.rvm/gems/ruby-2.2.1/gems/learn-test-1.2.25/lib/learn_test/jasmine/jasmine.js:1708:44
	at attemptAsync (file:///Users/rachelk/.rvm/gems/ruby-2.2.1/gems/learn-test-1.2.25/lib/learn_test/jasmine/jasmine.js:1520:16)
	at run (file:///Users/rachelk/.rvm/gems/ruby-2.2.1/gems/learn-test-1.2.25/lib/learn_test/jasmine/jasmine.js:1496:28)
	at execute (file:///Users/rachelk/.rvm/gems/ruby-2.2.1/gems/learn-test-1.2.25/lib/learn_test/jasmine/jasmine.js:1485:13)
	at queueRunnerFactory (file:///Users/rachelk/.rvm/gems/ruby-2.2.1/gems/learn-test-1.2.25/lib/learn_test/jasmine/jasmine.js:518:42)
	at execute (file:///Users/rachelk/.rvm/gems/ruby-2.2.1/gems/learn-test-1.2.25/lib/learn_test/jasmine/jasmine.js:1694:21)
	at file:///Users/rachelk/.rvm/gems/ruby-2.2.1/gems/learn-test-1.2.25/lib/learn_test/jasmine/jasmine.js:1708:44
	at attemptAsync (file:///Users/rachelk/.rvm/gems/ruby-2.2.1/gems/learn-test-1.2.25/lib/learn_test/jasmine/jasmine.js:1520:16)
	at run (file:///Users/rachelk/.rvm/gems/ruby-2.2.1/gems/learn-test-1.2.25/lib/learn_test/jasmine/jasmine.js:1496:28)
	at execute (file:///Users/rachelk/.rvm/gems/ruby-2.2.1/gems/learn-test-1.2.25/lib/learn_test/jasmine/jasmine.js:1485:13)
	at queueRunnerFactory (file:///Users/rachelk/.rvm/gems/ruby-2.2.1/gems/learn-test-1.2.25/lib/learn_test/jasmine/jasmine.js:518:42)
	at execute (file:///Users/rachelk/.rvm/gems/ruby-2.2.1/gems/learn-test-1.2.25/lib/learn_test/jasmine/jasmine.js:1694:21)
	at file:///Users/rachelk/.rvm/gems/ruby-2.2.1/gems/learn-test-1.2.25/lib/learn_test/jasmine/jasmine.js:541:83
	at attemptAsync (file:///Users/rachelk/.rvm/gems/ruby-2.2.1/gems/learn-test-1.2.25/lib/learn_test/jasmine/jasmine.js:1520:16)
	at run (file:///Users/rachelk/.rvm/gems/ruby-2.2.1/gems/learn-test-1.2.25/lib/learn_test/jasmine/jasmine.js:1496:28)
	at execute (file:///Users/rachelk/.rvm/gems/ruby-2.2.1/gems/learn-test-1.2.25/lib/learn_test/jasmine/jasmine.js:1485:13)
	at queueRunnerFactory (file:///Users/rachelk/.rvm/gems/ruby-2.2.1/gems/learn-test-1.2.25/lib/learn_test/jasmine/jasmine.js:518:42)
	at execute (file:///Users/rachelk/.rvm/gems/ruby-2.2.1/gems/learn-test-1.2.25/lib/learn_test/jasmine/jasmine.js:548:25)
	at onload (file:///Users/rachelk/.rvm/gems/ruby-2.2.1/gems/learn-test-1.2.25/lib/learn_test/jasmine/boot.js:172:16)			</failure>
			<failure type="" message="TypeError: undefined is not an object (evaluating &amp;apos;spaceship.phasersCharge&amp;apos;) in file:///Users/rachelk/Dropbox/Development/Javascript/space-invaders-v-000/spec/space-invaders-spec.js (line 59)">
	at file:///Users/rachelk/Dropbox/Development/Javascript/space-invaders-v-000/spec/space-invaders-spec.js:59:21
	at attemptSync (file:///Users/rachelk/.rvm/gems/ruby-2.2.1/gems/learn-test-1.2.25/lib/learn_test/jasmine/jasmine.js:1510:16)
	at run (file:///Users/rachelk/.rvm/gems/ruby-2.2.1/gems/learn-test-1.2.25/lib/learn_test/jasmine/jasmine.js:1498:20)
	at execute (file:///Users/rachelk/.rvm/gems/ruby-2.2.1/gems/learn-test-1.2.25/lib/learn_test/jasmine/jasmine.js:1485:13)
	at queueRunnerFactory (file:///Users/rachelk/.rvm/gems/ruby-2.2.1/gems/learn-test-1.2.25/lib/learn_test/jasmine/jasmine.js:518:42)
	at execute (file:///Users/rachelk/.rvm/gems/ruby-2.2.1/gems/learn-test-1.2.25/lib/learn_test/jasmine/jasmine.js:306:28)
	at file:///Users/rachelk/.rvm/gems/ruby-2.2.1/gems/learn-test-1.2.25/lib/learn_test/jasmine/jasmine.js:1708:44
	at attemptAsync (file:///Users/rachelk/.rvm/gems/ruby-2.2.1/gems/learn-test-1.2.25/lib/learn_test/jasmine/jasmine.js:1520:16)
	at run (file:///Users/rachelk/.rvm/gems/ruby-2.2.1/gems/learn-test-1.2.25/lib/learn_test/jasmine/jasmine.js:1496:28)
	at next (file:///Users/rachelk/.rvm/gems/ruby-2.2.1/gems/learn-test-1.2.25/lib/learn_test/jasmine/jasmine.js:1517:40)
	at complete (file:///Users/rachelk/.rvm/gems/ruby-2.2.1/gems/learn-test-1.2.25/lib/learn_test/jasmine/jasmine.js:333:19)
	at clearStack (file:///Users/rachelk/.rvm/gems/ruby-2.2.1/gems/learn-test-1.2.25/lib/learn_test/jasmine/jasmine.js:506:11)
	at run (file:///Users/rachelk/.rvm/gems/ruby-2.2.1/gems/learn-test-1.2.25/lib/learn_test/jasmine/jasmine.js:1505:22)
	at execute (file:///Users/rachelk/.rvm/gems/ruby-2.2.1/gems/learn-test-1.2.25/lib/learn_test/jasmine/jasmine.js:1485:13)
	at queueRunnerFactory (file:///Users/rachelk/.rvm/gems/ruby-2.2.1/gems/learn-test-1.2.25/lib/learn_test/jasmine/jasmine.js:518:42)
	at execute (file:///Users/rachelk/.rvm/gems/ruby-2.2.1/gems/learn-test-1.2.25/lib/learn_test/jasmine/jasmine.js:306:28)
	at file:///Users/rachelk/.rvm/gems/ruby-2.2.1/gems/learn-test-1.2.25/lib/learn_test/jasmine/jasmine.js:1708:44
	at attemptAsync (file:///Users/rachelk/.rvm/gems/ruby-2.2.1/gems/learn-test-1.2.25/lib/learn_test/jasmine/jasmine.js:1520:16)
	at run (file:///Users/rachelk/.rvm/gems/ruby-2.2.1/gems/learn-test-1.2.25/lib/learn_test/jasmine/jasmine.js:1496:28)
	at next (file:///Users/rachelk/.rvm/gems/ruby-2.2.1/gems/learn-test-1.2.25/lib/learn_test/jasmine/jasmine.js:1517:40)
	at complete (file:///Users/rachelk/.rvm/gems/ruby-2.2.1/gems/learn-test-1.2.25/lib/learn_test/jasmine/jasmine.js:333:19)
	at clearStack (file:///Users/rachelk/.rvm/gems/ruby-2.2.1/gems/learn-test-1.2.25/lib/learn_test/jasmine/jasmine.js:506:11)
	at run (file:///Users/rachelk/.rvm/gems/ruby-2.2.1/gems/learn-test-1.2.25/lib/learn_test/jasmine/jasmine.js:1505:22)
	at execute (file:///Users/rachelk/.rvm/gems/ruby-2.2.1/gems/learn-test-1.2.25/lib/learn_test/jasmine/jasmine.js:1485:13)
	at queueRunnerFactory (file:///Users/rachelk/.rvm/gems/ruby-2.2.1/gems/learn-test-1.2.25/lib/learn_test/jasmine/jasmine.js:518:42)
	at execute (file:///Users/rachelk/.rvm/gems/ruby-2.2.1/gems/learn-test-1.2.25/lib/learn_test/jasmine/jasmine.js:306:28)
	at file:///Users/rachelk/.rvm/gems/ruby-2.2.1/gems/learn-test-1.2.25/lib/learn_test/jasmine/jasmine.js:1708:44
	at attemptAsync (file:///Users/rachelk/.rvm/gems/ruby-2.2.1/gems/learn-test-1.2.25/lib/learn_test/jasmine/jasmine.js:1520:16)
	at run (file:///Users/rachelk/.rvm/gems/ruby-2.2.1/gems/learn-test-1.2.25/lib/learn_test/jasmine/jasmine.js:1496:28)
	at next (file:///Users/rachelk/.rvm/gems/ruby-2.2.1/gems/learn-test-1.2.25/lib/learn_test/jasmine/jasmine.js:1517:40)
	at complete (file:///Users/rachelk/.rvm/gems/ruby-2.2.1/gems/learn-test-1.2.25/lib/learn_test/jasmine/jasmine.js:333:19)
	at clearStack (file:///Users/rachelk/.rvm/gems/ruby-2.2.1/gems/learn-test-1.2.25/lib/learn_test/jasmine/jasmine.js:506:11)
	at run (file:///Users/rachelk/.rvm/gems/ruby-2.2.1/gems/learn-test-1.2.25/lib/learn_test/jasmine/jasmine.js:1505:22)
	at execute (file:///Users/rachelk/.rvm/gems/ruby-2.2.1/gems/learn-test-1.2.25/lib/learn_test/jasmine/jasmine.js:1485:13)
	at queueRunnerFactory (file:///Users/rachelk/.rvm/gems/ruby-2.2.1/gems/learn-test-1.2.25/lib/learn_test/jasmine/jasmine.js:518:42)
	at execute (file:///Users/rachelk/.rvm/gems/ruby-2.2.1/gems/learn-test-1.2.25/lib/learn_test/jasmine/jasmine.js:306:28)
	at file:///Users/rachelk/.rvm/gems/ruby-2.2.1/gems/learn-test-1.2.25/lib/learn_test/jasmine/jasmine.js:1708:44
	at attemptAsync (file:///Users/rachelk/.rvm/gems/ruby-2.2.1/gems/learn-test-1.2.25/lib/learn_test/jasmine/jasmine.js:1520:16)
	at run (file:///Users/rachelk/.rvm/gems/ruby-2.2.1/gems/learn-test-1.2.25/lib/learn_test/jasmine/jasmine.js:1496:28)
	at next (file:///Users/rachelk/.rvm/gems/ruby-2.2.1/gems/learn-test-1.2.25/lib/learn_test/jasmine/jasmine.js:1517:40)
	at complete (file:///Users/rachelk/.rvm/gems/ruby-2.2.1/gems/learn-test-1.2.25/lib/learn_test/jasmine/jasmine.js:333:19)
	at clearStack (file:///Users/rachelk/.rvm/gems/ruby-2.2.1/gems/learn-test-1.2.25/lib/learn_test/jasmine/jasmine.js:506:11)
	at run (file:///Users/rachelk/.rvm/gems/ruby-2.2.1/gems/learn-test-1.2.25/lib/learn_test/jasmine/jasmine.js:1505:22)
	at execute (file:///Users/rachelk/.rvm/gems/ruby-2.2.1/gems/learn-test-1.2.25/lib/learn_test/jasmine/jasmine.js:1485:13)
	at queueRunnerFactory (file:///Users/rachelk/.rvm/gems/ruby-2.2.1/gems/learn-test-1.2.25/lib/learn_test/jasmine/jasmine.js:518:42)
	at execute (file:///Users/rachelk/.rvm/gems/ruby-2.2.1/gems/learn-test-1.2.25/lib/learn_test/jasmine/jasmine.js:306:28)
	at file:///Users/rachelk/.rvm/gems/ruby-2.2.1/gems/learn-test-1.2.25/lib/learn_test/jasmine/jasmine.js:1708:44
	at attemptAsync (file:///Users/rachelk/.rvm/gems/ruby-2.2.1/gems/learn-test-1.2.25/lib/learn_test/jasmine/jasmine.js:1520:16)
	at run (file:///Users/rachelk/.rvm/gems/ruby-2.2.1/gems/learn-test-1.2.25/lib/learn_test/jasmine/jasmine.js:1496:28)
	at next (file:///Users/rachelk/.rvm/gems/ruby-2.2.1/gems/learn-test-1.2.25/lib/learn_test/jasmine/jasmine.js:1517:40)
	at complete (file:///Users/rachelk/.rvm/gems/ruby-2.2.1/gems/learn-test-1.2.25/lib/learn_test/jasmine/jasmine.js:333:19)
	at clearStack (file:///Users/rachelk/.rvm/gems/ruby-2.2.1/gems/learn-test-1.2.25/lib/learn_test/jasmine/jasmine.js:506:11)
	at run (file:///Users/rachelk/.rvm/gems/ruby-2.2.1/gems/learn-test-1.2.25/lib/learn_test/jasmine/jasmine.js:1505:22)
	at execute (file:///Users/rachelk/.rvm/gems/ruby-2.2.1/gems/learn-test-1.2.25/lib/learn_test/jasmine/jasmine.js:1485:13)
	at queueRunnerFactory (file:///Users/rachelk/.rvm/gems/ruby-2.2.1/gems/learn-test-1.2.25/lib/learn_test/jasmine/jasmine.js:518:42)
	at execute (file:///Users/rachelk/.rvm/gems/ruby-2.2.1/gems/learn-test-1.2.25/lib/learn_test/jasmine/jasmine.js:306:28)
	at file:///Users/rachelk/.rvm/gems/ruby-2.2.1/gems/learn-test-1.2.25/lib/learn_test/jasmine/jasmine.js:1708:44
	at attemptAsync (file:///Users/rachelk/.rvm/gems/ruby-2.2.1/gems/learn-test-1.2.25/lib/learn_test/jasmine/jasmine.js:1520:16)
	at run (file:///Users/rachelk/.rvm/gems/ruby-2.2.1/gems/learn-test-1.2.25/lib/learn_test/jasmine/jasmine.js:1496:28)
	at next (file:///Users/rachelk/.rvm/gems/ruby-2.2.1/gems/learn-test-1.2.25/lib/learn_test/jasmine/jasmine.js:1517:40)
	at complete (file:///Users/rachelk/.rvm/gems/ruby-2.2.1/gems/learn-test-1.2.25/lib/learn_test/jasmine/jasmine.js:333:19)
	at clearStack (file:///Users/rachelk/.rvm/gems/ruby-2.2.1/gems/learn-test-1.2.25/lib/learn_test/jasmine/jasmine.js:506:11)
	at run (file:///Users/rachelk/.rvm/gems/ruby-2.2.1/gems/learn-test-1.2.25/lib/learn_test/jasmine/jasmine.js:1505:22)
	at execute (file:///Users/rachelk/.rvm/gems/ruby-2.2.1/gems/learn-test-1.2.25/lib/learn_test/jasmine/jasmine.js:1485:13)
	at queueRunnerFactory (file:///Users/rachelk/.rvm/gems/ruby-2.2.1/gems/learn-test-1.2.25/lib/learn_test/jasmine/jasmine.js:518:42)
	at execute (file:///Users/rachelk/.rvm/gems/ruby-2.2.1/gems/learn-test-1.2.25/lib/learn_test/jasmine/jasmine.js:306:28)
	at file:///Users/rachelk/.rvm/gems/ruby-2.2.1/gems/learn-test-1.2.25/lib/learn_test/jasmine/jasmine.js:1708:44
	at attemptAsync (file:///Users/rachelk/.rvm/gems/ruby-2.2.1/gems/learn-test-1.2.25/lib/learn_test/jasmine/jasmine.js:1520:16)
	at run (file:///Users/rachelk/.rvm/gems/ruby-2.2.1/gems/learn-test-1.2.25/lib/learn_test/jasmine/jasmine.js:1496:28)
	at execute (file:///Users/rachelk/.rvm/gems/ruby-2.2.1/gems/learn-test-1.2.25/lib/learn_test/jasmine/jasmine.js:1485:13)
	at queueRunnerFactory (file:///Users/rachelk/.rvm/gems/ruby-2.2.1/gems/learn-test-1.2.25/lib/learn_test/jasmine/jasmine.js:518:42)
	at execute (file:///Users/rachelk/.rvm/gems/ruby-2.2.1/gems/learn-test-1.2.25/lib/learn_test/jasmine/jasmine.js:1694:21)
	at file:///Users/rachelk/.rvm/gems/ruby-2.2.1/gems/learn-test-1.2.25/lib/learn_test/jasmine/jasmine.js:1708:44
	at attemptAsync (file:///Users/rachelk/.rvm/gems/ruby-2.2.1/gems/learn-test-1.2.25/lib/learn_test/jasmine/jasmine.js:1520:16)
	at run (file:///Users/rachelk/.rvm/gems/ruby-2.2.1/gems/learn-test-1.2.25/lib/learn_test/jasmine/jasmine.js:1496:28)
	at next (file:///Users/rachelk/.rvm/gems/ruby-2.2.1/gems/learn-test-1.2.25/lib/learn_test/jasmine/jasmine.js:1517:40)
	at complete (file:///Users/rachelk/.rvm/gems/ruby-2.2.1/gems/learn-test-1.2.25/lib/learn_test/jasmine/jasmine.js:1703:19)
	at clearStack (file:///Users/rachelk/.rvm/gems/ruby-2.2.1/gems/learn-test-1.2.25/lib/learn_test/jasmine/jasmine.js:506:11)
	at run (file:///Users/rachelk/.rvm/gems/ruby-2.2.1/gems/learn-test-1.2.25/lib/learn_test/jasmine/jasmine.js:1505:22)
	at next (file:///Users/rachelk/.rvm/gems/ruby-2.2.1/gems/learn-test-1.2.25/lib/learn_test/jasmine/jasmine.js:1517:40)
	at complete (file:///Users/rachelk/.rvm/gems/ruby-2.2.1/gems/learn-test-1.2.25/lib/learn_test/jasmine/jasmine.js:333:19)
	at clearStack (file:///Users/rachelk/.rvm/gems/ruby-2.2.1/gems/learn-test-1.2.25/lib/learn_test/jasmine/jasmine.js:506:11)
	at run (file:///Users/rachelk/.rvm/gems/ruby-2.2.1/gems/learn-test-1.2.25/lib/learn_test/jasmine/jasmine.js:1505:22)
	at execute (file:///Users/rachelk/.rvm/gems/ruby-2.2.1/gems/learn-test-1.2.25/lib/learn_test/jasmine/jasmine.js:1485:13)
	at queueRunnerFactory (file:///Users/rachelk/.rvm/gems/ruby-2.2.1/gems/learn-test-1.2.25/lib/learn_test/jasmine/jasmine.js:518:42)
	at execute (file:///Users/rachelk/.rvm/gems/ruby-2.2.1/gems/learn-test-1.2.25/lib/learn_test/jasmine/jasmine.js:306:28)
	at file:///Users/rachelk/.rvm/gems/ruby-2.2.1/gems/learn-test-1.2.25/lib/learn_test/jasmine/jasmine.js:1708:44
	at attemptAsync (file:///Users/rachelk/.rvm/gems/ruby-2.2.1/gems/learn-test-1.2.25/lib/learn_test/jasmine/jasmine.js:1520:16)
	at run (file:///Users/rachelk/.rvm/gems/ruby-2.2.1/gems/learn-test-1.2.25/lib/learn_test/jasmine/jasmine.js:1496:28)
	at next (file:///Users/rachelk/.rvm/gems/ruby-2.2.1/gems/learn-test-1.2.25/lib/learn_test/jasmine/jasmine.js:1517:40)
	at complete (file:///Users/rachelk/.rvm/gems/ruby-2.2.1/gems/learn-test-1.2.25/lib/learn_test/jasmine/jasmine.js:333:19)
	at clearStack (file:///Users/rachelk/.rvm/gems/ruby-2.2.1/gems/learn-test-1.2.25/lib/learn_test/jasmine/jasmine.js:506:11)
	at run (file:///Users/rachelk/.rvm/gems/ruby-2.2.1/gems/learn-test-1.2.25/lib/learn_test/jasmine/jasmine.js:1505:22)
	at execute (file:///Users/rachelk/.rvm/gems/ruby-2.2.1/gems/learn-test-1.2.25/lib/learn_test/jasmine/jasmine.js:1485:13)
	at queueRunnerFactory (file:///Users/rachelk/.rvm/gems/ruby-2.2.1/gems/learn-test-1.2.25/lib/learn_test/jasmine/jasmine.js:518:42)
	at execute (file:///Users/rachelk/.rvm/gems/ruby-2.2.1/gems/learn-test-1.2.25/lib/learn_test/jasmine/jasmine.js:306:28)
	at file:///Users/rachelk/.rvm/gems/ruby-2.2.1/gems/learn-test-1.2.25/lib/learn_test/jasmine/jasmine.js:1708:44
	at attemptAsync (file:///Users/rachelk/.rvm/gems/ruby-2.2.1/gems/learn-test-1.2.25/lib/learn_test/jasmine/jasmine.js:1520:16)
	at run (file:///Users/rachelk/.rvm/gems/ruby-2.2.1/gems/learn-test-1.2.25/lib/learn_test/jasmine/jasmine.js:1496:28)
	at next (file:///Users/rachelk/.rvm/gems/ruby-2.2.1/gems/learn-test-1.2.25/lib/learn_test/jasmine/jasmine.js:1517:40)
	at complete (file:///Users/rachelk/.rvm/gems/ruby-2.2.1/gems/learn-test-1.2.25/lib/learn_test/jasmine/jasmine.js:333:19)
	at clearStack (file:///Users/rachelk/.rvm/gems/ruby-2.2.1/gems/learn-test-1.2.25/lib/learn_test/jasmine/jasmine.js:506:11)
	at run (file:///Users/rachelk/.rvm/gems/ruby-2.2.1/gems/learn-test-1.2.25/lib/learn_test/jasmine/jasmine.js:1505:22)
	at execute (file:///Users/rachelk/.rvm/gems/ruby-2.2.1/gems/learn-test-1.2.25/lib/learn_test/jasmine/jasmine.js:1485:13)
	at queueRunnerFactory (file:///Users/rachelk/.rvm/gems/ruby-2.2.1/gems/learn-test-1.2.25/lib/learn_test/jasmine/jasmine.js:518:42)
	at execute (file:///Users/rachelk/.rvm/gems/ruby-2.2.1/gems/learn-test-1.2.25/lib/learn_test/jasmine/jasmine.js:306:28)
	at file:///Users/rachelk/.rvm/gems/ruby-2.2.1/gems/learn-test-1.2.25/lib/learn_test/jasmine/jasmine.js:1708:44
	at attemptAsync (file:///Users/rachelk/.rvm/gems/ruby-2.2.1/gems/learn-test-1.2.25/lib/learn_test/jasmine/jasmine.js:1520:16)
	at run (file:///Users/rachelk/.rvm/gems/ruby-2.2.1/gems/learn-test-1.2.25/lib/learn_test/jasmine/jasmine.js:1496:28)
	at execute (file:///Users/rachelk/.rvm/gems/ruby-2.2.1/gems/learn-test-1.2.25/lib/learn_test/jasmine/jasmine.js:1485:13)
	at queueRunnerFactory (file:///Users/rachelk/.rvm/gems/ruby-2.2.1/gems/learn-test-1.2.25/lib/learn_test/jasmine/jasmine.js:518:42)
	at execute (file:///Users/rachelk/.rvm/gems/ruby-2.2.1/gems/learn-test-1.2.25/lib/learn_test/jasmine/jasmine.js:1694:21)
	at file:///Users/rachelk/.rvm/gems/ruby-2.2.1/gems/learn-test-1.2.25/lib/learn_test/jasmine/jasmine.js:1708:44
	at attemptAsync (file:///Users/rachelk/.rvm/gems/ruby-2.2.1/gems/learn-test-1.2.25/lib/learn_test/jasmine/jasmine.js:1520:16)
	at run (file:///Users/rachelk/.rvm/gems/ruby-2.2.1/gems/learn-test-1.2.25/lib/learn_test/jasmine/jasmine.js:1496:28)
	at execute (file:///Users/rachelk/.rvm/gems/ruby-2.2.1/gems/learn-test-1.2.25/lib/learn_test/jasmine/jasmine.js:1485:13)
	at queueRunnerFactory (file:///Users/rachelk/.rvm/gems/ruby-2.2.1/gems/learn-test-1.2.25/lib/learn_test/jasmine/jasmine.js:518:42)
	at execute (file:///Users/rachelk/.rvm/gems/ruby-2.2.1/gems/learn-test-1.2.25/lib/learn_test/jasmine/jasmine.js:1694:21)
	at file:///Users/rachelk/.rvm/gems/ruby-2.2.1/gems/learn-test-1.2.25/lib/learn_test/jasmine/jasmine.js:541:83
	at attemptAsync (file:///Users/rachelk/.rvm/gems/ruby-2.2.1/gems/learn-test-1.2.25/lib/learn_test/jasmine/jasmine.js:1520:16)
	at run (file:///Users/rachelk/.rvm/gems/ruby-2.2.1/gems/learn-test-1.2.25/lib/learn_test/jasmine/jasmine.js:1496:28)
	at execute (file:///Users/rachelk/.rvm/gems/ruby-2.2.1/gems/learn-test-1.2.25/lib/learn_test/jasmine/jasmine.js:1485:13)
	at queueRunnerFactory (file:///Users/rachelk/.rvm/gems/ruby-2.2.1/gems/learn-test-1.2.25/lib/learn_test/jasmine/jasmine.js:518:42)
	at execute (file:///Users/rachelk/.rvm/gems/ruby-2.2.1/gems/learn-test-1.2.25/lib/learn_test/jasmine/jasmine.js:548:25)
	at onload (file:///Users/rachelk/.rvm/gems/ruby-2.2.1/gems/learn-test-1.2.25/lib/learn_test/jasmine/boot.js:172:16)			</failure>
		</testcase>
	</testsuite>
</testsuites>

